2019-06-20 17:40:45.62 开始对 D:\weihu\McafeeUpdate\drive\validation\sigcheck.exe 进行文件哈希值校验。 
2019-06-20 17:40:45.62 开始对 D:\weihu\McafeeUpdate\drive\validation\sigcheck.exe 进行文件哈希值校验。 
2019-06-20 17:40:45.62 开始对 D:\weihu\McafeeUpdate\drive\validation\sigcheck.exe 进行文件哈希值校验。 
2019-06-20 17:40:45.62 开始对 D:\weihu\McafeeUpdate\drive\validation\sigcheck.exe 进行文件哈希值校验。 
2019-06-20 17:40:45.62 开始对 D:\weihu\McafeeUpdate\drive\validation\sigcheck.exe 进行文件哈希值校验。 
2019-06-20 17:40:45.62 开始对 D:\weihu\McafeeUpdate\drive\validation\sigcheck.exe 进行文件哈希值校验。 
2019-06-20 17:40:45.62 开始对 D:\weihu\McafeeUpdate\drive\validation\sigcheck.exe 进行文件哈希值校验。 
2019-06-20 17:40:45.62 开始对 D:\weihu\McafeeUpdate\drive\validation\sigcheck.exe 进行文件哈希值校验。 
2019-06-20 17:55:44.19 开始对 D:\weihu\McafeeUpdate\history\2019-06-20\update.list 进行文件哈希值校验。 
2019-06-20 17:55:44.19 开始对 D:\weihu\McafeeUpdate\tmp\last.update 进行文件哈希值校验。 
2019-06-20 17:55:44.19 开始对 D:\weihu\McafeeUpdate\tmp\last.update 进行文件哈希值校验。 
2019-06-20 17:55:44.19 开始对 D:\weihu\McafeeUpdate\history\2019-06-20\update.list 进行文件哈希值校验。 
2019-06-20 17:55:44.19 开始对 D:\weihu\McafeeUpdate\tmp\last.update 进行文件哈希值校验。 
2019-06-20 17:55:44.19 文件 last.update 的HASH值为:f8e84b811064f8e767990c6931b81f2be39ec5f0 
2019-06-20 21:50:32.90 开始进行文件签名校验流程。 
2019-06-20 21:50:33.16 文件签名校验结果: 
Publisher:	Sysinternals Description:	File Product:	Sysinternals Version:	1.71 File  
2019-06-20 21:50:33.18 文件:D:\weihu\McafeeUpdate\drive\validation\sigcheck.exe 签名正常。 
2019-06-20 21:51:29.59 开始进行文件签名校验流程。 
2019-06-20 21:51:29.69 文件签名校验结果: 
Publisher:	Sysinternals Description:	File Product:	Sysinternals Version:	1.71 File  
2019-06-20 21:51:29.72 文件:D:\weihu\McafeeUpdate\drive\validation\sigcheck.exe 签名正常。 
2019-06-20 21:52:13.00 开始进行文件签名校验流程。 
2019-06-20 21:52:13.10 文件签名校验结果: 
Publisher:	Sysinternals Description:	File Product:	Sysinternals Version:	1.71 File  
2019-06-20 21:52:13.13 文件:D:\weihu\McafeeUpdate\drive\validation\sigcheck.exe 签名正常。 
2019-06-20 21:52:25.38 开始进行文件签名校验流程。 
2019-06-20 21:52:25.48 文件签名校验结果: 
 
2019-06-20 21:52:25.50 文件:D:\weihu\McafeeUpdate\drive\validation\sigcheck.exe 签名正常。 
2019-06-20 21:54:42.99 开始进行文件签名校验流程。 
2019-06-20 21:54:43.10 文件签名校验结果: 
2019-06-20 21:54:57.92 文件:D:\weihu\McafeeUpdate\drive\validation\sigcheck.exe 签名正常。 
2019-06-20 21:55:00.63 开始进行文件签名校验流程。 
2019-06-20 21:55:00.73 文件签名校验结果: 
 
2019-06-20 21:55:00.76 文件:D:\weihu\McafeeUpdate\drive\validation\sigcheck.exe 签名正常。 
2019-06-20 21:55:52.85 开始进行文件签名校验流程。 
2019-06-20 21:55:52.95 文件签名校验结果: 
 
2019-06-20 21:55:52.98 文件:D:\weihu\McafeeUpdate\drive\validation\sigcheck.exe 签名正常。 
2019-06-20 21:56:16.22 开始进行文件签名校验流程。 
2019-06-20 21:56:16.33 文件签名校验结果: 
 
2019-06-20 21:56:16.37 文件:D:\weihu\McafeeUpdate\drive\validation\sigcheck.exe 签名正常。 
2019-06-20 21:56:31.35 开始进行文件签名校验流程。 
2019-06-20 21:56:31.46 文件签名校验结果: 
 
2019-06-20 21:56:31.50 文件:D:\weihu\McafeeUpdate\drive\validation\sigcheck.exe 签名正常。 
2019-06-20 21:56:34.26 开始进行文件签名校验流程。 
2019-06-20 21:56:34.37 文件签名校验结果: 
 
2019-06-20 21:56:34.41 文件:D:\weihu\McafeeUpdate\drive\validation\sigcheck.exe 签名正常。 
2019-06-20 21:57:08.73 开始进行文件签名校验流程。 
2019-06-20 21:57:08.84 文件签名校验结果: 
 
2019-06-20 21:57:08.87 文件:D:\weihu\McafeeUpdate\drive\validation\sigcheck.exe 签名正常。 
2019-06-20 21:57:18.32 开始进行文件签名校验流程。 
2019-06-20 21:57:18.42 文件签名校验结果: 
 
2019-06-20 21:57:18.46 文件:D:\weihu\McafeeUpdate\drive\validation\sigcheck.exe 签名正常。 
2019-06-20 21:58:40.93 开始进行文件签名校验流程。 
2019-06-20 21:58:41.04 文件签名校验结果: 
 
2019-06-20 21:58:41.06 文件:D:\weihu\McafeeUpdate\drive\validation\sigcheck.exe 签名正常。 
2019-06-20 21:59:01.79 开始进行文件签名校验流程。 
2019-06-20 21:59:01.90 文件签名校验结果: 
 
2019-06-20 21:59:01.92 文件:D:\weihu\McafeeUpdate\drive\validation\sigcheck.exe 签名正常。 
2019-06-20 22:05:39.13 开始进行文件签名校验流程。 
2019-06-20 22:05:39.24 文件签名校验结果: 
2019-06-20 22:05:39.27 文件:D:\weihu\McafeeUpdate\drive\validation\sigcheck.exe 签名正常。 
2019-06-20 22:07:21.41 开始进行文件签名校验流程。 
2019-06-20 22:07:21.52 文件签名校验结果: 
2019-06-20 22:07:21.57 文件:D:\weihu\McafeeUpdate\drive\validation\sigcheck.exe 签名正常。 
2019-06-20 22:07:34.13 开始进行文件签名校验流程。 
2019-06-20 22:07:34.24 文件签名校验结果: 
2019-06-20 22:07:34.29 文件:D:\weihu\McafeeUpdate\drive\validation\sigcheck.exe 签名正常。 
2019-06-20 22:09:23.51 开始进行文件签名校验流程。 
2019-06-20 22:09:23.61 文件签名校验结果: 
2019-06-20 22:09:23.67 文件:D:\weihu\McafeeUpdate\drive\validation\sigcheck.exe 签名正常。 
2019-06-20 22:09:49.36 开始进行文件签名校验流程。 
2019-06-20 22:09:49.46 文件签名校验结果: 
2019-06-20 22:09:49.51 文件:D:\weihu\McafeeUpdate\drive\validation\sigcheck.exe 签名正常。 
2019-06-20 22:12:17.21 开始进行文件签名校验流程。 
2019-06-20 22:12:17.32 文件签名校验结果: 
2019-06-20 22:12:17.40 文件:D:\weihu\McafeeUpdate\drive\validation\sigcheck.exe 签名正常。 
2019-06-20 22:20:05.97 开始对 D:\weihu\McafeeUpdate\drive\validation\sigcheck.exe 进行文件哈希值校验。 
2019-06-20 22:20:05.97 文件 sigcheck.exe 的HASH值:da810374103390174028c94c604f60fabd1271e8 
2019-06-20 22:20:05.97 开始对 D:\weihu\McafeeUpdate\drive\validation\sigcheck.exe 进行文件哈希值校验。 
2019-06-20 22:20:05.97 文件 sigcheck.exe 的HASH值:da810374103390174028c94c604f60fabd1271e8 
2019-06-20 22:20:05.97 开始对 D:\weihu\McafeeUpdate\drive\validation\sigcheck.exe 进行文件哈希值校验。 
2019-06-20 22:20:05.97 文件 sigcheck.exe 的HASH值:da810374103390174028c94c604f60fabd1271e8 
2019-06-20 22:20:05.97 开始对 D:\weihu\McafeeUpdate\drive\validation\sigcheck.exe 进行文件哈希值校验。 
2019-06-20 22:20:05.97 文件 sigcheck.exe 的HASH值:da810374103390174028c94c604f60fabd1271e8 
2019-06-20 22:20:05.97 开始对 D:\weihu\McafeeUpdate\drive\validation\sigcheck.exe 进行文件哈希值校验。 
2019-06-20 22:20:05.97 文件 sigcheck.exe 的HASH值:da810374103390174028c94c604f60fabd1271e8 
