2019-06-20 11:42:59.53 载入 [common] 参数
2019-06-20 11:42:59.53 载入 Protocol 参数
2019-06-20 11:42:59.53 载入 Address 参数
2019-06-20 11:42:59.53 载入 FailureRetry 参数
2019-06-20 11:42:59.53 载入 SourceList 参数
2019-06-20 11:42:59.53 载入 MultiUpdate 参数
2019-06-20 11:42:59.53 载入 LogReport 参数
2019-06-20 11:42:59.53 载入 CheckDigitalSignature 参数
2019-06-20 11:42:59.53 载入 HistoryUpdate 参数
2019-06-20 11:42:59.53 载入 Deadline 参数
2019-06-20 11:42:59.53 载入 NicOrder 参数
2019-06-20 11:42:59.53 载入 [tfp] 参数
2019-06-20 11:42:59.53 载入 FTPUsername 参数
2019-06-20 11:42:59.53 载入 FTPPassword 参数
2019-06-20 11:42:59.52 使用FTP方式 下载 update.list 至 D:\weihu\McafeeUpdate\tmp\
2019-06-20 11:43:00.76 FTP方式下载 update.list 完成
2019-06-20 11:42:59.52 开始对 D:\weihu\McafeeUpdate\history\2019-06-20\update.list 进行文件哈希值校验。
2019-06-20 11:42:59.52 开始对 D:\weihu\McafeeUpdate\tmp\last.update 进行文件哈希值校验。
2019-06-20 11:42:59.52 当前更新源 Hash： f8e84b811064f8e767990c6931b81f2be39ec5f0 上一次更新源 Hash:  f8e84b811064f8e767990c6931b81f2be39ec5f0
2019-06-20 11:43:01.09 本机错峰时间:  秒
2019-06-20 11:43:01.09 本次更新与上次更新一致，不予更新。
2019-06-20 11:42:59.52 使用FTP方式 下载 upload 至 /
2019-06-20 11:43:01.31 FTP方式下载 upload 失败,可能网络链接存在问题，请联系开发者进行处理
2019-06-20 11:43:01.31 载入 [common] 参数
2019-06-20 11:43:01.31 载入 Protocol 参数
2019-06-20 11:43:01.31 载入 Address 参数
2019-06-20 11:43:01.31 载入 FailureRetry 参数
2019-06-20 11:43:01.31 载入 SourceList 参数
2019-06-20 11:43:01.31 载入 MultiUpdate 参数
2019-06-20 11:43:01.31 载入 LogReport 参数
2019-06-20 11:43:01.31 载入 CheckDigitalSignature 参数
2019-06-20 11:43:01.31 载入 HistoryUpdate 参数
2019-06-20 11:43:01.31 载入 Deadline 参数
2019-06-20 11:43:01.31 载入 NicOrder 参数
2019-06-20 11:43:01.31 载入 [tfp] 参数
2019-06-20 11:43:01.31 载入 FTPUsername 参数
2019-06-20 11:43:01.31 载入 FTPPassword 参数
2019-06-20 12:18:29.37 载入 [common] 参数
2019-06-20 12:18:29.37 载入 Protocol 参数
2019-06-20 12:18:29.37 载入 Address 参数
2019-06-20 12:18:29.37 载入 FailureRetry 参数
2019-06-20 12:18:29.37 载入 SourceList 参数
2019-06-20 12:18:29.37 载入 MultiUpdate 参数
2019-06-20 12:18:29.37 载入 LogReport 参数
2019-06-20 12:18:29.37 载入 CheckDigitalSignature 参数
2019-06-20 12:18:29.37 载入 HistoryUpdate 参数
2019-06-20 12:18:29.37 载入 Deadline 参数
2019-06-20 12:18:29.37 载入 NicOrder 参数
2019-06-20 12:18:29.37 载入 [tfp] 参数
2019-06-20 12:18:29.37 载入 FTPUsername 参数
2019-06-20 12:18:29.37 载入 FTPPassword 参数
2019-06-20 12:18:29.36 使用FTP方式 下载 update.list 至 D:\weihu\McafeeUpdate\tmp\
2019-06-20 12:18:30.48 FTP方式下载 update.list 完成
2019-06-20 12:18:29.36 开始对 D:\weihu\McafeeUpdate\history\2019-06-20\update.list 进行文件哈希值校验。
2019-06-20 12:18:29.36 开始对 D:\weihu\McafeeUpdate\tmp\last.update 进行文件哈希值校验。
2019-06-20 12:18:29.36 当前更新源 Hash： f8e84b811064f8e767990c6931b81f2be39ec5f0 上一次更新源 Hash:  f8e84b811064f8e767990c6931b81f2be39ec5f0
2019-06-20 12:18:30.67 本机错峰时间:  秒
2019-06-20 12:18:30.67 本次更新与上次更新一致，不予更新。
2019-06-20 12:18:29.36 使用FTP方式 下载 upload 至 /
2019-06-20 12:18:30.88 FTP方式下载 upload 失败,可能网络链接存在问题，请联系开发者进行处理
2019-06-20 12:18:30.89 载入 [common] 参数
2019-06-20 12:18:30.89 载入 Protocol 参数
2019-06-20 12:18:30.89 载入 Address 参数
2019-06-20 12:18:30.89 载入 FailureRetry 参数
2019-06-20 12:18:30.89 载入 SourceList 参数
2019-06-20 12:18:30.89 载入 MultiUpdate 参数
2019-06-20 12:18:30.89 载入 LogReport 参数
2019-06-20 12:18:30.89 载入 CheckDigitalSignature 参数
2019-06-20 12:18:30.89 载入 HistoryUpdate 参数
2019-06-20 12:18:30.89 载入 Deadline 参数
2019-06-20 12:18:30.89 载入 NicOrder 参数
2019-06-20 12:18:30.89 载入 [tfp] 参数
2019-06-20 12:18:30.89 载入 FTPUsername 参数
2019-06-20 12:18:30.89 载入 FTPPassword 参数
2019-06-20 12:19:40.82 载入 [common] 参数
2019-06-20 12:19:40.82 载入 Protocol 参数
2019-06-20 12:19:40.82 载入 Address 参数
2019-06-20 12:19:40.82 载入 FailureRetry 参数
2019-06-20 12:19:40.82 载入 SourceList 参数
2019-06-20 12:19:40.82 载入 MultiUpdate 参数
2019-06-20 12:19:40.82 载入 LogReport 参数
2019-06-20 12:19:40.82 载入 CheckDigitalSignature 参数
2019-06-20 12:19:40.82 载入 HistoryUpdate 参数
2019-06-20 12:19:40.82 载入 Deadline 参数
2019-06-20 12:19:40.82 载入 NicOrder 参数
2019-06-20 12:19:40.82 载入 [tfp] 参数
2019-06-20 12:19:40.82 载入 FTPUsername 参数
2019-06-20 12:19:40.82 载入 FTPPassword 参数
2019-06-20 12:19:40.81 使用FTP方式 下载 update.list 至 D:\weihu\McafeeUpdate\tmp\
2019-06-20 12:19:41.88 FTP方式下载 update.list 完成
2019-06-20 12:19:40.81 开始对 D:\weihu\McafeeUpdate\history\2019-06-20\update.list 进行文件哈希值校验。
2019-06-20 12:19:40.81 开始对 D:\weihu\McafeeUpdate\tmp\last.update 进行文件哈希值校验。
2019-06-20 12:19:40.81 当前更新源 Hash： f8e84b811064f8e767990c6931b81f2be39ec5f0 上一次更新源 Hash:  f8e84b811064f8e767990c6931b81f2be39ec5f0
2019-06-20 12:19:42.09 本机错峰时间:  秒
2019-06-20 12:19:42.09 本次更新与上次更新一致，不予更新。
2019-06-20 12:19:40.81 使用FTP方式 下载 upload 至 /
2019-06-20 12:19:42.30 FTP方式下载 upload 失败,可能网络链接存在问题，请联系开发者进行处理
2019-06-20 12:19:42.31 载入 [common] 参数
2019-06-20 12:19:42.31 载入 Protocol 参数
2019-06-20 12:19:42.31 载入 Address 参数
2019-06-20 12:19:42.31 载入 FailureRetry 参数
2019-06-20 12:19:42.31 载入 SourceList 参数
2019-06-20 12:19:42.31 载入 MultiUpdate 参数
2019-06-20 12:19:42.31 载入 LogReport 参数
2019-06-20 12:19:42.31 载入 CheckDigitalSignature 参数
2019-06-20 12:19:42.31 载入 HistoryUpdate 参数
2019-06-20 12:19:42.31 载入 Deadline 参数
2019-06-20 12:19:42.31 载入 NicOrder 参数
2019-06-20 12:19:42.31 载入 [tfp] 参数
2019-06-20 12:19:42.31 载入 FTPUsername 参数
2019-06-20 12:19:42.31 载入 FTPPassword 参数
2019-06-20 12:22:28.52 载入 [common] 参数
2019-06-20 12:22:28.52 载入 Protocol 参数
2019-06-20 12:22:28.52 载入 Address 参数
2019-06-20 12:22:28.52 载入 FailureRetry 参数
2019-06-20 12:22:28.52 载入 SourceList 参数
2019-06-20 12:22:28.52 载入 MultiUpdate 参数
2019-06-20 12:22:28.52 载入 LogReport 参数
2019-06-20 12:22:28.52 载入 CheckDigitalSignature 参数
2019-06-20 12:22:28.52 载入 HistoryUpdate 参数
2019-06-20 12:22:28.52 载入 Deadline 参数
2019-06-20 12:22:28.52 载入 NicOrder 参数
2019-06-20 12:22:28.52 载入 [tfp] 参数
2019-06-20 12:22:28.52 载入 FTPUsername 参数
2019-06-20 12:22:28.52 载入 FTPPassword 参数
2019-06-20 12:22:28.51 使用FTP方式 下载 update.list 至 D:\weihu\McafeeUpdate\tmp\
2019-06-20 12:22:29.61 FTP方式下载 update.list 完成
2019-06-20 12:22:28.51 开始对 D:\weihu\McafeeUpdate\history\2019-06-20\update.list 进行文件哈希值校验。
2019-06-20 12:22:28.51 开始对 D:\weihu\McafeeUpdate\tmp\last.update 进行文件哈希值校验。
2019-06-20 12:22:28.51 当前更新源 Hash： f8e84b811064f8e767990c6931b81f2be39ec5f0 上一次更新源 Hash:  f8e84b811064f8e767990c6931b81f2be39ec5f0
2019-06-20 12:22:29.81 本机错峰时间: 138 秒
2019-06-20 12:22:29.81 本次更新与上次更新一致，不予更新。
2019-06-20 12:22:28.51 使用FTP方式 下载 upload 至 /
2019-06-20 12:22:30.03 FTP方式下载 upload 失败,可能网络链接存在问题，请联系开发者进行处理
2019-06-20 12:22:30.04 载入 [common] 参数
2019-06-20 12:22:30.04 载入 Protocol 参数
2019-06-20 12:22:30.04 载入 Address 参数
2019-06-20 12:22:30.04 载入 FailureRetry 参数
2019-06-20 12:22:30.04 载入 SourceList 参数
2019-06-20 12:22:30.04 载入 MultiUpdate 参数
2019-06-20 12:22:30.04 载入 LogReport 参数
2019-06-20 12:22:30.04 载入 CheckDigitalSignature 参数
2019-06-20 12:22:30.04 载入 HistoryUpdate 参数
2019-06-20 12:22:30.04 载入 Deadline 参数
2019-06-20 12:22:30.04 载入 NicOrder 参数
2019-06-20 12:22:30.04 载入 [tfp] 参数
2019-06-20 12:22:30.04 载入 FTPUsername 参数
2019-06-20 12:22:30.04 载入 FTPPassword 参数
2019-06-20 12:23:33.72 载入 [common] 参数
2019-06-20 12:23:33.72 载入 Protocol 参数
2019-06-20 12:23:33.72 载入 Address 参数
2019-06-20 12:23:33.72 载入 FailureRetry 参数
2019-06-20 12:23:33.72 载入 SourceList 参数
2019-06-20 12:23:33.72 载入 MultiUpdate 参数
2019-06-20 12:23:33.72 载入 LogReport 参数
2019-06-20 12:23:33.72 载入 CheckDigitalSignature 参数
2019-06-20 12:23:33.72 载入 HistoryUpdate 参数
2019-06-20 12:23:33.72 载入 Deadline 参数
2019-06-20 12:23:33.72 载入 NicOrder 参数
2019-06-20 12:23:33.72 载入 [tfp] 参数
2019-06-20 12:23:33.72 载入 FTPUsername 参数
2019-06-20 12:23:33.72 载入 FTPPassword 参数
2019-06-20 12:23:33.71 使用FTP方式 下载 update.list 至 D:\weihu\McafeeUpdate\tmp\
2019-06-20 12:23:34.76 FTP方式下载 update.list 完成
2019-06-20 12:23:33.71 开始对 D:\weihu\McafeeUpdate\history\2019-06-20\update.list 进行文件哈希值校验。
2019-06-20 12:23:33.71 开始对 D:\weihu\McafeeUpdate\tmp\last.update 进行文件哈希值校验。
2019-06-20 12:23:33.71 当前更新源 Hash： f8e84b811064f8e767990c6931b81f2be39ec5f0 上一次更新源 Hash:  f8e84b811064f8e767990c6931b81f2be39ec5f0
2019-06-20 12:23:34.96 本机错峰时间: 89 秒
2019-06-20 12:23:34.96 本次更新与上次更新一致，不予更新。
2019-06-20 12:23:33.71 使用FTP方式 下载 upload 至 /
2019-06-20 12:23:35.18 FTP方式下载 upload 失败,可能网络链接存在问题，请联系开发者进行处理
2019-06-20 12:23:35.19 载入 [common] 参数
2019-06-20 12:23:35.19 载入 Protocol 参数
2019-06-20 12:23:35.19 载入 Address 参数
2019-06-20 12:23:35.19 载入 FailureRetry 参数
2019-06-20 12:23:35.19 载入 SourceList 参数
2019-06-20 12:23:35.19 载入 MultiUpdate 参数
2019-06-20 12:23:35.19 载入 LogReport 参数
2019-06-20 12:23:35.19 载入 CheckDigitalSignature 参数
2019-06-20 12:23:35.19 载入 HistoryUpdate 参数
2019-06-20 12:23:35.19 载入 Deadline 参数
2019-06-20 12:23:35.19 载入 NicOrder 参数
2019-06-20 12:23:35.19 载入 [tfp] 参数
2019-06-20 12:23:35.19 载入 FTPUsername 参数
2019-06-20 12:23:35.19 载入 FTPPassword 参数
2019-06-20 12:25:23.78 载入 [common] 参数
2019-06-20 12:25:23.78 载入 Protocol 参数
2019-06-20 12:25:23.78 载入 Address 参数
2019-06-20 12:25:23.78 载入 FailureRetry 参数
2019-06-20 12:25:23.78 载入 SourceList 参数
2019-06-20 12:25:23.78 载入 MultiUpdate 参数
2019-06-20 12:25:23.78 载入 LogReport 参数
2019-06-20 12:25:23.78 载入 CheckDigitalSignature 参数
2019-06-20 12:25:23.78 载入 HistoryUpdate 参数
2019-06-20 12:25:23.78 载入 Deadline 参数
2019-06-20 12:25:23.78 载入 NicOrder 参数
2019-06-20 12:25:23.78 载入 [tfp] 参数
2019-06-20 12:25:23.78 载入 FTPUsername 参数
2019-06-20 12:25:23.78 载入 FTPPassword 参数
2019-06-20 12:25:23.77 使用FTP方式 下载 update.list 至 D:\weihu\McafeeUpdate\tmp\
2019-06-20 12:25:24.87 FTP方式下载 update.list 完成
2019-06-20 12:25:23.77 开始对 D:\weihu\McafeeUpdate\history\2019-06-20\update.list 进行文件哈希值校验。
2019-06-20 12:25:23.77 开始对 D:\weihu\McafeeUpdate\tmp\last.update 进行文件哈希值校验。
2019-06-20 12:25:23.77 当前更新源 Hash： f8e84b811064f8e767990c6931b81f2be39ec5f0 上一次更新源 Hash:  f8e84b811064f8e767990c6931b81f2be39ec5f0
2019-06-20 12:25:25.09 本机错峰时间: 110 秒
2019-06-20 12:25:25.09 本次更新与上次更新一致，不予更新。
2019-06-20 12:25:23.77 使用FTP方式 下载 upload 至 /
2019-06-20 12:25:25.32 FTP方式下载 upload 失败,可能网络链接存在问题，请联系开发者进行处理
2019-06-20 12:25:25.32 载入 [common] 参数
2019-06-20 12:25:25.32 载入 Protocol 参数
2019-06-20 12:25:25.32 载入 Address 参数
2019-06-20 12:25:25.32 载入 FailureRetry 参数
2019-06-20 12:25:25.32 载入 SourceList 参数
2019-06-20 12:25:25.32 载入 MultiUpdate 参数
2019-06-20 12:25:25.32 载入 LogReport 参数
2019-06-20 12:25:25.32 载入 CheckDigitalSignature 参数
2019-06-20 12:25:25.32 载入 HistoryUpdate 参数
2019-06-20 12:25:25.32 载入 Deadline 参数
2019-06-20 12:25:25.32 载入 NicOrder 参数
2019-06-20 12:25:25.32 载入 [tfp] 参数
2019-06-20 12:25:25.32 载入 FTPUsername 参数
2019-06-20 12:25:25.32 载入 FTPPassword 参数
2019-06-20 12:28:42.22 载入 [common] 参数
2019-06-20 12:28:42.22 载入 Protocol 参数
2019-06-20 12:28:42.22 载入 Address 参数
2019-06-20 12:28:42.22 载入 FailureRetry 参数
2019-06-20 12:28:42.22 载入 SourceList 参数
2019-06-20 12:28:42.22 载入 MultiUpdate 参数
2019-06-20 12:28:42.22 载入 LogReport 参数
2019-06-20 12:28:42.22 载入 CheckDigitalSignature 参数
2019-06-20 12:28:42.22 载入 HistoryUpdate 参数
2019-06-20 12:28:42.22 载入 Deadline 参数
2019-06-20 12:28:42.22 载入 NicOrder 参数
2019-06-20 12:28:42.22 载入 [tfp] 参数
2019-06-20 12:28:42.22 载入 FTPUsername 参数
2019-06-20 12:28:42.22 载入 FTPPassword 参数
StaggerTime=2646
StaggerTime=2646
StaggerTime=159
2019-06-20 12:28:42.21 使用FTP方式 下载 update.list 至 D:\weihu\McafeeUpdate\tmp\
2019-06-20 12:28:43.32 FTP方式下载 update.list 完成
2019-06-20 12:28:42.21 开始对 D:\weihu\McafeeUpdate\history\2019-06-20\update.list 进行文件哈希值校验。
2019-06-20 12:28:42.21 开始对 D:\weihu\McafeeUpdate\tmp\last.update 进行文件哈希值校验。
2019-06-20 12:28:42.21 当前更新源 Hash： f8e84b811064f8e767990c6931b81f2be39ec5f0 上一次更新源 Hash:  f8e84b811064f8e767990c6931b81f2be39ec5f0
2019-06-20 12:28:43.52 本机错峰时间: 159 秒
2019-06-20 12:28:43.52 本次更新与上次更新一致，不予更新。
2019-06-20 12:28:42.21 使用FTP方式 下载 upload 至 /
2019-06-20 12:28:43.74 FTP方式下载 upload 失败,可能网络链接存在问题，请联系开发者进行处理
2019-06-20 12:28:43.75 载入 [common] 参数
2019-06-20 12:28:43.75 载入 Protocol 参数
2019-06-20 12:28:43.75 载入 Address 参数
2019-06-20 12:28:43.75 载入 FailureRetry 参数
2019-06-20 12:28:43.75 载入 SourceList 参数
2019-06-20 12:28:43.75 载入 MultiUpdate 参数
2019-06-20 12:28:43.75 载入 LogReport 参数
2019-06-20 12:28:43.75 载入 CheckDigitalSignature 参数
2019-06-20 12:28:43.75 载入 HistoryUpdate 参数
2019-06-20 12:28:43.75 载入 Deadline 参数
2019-06-20 12:28:43.75 载入 NicOrder 参数
2019-06-20 12:28:43.75 载入 [tfp] 参数
2019-06-20 12:28:43.75 载入 FTPUsername 参数
2019-06-20 12:28:43.75 载入 FTPPassword 参数
StaggerTime=2646
2019-06-20 12:34:18.37 载入 [common] 参数
2019-06-20 12:34:18.37 载入 Protocol 参数
2019-06-20 12:34:18.37 载入 Address 参数
2019-06-20 12:34:18.37 载入 FailureRetry 参数
2019-06-20 12:34:18.37 载入 SourceList 参数
2019-06-20 12:34:18.37 载入 MultiUpdate 参数
2019-06-20 12:34:18.37 载入 LogReport 参数
2019-06-20 12:34:18.37 载入 CheckDigitalSignature 参数
2019-06-20 12:34:18.37 载入 HistoryUpdate 参数
2019-06-20 12:34:18.37 载入 Deadline 参数
2019-06-20 12:34:18.37 载入 NicOrder 参数
2019-06-20 12:34:18.37 载入 [tfp] 参数
2019-06-20 12:34:18.37 载入 FTPUsername 参数
2019-06-20 12:34:18.37 载入 FTPPassword 参数
StaggerTime=57
StaggerTime=57
2019-06-20 12:34:18.36 使用FTP方式 下载 update.list 至 D:\weihu\McafeeUpdate\tmp\
2019-06-20 12:34:19.50 FTP方式下载 update.list 完成
2019-06-20 12:34:18.36 开始对 D:\weihu\McafeeUpdate\history\2019-06-20\update.list 进行文件哈希值校验。
2019-06-20 12:34:18.36 开始对 D:\weihu\McafeeUpdate\tmp\last.update 进行文件哈希值校验。
2019-06-20 12:34:18.36 当前更新源 Hash： f8e84b811064f8e767990c6931b81f2be39ec5f0 上一次更新源 Hash:  f8e84b811064f8e767990c6931b81f2be39ec5f0
2019-06-20 12:34:19.69 本机错峰时间: 57 秒
2019-06-20 12:34:19.70 本次更新与上次更新一致，不予更新。
2019-06-20 12:34:18.36 使用FTP方式 下载 upload 至 /
2019-06-20 12:34:19.91 FTP方式下载 upload 失败,可能网络链接存在问题，请联系开发者进行处理
2019-06-20 12:34:19.92 载入 [common] 参数
2019-06-20 12:34:19.92 载入 Protocol 参数
2019-06-20 12:34:19.92 载入 Address 参数
2019-06-20 12:34:19.92 载入 FailureRetry 参数
2019-06-20 12:34:19.92 载入 SourceList 参数
2019-06-20 12:34:19.92 载入 MultiUpdate 参数
2019-06-20 12:34:19.92 载入 LogReport 参数
2019-06-20 12:34:19.92 载入 CheckDigitalSignature 参数
2019-06-20 12:34:19.92 载入 HistoryUpdate 参数
2019-06-20 12:34:19.92 载入 Deadline 参数
2019-06-20 12:34:19.92 载入 NicOrder 参数
2019-06-20 12:34:19.92 载入 [tfp] 参数
2019-06-20 12:34:19.92 载入 FTPUsername 参数
2019-06-20 12:34:19.92 载入 FTPPassword 参数
StaggerTime=57
2019-06-20 12:35:02.04 载入 [common] 参数
2019-06-20 12:35:02.04 载入 Protocol 参数
2019-06-20 12:35:02.04 载入 Address 参数
2019-06-20 12:35:02.04 载入 FailureRetry 参数
2019-06-20 12:35:02.04 载入 SourceList 参数
2019-06-20 12:35:02.04 载入 MultiUpdate 参数
2019-06-20 12:35:02.04 载入 LogReport 参数
2019-06-20 12:35:02.04 载入 CheckDigitalSignature 参数
2019-06-20 12:35:02.04 载入 HistoryUpdate 参数
2019-06-20 12:35:02.04 载入 Deadline 参数
2019-06-20 12:35:02.04 载入 NicOrder 参数
2019-06-20 12:35:02.04 载入 [tfp] 参数
2019-06-20 12:35:02.04 载入 FTPUsername 参数
2019-06-20 12:35:02.04 载入 FTPPassword 参数
2019-06-20 12:35:02.73 载入 [common] 参数
2019-06-20 12:35:02.73 载入 Protocol 参数
2019-06-20 12:35:02.73 载入 Address 参数
2019-06-20 12:35:02.73 载入 FailureRetry 参数
2019-06-20 12:35:02.73 载入 SourceList 参数
2019-06-20 12:35:02.73 载入 MultiUpdate 参数
2019-06-20 12:35:02.73 载入 LogReport 参数
2019-06-20 12:35:02.73 载入 CheckDigitalSignature 参数
2019-06-20 12:35:02.73 载入 HistoryUpdate 参数
2019-06-20 12:35:02.73 载入 Deadline 参数
2019-06-20 12:35:02.73 载入 NicOrder 参数
2019-06-20 12:35:02.73 载入 [tfp] 参数
2019-06-20 12:35:02.73 载入 FTPUsername 参数
2019-06-20 12:35:02.73 载入 FTPPassword 参数
StaggerTime=197
2019-06-20 12:35:03.41 载入 [common] 参数
2019-06-20 12:35:03.41 载入 Protocol 参数
2019-06-20 12:35:03.41 载入 Address 参数
2019-06-20 12:35:03.41 载入 FailureRetry 参数
2019-06-20 12:35:03.41 载入 SourceList 参数
2019-06-20 12:35:03.41 载入 MultiUpdate 参数
2019-06-20 12:35:03.41 载入 LogReport 参数
2019-06-20 12:35:03.41 载入 CheckDigitalSignature 参数
2019-06-20 12:35:03.41 载入 HistoryUpdate 参数
2019-06-20 12:35:03.41 载入 Deadline 参数
2019-06-20 12:35:03.41 载入 NicOrder 参数
2019-06-20 12:35:03.41 载入 [tfp] 参数
2019-06-20 12:35:03.41 载入 FTPUsername 参数
2019-06-20 12:35:03.41 载入 FTPPassword 参数
2019-06-20 12:35:02.02 使用FTP方式 下载 update.list 至 D:\weihu\McafeeUpdate\tmp\
2019-06-20 12:35:04.24 FTP方式下载 update.list 完成
2019-06-20 12:35:02.02 开始对 D:\weihu\McafeeUpdate\history\2019-06-20\update.list 进行文件哈希值校验。
2019-06-20 12:35:02.02 开始对 D:\weihu\McafeeUpdate\tmp\last.update 进行文件哈希值校验。
2019-06-20 12:35:02.02 当前更新源 Hash： f8e84b811064f8e767990c6931b81f2be39ec5f0 上一次更新源 Hash:  f8e84b811064f8e767990c6931b81f2be39ec5f0
2019-06-20 12:35:04.44 本机错峰时间: 197 秒
2019-06-20 12:35:04.44 本次更新与上次更新一致，不予更新。
2019-06-20 12:35:02.02 使用FTP方式 下载 upload 至 /
2019-06-20 12:35:04.66 FTP方式下载 upload 失败,可能网络链接存在问题，请联系开发者进行处理
StaggerTime=197
2019-06-20 12:35:04.76 载入 [common] 参数
2019-06-20 12:35:04.76 载入 Protocol 参数
2019-06-20 12:35:04.76 载入 Address 参数
2019-06-20 12:35:04.76 载入 FailureRetry 参数
2019-06-20 12:35:04.76 载入 SourceList 参数
2019-06-20 12:35:04.76 载入 MultiUpdate 参数
2019-06-20 12:35:04.76 载入 LogReport 参数
2019-06-20 12:35:04.76 载入 CheckDigitalSignature 参数
2019-06-20 12:35:04.76 载入 HistoryUpdate 参数
2019-06-20 12:35:04.76 载入 Deadline 参数
2019-06-20 12:35:04.76 载入 NicOrder 参数
2019-06-20 12:35:04.76 载入 [tfp] 参数
2019-06-20 12:35:04.76 载入 FTPUsername 参数
2019-06-20 12:35:04.76 载入 FTPPassword 参数
2019-06-20 12:36:03.69 载入 [common] 参数
2019-06-20 12:36:03.69 载入 Protocol 参数
2019-06-20 12:36:03.69 载入 Address 参数
2019-06-20 12:36:03.69 载入 FailureRetry 参数
2019-06-20 12:36:03.69 载入 SourceList 参数
2019-06-20 12:36:03.69 载入 MultiUpdate 参数
2019-06-20 12:36:03.69 载入 LogReport 参数
2019-06-20 12:36:03.69 载入 CheckDigitalSignature 参数
2019-06-20 12:36:03.69 载入 HistoryUpdate 参数
2019-06-20 12:36:03.69 载入 Deadline 参数
2019-06-20 12:36:03.69 载入 NicOrder 参数
2019-06-20 12:36:03.69 载入 [tfp] 参数
2019-06-20 12:36:03.69 载入 FTPUsername 参数
2019-06-20 12:36:03.69 载入 FTPPassword 参数
2019-06-20 12:36:04.39 载入 [common] 参数
2019-06-20 12:36:04.39 载入 Protocol 参数
2019-06-20 12:36:04.39 载入 Address 参数
2019-06-20 12:36:04.39 载入 FailureRetry 参数
2019-06-20 12:36:04.39 载入 SourceList 参数
2019-06-20 12:36:04.39 载入 MultiUpdate 参数
2019-06-20 12:36:04.39 载入 LogReport 参数
2019-06-20 12:36:04.39 载入 CheckDigitalSignature 参数
2019-06-20 12:36:04.39 载入 HistoryUpdate 参数
2019-06-20 12:36:04.39 载入 Deadline 参数
2019-06-20 12:36:04.39 载入 NicOrder 参数
2019-06-20 12:36:04.39 载入 [tfp] 参数
2019-06-20 12:36:04.39 载入 FTPUsername 参数
2019-06-20 12:36:04.39 载入 FTPPassword 参数
StaggerTime=32
2019-06-20 12:36:05.07 载入 [common] 参数
2019-06-20 12:36:05.07 载入 Protocol 参数
2019-06-20 12:36:05.07 载入 Address 参数
2019-06-20 12:36:05.07 载入 FailureRetry 参数
2019-06-20 12:36:05.07 载入 SourceList 参数
2019-06-20 12:36:05.07 载入 MultiUpdate 参数
2019-06-20 12:36:05.07 载入 LogReport 参数
2019-06-20 12:36:05.07 载入 CheckDigitalSignature 参数
2019-06-20 12:36:05.07 载入 HistoryUpdate 参数
2019-06-20 12:36:05.07 载入 Deadline 参数
2019-06-20 12:36:05.07 载入 NicOrder 参数
2019-06-20 12:36:05.07 载入 [tfp] 参数
2019-06-20 12:36:05.07 载入 FTPUsername 参数
2019-06-20 12:36:05.07 载入 FTPPassword 参数
2019-06-20 12:36:03.67 使用FTP方式 下载 update.list 至 D:\weihu\McafeeUpdate\tmp\
2019-06-20 12:36:05.91 FTP方式下载 update.list 完成
2019-06-20 12:36:03.67 开始对 D:\weihu\McafeeUpdate\history\2019-06-20\update.list 进行文件哈希值校验。
2019-06-20 12:36:03.67 开始对 D:\weihu\McafeeUpdate\tmp\last.update 进行文件哈希值校验。
2019-06-20 12:36:03.67 当前更新源 Hash： f8e84b811064f8e767990c6931b81f2be39ec5f0 上一次更新源 Hash:  f8e84b811064f8e767990c6931b81f2be39ec5f0
2019-06-20 12:36:06.12 本机错峰时间: 32 秒
2019-06-20 12:36:06.12 本次更新与上次更新一致，不予更新。
2019-06-20 12:36:03.67 使用FTP方式 下载 upload 至 /
2019-06-20 12:36:06.34 FTP方式下载 upload 失败,可能网络链接存在问题，请联系开发者进行处理
StaggerTime=32
2019-06-20 12:36:06.44 载入 [common] 参数
2019-06-20 12:36:06.44 载入 Protocol 参数
2019-06-20 12:36:06.44 载入 Address 参数
2019-06-20 12:36:06.44 载入 FailureRetry 参数
2019-06-20 12:36:06.44 载入 SourceList 参数
2019-06-20 12:36:06.44 载入 MultiUpdate 参数
2019-06-20 12:36:06.44 载入 LogReport 参数
2019-06-20 12:36:06.44 载入 CheckDigitalSignature 参数
2019-06-20 12:36:06.44 载入 HistoryUpdate 参数
2019-06-20 12:36:06.44 载入 Deadline 参数
2019-06-20 12:36:06.44 载入 NicOrder 参数
2019-06-20 12:36:06.44 载入 [tfp] 参数
2019-06-20 12:36:06.44 载入 FTPUsername 参数
2019-06-20 12:36:06.44 载入 FTPPassword 参数
2019-06-20 12:36:59.22 载入 [common] 参数
2019-06-20 12:36:59.22 载入 Protocol 参数
2019-06-20 12:36:59.22 载入 Address 参数
2019-06-20 12:36:59.22 载入 FailureRetry 参数
2019-06-20 12:36:59.22 载入 SourceList 参数
2019-06-20 12:36:59.22 载入 MultiUpdate 参数
2019-06-20 12:36:59.22 载入 LogReport 参数
2019-06-20 12:36:59.22 载入 CheckDigitalSignature 参数
2019-06-20 12:36:59.22 载入 HistoryUpdate 参数
2019-06-20 12:36:59.22 载入 Deadline 参数
2019-06-20 12:36:59.22 载入 NicOrder 参数
2019-06-20 12:36:59.22 载入 [tfp] 参数
2019-06-20 12:36:59.22 载入 FTPUsername 参数
2019-06-20 12:36:59.22 载入 FTPPassword 参数
StaggerTime=214
2019-06-20 12:36:59.90 载入 [common] 参数
2019-06-20 12:36:59.90 载入 Protocol 参数
2019-06-20 12:36:59.90 载入 Address 参数
2019-06-20 12:36:59.90 载入 FailureRetry 参数
2019-06-20 12:36:59.90 载入 SourceList 参数
2019-06-20 12:36:59.90 载入 MultiUpdate 参数
2019-06-20 12:36:59.90 载入 LogReport 参数
2019-06-20 12:36:59.90 载入 CheckDigitalSignature 参数
2019-06-20 12:36:59.90 载入 HistoryUpdate 参数
2019-06-20 12:36:59.90 载入 Deadline 参数
2019-06-20 12:36:59.90 载入 NicOrder 参数
2019-06-20 12:36:59.90 载入 [tfp] 参数
2019-06-20 12:36:59.90 载入 FTPUsername 参数
2019-06-20 12:36:59.90 载入 FTPPassword 参数
StaggerTime=2646
StaggerTime=214
2019-06-20 12:36:59.21 使用FTP方式 下载 update.list 至 D:\weihu\McafeeUpdate\tmp\
2019-06-20 12:37:00.74 FTP方式下载 update.list 完成
2019-06-20 12:36:59.21 开始对 D:\weihu\McafeeUpdate\history\2019-06-20\update.list 进行文件哈希值校验。
2019-06-20 12:36:59.21 开始对 D:\weihu\McafeeUpdate\tmp\last.update 进行文件哈希值校验。
2019-06-20 12:36:59.21 当前更新源 Hash： f8e84b811064f8e767990c6931b81f2be39ec5f0 上一次更新源 Hash:  f8e84b811064f8e767990c6931b81f2be39ec5f0
2019-06-20 12:37:00.94 本机错峰时间: 214 秒
2019-06-20 12:37:00.94 本次更新与上次更新一致，不予更新。
2019-06-20 12:36:59.21 使用FTP方式 下载 upload 至 /
2019-06-20 12:37:01.15 FTP方式下载 upload 失败,可能网络链接存在问题，请联系开发者进行处理
2019-06-20 12:37:01.25 载入 [common] 参数
2019-06-20 12:37:01.25 载入 Protocol 参数
2019-06-20 12:37:01.25 载入 Address 参数
2019-06-20 12:37:01.25 载入 FailureRetry 参数
2019-06-20 12:37:01.25 载入 SourceList 参数
2019-06-20 12:37:01.25 载入 MultiUpdate 参数
2019-06-20 12:37:01.25 载入 LogReport 参数
2019-06-20 12:37:01.25 载入 CheckDigitalSignature 参数
2019-06-20 12:37:01.25 载入 HistoryUpdate 参数
2019-06-20 12:37:01.25 载入 Deadline 参数
2019-06-20 12:37:01.25 载入 NicOrder 参数
2019-06-20 12:37:01.25 载入 [tfp] 参数
2019-06-20 12:37:01.25 载入 FTPUsername 参数
2019-06-20 12:37:01.25 载入 FTPPassword 参数
StaggerTime=2646
2019-06-20 12:55:19.94 载入 [common] 参数
2019-06-20 12:55:19.94 载入 Protocol 参数
2019-06-20 12:55:19.94 载入 Address 参数
2019-06-20 12:55:19.94 载入 FailureRetry 参数
2019-06-20 12:55:19.94 载入 SourceList 参数
2019-06-20 12:55:19.94 载入 MultiUpdate 参数
2019-06-20 12:55:19.94 载入 LogReport 参数
2019-06-20 12:55:19.94 载入 CheckDigitalSignature 参数
2019-06-20 12:55:19.94 载入 HistoryUpdate 参数
2019-06-20 12:55:19.94 载入 Deadline 参数
2019-06-20 12:55:19.94 载入 NicOrder 参数
2019-06-20 12:55:19.94 载入 [tfp] 参数
2019-06-20 12:55:19.94 载入 FTPUsername 参数
2019-06-20 12:55:19.94 载入 FTPPassword 参数
StaggerTime=2646
2019-06-20 12:55:19.93 使用FTP方式 下载 update.list 至 D:\weihu\McafeeUpdate\tmp\
2019-06-20 12:55:20.98 FTP方式下载 update.list 完成
2019-06-20 12:55:19.93 开始对 D:\weihu\McafeeUpdate\history\2019-06-20\update.list 进行文件哈希值校验。
2019-06-20 12:55:19.93 开始对 D:\weihu\McafeeUpdate\tmp\last.update 进行文件哈希值校验。
2019-06-20 12:55:19.93 当前更新源 Hash： f8e84b811064f8e767990c6931b81f2be39ec5f0 上一次更新源 Hash:  f8e84b811064f8e767990c6931b81f2be39ec5f0
2019-06-20 12:55:21.18 本机错峰时间: 2646 秒
2019-06-20 12:55:21.18 本次更新与上次更新一致，不予更新。
2019-06-20 12:55:19.93 使用FTP方式 下载 upload 至 /
2019-06-20 12:55:21.40 FTP方式下载 upload 失败,可能网络链接存在问题，请联系开发者进行处理
StaggerTime=2646
2019-06-20 12:55:19.93 使用FTP方式 下载 update.list 至 D:\weihu\McafeeUpdate\tmp\
2019-06-20 12:55:21.83 FTP方式下载 update.list 完成
2019-06-20 12:55:19.93 开始对 D:\weihu\McafeeUpdate\history\2019-06-20\update.list 进行文件哈希值校验。
2019-06-20 12:55:19.93 hash 待计算文件路径不存在,退出Hash流程
2019-06-20 12:55:19.93 开始对 D:\weihu\McafeeUpdate\tmp\last.update 进行文件哈希值校验。
2019-06-20 12:55:19.93 当前更新源 Hash：  上一次更新源 Hash:  f8e84b811064f8e767990c6931b81f2be39ec5f0
2019-06-20 12:55:21.94 本机错峰时间: 2646 秒
2019-06-20 12:55:21.94 本次更新文件总量为：0M
2019-06-20 12:55:21.95 进入更新文件校验流程,当前工作目录: D:\weihu\McafeeUpdate\bin
2019-06-20 12:55:19.93 更新文件校验完毕，准备进行安装更新
2019-06-20 12:55:21.95 进入更新文件安装流程,当前工作目录: D:\weihu\McafeeUpdate\bin
2019-06-20 12:55:21.95 所有更新文件安装已完成
2019-06-20 12:58:27.95 载入 [common] 参数
2019-06-20 12:58:27.95 载入 Protocol 参数
2019-06-20 12:58:27.95 载入 Address 参数
2019-06-20 12:58:27.95 载入 FailureRetry 参数
2019-06-20 12:58:27.95 载入 SourceList 参数
2019-06-20 12:58:27.95 载入 MultiUpdate 参数
2019-06-20 12:58:27.95 载入 LogReport 参数
2019-06-20 12:58:27.95 载入 CheckDigitalSignature 参数
2019-06-20 12:58:27.95 载入 HistoryUpdate 参数
2019-06-20 12:58:27.95 载入 Deadline 参数
2019-06-20 12:58:27.95 载入 NicOrder 参数
2019-06-20 12:58:27.95 载入 [tfp] 参数
2019-06-20 12:58:27.95 载入 FTPUsername 参数
2019-06-20 12:58:27.95 载入 FTPPassword 参数
StaggerTime=2646
2019-06-20 12:58:27.94 使用FTP方式 下载 update.list 至 D:\weihu\McafeeUpdate\tmp\
2019-06-20 12:58:28.96 FTP方式下载 update.list 完成
2019-06-20 12:58:27.94 开始对 D:\weihu\McafeeUpdate\history\2019-06-20\update.list 进行文件哈希值校验。
2019-06-20 12:58:27.94 开始对 D:\weihu\McafeeUpdate\tmp\last.update 进行文件哈希值校验。
2019-06-20 12:58:27.94 当前更新源 Hash： f8e84b811064f8e767990c6931b81f2be39ec5f0 上一次更新源 Hash:  f8e84b811064f8e767990c6931b81f2be39ec5f0
2019-06-20 12:58:29.17 本机错峰时间: 2646 秒
2019-06-20 12:58:29.17 本次更新与上次更新一致，不予更新。
StaggerTime=2646
2019-06-20 12:58:27.94 使用FTP方式 下载 update.list 至 D:\weihu\McafeeUpdate\tmp\
2019-06-20 12:58:29.52 FTP方式下载 update.list 完成
2019-06-20 12:58:27.94 开始对 D:\weihu\McafeeUpdate\history\2019-06-20\update.list 进行文件哈希值校验。
2019-06-20 12:58:27.94 开始对 D:\weihu\McafeeUpdate\tmp\last.update 进行文件哈希值校验。
2019-06-20 12:58:27.94 当前更新源 Hash： f8e84b811064f8e767990c6931b81f2be39ec5f0 上一次更新源 Hash:  f8e84b811064f8e767990c6931b81f2be39ec5f0
2019-06-20 12:58:29.72 本机错峰时间: 2646 秒
2019-06-20 12:58:29.72 本次更新与上次更新一致，不予更新。
2019-06-20 13:03:03.92 载入 [common] 参数
2019-06-20 13:03:03.92 载入 Protocol 参数
2019-06-20 13:03:03.92 载入 Address 参数
2019-06-20 13:03:03.92 载入 FailureRetry 参数
2019-06-20 13:03:03.92 载入 SourceList 参数
2019-06-20 13:03:03.92 载入 MultiUpdate 参数
2019-06-20 13:03:03.92 载入 LogReport 参数
2019-06-20 13:03:03.92 载入 CheckDigitalSignature 参数
2019-06-20 13:03:03.92 载入 HistoryUpdate 参数
2019-06-20 13:03:03.92 载入 Deadline 参数
2019-06-20 13:03:03.92 载入 NicOrder 参数
2019-06-20 13:03:03.92 载入 [tfp] 参数
2019-06-20 13:03:03.92 载入 FTPUsername 参数
2019-06-20 13:03:03.92 载入 FTPPassword 参数
2019-06-20 13:03:03.91 使用FTP方式 下载 update.list 至 D:\weihu\McafeeUpdate\tmp\
2019-06-20 13:03:04.94 FTP方式下载 update.list 完成
2019-06-20 13:03:03.91 开始对 D:\weihu\McafeeUpdate\history\2019-06-20\update.list 进行文件哈希值校验。
2019-06-20 13:03:03.91 开始对 D:\weihu\McafeeUpdate\tmp\last.update 进行文件哈希值校验。
2019-06-20 13:03:03.91 当前更新源 Hash： f8e84b811064f8e767990c6931b81f2be39ec5f0 上一次更新源 Hash:  f8e84b811064f8e767990c6931b81f2be39ec5f0
2019-06-20 13:03:05.14 本机错峰时间: 2646 秒
2019-06-20 13:03:05.14 本次更新与上次更新一致，不予更新。
2019-06-20 13:04:30.25 载入 [common] 参数
2019-06-20 13:04:30.25 载入 Protocol 参数
2019-06-20 13:04:30.25 载入 Address 参数
2019-06-20 13:04:30.25 载入 FailureRetry 参数
2019-06-20 13:04:30.25 载入 SourceList 参数
2019-06-20 13:04:30.25 载入 MultiUpdate 参数
2019-06-20 13:04:30.25 载入 LogReport 参数
2019-06-20 13:04:30.25 载入 CheckDigitalSignature 参数
2019-06-20 13:04:30.25 载入 HistoryUpdate 参数
2019-06-20 13:04:30.25 载入 Deadline 参数
2019-06-20 13:04:30.25 载入 NicOrder 参数
2019-06-20 13:04:30.25 载入 [tfp] 参数
2019-06-20 13:04:30.25 载入 FTPUsername 参数
2019-06-20 13:04:30.25 载入 FTPPassword 参数
2019-06-20 13:04:30.25 使用FTP方式 下载 update.list 至 D:\weihu\McafeeUpdate\tmp\
2019-06-20 13:04:31.23 FTP方式下载 update.list 完成
2019-06-20 13:04:30.25 开始对 D:\weihu\McafeeUpdate\history\2019-06-20\update.list 进行文件哈希值校验。
2019-06-20 13:04:30.25 开始对 D:\weihu\McafeeUpdate\tmp\last.update 进行文件哈希值校验。
2019-06-20 13:04:30.25 当前更新源 Hash： f8e84b811064f8e767990c6931b81f2be39ec5f0 上一次更新源 Hash:  f8e84b811064f8e767990c6931b81f2be39ec5f0
2019-06-20 13:04:31.43 本机错峰时间: 2646 秒
2019-06-20 13:04:31.43 本次更新与上次更新一致，不予更新。
2019-06-20 13:05:49.73 载入 [common] 参数
2019-06-20 13:05:49.73 载入 Protocol 参数
2019-06-20 13:05:49.73 载入 Address 参数
2019-06-20 13:05:49.73 载入 FailureRetry 参数
2019-06-20 13:05:49.73 载入 SourceList 参数
2019-06-20 13:05:49.73 载入 MultiUpdate 参数
2019-06-20 13:05:49.73 载入 LogReport 参数
2019-06-20 13:05:49.73 载入 CheckDigitalSignature 参数
2019-06-20 13:05:49.73 载入 HistoryUpdate 参数
2019-06-20 13:05:49.73 载入 Deadline 参数
2019-06-20 13:05:49.73 载入 NicOrder 参数
2019-06-20 13:05:49.73 载入 [tfp] 参数
2019-06-20 13:05:49.73 载入 FTPUsername 参数
2019-06-20 13:05:49.73 载入 FTPPassword 参数
2019-06-20 13:05:49.72 使用FTP方式 下载 update.list 至 D:\weihu\McafeeUpdate\tmp\
2019-06-20 13:06:11.64 FTP方式下载 update.list 失败,原因：连接FTP服务器失败
2019-06-20 13:08:54.21 载入 [common] 参数
2019-06-20 13:08:54.21 载入 Protocol 参数
2019-06-20 13:08:54.21 载入 Address 参数
2019-06-20 13:08:54.21 载入 FailureRetry 参数
2019-06-20 13:08:54.21 载入 SourceList 参数
2019-06-20 13:08:54.21 载入 MultiUpdate 参数
2019-06-20 13:08:54.21 载入 LogReport 参数
2019-06-20 13:08:54.21 载入 CheckDigitalSignature 参数
2019-06-20 13:08:54.21 载入 HistoryUpdate 参数
2019-06-20 13:08:54.21 载入 Deadline 参数
2019-06-20 13:08:54.21 载入 NicOrder 参数
2019-06-20 13:08:54.21 载入 [tfp] 参数
2019-06-20 13:08:54.21 载入 FTPUsername 参数
2019-06-20 13:08:54.21 载入 FTPPassword 参数
2019-06-20 13:08:54.20 使用FTP方式 下载 update.list 至 D:\weihu\McafeeUpdate\tmp\
2019-06-20 13:09:16.21 FTP方式下载 update.list 失败,原因：连接FTP服务器失败
2019-06-20 13:08:54.20 使用FTP方式 下载 upload 至 /
2019-06-20 13:09:37.43 FTP方式下载 upload 失败,原因：连接FTP服务器失败
2019-06-20 13:10:12.66 载入 [common] 参数
2019-06-20 13:10:12.66 载入 Protocol 参数
2019-06-20 13:10:12.66 载入 Address 参数
2019-06-20 13:10:12.66 载入 FailureRetry 参数
2019-06-20 13:10:12.66 载入 SourceList 参数
2019-06-20 13:10:12.66 载入 MultiUpdate 参数
2019-06-20 13:10:12.66 载入 LogReport 参数
2019-06-20 13:10:12.66 载入 CheckDigitalSignature 参数
2019-06-20 13:10:12.66 载入 HistoryUpdate 参数
2019-06-20 13:10:12.66 载入 Deadline 参数
2019-06-20 13:10:12.66 载入 NicOrder 参数
2019-06-20 13:10:12.66 载入 [tfp] 参数
2019-06-20 13:10:12.66 载入 FTPUsername 参数
2019-06-20 13:10:12.66 载入 FTPPassword 参数
2019-06-20 13:10:12.65 使用FTP方式 下载 update.list 至 D:\weihu\McafeeUpdate\tmp\
2019-06-20 13:10:34.59 FTP方式下载 update.list 失败,原因：连接FTP服务器失败
2019-06-20 13:10:12.65 使用FTP方式 下载 upload 至 /
2019-06-20 13:10:55.82 FTP方式下载 upload 失败,原因：连接FTP服务器失败
2019-06-20 13:13:51.00 载入 [common] 参数
2019-06-20 13:13:51.00 载入 Protocol 参数
2019-06-20 13:13:51.00 载入 Address 参数
2019-06-20 13:13:51.00 载入 FailureRetry 参数
2019-06-20 13:13:51.00 载入 SourceList 参数
2019-06-20 13:13:51.00 载入 MultiUpdate 参数
2019-06-20 13:13:51.00 载入 LogReport 参数
2019-06-20 13:13:51.00 载入 CheckDigitalSignature 参数
2019-06-20 13:13:51.00 载入 HistoryUpdate 参数
2019-06-20 13:13:51.00 载入 Deadline 参数
2019-06-20 13:13:51.00 载入 NicOrder 参数
2019-06-20 13:13:51.00 载入 [tfp] 参数
2019-06-20 13:13:51.00 载入 FTPUsername 参数
2019-06-20 13:13:51.00 载入 FTPPassword 参数
2019-06-20 13:13:50.99 使用FTP方式 下载 update.list 至 D:\weihu\McafeeUpdate\tmp\
2019-06-20 13:14:12.91 FTP方式下载 update.list 失败,原因：连接FTP服务器失败
2019-06-20 13:13:50.99 使用FTP方式 下载 upload 至 /
2019-06-20 13:20:41.60 载入 [common] 参数
2019-06-20 13:20:41.60 载入 Protocol 参数
2019-06-20 13:20:41.60 载入 Address 参数
2019-06-20 13:20:41.60 载入 FailureRetry 参数
2019-06-20 13:20:41.60 载入 SourceList 参数
2019-06-20 13:20:41.60 载入 MultiUpdate 参数
2019-06-20 13:20:41.60 载入 LogReport 参数
2019-06-20 13:20:41.60 载入 CheckDigitalSignature 参数
2019-06-20 13:20:41.60 载入 HistoryUpdate 参数
2019-06-20 13:20:41.60 载入 Deadline 参数
2019-06-20 13:20:41.60 载入 NicOrder 参数
2019-06-20 13:20:41.60 载入 [tfp] 参数
2019-06-20 13:20:41.60 载入 FTPUsername 参数
2019-06-20 13:20:41.60 载入 FTPPassword 参数
2019-06-20 13:20:41.59 使用FTP方式 下载 update.list 至 D:\weihu\McafeeUpdate\tmp\
2019-06-20 13:21:03.47 FTP方式下载 update.list 失败,原因：连接FTP服务器失败
2019-06-20 13:20:41.59 使用FTP方式 下载 upload 至 /
2019-06-20 13:21:24.69 FTP方式下载 upload 失败,原因：连接FTP服务器失败
2019-06-20 13:25:30.75 载入 [common] 参数
2019-06-20 13:25:30.75 载入 Protocol 参数
2019-06-20 13:25:30.75 载入 Address 参数
2019-06-20 13:25:30.75 载入 FailureRetry 参数
2019-06-20 13:25:30.75 载入 SourceList 参数
2019-06-20 13:25:30.75 载入 MultiUpdate 参数
2019-06-20 13:25:30.75 载入 LogReport 参数
2019-06-20 13:25:30.75 载入 CheckDigitalSignature 参数
2019-06-20 13:25:30.75 载入 HistoryUpdate 参数
2019-06-20 13:25:30.75 载入 Deadline 参数
2019-06-20 13:25:30.75 载入 NicOrder 参数
2019-06-20 13:25:30.75 载入 [tfp] 参数
2019-06-20 13:25:30.75 载入 FTPUsername 参数
2019-06-20 13:25:30.75 载入 FTPPassword 参数
2019-06-20 13:25:30.74 使用FTP方式 下载 update.list 至 D:\weihu\McafeeUpdate\tmp\
2019-06-20 13:25:52.62 FTP方式下载 update.list 失败,原因：连接FTP服务器失败
2019-06-20 13:25:30.74 使用FTP方式 下载 upload 至 /
2019-06-20 13:26:13.86 FTP方式下载 upload 失败,原因：连接FTP服务器失败
2019-06-20 13:27:25.46 载入 [common] 参数
2019-06-20 13:27:25.46 载入 Protocol 参数
2019-06-20 13:27:25.46 载入 Address 参数
2019-06-20 13:27:25.46 载入 FailureRetry 参数
2019-06-20 13:27:25.46 载入 SourceList 参数
2019-06-20 13:27:25.46 载入 MultiUpdate 参数
2019-06-20 13:27:25.46 载入 LogReport 参数
2019-06-20 13:27:25.46 载入 CheckDigitalSignature 参数
2019-06-20 13:27:25.46 载入 HistoryUpdate 参数
2019-06-20 13:27:25.46 载入 Deadline 参数
2019-06-20 13:27:25.46 载入 NicOrder 参数
2019-06-20 13:27:25.46 载入 [tfp] 参数
2019-06-20 13:27:25.46 载入 FTPUsername 参数
2019-06-20 13:27:25.46 载入 FTPPassword 参数
2019-06-20 13:27:25.45 使用FTP方式 下载 update.list 至 D:\weihu\McafeeUpdate\tmp\
2019-06-20 13:27:47.35 FTP方式下载 update.list 失败,原因：连接FTP服务器失败
2019-06-20 13:27:25.45 使用FTP方式 下载 upload 至 /
2019-06-20 13:28:08.59 FTP方式下载 upload 失败,原因：连接FTP服务器失败
2019-06-20 13:37:55.68 载入 [common] 参数
2019-06-20 13:37:55.68 载入 Protocol 参数
2019-06-20 13:37:55.68 载入 Address 参数
2019-06-20 13:37:55.68 载入 FailureRetry 参数
2019-06-20 13:37:55.68 载入 SourceList 参数
2019-06-20 13:37:55.68 载入 MultiUpdate 参数
2019-06-20 13:37:55.68 载入 LogReport 参数
2019-06-20 13:37:55.68 载入 CheckDigitalSignature 参数
2019-06-20 13:37:55.68 载入 HistoryUpdate 参数
2019-06-20 13:37:55.68 载入 Deadline 参数
2019-06-20 13:37:55.68 载入 NicOrder 参数
2019-06-20 13:37:55.68 载入 [tfp] 参数
2019-06-20 13:37:55.68 载入 FTPUsername 参数
2019-06-20 13:37:55.68 载入 FTPPassword 参数
2019-06-20 13:37:55.67 使用FTP方式 下载 update.list 至 D:\weihu\McafeeUpdate\tmp\
2019-06-20 13:38:17.56 FTP方式下载 update.list 失败,原因：连接FTP服务器失败
2019-06-20 13:38:17.57 准备上传操作日志。
2019-06-20 13:37:55.67 使用FTP方式 下载 upload 至 /
2019-06-20 13:38:38.78 FTP方式下载 upload 失败,原因：连接FTP服务器失败
2019-06-20 13:38:17.57 操作日志上传完成。
2019-06-20 13:40:25.69 载入 [common] 参数
2019-06-20 13:40:25.69 载入 Protocol 参数
2019-06-20 13:40:25.69 载入 Address 参数
2019-06-20 13:40:25.69 载入 FailureRetry 参数
2019-06-20 13:40:25.69 载入 SourceList 参数
2019-06-20 13:40:25.69 载入 MultiUpdate 参数
2019-06-20 13:40:25.69 载入 LogReport 参数
2019-06-20 13:40:25.69 载入 CheckDigitalSignature 参数
2019-06-20 13:40:25.69 载入 HistoryUpdate 参数
2019-06-20 13:40:25.69 载入 Deadline 参数
2019-06-20 13:40:25.69 载入 NicOrder 参数
2019-06-20 13:40:25.69 载入 [tfp] 参数
2019-06-20 13:40:25.69 载入 FTPUsername 参数
2019-06-20 13:40:25.69 载入 FTPPassword 参数
2019-06-20 13:40:25.68 使用FTP方式 下载 update.list 至 D:\weihu\McafeeUpdate\tmp\
2019-06-20 13:41:24.54 FTP方式下载 update.list 失败,原因：连接FTP服务器失败
2019-06-20 13:41:24.55 准备上传操作日志。
2019-06-20 13:40:25.68 使用FTP方式 下载 upload 至 /
2019-06-20 13:41:28.30 载入 [common] 参数
2019-06-20 13:41:28.30 载入 Protocol 参数
2019-06-20 13:41:28.30 载入 Address 参数
2019-06-20 13:41:28.30 载入 FailureRetry 参数
2019-06-20 13:41:28.30 载入 SourceList 参数
2019-06-20 13:41:28.30 载入 MultiUpdate 参数
2019-06-20 13:41:28.30 载入 LogReport 参数
2019-06-20 13:41:28.30 载入 CheckDigitalSignature 参数
2019-06-20 13:41:28.30 载入 HistoryUpdate 参数
2019-06-20 13:41:28.30 载入 Deadline 参数
2019-06-20 13:41:28.30 载入 NicOrder 参数
2019-06-20 13:41:28.30 载入 [tfp] 参数
2019-06-20 13:41:28.30 载入 FTPUsername 参数
2019-06-20 13:41:28.30 载入 FTPPassword 参数
2019-06-20 13:41:28.29 使用FTP方式 下载 update.list 至 D:\weihu\McafeeUpdate\tmp\
2019-06-20 13:41:50.18 FTP方式下载 update.list 失败,原因：连接FTP服务器失败
2019-06-20 13:41:50.19 准备上传操作日志。
2019-06-20 13:41:28.29 使用FTP方式 下载 upload 至 /
2019-06-20 13:42:11.41 FTP方式下载 upload 失败,原因：连接FTP服务器失败
2019-06-20 13:41:50.19 操作日志上传完成。
2019-06-20 13:42:54.55 载入 [common] 参数
2019-06-20 13:42:54.55 载入 Protocol 参数
2019-06-20 13:42:54.55 载入 Address 参数
2019-06-20 13:42:54.55 载入 FailureRetry 参数
2019-06-20 13:42:54.55 载入 SourceList 参数
2019-06-20 13:42:54.55 载入 MultiUpdate 参数
2019-06-20 13:42:54.55 载入 LogReport 参数
2019-06-20 13:42:54.55 载入 CheckDigitalSignature 参数
2019-06-20 13:42:54.55 载入 HistoryUpdate 参数
2019-06-20 13:42:54.55 载入 Deadline 参数
2019-06-20 13:42:54.55 载入 NicOrder 参数
2019-06-20 13:42:54.55 载入 [tfp] 参数
2019-06-20 13:42:54.55 载入 FTPUsername 参数
2019-06-20 13:42:54.55 载入 FTPPassword 参数
2019-06-20 13:42:54.54 使用FTP方式 下载 update.list 至 D:\weihu\McafeeUpdate\tmp\
2019-06-20 13:43:16.40 FTP方式下载 update.list 失败,原因：连接FTP服务器失败
2019-06-20 13:43:16.41 准备上传操作日志。
2019-06-20 13:42:54.54 使用FTP方式 下载 upload 至 /
2019-06-20 13:43:37.62 FTP方式下载 upload 失败,原因：连接FTP服务器失败
2019-06-20 13:43:16.41 操作日志上传完成。
2019-06-20 14:48:19.83 载入 [common] 参数
2019-06-20 14:48:19.83 载入 Protocol 参数
2019-06-20 14:48:19.83 载入 Address 参数
2019-06-20 14:48:19.83 载入 FailureRetry 参数
2019-06-20 14:48:19.83 载入 SourceList 参数
2019-06-20 14:48:19.83 载入 MultiUpdate 参数
2019-06-20 14:48:19.83 载入 LogReport 参数
2019-06-20 14:48:19.83 载入 CheckDigitalSignature 参数
2019-06-20 14:48:19.83 载入 HistoryUpdate 参数
2019-06-20 14:48:19.83 载入 Deadline 参数
2019-06-20 14:48:19.83 载入 NicOrder 参数
2019-06-20 14:48:19.83 载入 [tfp] 参数
2019-06-20 14:48:19.83 载入 FTPUsername 参数
2019-06-20 14:48:19.83 载入 FTPPassword 参数
2019-06-20 14:48:19.81 使用FTP方式 下载 update.list 至 D:\weihu\McafeeUpdate\tmp\
2019-06-20 14:48:41.71 FTP方式下载 update.list 失败,原因：连接FTP服务器失败
2019-06-20 14:48:41.72 准备上传操作日志。
2019-06-20 14:48:19.81 使用FTP方式 下载 upload 至 /
2019-06-20 14:49:02.93 FTP方式下载 upload 失败,原因：连接FTP服务器失败
2019-06-20 14:48:41.72 操作日志上传完成。
2019-06-20 14:49:09.96 载入 [common] 参数
2019-06-20 14:49:09.96 载入 Protocol 参数
2019-06-20 14:49:09.96 载入 Address 参数
2019-06-20 14:49:09.96 载入 FailureRetry 参数
2019-06-20 14:49:09.96 载入 SourceList 参数
2019-06-20 14:49:09.96 载入 MultiUpdate 参数
2019-06-20 14:49:09.96 载入 LogReport 参数
2019-06-20 14:49:09.96 载入 CheckDigitalSignature 参数
2019-06-20 14:49:09.96 载入 HistoryUpdate 参数
2019-06-20 14:49:09.96 载入 Deadline 参数
2019-06-20 14:49:09.96 载入 NicOrder 参数
2019-06-20 14:49:09.96 载入 [tfp] 参数
2019-06-20 14:49:09.96 载入 FTPUsername 参数
2019-06-20 14:49:09.96 载入 FTPPassword 参数
2019-06-20 14:49:09.95 使用FTP方式 下载 update.list 至 D:\weihu\McafeeUpdate\tmp\
2019-06-20 14:49:31.81 FTP方式下载 update.list 失败,原因：连接FTP服务器失败
2019-06-20 14:49:31.82 准备上传操作日志。
2019-06-20 14:49:09.95 使用FTP方式 下载 upload 至 /
2019-06-20 14:49:53.03 FTP方式下载 upload 失败,原因：连接FTP服务器失败
2019-06-20 14:49:31.82 操作日志上传完成。
2019-06-20 15:26:51.83 载入 [common] 参数
2019-06-20 15:26:51.83 载入 Protocol 参数
2019-06-20 15:26:51.83 载入 Address 参数
2019-06-20 15:26:51.83 载入 FailureRetry 参数
2019-06-20 15:26:51.83 载入 SourceList 参数
2019-06-20 15:26:51.83 载入 MultiUpdate 参数
2019-06-20 15:26:51.83 载入 LogReport 参数
2019-06-20 15:26:51.83 载入 CheckDigitalSignature 参数
2019-06-20 15:26:51.83 载入 HistoryUpdate 参数
2019-06-20 15:26:51.83 载入 Deadline 参数
2019-06-20 15:26:51.83 载入 NicOrder 参数
2019-06-20 15:26:51.83 载入 [tfp] 参数
2019-06-20 15:26:51.83 载入 FTPUsername 参数
2019-06-20 15:26:51.83 载入 FTPPassword 参数
2019-06-20 15:26:51.82 使用FTP方式 下载 update.list 至 D:\weihu\McafeeUpdate\tmp\
2019-06-20 15:27:13.68 FTP方式下载 update.list 失败,原因：连接FTP服务器失败
2019-06-20 15:27:13.70 准备上传操作日志。
2019-06-20 15:26:51.82 使用FTP方式 下载 upload 至 /
2019-06-20 15:27:34.91 FTP方式下载 upload 失败,原因：连接FTP服务器失败
2019-06-20 15:27:13.70 操作日志上传完成。
2019-06-20 15:45:52.54 DESKTOP-FFTFPUP 开始进行系统更新流程
2019-06-20 15:45:52.55 DESKTOP-FFTFPUP 默认IP值为 169.254.254.254
2019-06-20 15:45:52.56 DESKTOP-FFTFPUP 默认错峰时间为 255
2019-06-20 15:45:52.56 载入 [common] 参数
2019-06-20 15:45:52.56 载入 Protocol 参数
2019-06-20 15:45:52.56 载入 Address 参数
2019-06-20 15:45:52.56 载入 FailureRetry 参数
2019-06-20 15:45:52.56 载入 SourceList 参数
2019-06-20 15:45:52.56 载入 MultiUpdate 参数
2019-06-20 15:45:52.56 载入 LogReport 参数
2019-06-20 15:45:52.56 载入 CheckDigitalSignature 参数
2019-06-20 15:45:52.56 载入 HistoryUpdate 参数
2019-06-20 15:45:52.56 载入 Deadline 参数
2019-06-20 15:45:52.56 载入 NicOrder 参数
2019-06-20 15:45:52.56 载入 [tfp] 参数
2019-06-20 15:45:52.56 载入 FTPUsername 参数
2019-06-20 15:45:52.56 载入 FTPPassword 参数
2019-06-20 15:45:52.54 使用FTP方式 下载 update.list 至 D:\weihu\McafeeUpdate\tmp\
2019-06-20 15:46:14.42 FTP方式下载 update.list 失败,原因：连接FTP服务器失败
2019-06-20 15:46:14.43 准备上传操作日志。
2019-06-20 15:45:52.54 使用FTP方式 下载 upload 至 /
2019-06-20 15:46:35.65 FTP方式下载 upload 失败,原因：连接FTP服务器失败
2019-06-20 15:46:14.43 操作日志上传完成。
2019-06-20 17:02:12.47 开始进行系统安全更新流程
2019-06-20 17:02:12.47 DESKTOP-FFTFPUP 默认IP值为 169.254.254.254
2019-06-20 17:02:12.48 DESKTOP-FFTFPUP 默认错峰时间为 212
2019-06-20 17:02:12.48 载入 [common] 参数
2019-06-20 17:02:12.48 载入 Protocol 参数
2019-06-20 17:02:12.48 载入 Address 参数
2019-06-20 17:02:12.48 载入 FailureRetry 参数
2019-06-20 17:02:12.48 载入 SourceList 参数
2019-06-20 17:02:12.48 载入 MultiUpdate 参数
2019-06-20 17:02:12.48 载入 LogReport 参数
2019-06-20 17:02:12.48 载入 CheckDigitalSignature 参数
2019-06-20 17:02:12.48 载入 HistoryUpdate 参数
2019-06-20 17:02:12.48 载入 Deadline 参数
2019-06-20 17:02:12.48 载入 NicOrder 参数
2019-06-20 17:02:12.48 载入 [tfp] 参数
2019-06-20 17:02:12.48 载入 FTPUsername 参数
2019-06-20 17:02:12.48 载入 FTPPassword 参数
2019-06-20 17:02:12.46 使用FTP方式 下载 update.list 至 D:\weihu\McafeeUpdate\tmp\
2019-06-20 17:02:54.80 开始进行系统安全更新流程
2019-06-20 17:02:54.81 DESKTOP-FFTFPUP 默认IP值为 169.254.254.254
2019-06-20 17:02:54.81 DESKTOP-FFTFPUP 默认错峰时间为 49
2019-06-20 17:02:54.82 载入 [common] 参数
2019-06-20 17:02:54.82 载入 Protocol 参数
2019-06-20 17:02:54.82 载入 Address 参数
2019-06-20 17:02:54.82 载入 FailureRetry 参数
2019-06-20 17:02:54.82 载入 SourceList 参数
2019-06-20 17:02:54.82 载入 MultiUpdate 参数
2019-06-20 17:02:54.82 载入 LogReport 参数
2019-06-20 17:02:54.82 载入 CheckDigitalSignature 参数
2019-06-20 17:02:54.82 载入 HistoryUpdate 参数
2019-06-20 17:02:54.82 载入 Deadline 参数
2019-06-20 17:02:54.82 载入 NicOrder 参数
2019-06-20 17:02:54.82 载入 [tfp] 参数
2019-06-20 17:02:54.82 载入 FTPUsername 参数
2019-06-20 17:02:54.82 载入 FTPPassword 参数
2019-06-20 17:02:54.80 使用FTP方式 下载 update.list 至 D:\weihu\McafeeUpdate\tmp\
2019-06-20 17:03:17.20 开始进行系统安全更新流程
2019-06-20 17:03:17.21 DESKTOP-FFTFPUP 默认IP值为 169.254.254.254
2019-06-20 17:03:17.21 DESKTOP-FFTFPUP 默认错峰时间为 124
2019-06-20 17:03:17.21 载入 [common] 参数
2019-06-20 17:03:17.21 载入 Protocol 参数
2019-06-20 17:03:17.21 载入 Address 参数
2019-06-20 17:03:17.21 载入 FailureRetry 参数
2019-06-20 17:03:17.21 载入 SourceList 参数
2019-06-20 17:03:17.21 载入 MultiUpdate 参数
2019-06-20 17:03:17.21 载入 LogReport 参数
2019-06-20 17:03:17.21 载入 CheckDigitalSignature 参数
2019-06-20 17:03:17.21 载入 HistoryUpdate 参数
2019-06-20 17:03:17.21 载入 Deadline 参数
2019-06-20 17:03:17.21 载入 NicOrder 参数
2019-06-20 17:03:17.21 载入 [tfp] 参数
2019-06-20 17:03:17.21 载入 FTPUsername 参数
2019-06-20 17:03:17.21 载入 FTPPassword 参数
2019-06-20 17:03:17.20 使用FTP方式 下载 update.list 至 D:\weihu\McafeeUpdate\tmp\
2019-06-20 17:04:41.29 开始进行系统安全更新流程
2019-06-20 17:04:41.29 DESKTOP-FFTFPUP 默认IP值为 169.254.254.254
2019-06-20 17:04:41.30 DESKTOP-FFTFPUP 默认错峰时间为 98
2019-06-20 17:04:41.30 载入 [common] 参数
2019-06-20 17:04:41.30 载入 Protocol 参数
2019-06-20 17:04:41.30 载入 Address 参数
2019-06-20 17:04:41.30 载入 FailureRetry 参数
2019-06-20 17:04:41.30 载入 SourceList 参数
2019-06-20 17:04:41.30 载入 MultiUpdate 参数
2019-06-20 17:04:41.30 载入 LogReport 参数
2019-06-20 17:04:41.30 载入 CheckDigitalSignature 参数
2019-06-20 17:04:41.30 载入 HistoryUpdate 参数
2019-06-20 17:04:41.30 载入 Deadline 参数
2019-06-20 17:04:41.30 载入 NicOrder 参数
2019-06-20 17:04:41.30 载入 [tfp] 参数
2019-06-20 17:04:41.30 载入 FTPUsername 参数
2019-06-20 17:04:41.30 载入 FTPPassword 参数
2019-06-20 17:04:41.29 使用FTP方式 下载 update.list 至 D:\weihu\McafeeUpdate\tmp\
2019-06-20 17:04:57.79 开始进行系统安全更新流程
2019-06-20 17:04:57.80 DESKTOP-FFTFPUP 默认IP值为 169.254.254.254
2019-06-20 17:04:57.80 DESKTOP-FFTFPUP 默认错峰时间为 150
2019-06-20 17:04:57.81 载入 [common] 参数
2019-06-20 17:04:57.81 载入 Protocol 参数
2019-06-20 17:04:57.81 载入 Address 参数
2019-06-20 17:04:57.81 载入 FailureRetry 参数
2019-06-20 17:04:57.81 载入 SourceList 参数
2019-06-20 17:04:57.81 载入 MultiUpdate 参数
2019-06-20 17:04:57.81 载入 LogReport 参数
2019-06-20 17:04:57.81 载入 CheckDigitalSignature 参数
2019-06-20 17:04:57.81 载入 HistoryUpdate 参数
2019-06-20 17:04:57.81 载入 Deadline 参数
2019-06-20 17:04:57.81 载入 NicOrder 参数
2019-06-20 17:04:57.81 载入 [tfp] 参数
2019-06-20 17:04:57.81 载入 FTPUsername 参数
2019-06-20 17:04:57.81 载入 FTPPassword 参数
2019-06-20 17:04:57.79 使用FTP方式 下载 update.list 至 D:\weihu\McafeeUpdate\tmp\
2019-06-20 17:05:32.72 开始进行系统安全更新流程
2019-06-20 17:05:32.73 DESKTOP-FFTFPUP 默认IP值为 169.254.254.254
2019-06-20 17:05:32.73 DESKTOP-FFTFPUP 默认错峰时间为 265
2019-06-20 17:05:32.74 载入 [common] 参数
2019-06-20 17:05:32.74 载入 Protocol 参数
2019-06-20 17:05:32.74 载入 Address 参数
2019-06-20 17:05:32.74 载入 FailureRetry 参数
2019-06-20 17:05:32.74 载入 SourceList 参数
2019-06-20 17:05:32.74 载入 MultiUpdate 参数
2019-06-20 17:05:32.74 载入 LogReport 参数
2019-06-20 17:05:32.74 载入 CheckDigitalSignature 参数
2019-06-20 17:05:32.74 载入 HistoryUpdate 参数
2019-06-20 17:05:32.74 载入 Deadline 参数
2019-06-20 17:05:32.74 载入 NicOrder 参数
2019-06-20 17:05:32.74 载入 [tfp] 参数
2019-06-20 17:05:32.74 载入 FTPUsername 参数
2019-06-20 17:05:32.74 载入 FTPPassword 参数
2019-06-20 17:05:32.72 使用FTP方式 下载 update.list 至 D:\weihu\McafeeUpdate\tmp\
2019-06-20 17:08:34.01 开始进行系统安全更新流程
2019-06-20 17:08:34.01 DESKTOP-FFTFPUP 默认IP值为 169.254.254.254
2019-06-20 17:08:34.01 DESKTOP-FFTFPUP 默认错峰时间为 256
2019-06-20 17:08:34.02 载入 [common] 参数
2019-06-20 17:08:34.02 载入 Protocol 参数
2019-06-20 17:08:34.02 载入 Address 参数
2019-06-20 17:08:34.02 载入 FailureRetry 参数
2019-06-20 17:08:34.02 载入 SourceList 参数
2019-06-20 17:08:34.02 载入 MultiUpdate 参数
2019-06-20 17:08:34.02 载入 LogReport 参数
2019-06-20 17:08:34.02 载入 CheckDigitalSignature 参数
2019-06-20 17:08:34.02 载入 HistoryUpdate 参数
2019-06-20 17:08:34.02 载入 Deadline 参数
2019-06-20 17:08:34.02 载入 NicOrder 参数
2019-06-20 17:08:34.02 载入 [tfp] 参数
2019-06-20 17:08:34.02 载入 FTPUsername 参数
2019-06-20 17:08:34.02 载入 FTPPassword 参数
2019-06-20 17:08:34.01 使用FTP方式 下载 update.list 至 D:\weihu\McafeeUpdate\tmp\
2019-06-20 17:09:08.69 开始进行系统安全更新流程
2019-06-20 17:09:08.69 DESKTOP-FFTFPUP 默认IP值为 169.254.254.254
2019-06-20 17:09:08.69 DESKTOP-FFTFPUP 默认错峰时间为 70
2019-06-20 17:09:08.69 载入 [common] 参数
2019-06-20 17:09:08.69 载入 Protocol 参数
2019-06-20 17:09:08.69 载入 Address 参数
2019-06-20 17:09:08.69 载入 FailureRetry 参数
2019-06-20 17:09:08.69 载入 SourceList 参数
2019-06-20 17:09:08.69 载入 MultiUpdate 参数
2019-06-20 17:09:08.69 载入 LogReport 参数
2019-06-20 17:09:08.69 载入 CheckDigitalSignature 参数
2019-06-20 17:09:08.69 载入 HistoryUpdate 参数
2019-06-20 17:09:08.69 载入 Deadline 参数
2019-06-20 17:09:08.69 载入 NicOrder 参数
2019-06-20 17:09:08.69 载入 [tfp] 参数
2019-06-20 17:09:08.69 载入 FTPUsername 参数
2019-06-20 17:09:08.69 载入 FTPPassword 参数
2019-06-20 17:09:08.69 使用FTP方式 下载 update.list 至 D:\weihu\McafeeUpdate\tmp\
2019-06-20 17:09:22.58 开始进行系统安全更新流程
2019-06-20 17:09:22.58 DESKTOP-FFTFPUP 默认IP值为 169.254.254.254
2019-06-20 17:09:22.58 DESKTOP-FFTFPUP 默认错峰时间为 116
2019-06-20 17:09:22.59 载入 [common] 参数
2019-06-20 17:09:22.59 载入 Protocol 参数
2019-06-20 17:09:22.59 载入 Address 参数
2019-06-20 17:09:22.59 载入 FailureRetry 参数
2019-06-20 17:09:22.59 载入 SourceList 参数
2019-06-20 17:09:22.59 载入 MultiUpdate 参数
2019-06-20 17:09:22.59 载入 LogReport 参数
2019-06-20 17:09:22.59 载入 CheckDigitalSignature 参数
2019-06-20 17:09:22.59 载入 HistoryUpdate 参数
2019-06-20 17:09:22.59 载入 Deadline 参数
2019-06-20 17:09:22.59 载入 NicOrder 参数
2019-06-20 17:09:22.59 载入 [tfp] 参数
2019-06-20 17:09:22.59 载入 FTPUsername 参数
2019-06-20 17:09:22.59 载入 FTPPassword 参数
2019-06-20 17:09:22.58 使用FTP方式 下载 update.list 至 D:\weihu\McafeeUpdate\tmp\
2019-06-20 17:14:25.47 开始进行系统安全更新流程
2019-06-20 17:14:25.48 DESKTOP-FFTFPUP 默认IP值为 169.254.254.254
2019-06-20 17:14:25.49 DESKTOP-FFTFPUP 默认错峰时间为 205
2019-06-20 17:14:25.49 载入 [common] 参数
2019-06-20 17:14:25.49 载入 Protocol 参数
2019-06-20 17:14:25.49 载入 Address 参数
2019-06-20 17:14:25.49 载入 FailureRetry 参数
2019-06-20 17:14:25.49 载入 SourceList 参数
2019-06-20 17:14:25.49 载入 MultiUpdate 参数
2019-06-20 17:14:25.49 载入 LogReport 参数
2019-06-20 17:14:25.49 载入 CheckDigitalSignature 参数
2019-06-20 17:14:25.49 载入 HistoryUpdate 参数
2019-06-20 17:14:25.49 载入 Deadline 参数
2019-06-20 17:14:25.49 载入 NicOrder 参数
2019-06-20 17:14:25.49 载入 [tfp] 参数
2019-06-20 17:14:25.49 载入 FTPUsername 参数
2019-06-20 17:14:25.49 载入 FTPPassword 参数
2019-06-20 17:14:25.46 使用FTP方式 下载 update.list 至 D:\weihu\McafeeUpdate\tmp\
2019-06-20 17:14:47.40 FTP方式下载 update.list 失败,原因：连接FTP服务器失败
2019-06-20 17:14:47.41 准备上传操作日志。
2019-06-20 17:14:25.46 使用FTP方式 下载 upload 至 /
2019-06-20 17:15:08.62 FTP方式下载 upload 失败,原因：连接FTP服务器失败
2019-06-20 17:14:47.41 操作日志上传完成。
2019-06-20 17:17:23.95 开始进行系统安全更新流程
2019-06-20 17:17:23.95 DESKTOP-FFTFPUP 默认IP值为 169.254.254.254
2019-06-20 17:17:23.96 DESKTOP-FFTFPUP 默认错峰时间为 186
2019-06-20 17:17:23.96 载入 [common] 参数
2019-06-20 17:17:23.96 载入 Protocol 参数
2019-06-20 17:17:23.96 载入 Address 参数
2019-06-20 17:17:23.96 载入 FailureRetry 参数
2019-06-20 17:17:23.96 载入 SourceList 参数
2019-06-20 17:17:23.96 载入 MultiUpdate 参数
2019-06-20 17:17:23.96 载入 LogReport 参数
2019-06-20 17:17:23.96 载入 CheckDigitalSignature 参数
2019-06-20 17:17:23.96 载入 HistoryUpdate 参数
2019-06-20 17:17:23.96 载入 Deadline 参数
2019-06-20 17:17:23.96 载入 NicOrder 参数
2019-06-20 17:17:23.96 载入 [tfp] 参数
2019-06-20 17:17:23.96 载入 FTPUsername 参数
2019-06-20 17:17:23.96 载入 FTPPassword 参数
2019-06-20 17:17:23.95 使用FTP方式 下载 update.list 至 D:\weihu\McafeeUpdate\tmp\
2019-06-20 17:17:45.87 FTP方式下载 update.list 失败,原因：连接FTP服务器失败
2019-06-20 17:17:45.88 准备上传操作日志。
2019-06-20 17:17:23.95 使用FTP方式 下载 upload 至 /
2019-06-20 17:18:07.11 FTP方式下载 upload 失败,原因：连接FTP服务器失败
2019-06-20 17:17:45.89 操作日志上传完成。
2019-06-20 17:19:17.90 开始进行系统安全更新流程
2019-06-20 17:19:17.90 DESKTOP-FFTFPUP 默认IP值为 169.254.254.254
2019-06-20 17:19:17.90 DESKTOP-FFTFPUP 默认错峰时间为 259
2019-06-20 17:19:17.91 载入 [common] 参数
2019-06-20 17:19:17.91 载入 Protocol 参数
2019-06-20 17:19:17.91 载入 Address 参数
2019-06-20 17:19:17.91 载入 FailureRetry 参数
2019-06-20 17:19:17.91 载入 SourceList 参数
2019-06-20 17:19:17.91 载入 MultiUpdate 参数
2019-06-20 17:19:17.91 载入 LogReport 参数
2019-06-20 17:19:17.91 载入 CheckDigitalSignature 参数
2019-06-20 17:19:17.91 载入 HistoryUpdate 参数
2019-06-20 17:19:17.91 载入 Deadline 参数
2019-06-20 17:19:17.91 载入 NicOrder 参数
2019-06-20 17:19:17.91 载入 [tfp] 参数
2019-06-20 17:19:17.91 载入 FTPUsername 参数
2019-06-20 17:19:17.91 载入 FTPPassword 参数
2019-06-20 17:19:17.90 使用FTP方式 下载 update.list 至 D:\weihu\McafeeUpdate\tmp\
2019-06-20 17:19:39.66 FTP方式下载 update.list 失败,原因：连接FTP服务器失败
2019-06-20 17:19:39.67 准备上传操作日志。
2019-06-20 17:19:17.90 使用FTP方式 下载 upload 至 /
2019-06-20 17:20:00.85 FTP方式下载 upload 失败,原因：连接FTP服务器失败
2019-06-20 17:19:39.67 操作日志上传完成。
2019-06-20 17:22:00.72 开始进行系统安全更新流程
2019-06-20 17:22:00.72 DESKTOP-FFTFPUP 默认IP值为 169.254.254.254
2019-06-20 17:22:00.73 DESKTOP-FFTFPUP 默认错峰时间为 191
2019-06-20 17:22:00.73 载入 [common] 参数
2019-06-20 17:22:00.73 载入 Protocol 参数
2019-06-20 17:22:00.73 载入 Address 参数
2019-06-20 17:22:00.73 载入 FailureRetry 参数
2019-06-20 17:22:00.73 载入 SourceList 参数
2019-06-20 17:22:00.73 载入 MultiUpdate 参数
2019-06-20 17:22:00.73 载入 LogReport 参数
2019-06-20 17:22:00.73 载入 CheckDigitalSignature 参数
2019-06-20 17:22:00.73 载入 HistoryUpdate 参数
2019-06-20 17:22:00.73 载入 Deadline 参数
2019-06-20 17:22:00.73 载入 NicOrder 参数
2019-06-20 17:22:00.73 载入 [tfp] 参数
2019-06-20 17:22:00.73 载入 FTPUsername 参数
2019-06-20 17:22:00.73 载入 FTPPassword 参数
2019-06-20 17:22:00.72 使用FTP方式 下载 update.list 至 D:\weihu\McafeeUpdate\tmp\
2019-06-20 17:22:22.49 FTP方式下载 update.list 失败,原因：连接FTP服务器失败
2019-06-20 17:22:22.50 准备上传操作日志。
2019-06-20 17:22:00.72 使用FTP方式 下载 upload 至 /
2019-06-20 17:23:05.91 开始进行系统安全更新流程
2019-06-20 17:23:05.91 DESKTOP-FFTFPUP 默认IP值为 169.254.254.254
2019-06-20 17:23:05.91 DESKTOP-FFTFPUP 默认错峰时间为 103
2019-06-20 17:23:05.92 载入 [common] 参数
2019-06-20 17:23:05.92 载入 Protocol 参数
2019-06-20 17:23:05.92 载入 Address 参数
2019-06-20 17:23:05.92 载入 FailureRetry 参数
2019-06-20 17:23:05.92 载入 SourceList 参数
2019-06-20 17:23:05.92 载入 MultiUpdate 参数
2019-06-20 17:23:05.92 载入 LogReport 参数
2019-06-20 17:23:05.92 载入 CheckDigitalSignature 参数
2019-06-20 17:23:05.92 载入 HistoryUpdate 参数
2019-06-20 17:23:05.92 载入 Deadline 参数
2019-06-20 17:23:05.92 载入 NicOrder 参数
2019-06-20 17:23:05.92 载入 [tfp] 参数
2019-06-20 17:23:05.92 载入 FTPUsername 参数
2019-06-20 17:23:05.92 载入 FTPPassword 参数
2019-06-20 17:23:05.91 使用FTP方式 下载 update.list 至 D:\weihu\McafeeUpdate\tmp\
2019-06-20 17:23:27.68 FTP方式下载 update.list 失败,原因：连接FTP服务器失败
2019-06-20 17:23:27.69 准备上传操作日志。
2019-06-20 17:23:05.91 使用FTP方式 上传 D:\weihu\McafeeUpdate\bin\..\tmp\192.168.5.189.log 至 2019-06-20
2019-06-20 17:23:48.87 FTP方式上传 D:\weihu\McafeeUpdate\bin\..\tmp\192.168.5.189.log 失败,原因：连接FTP服务器失败
2019-06-20 17:23:27.69 操作日志上传完成。
2019-06-20 17:26:13.21 开始进行系统安全更新流程
2019-06-20 17:26:13.21 DESKTOP-FFTFPUP 默认IP值为 169.254.254.254
2019-06-20 17:26:13.21 DESKTOP-FFTFPUP 默认错峰时间为 117
2019-06-20 17:26:13.22 载入 [common] 参数
2019-06-20 17:26:13.22 载入 Protocol 参数
2019-06-20 17:26:13.22 载入 Address 参数
2019-06-20 17:26:13.22 载入 FailureRetry 参数
2019-06-20 17:26:13.22 载入 SourceList 参数
2019-06-20 17:26:13.22 载入 MultiUpdate 参数
2019-06-20 17:26:13.22 载入 LogReport 参数
2019-06-20 17:26:13.22 载入 CheckDigitalSignature 参数
2019-06-20 17:26:13.22 载入 HistoryUpdate 参数
2019-06-20 17:26:13.22 载入 Deadline 参数
2019-06-20 17:26:13.22 载入 NicOrder 参数
2019-06-20 17:26:13.22 载入 [tfp] 参数
2019-06-20 17:26:13.22 载入 FTPUsername 参数
2019-06-20 17:26:13.22 载入 FTPPassword 参数
2019-06-20 17:26:13.21 使用FTP方式 下载 update.list 至 D:\weihu\McafeeUpdate\tmp\
2019-06-20 17:26:34.97 FTP方式下载 update.list 失败,原因：连接FTP服务器失败
2019-06-20 17:26:34.98 准备上传操作日志。
2019-06-20 17:26:13.21 使用FTP方式 上传 D:\weihu\McafeeUpdate\bin\..\tmp\192.168.5.189.log 至 2019-06-20
2019-06-20 17:26:56.16 FTP方式上传 D:\weihu\McafeeUpdate\bin\..\tmp\192.168.5.189.log 失败,原因：连接FTP服务器失败
2019-06-20 17:26:34.98 操作日志上传完成。
2019-06-20 17:29:23.46 开始进行系统安全更新流程
2019-06-20 17:29:23.47 DESKTOP-FFTFPUP 默认IP值为 169.254.254.254
2019-06-20 17:29:23.47 DESKTOP-FFTFPUP 默认错峰时间为 138
2019-06-20 17:29:23.47 载入 [common] 参数
2019-06-20 17:29:23.47 载入 Protocol 参数
2019-06-20 17:29:23.47 载入 Address 参数
2019-06-20 17:29:23.47 载入 FailureRetry 参数
2019-06-20 17:29:23.47 载入 SourceList 参数
2019-06-20 17:29:23.47 载入 MultiUpdate 参数
2019-06-20 17:29:23.47 载入 LogReport 参数
2019-06-20 17:29:23.47 载入 CheckDigitalSignature 参数
2019-06-20 17:29:23.47 载入 HistoryUpdate 参数
2019-06-20 17:29:23.47 载入 Deadline 参数
2019-06-20 17:29:23.47 载入 NicOrder 参数
2019-06-20 17:29:23.47 载入 [tfp] 参数
2019-06-20 17:29:23.47 载入 FTPUsername 参数
2019-06-20 17:29:23.47 载入 FTPPassword 参数
2019-06-20 17:29:23.46 使用FTP方式 下载 update.list 至 D:\weihu\McafeeUpdate\tmp\
2019-06-20 17:29:24.21 FTP方式下载 update.list 完成
2019-06-20 17:29:23.46 开始对 D:\weihu\McafeeUpdate\history\2019-06-20\update.list 进行文件哈希值校验。
2019-06-20 17:29:23.46 开始对 D:\weihu\McafeeUpdate\tmp\last.update 进行文件哈希值校验。
2019-06-20 17:29:23.46 当前更新源 Hash： f8e84b811064f8e767990c6931b81f2be39ec5f0 上一次更新源 Hash:  f8e84b811064f8e767990c6931b81f2be39ec5f0
2019-06-20 17:29:24.40 本机错峰时间: 2646 秒
2019-06-20 17:29:24.40 本次更新与上次更新一致，不予更新。
2019-06-20 17:32:52.99 开始进行系统安全更新流程
2019-06-20 17:32:52.99 DESKTOP-FFTFPUP 默认IP值为 169.254.254.254
2019-06-20 17:32:52.99 DESKTOP-FFTFPUP 默认错峰时间为 220
2019-06-20 17:32:53.00 载入 [common] 参数
2019-06-20 17:32:53.00 载入 Protocol 参数
2019-06-20 17:32:53.00 载入 Address 参数
2019-06-20 17:32:53.00 载入 FailureRetry 参数
2019-06-20 17:32:53.00 载入 SourceList 参数
2019-06-20 17:32:53.00 载入 MultiUpdate 参数
2019-06-20 17:32:53.00 载入 LogReport 参数
2019-06-20 17:32:53.00 载入 CheckDigitalSignature 参数
2019-06-20 17:32:53.00 载入 HistoryUpdate 参数
2019-06-20 17:32:53.00 载入 Deadline 参数
2019-06-20 17:32:53.00 载入 NicOrder 参数
2019-06-20 17:32:53.00 载入 [tfp] 参数
2019-06-20 17:32:53.00 载入 FTPUsername 参数
2019-06-20 17:32:53.00 载入 FTPPassword 参数
2019-06-20 17:32:52.99 使用FTP方式 下载 update.list 至 D:\weihu\McafeeUpdate\tmp\
2019-06-20 17:32:53.75 FTP方式下载 update.list 完成
2019-06-20 17:32:52.99 开始对 D:\weihu\McafeeUpdate\history\2019-06-20\update.list 进行文件哈希值校验。
2019-06-20 17:32:52.99 开始对 D:\weihu\McafeeUpdate\tmp\last.update 进行文件哈希值校验。
2019-06-20 17:32:52.99 当前更新源 Hash： f8e84b811064f8e767990c6931b81f2be39ec5f0 上一次更新源 Hash:  f8e84b811064f8e767990c6931b81f2be39ec5f0
2019-06-20 17:32:53.94 本机错峰时间: 2646 秒
2019-06-20 17:32:53.94 本次更新与上次更新一致，不予更新。
2019-06-20 17:36:37.04 开始进行系统安全更新流程
2019-06-20 17:36:37.04 DESKTOP-FFTFPUP 默认IP值为 169.254.254.254
2019-06-20 17:36:37.05 DESKTOP-FFTFPUP 默认错峰时间为 55
2019-06-20 17:36:37.05 载入 [common] 参数
2019-06-20 17:36:37.05 载入 Protocol 参数
2019-06-20 17:36:37.05 载入 Address 参数
2019-06-20 17:36:37.05 载入 FailureRetry 参数
2019-06-20 17:36:37.05 载入 SourceList 参数
2019-06-20 17:36:37.05 载入 MultiUpdate 参数
2019-06-20 17:36:37.05 载入 LogReport 参数
2019-06-20 17:36:37.05 载入 CheckDigitalSignature 参数
2019-06-20 17:36:37.05 载入 HistoryUpdate 参数
2019-06-20 17:36:37.05 载入 Deadline 参数
2019-06-20 17:36:37.05 载入 NicOrder 参数
2019-06-20 17:36:37.05 载入 [tfp] 参数
2019-06-20 17:36:37.05 载入 FTPUsername 参数
2019-06-20 17:36:37.05 载入 FTPPassword 参数
2019-06-20 17:36:37.04 使用FTP方式 下载 update.list 至 D:\weihu\McafeeUpdate\tmp\
2019-06-20 17:36:37.78 FTP方式下载 update.list 完成
2019-06-20 17:36:37.04 开始对 D:\weihu\McafeeUpdate\history\2019-06-20\update.list 进行文件哈希值校验。
2019-06-20 17:36:37.04 开始对 D:\weihu\McafeeUpdate\tmp\last.update 进行文件哈希值校验。
2019-06-20 17:36:37.04 当前更新源 Hash： f8e84b811064f8e767990c6931b81f2be39ec5f0 上一次更新源 Hash:  f8e84b811064f8e767990c6931b81f2be39ec5f0
2019-06-20 17:36:37.97 本机错峰时间: 2646 秒
2019-06-20 17:36:37.97 本次更新与上次更新一致，不予更新。
2019-06-20 17:48:34.22 开始进行系统安全更新流程
2019-06-20 17:48:34.22 DESKTOP-FFTFPUP 默认IP值为 169.254.254.254
2019-06-20 17:48:34.22 DESKTOP-FFTFPUP 默认错峰时间为 296
2019-06-20 17:48:34.23 载入 [common] 参数
2019-06-20 17:48:34.23 载入 Protocol 参数
2019-06-20 17:48:34.23 载入 Address 参数
2019-06-20 17:48:34.23 载入 FailureRetry 参数
2019-06-20 17:48:34.23 载入 SourceList 参数
2019-06-20 17:48:34.23 载入 MultiUpdate 参数
2019-06-20 17:48:34.23 载入 LogReport 参数
2019-06-20 17:48:34.23 载入 CheckDigitalSignature 参数
2019-06-20 17:48:34.23 载入 HistoryUpdate 参数
2019-06-20 17:48:34.23 载入 Deadline 参数
2019-06-20 17:48:34.23 载入 NicOrder 参数
2019-06-20 17:48:34.23 载入 [tfp] 参数
2019-06-20 17:48:34.23 载入 FTPUsername 参数
2019-06-20 17:48:34.23 载入 FTPPassword 参数
2019-06-20 17:48:34.22 使用FTP方式 下载 update.list 至 D:\weihu\McafeeUpdate\tmp\
2019-06-20 17:48:34.99 FTP方式下载 update.list 完成
2019-06-20 17:48:34.22 开始对 D:\weihu\McafeeUpdate\history\2019-06-20\update.list 进行文件哈希值校验。
2019-06-20 17:48:34.22 开始对 D:\weihu\McafeeUpdate\tmp\last.update 进行文件哈希值校验。
2019-06-20 17:48:34.22 当前更新源 Hash： f8e84b811064f8e767990c6931b81f2be39ec5f0 上一次更新源 Hash:  f8e84b811064f8e767990c6931b81f2be39ec5f0
2019-06-20 17:48:35.19 本机错峰时间: 2646 秒
2019-06-20 17:48:35.19 本次更新与上次更新一致，不予更新。
2019-06-20 17:50:26.86 开始进行系统安全更新流程
2019-06-20 17:50:26.87 DESKTOP-FFTFPUP 默认IP值为 169.254.254.254
2019-06-20 17:50:26.87 DESKTOP-FFTFPUP 默认错峰时间为 62
2019-06-20 17:50:26.88 载入 [common] 参数
2019-06-20 17:50:26.88 载入 Protocol 参数
2019-06-20 17:50:26.88 载入 Address 参数
2019-06-20 17:50:26.88 载入 FailureRetry 参数
2019-06-20 17:50:26.88 载入 SourceList 参数
2019-06-20 17:50:26.88 载入 MultiUpdate 参数
2019-06-20 17:50:26.88 载入 LogReport 参数
2019-06-20 17:50:26.88 载入 CheckDigitalSignature 参数
2019-06-20 17:50:26.88 载入 HistoryUpdate 参数
2019-06-20 17:50:26.88 载入 Deadline 参数
2019-06-20 17:50:26.88 载入 NicOrder 参数
2019-06-20 17:50:26.88 载入 [tfp] 参数
2019-06-20 17:50:26.88 载入 FTPUsername 参数
2019-06-20 17:50:26.88 载入 FTPPassword 参数
2019-06-20 17:50:26.86 使用FTP方式 下载 update.list 至 D:\weihu\McafeeUpdate\tmp\
2019-06-20 17:50:27.79 FTP方式下载 update.list 完成
2019-06-20 17:50:26.86 开始对 D:\weihu\McafeeUpdate\history\2019-06-20\update.list 进行文件哈希值校验。
2019-06-20 17:50:26.86 开始对 D:\weihu\McafeeUpdate\tmp\last.update 进行文件哈希值校验。
2019-06-20 17:50:26.86 当前更新源 Hash： f8e84b811064f8e767990c6931b81f2be39ec5f0 上一次更新源 Hash:  f8e84b811064f8e767990c6931b81f2be39ec5f0
2019-06-20 17:50:27.98 本机错峰时间: 2646 秒
2019-06-20 17:50:27.98 本次更新与上次更新一致，不予更新。
2019-06-20 17:51:54.60 开始进行系统安全更新流程
2019-06-20 17:51:54.60 DESKTOP-FFTFPUP 默认IP值为 169.254.254.254
2019-06-20 17:51:54.61 DESKTOP-FFTFPUP 默认错峰时间为 50
2019-06-20 17:51:54.61 载入 [common] 参数
2019-06-20 17:51:54.61 载入 Protocol 参数
2019-06-20 17:51:54.61 载入 Address 参数
2019-06-20 17:51:54.61 载入 FailureRetry 参数
2019-06-20 17:51:54.61 载入 SourceList 参数
2019-06-20 17:51:54.61 载入 MultiUpdate 参数
2019-06-20 17:51:54.61 载入 LogReport 参数
2019-06-20 17:51:54.61 载入 CheckDigitalSignature 参数
2019-06-20 17:51:54.61 载入 HistoryUpdate 参数
2019-06-20 17:51:54.61 载入 Deadline 参数
2019-06-20 17:51:54.61 载入 NicOrder 参数
2019-06-20 17:51:54.61 载入 [tfp] 参数
2019-06-20 17:51:54.61 载入 FTPUsername 参数
2019-06-20 17:51:54.61 载入 FTPPassword 参数
2019-06-20 17:51:54.59 使用FTP方式 下载 update.list 至 D:\weihu\McafeeUpdate\tmp\
2019-06-20 17:51:55.53 FTP方式下载 update.list 完成
2019-06-20 17:51:54.59 开始对 D:\weihu\McafeeUpdate\history\2019-06-20\update.list 进行文件哈希值校验。
2019-06-20 17:51:54.59 开始对 D:\weihu\McafeeUpdate\tmp\last.update 进行文件哈希值校验。
2019-06-20 17:51:54.59 当前更新源 Hash：  上一次更新源 Hash:
2019-06-20 17:51:55.74 本机错峰时间: 2646 秒
2019-06-20 17:51:55.74 本次更新与上次更新一致，不予更新。
2019-06-20 17:53:17.44 开始进行系统安全更新流程
2019-06-20 17:53:17.45 DESKTOP-FFTFPUP 默认IP值为 169.254.254.254
2019-06-20 17:53:17.45 DESKTOP-FFTFPUP 默认错峰时间为 21
2019-06-20 17:53:17.46 载入 [common] 参数
2019-06-20 17:53:17.46 载入 Protocol 参数
2019-06-20 17:53:17.46 载入 Address 参数
2019-06-20 17:53:17.46 载入 FailureRetry 参数
2019-06-20 17:53:17.46 载入 SourceList 参数
2019-06-20 17:53:17.46 载入 MultiUpdate 参数
2019-06-20 17:53:17.46 载入 LogReport 参数
2019-06-20 17:53:17.46 载入 CheckDigitalSignature 参数
2019-06-20 17:53:17.46 载入 HistoryUpdate 参数
2019-06-20 17:53:17.46 载入 Deadline 参数
2019-06-20 17:53:17.46 载入 NicOrder 参数
2019-06-20 17:53:17.46 载入 [tfp] 参数
2019-06-20 17:53:17.46 载入 FTPUsername 参数
2019-06-20 17:53:17.46 载入 FTPPassword 参数
2019-06-20 17:53:17.44 使用FTP方式 下载 update.list 至 D:\weihu\McafeeUpdate\tmp\
2019-06-20 17:53:18.37 FTP方式下载 update.list 完成
2019-06-20 17:53:17.44 开始对 D:\weihu\McafeeUpdate\history\2019-06-20\update.list 进行文件哈希值校验。
2019-06-20 17:53:17.44 开始对 D:\weihu\McafeeUpdate\tmp\last.update 进行文件哈希值校验。
2019-06-20 17:53:17.44 当前更新源 Hash：  上一次更新源 Hash:
2019-06-20 17:53:18.56 本机错峰时间: 2646 秒
2019-06-20 17:53:18.56 本次更新与上次更新一致，不予更新。
2019-06-20 17:55:08.84 开始进行系统安全更新流程 
2019-06-20 17:55:08.84 DESKTOP-FFTFPUP 默认IP值为 169.254.254.254 
2019-06-20 17:55:08.85 DESKTOP-FFTFPUP 默认错峰时间为 83 
2019-06-20 17:55:08.85 载入 [common] 参数 
2019-06-20 17:55:08.85 载入 Protocol 参数 
2019-06-20 17:55:08.85 载入 Address 参数 
2019-06-20 17:55:08.85 载入 FailureRetry 参数 
2019-06-20 17:55:08.85 载入 SourceList 参数 
2019-06-20 17:55:08.85 载入 MultiUpdate 参数 
2019-06-20 17:55:08.85 载入 LogReport 参数 
2019-06-20 17:55:08.85 载入 CheckDigitalSignature 参数 
2019-06-20 17:55:08.85 载入 HistoryUpdate 参数 
2019-06-20 17:55:08.85 载入 Deadline 参数 
2019-06-20 17:55:08.85 载入 NicOrder 参数 
2019-06-20 17:55:08.85 载入 [tfp] 参数 
2019-06-20 17:55:08.85 载入 FTPUsername 参数 
2019-06-20 17:55:08.85 载入 FTPPassword 参数 
2019-06-20 17:55:08.84 使用FTP方式 下载 update.list 至 D:\weihu\McafeeUpdate\tmp\ 
2019-06-20 17:55:09.77 FTP方式下载 update.list 完成 
2019-06-20 17:55:08.84 开始对 D:\weihu\McafeeUpdate\history\2019-06-20\update.list 进行文件哈希值校验。 
2019-06-20 17:55:08.84 开始对 D:\weihu\McafeeUpdate\tmp\last.update 进行文件哈希值校验。 
2019-06-20 17:55:08.84 当前更新源 Hash：  上一次更新源 Hash:   
2019-06-20 17:55:09.98 本机错峰时间: 2646 秒 
2019-06-20 17:55:09.98 本次更新与上次更新一致，不予更新。 
2019-06-20 17:56:40.04 开始进行系统安全更新流程 
2019-06-20 17:56:40.05 DESKTOP-FFTFPUP 默认IP值为 169.254.254.254 
2019-06-20 17:56:40.05 DESKTOP-FFTFPUP 默认错峰时间为 80 
2019-06-20 17:56:40.06 载入 [common] 参数 
2019-06-20 17:56:40.06 载入 Protocol 参数 
2019-06-20 17:56:40.06 载入 Address 参数 
2019-06-20 17:56:40.06 载入 FailureRetry 参数 
2019-06-20 17:56:40.06 载入 SourceList 参数 
2019-06-20 17:56:40.06 载入 MultiUpdate 参数 
2019-06-20 17:56:40.06 载入 LogReport 参数 
2019-06-20 17:56:40.06 载入 CheckDigitalSignature 参数 
2019-06-20 17:56:40.06 载入 HistoryUpdate 参数 
2019-06-20 17:56:40.06 载入 Deadline 参数 
2019-06-20 17:56:40.06 载入 NicOrder 参数 
2019-06-20 17:56:40.06 载入 [tfp] 参数 
2019-06-20 17:56:40.06 载入 FTPUsername 参数 
2019-06-20 17:56:40.06 载入 FTPPassword 参数 
2019-06-20 17:56:40.04 使用FTP方式 下载 update.list 至 D:\weihu\McafeeUpdate\tmp\ 
2019-06-20 17:56:40.98 FTP方式下载 update.list 完成 
2019-06-20 17:56:40.04 开始对 D:\weihu\McafeeUpdate\history\2019-06-20\update.list 进行文件哈希值校验。 
2019-06-20 17:56:40.04 开始对 D:\weihu\McafeeUpdate\tmp\last.update 进行文件哈希值校验。 
2019-06-20 17:56:40.04 当前更新源 Hash： f8e84b811064f8e767990c6931b81f2be39ec5f0 上一次更新源 Hash:  f8e84b811064f8e767990c6931b81f2be39ec5f0 
2019-06-20 17:56:41.18 本机错峰时间: 2646 秒 
2019-06-20 17:56:41.18 本次更新与上次更新一致，不予更新。 
2019-06-20 18:15:26.19 开始进行系统安全更新流程 
2019-06-20 18:15:26.20 DESKTOP-FFTFPUP 默认IP值为 169.254.254.254 
2019-06-20 18:15:26.20 DESKTOP-FFTFPUP 默认错峰时间为 93 
2019-06-20 18:15:26.21 载入 [common] 参数 
2019-06-20 18:15:26.21 载入 Protocol 参数 
2019-06-20 18:15:26.21 载入 Address 参数 
2019-06-20 18:15:26.21 载入 FailureRetry 参数 
2019-06-20 18:15:26.21 载入 SourceList 参数 
2019-06-20 18:15:26.21 载入 MultiUpdate 参数 
2019-06-20 18:15:26.21 载入 LogReport 参数 
2019-06-20 18:15:26.21 载入 CheckDigitalSignature 参数 
2019-06-20 18:15:26.21 载入 HistoryUpdate 参数 
2019-06-20 18:15:26.21 载入 Deadline 参数 
2019-06-20 18:15:26.21 载入 NicOrder 参数 
2019-06-20 18:15:26.21 载入 [tfp] 参数 
2019-06-20 18:15:26.21 载入 FTPUsername 参数 
2019-06-20 18:15:26.21 载入 FTPPassword 参数 
2019-06-20 18:15:26.19 使用FTP方式 下载 update.list 至 D:\weihu\McafeeUpdate\tmp\ 
2019-06-20 18:15:27.15 FTP方式下载 update.list 完成 
2019-06-20 18:15:26.19 开始对 D:\weihu\McafeeUpdate\history\2019-06-20\update.list 进行文件哈希值校验。 
2019-06-20 18:15:26.19 开始对 D:\weihu\McafeeUpdate\tmp\last.update 进行文件哈希值校验。 
2019-06-20 18:15:26.19 当前更新源 Hash：  上一次更新源 Hash:   
2019-06-20 18:15:27.36 本机错峰时间: 2646 秒 
2019-06-20 18:15:27.36 本次更新与上次更新一致，不予更新。 
2019-06-20 18:19:07.48 开始进行系统安全更新流程 
2019-06-20 18:19:07.49 DESKTOP-FFTFPUP 默认IP值为 169.254.254.254 
2019-06-20 18:19:07.49 DESKTOP-FFTFPUP 默认错峰时间为 214 
2019-06-20 18:19:07.50 载入 [common] 参数 
2019-06-20 18:19:07.50 载入 Protocol 参数 
2019-06-20 18:19:07.50 载入 Address 参数 
2019-06-20 18:19:07.50 载入 FailureRetry 参数 
2019-06-20 18:19:07.50 载入 SourceList 参数 
2019-06-20 18:19:07.50 载入 MultiUpdate 参数 
2019-06-20 18:19:07.50 载入 LogReport 参数 
2019-06-20 18:19:07.50 载入 CheckDigitalSignature 参数 
2019-06-20 18:19:07.50 载入 HistoryUpdate 参数 
2019-06-20 18:19:07.50 载入 Deadline 参数 
2019-06-20 18:19:07.50 载入 NicOrder 参数 
2019-06-20 18:19:07.50 载入 [tfp] 参数 
2019-06-20 18:19:07.50 载入 FTPUsername 参数 
2019-06-20 18:19:07.50 载入 FTPPassword 参数 
2019-06-20 18:19:07.48 使用FTP方式 下载 update.list 至 D:\weihu\McafeeUpdate\tmp\ 
2019-06-20 18:19:08.43 FTP方式下载 update.list 完成 
2019-06-20 18:19:07.48 开始对 D:\weihu\McafeeUpdate\history\2019-06-20\update.list 进行文件哈希值校验。 
2019-06-20 18:19:07.48 文件 D:\weihu\McafeeUpdate\history\2019-06-20\update.list 的HASH值为:f8e84b811064f8e767990c6931b81f2be39ec5f0 
2019-06-20 18:19:07.48 开始对 D:\weihu\McafeeUpdate\tmp\last.update 进行文件哈希值校验。 
2019-06-20 18:19:07.48 文件 D:\weihu\McafeeUpdate\tmp\last.update 的HASH值为:f8e84b811064f8e767990c6931b81f2be39ec5f0 
2019-06-20 18:19:07.48 当前更新源 Hash： f8e84b811064f8e767990c6931b81f2be39ec5f0 上一次更新源 Hash:  f8e84b811064f8e767990c6931b81f2be39ec5f0 
2019-06-20 18:19:08.64 本机错峰时间: 2646 秒 
2019-06-20 18:19:08.64 本次更新与上次更新一致，不予更新。 
2019-06-20 18:20:02.99 开始进行系统安全更新流程 
2019-06-20 18:20:02.99 DESKTOP-FFTFPUP 默认IP值为 169.254.254.254 
2019-06-20 18:20:03.00 DESKTOP-FFTFPUP 默认错峰时间为 94 
2019-06-20 18:20:03.00 载入 [common] 参数 
2019-06-20 18:20:03.00 载入 Protocol 参数 
2019-06-20 18:20:03.00 载入 Address 参数 
2019-06-20 18:20:03.00 载入 FailureRetry 参数 
2019-06-20 18:20:03.00 载入 SourceList 参数 
2019-06-20 18:20:03.00 载入 MultiUpdate 参数 
2019-06-20 18:20:03.00 载入 LogReport 参数 
2019-06-20 18:20:03.00 载入 CheckDigitalSignature 参数 
2019-06-20 18:20:03.00 载入 HistoryUpdate 参数 
2019-06-20 18:20:03.00 载入 Deadline 参数 
2019-06-20 18:20:03.00 载入 NicOrder 参数 
2019-06-20 18:20:03.00 载入 [tfp] 参数 
2019-06-20 18:20:03.00 载入 FTPUsername 参数 
2019-06-20 18:20:03.00 载入 FTPPassword 参数 
2019-06-20 18:20:02.99 使用FTP方式 下载 update.list 至 D:\weihu\McafeeUpdate\tmp\ 
2019-06-20 18:20:03.94 FTP方式下载 update.list 完成 
2019-06-20 18:20:02.99 开始对 D:\weihu\McafeeUpdate\history\2019-06-20\update.list 进行文件哈希值校验。 
2019-06-20 18:20:02.99 文件 update.list 的HASH值为:f8e84b811064f8e767990c6931b81f2be39ec5f0 
2019-06-20 18:20:02.99 开始对 D:\weihu\McafeeUpdate\tmp\last.update 进行文件哈希值校验。 
2019-06-20 18:20:02.99 文件 last.update 的HASH值为:f8e84b811064f8e767990c6931b81f2be39ec5f0 
2019-06-20 18:20:02.99 当前更新源 Hash： f8e84b811064f8e767990c6931b81f2be39ec5f0 上一次更新源 Hash:  f8e84b811064f8e767990c6931b81f2be39ec5f0 
2019-06-20 18:20:04.13 本机错峰时间: 2646 秒 
2019-06-20 18:20:04.13 本次更新与上次更新一致，不予更新。 
2019-06-20 18:27:05.44 开始进行系统安全更新流程 
2019-06-20 18:27:05.45 DESKTOP-FFTFPUP 默认IP值为 169.254.254.254 
2019-06-20 18:27:05.45 DESKTOP-FFTFPUP 默认错峰时间为 275 
2019-06-20 18:27:05.46 载入 [common] 参数 
2019-06-20 18:27:05.46 载入 Protocol 参数 
2019-06-20 18:27:05.46 载入 Address 参数 
2019-06-20 18:27:05.46 载入 FailureRetry 参数 
2019-06-20 18:27:05.46 载入 SourceList 参数 
2019-06-20 18:27:05.46 载入 MultiUpdate 参数 
2019-06-20 18:27:05.46 载入 LogReport 参数 
2019-06-20 18:27:05.46 载入 CheckDigitalSignature 参数 
2019-06-20 18:27:05.46 载入 HistoryUpdate 参数 
2019-06-20 18:27:05.46 载入 Deadline 参数 
2019-06-20 18:27:05.46 载入 NicOrder 参数 
2019-06-20 18:27:05.46 载入 [tfp] 参数 
2019-06-20 18:27:05.46 载入 FTPUsername 参数 
2019-06-20 18:27:05.46 载入 FTPPassword 参数 
2019-06-20 18:27:05.44 使用FTP方式 下载 update.list 至 D:\weihu\McafeeUpdate\tmp\ 
2019-06-20 18:27:06.42 FTP方式下载 update.list 完成 
2019-06-20 18:27:05.44 开始对 D:\weihu\McafeeUpdate\history\2019-06-20\update.list 进行文件哈希值校验。 
2019-06-20 18:27:05.44 文件 update.list 的HASH值为:f8e84b811064f8e767990c6931b81f2be39ec5f0 
2019-06-20 18:27:05.44 开始对 D:\weihu\McafeeUpdate\tmp\last.update 进行文件哈希值校验。 
2019-06-20 18:27:05.44 文件 last.update 的HASH值为:f8e84b811064f8e767990c6931b81f2be39ec5f0 
2019-06-20 18:27:05.44 当前更新源 Hash： f8e84b811064f8e767990c6931b81f2be39ec5f0 上一次更新源 Hash:  f8e84b811064f8e767990c6931b81f2be39ec5f0 
2019-06-20 18:27:06.63 本次更新与上次更新一致，不予更新。 
2019-06-20 18:27:11.17 开始进行系统安全更新流程 
2019-06-20 18:27:11.17 DESKTOP-FFTFPUP 默认IP值为 169.254.254.254 
2019-06-20 18:27:11.18 DESKTOP-FFTFPUP 默认错峰时间为 295 
2019-06-20 18:27:11.18 载入 [common] 参数 
2019-06-20 18:27:11.18 载入 Protocol 参数 
2019-06-20 18:27:11.18 载入 Address 参数 
2019-06-20 18:27:11.18 载入 FailureRetry 参数 
2019-06-20 18:27:11.18 载入 SourceList 参数 
2019-06-20 18:27:11.18 载入 MultiUpdate 参数 
2019-06-20 18:27:11.18 载入 LogReport 参数 
2019-06-20 18:27:11.18 载入 CheckDigitalSignature 参数 
2019-06-20 18:27:11.18 载入 HistoryUpdate 参数 
2019-06-20 18:27:11.18 载入 Deadline 参数 
2019-06-20 18:27:11.18 载入 NicOrder 参数 
2019-06-20 18:27:11.18 载入 [tfp] 参数 
2019-06-20 18:27:11.18 载入 FTPUsername 参数 
2019-06-20 18:27:11.18 载入 FTPPassword 参数 
2019-06-20 18:27:11.16 使用FTP方式 下载 update.list 至 D:\weihu\McafeeUpdate\tmp\ 
2019-06-20 18:27:12.13 FTP方式下载 update.list 完成 
2019-06-20 18:27:11.16 开始对 D:\weihu\McafeeUpdate\history\2019-06-20\update.list 进行文件哈希值校验。 
2019-06-20 18:27:11.16 文件 update.list 的HASH值为:f8e84b811064f8e767990c6931b81f2be39ec5f0 
2019-06-20 18:27:11.16 开始对 D:\weihu\McafeeUpdate\tmp\last.update 进行文件哈希值校验。 
2019-06-20 18:27:11.16 文件 last.update 的HASH值为:f8e84b811064f8e767990c6931b81f2be39ec5f0 
2019-06-20 18:27:11.16 当前更新源 Hash： f8e84b811064f8e767990c6931b81f2be39ec5f0 上一次更新源 Hash:  f8e84b811064f8e767990c6931b81f2be39ec5f0 
2019-06-20 18:27:12.34 本次更新与上次更新一致，不予更新。 
2019-06-20 18:27:13.37 开始进行系统安全更新流程 
2019-06-20 18:27:13.38 DESKTOP-FFTFPUP 默认IP值为 169.254.254.254 
2019-06-20 18:27:13.38 DESKTOP-FFTFPUP 默认错峰时间为 1 
2019-06-20 18:27:13.39 载入 [common] 参数 
2019-06-20 18:27:13.39 载入 Protocol 参数 
2019-06-20 18:27:13.39 载入 Address 参数 
2019-06-20 18:27:13.39 载入 FailureRetry 参数 
2019-06-20 18:27:13.39 载入 SourceList 参数 
2019-06-20 18:27:13.39 载入 MultiUpdate 参数 
2019-06-20 18:27:13.39 载入 LogReport 参数 
2019-06-20 18:27:13.39 载入 CheckDigitalSignature 参数 
2019-06-20 18:27:13.39 载入 HistoryUpdate 参数 
2019-06-20 18:27:13.39 载入 Deadline 参数 
2019-06-20 18:27:13.39 载入 NicOrder 参数 
2019-06-20 18:27:13.39 载入 [tfp] 参数 
2019-06-20 18:27:13.39 载入 FTPUsername 参数 
2019-06-20 18:27:13.39 载入 FTPPassword 参数 
2019-06-20 18:27:13.37 使用FTP方式 下载 update.list 至 D:\weihu\McafeeUpdate\tmp\ 
2019-06-20 18:27:14.35 FTP方式下载 update.list 完成 
2019-06-20 18:27:13.37 开始对 D:\weihu\McafeeUpdate\history\2019-06-20\update.list 进行文件哈希值校验。 
2019-06-20 18:27:13.37 文件 update.list 的HASH值为:f8e84b811064f8e767990c6931b81f2be39ec5f0 
2019-06-20 18:27:13.37 开始对 D:\weihu\McafeeUpdate\tmp\last.update 进行文件哈希值校验。 
2019-06-20 18:27:13.37 文件 last.update 的HASH值为:f8e84b811064f8e767990c6931b81f2be39ec5f0 
2019-06-20 18:27:13.37 当前更新源 Hash： f8e84b811064f8e767990c6931b81f2be39ec5f0 上一次更新源 Hash:  f8e84b811064f8e767990c6931b81f2be39ec5f0 
2019-06-20 18:27:14.55 本次更新与上次更新一致，不予更新。 
2019-06-20 18:39:49.79 开始进行系统安全更新流程 
2019-06-20 18:39:49.80 DESKTOP-FFTFPUP 默认IP值为 169.254.254.254 
2019-06-20 18:39:49.81 DESKTOP-FFTFPUP 默认错峰时间为 70 
2019-06-20 18:39:49.81 载入 [common] 参数 
2019-06-20 18:39:49.81 载入 Protocol 参数 
2019-06-20 18:39:49.81 载入 Address 参数 
2019-06-20 18:39:49.81 载入 FailureRetry 参数 
2019-06-20 18:39:49.81 载入 SourceList 参数 
2019-06-20 18:39:49.81 载入 MultiUpdate 参数 
2019-06-20 18:39:49.81 载入 LogReport 参数 
2019-06-20 18:39:49.81 载入 CheckDigitalSignature 参数 
2019-06-20 18:39:49.81 载入 HistoryUpdate 参数 
2019-06-20 18:39:49.81 载入 Deadline 参数 
2019-06-20 18:39:49.81 载入 NicOrder 参数 
2019-06-20 18:39:49.81 载入 [tfp] 参数 
2019-06-20 18:39:49.81 载入 FTPUsername 参数 
2019-06-20 18:39:49.81 载入 FTPPassword 参数 
2019-06-20 18:39:49.79 使用FTP方式 下载 update.list 至 D:\weihu\McafeeUpdate\tmp\ 
2019-06-20 18:39:50.80 FTP方式下载 update.list 完成 
2019-06-20 18:39:49.79 开始对 D:\weihu\McafeeUpdate\history\2019-06-20\update.list 进行文件哈希值校验。 
2019-06-20 18:39:49.79 文件 update.list 的HASH值为:f8e84b811064f8e767990c6931b81f2be39ec5f0 
2019-06-20 18:39:49.79 开始对 D:\weihu\McafeeUpdate\tmp\last.update 进行文件哈希值校验。 
2019-06-20 18:39:49.79 文件 last.update 的HASH值为:f8e84b811064f8e767990c6931b81f2be39ec5f0 
2019-06-20 18:39:51.00 当前源 Hash： f8e84b811064f8e767990c6931b81f2be39ec5f0 上次源 Hash:  f8e84b811064f8e767990c6931b81f2be39ec5f0 
2019-06-20 18:39:51.00 本次更新与上次更新一致，不予更新。 
2019-06-20 18:39:51.01 准备上传操作日志。 
2019-06-20 18:39:49.79 使用FTP方式 上传 D:\weihu\McafeeUpdate\bin\..\tmp\192.168.5.189.log 至 2019-06-20 
2019-06-20 18:39:51.25 FTP方式上传 D:\weihu\McafeeUpdate\bin\..\tmp\192.168.5.189.log 完成 
2019-06-20 18:40:05.08 开始进行系统安全更新流程 
2019-06-20 18:40:05.08 DESKTOP-FFTFPUP 默认IP值为 169.254.254.254 
2019-06-20 18:40:05.09 DESKTOP-FFTFPUP 默认错峰时间为 122 
2019-06-20 18:40:05.09 载入 [common] 参数 
2019-06-20 18:40:05.09 载入 Protocol 参数 
2019-06-20 18:40:05.09 载入 Address 参数 
2019-06-20 18:40:05.09 载入 FailureRetry 参数 
2019-06-20 18:40:05.09 载入 SourceList 参数 
2019-06-20 18:40:05.09 载入 MultiUpdate 参数 
2019-06-20 18:40:05.09 载入 LogReport 参数 
2019-06-20 18:40:05.09 载入 CheckDigitalSignature 参数 
2019-06-20 18:40:05.09 载入 HistoryUpdate 参数 
2019-06-20 18:40:05.09 载入 Deadline 参数 
2019-06-20 18:40:05.09 载入 NicOrder 参数 
2019-06-20 18:40:05.09 载入 [tfp] 参数 
2019-06-20 18:40:05.09 载入 FTPUsername 参数 
2019-06-20 18:40:05.09 载入 FTPPassword 参数 
2019-06-20 18:40:05.07 使用FTP方式 下载 update.list 至 D:\weihu\McafeeUpdate\tmp\ 
2019-06-20 18:40:06.05 FTP方式下载 update.list 完成 
2019-06-20 18:40:05.07 开始对 D:\weihu\McafeeUpdate\history\2019-06-20\update.list 进行文件哈希值校验。 
2019-06-20 18:40:05.07 文件 update.list 的HASH值为:f8e84b811064f8e767990c6931b81f2be39ec5f0 
2019-06-20 18:40:05.07 开始对 D:\weihu\McafeeUpdate\tmp\last.update 进行文件哈希值校验。 
2019-06-20 18:40:05.07 文件 last.update 的HASH值为:f8e84b811064f8e767990c6931b81f2be39ec5f0 
2019-06-20 18:40:06.24 当前源 Hash： f8e84b811064f8e767990c6931b81f2be39ec5f0 上次源 Hash:  f8e84b811064f8e767990c6931b81f2be39ec5f0 
2019-06-20 18:40:06.25 本次更新与上次更新一致，不予更新。 
2019-06-20 18:40:06.26 准备上传操作日志。 
2019-06-20 18:40:05.07 使用FTP方式 上传 D:\weihu\McafeeUpdate\bin\..\tmp\192.168.5.189.log 至 2019-06-20 
2019-06-20 18:40:06.48 FTP方式上传 D:\weihu\McafeeUpdate\bin\..\tmp\192.168.5.189.log 完成 
2019-06-20 18:44:52.51 开始进行系统安全更新流程 
2019-06-20 18:44:52.51 DESKTOP-FFTFPUP 默认IP值为 169.254.254.254 
2019-06-20 18:44:52.52 DESKTOP-FFTFPUP 默认错峰时间为 160 
2019-06-20 18:44:52.53 载入 [common] 参数 
2019-06-20 18:44:52.53 载入 Protocol 参数 
2019-06-20 18:44:52.53 载入 Address 参数 
2019-06-20 18:44:52.53 载入 FailureRetry 参数 
2019-06-20 18:44:52.53 载入 SourceList 参数 
2019-06-20 18:44:52.53 载入 MultiUpdate 参数 
2019-06-20 18:44:52.53 载入 LogReport 参数 
2019-06-20 18:44:52.53 载入 CheckDigitalSignature 参数 
2019-06-20 18:44:52.53 载入 HistoryUpdate 参数 
2019-06-20 18:44:52.53 载入 Deadline 参数 
2019-06-20 18:44:52.53 载入 NicOrder 参数 
2019-06-20 18:44:52.53 载入 [tfp] 参数 
2019-06-20 18:44:52.53 载入 FTPUsername 参数 
2019-06-20 18:44:52.53 载入 FTPPassword 参数 
2019-06-20 18:44:52.51 使用FTP方式 下载 update.list 至 D:\weihu\McafeeUpdate\tmp\ 
2019-06-20 18:44:53.50 FTP方式下载 update.list 完成 
2019-06-20 18:44:52.51 开始对 D:\weihu\McafeeUpdate\history\2019-06-20\update.list 进行文件哈希值校验。 
2019-06-20 18:44:52.51 文件 update.list 的HASH值为:f8e84b811064f8e767990c6931b81f2be39ec5f0 
2019-06-20 18:44:52.51 开始对 D:\weihu\McafeeUpdate\tmp\last.update 进行文件哈希值校验。 
2019-06-20 18:44:52.51 文件 last.update 的HASH值为:f8e84b811064f8e767990c6931b81f2be39ec5f0 
2019-06-20 18:44:53.69 当前源 Hash： f8e84b811064f8e767990c6931b81f2be39ec5f0 上次源 Hash:  f8e84b811064f8e767990c6931b81f2be39ec5f0 
2019-06-20 18:44:53.69 本次更新与上次更新一致，不予更新。 
2019-06-20 18:44:59.75 开始进行系统安全更新流程 
2019-06-20 18:44:59.75 DESKTOP-FFTFPUP 默认IP值为 169.254.254.254 
2019-06-20 18:44:59.76 DESKTOP-FFTFPUP 默认错峰时间为 182 
2019-06-20 18:44:59.76 载入 [common] 参数 
2019-06-20 18:44:59.76 载入 Protocol 参数 
2019-06-20 18:44:59.76 载入 Address 参数 
2019-06-20 18:44:59.76 载入 FailureRetry 参数 
2019-06-20 18:44:59.76 载入 SourceList 参数 
2019-06-20 18:44:59.76 载入 MultiUpdate 参数 
2019-06-20 18:44:59.76 载入 LogReport 参数 
2019-06-20 18:44:59.76 载入 CheckDigitalSignature 参数 
2019-06-20 18:44:59.76 载入 HistoryUpdate 参数 
2019-06-20 18:44:59.76 载入 Deadline 参数 
2019-06-20 18:44:59.76 载入 NicOrder 参数 
2019-06-20 18:44:59.76 载入 [tfp] 参数 
2019-06-20 18:44:59.76 载入 FTPUsername 参数 
2019-06-20 18:44:59.76 载入 FTPPassword 参数 
2019-06-20 18:44:59.74 使用FTP方式 下载 update.list 至 D:\weihu\McafeeUpdate\tmp\ 
2019-06-20 18:45:00.69 FTP方式下载 update.list 完成 
2019-06-20 18:44:59.74 开始对 D:\weihu\McafeeUpdate\history\2019-06-20\update.list 进行文件哈希值校验。 
2019-06-20 18:44:59.74 文件 update.list 的HASH值为:f8e84b811064f8e767990c6931b81f2be39ec5f0 
2019-06-20 18:44:59.74 开始对 D:\weihu\McafeeUpdate\tmp\last.update 进行文件哈希值校验。 
2019-06-20 18:44:59.74 文件 last.update 的HASH值为:f8e84b811064f8e767990c6931b81f2be39ec5f0 
2019-06-20 18:45:00.88 当前源 Hash： f8e84b811064f8e767990c6931b81f2be39ec5f0 上次源 Hash:  f8e84b811064f8e767990c6931b81f2be39ec5f0 
2019-06-20 18:45:00.88 本次更新与上次更新一致，不予更新。 
2019-06-20 18:46:50.61 开始进行系统安全更新流程 
2019-06-20 18:46:50.62 DESKTOP-FFTFPUP 默认IP值为 169.254.254.254 
2019-06-20 18:46:50.62 DESKTOP-FFTFPUP 默认错峰时间为 245 
2019-06-20 18:46:50.63 载入 [common] 参数 
2019-06-20 18:46:50.63 载入 Protocol 参数 
2019-06-20 18:46:50.63 载入 Address 参数 
2019-06-20 18:46:50.63 载入 FailureRetry 参数 
2019-06-20 18:46:50.63 载入 SourceList 参数 
2019-06-20 18:46:50.63 载入 MultiUpdate 参数 
2019-06-20 18:46:50.63 载入 LogReport 参数 
2019-06-20 18:46:50.63 载入 CheckDigitalSignature 参数 
2019-06-20 18:46:50.63 载入 HistoryUpdate 参数 
2019-06-20 18:46:50.63 载入 Deadline 参数 
2019-06-20 18:46:50.63 载入 NicOrder 参数 
2019-06-20 18:46:50.63 载入 [tfp] 参数 
2019-06-20 18:46:50.63 载入 FTPUsername 参数 
2019-06-20 18:46:50.63 载入 FTPPassword 参数 
2019-06-20 18:46:50.61 使用FTP方式 下载 update.list 至 D:\weihu\McafeeUpdate\tmp\ 
2019-06-20 18:46:51.60 FTP方式下载 update.list 完成 
2019-06-20 18:46:50.61 开始对 D:\weihu\McafeeUpdate\history\2019-06-20\update.list 进行文件哈希值校验。 
2019-06-20 18:46:50.61 文件 update.list 的HASH值为:f8e84b811064f8e767990c6931b81f2be39ec5f0 
2019-06-20 18:46:50.61 开始对 D:\weihu\McafeeUpdate\tmp\last.update 进行文件哈希值校验。 
2019-06-20 18:46:50.61 文件 last.update 的HASH值为:f8e84b811064f8e767990c6931b81f2be39ec5f0 
2019-06-20 18:46:51.80 当前源 Hash： f8e84b811064f8e767990c6931b81f2be39ec5f0 上次源 Hash:  f8e84b811064f8e767990c6931b81f2be39ec5f0 
2019-06-20 18:46:51.80 本次更新与上次更新一致，不予更新。 
2019-06-20 18:47:15.97 开始进行系统安全更新流程 
2019-06-20 18:47:15.98 DESKTOP-FFTFPUP 默认IP值为 169.254.254.254 
2019-06-20 18:47:15.98 DESKTOP-FFTFPUP 默认错峰时间为 26 
2019-06-20 18:47:15.99 载入 [common] 参数 
2019-06-20 18:47:15.99 载入 Protocol 参数 
2019-06-20 18:47:15.99 载入 Address 参数 
2019-06-20 18:47:15.99 载入 FailureRetry 参数 
2019-06-20 18:47:15.99 载入 SourceList 参数 
2019-06-20 18:47:15.99 载入 MultiUpdate 参数 
2019-06-20 18:47:15.99 载入 LogReport 参数 
2019-06-20 18:47:15.99 载入 CheckDigitalSignature 参数 
2019-06-20 18:47:15.99 载入 HistoryUpdate 参数 
2019-06-20 18:47:15.99 载入 Deadline 参数 
2019-06-20 18:47:15.99 载入 NicOrder 参数 
2019-06-20 18:47:15.99 载入 [tfp] 参数 
2019-06-20 18:47:15.99 载入 FTPUsername 参数 
2019-06-20 18:47:15.99 载入 FTPPassword 参数 
2019-06-20 18:47:15.97 使用FTP方式 下载 update.list 至 D:\weihu\McafeeUpdate\tmp\ 
2019-06-20 18:47:16.94 FTP方式下载 update.list 完成 
2019-06-20 18:47:15.97 开始对 D:\weihu\McafeeUpdate\history\2019-06-20\update.list 进行文件哈希值校验。 
2019-06-20 18:47:15.97 文件 update.list 的HASH值为:f8e84b811064f8e767990c6931b81f2be39ec5f0 
2019-06-20 18:47:15.97 开始对 D:\weihu\McafeeUpdate\tmp\last.update 进行文件哈希值校验。 
2019-06-20 18:47:15.97 文件 last.update 的HASH值为:bbc7d24c71a1eb7127a3fb8500533bb533d220bd 
2019-06-20 18:47:17.13 当前源 Hash： f8e84b811064f8e767990c6931b81f2be39ec5f0 上次源 Hash:  bbc7d24c71a1eb7127a3fb8500533bb533d220bd 
2019-06-20 18:47:17.13 本机错峰时间: 2646 秒 
2019-06-20 18:47:17.13 本机错峰等待完成，进行更新下载 
2019-06-20 18:53:01.51 开始进行系统安全更新流程 
2019-06-20 18:53:01.51 DESKTOP-FFTFPUP 默认IP值为 169.254.254.254 
2019-06-20 18:53:01.52 DESKTOP-FFTFPUP 默认错峰时间为 256 
2019-06-20 18:53:01.52 载入 [common] 参数 
2019-06-20 18:53:01.52 载入 Protocol 参数 
2019-06-20 18:53:01.52 载入 Address 参数 
2019-06-20 18:53:01.52 载入 FailureRetry 参数 
2019-06-20 18:53:01.52 载入 SourceList 参数 
2019-06-20 18:53:01.52 载入 MultiUpdate 参数 
2019-06-20 18:53:01.52 载入 LogReport 参数 
2019-06-20 18:53:01.52 载入 CheckDigitalSignature 参数 
2019-06-20 18:53:01.52 载入 HistoryUpdate 参数 
2019-06-20 18:53:01.52 载入 Deadline 参数 
2019-06-20 18:53:01.52 载入 NicOrder 参数 
2019-06-20 18:53:01.52 载入 [tfp] 参数 
2019-06-20 18:53:01.52 载入 FTPUsername 参数 
2019-06-20 18:53:01.52 载入 FTPPassword 参数 
2019-06-20 18:53:01.51 使用FTP方式 下载 update.list 至 D:\weihu\McafeeUpdate\tmp\ 
2019-06-20 18:53:02.45 FTP方式下载 update.list 完成 
2019-06-20 18:53:01.51 开始对 D:\weihu\McafeeUpdate\history\2019-06-20\update.list 进行文件哈希值校验。 
2019-06-20 18:53:01.51 文件 update.list 的HASH值:f8e84b811064f8e767990c6931b81f2be39ec5f0 
2019-06-20 18:53:01.51 开始对 D:\weihu\McafeeUpdate\tmp\last.update 进行文件哈希值校验。 
2019-06-20 18:53:01.51 文件 last.update 的HASH值:bbc7d24c71a1eb7127a3fb8500533bb533d220bd 
2019-06-20 18:53:02.65 当前源 Hash： f8e84b811064f8e767990c6931b81f2be39ec5f0 上次源 Hash:  bbc7d24c71a1eb7127a3fb8500533bb533d220bd 
2019-06-20 18:53:02.65 本机错峰下载等待时间: 2646 秒 
2019-06-20 18:53:02.65 本机错峰下载等待完成，进行更新下载 
2019-06-20 18:53:01.51 使用FTP方式 下载 \20191113012811\9241xdat.exe 至 D:\weihu\McafeeUpdate\history\2019-06-20\ 
2019-06-20 18:53:27.12 FTP方式下载 \20191113012811\9241xdat.exe 完成 
2019-06-20 18:53:01.51 使用FTP方式 下载 \20191113012811\9246xdat.exe 至 D:\weihu\McafeeUpdate\history\2019-06-20\ 
2019-06-20 18:53:37.60 FTP方式下载 \20191113012811\9246xdat.exe 完成 
2019-06-20 18:53:01.51 使用FTP方式 下载 \20191113012811\9248xdat.exe 至 D:\weihu\McafeeUpdate\history\2019-06-20\ 
2019-06-20 18:53:48.13 FTP方式下载 \20191113012811\9248xdat.exe 完成 
2019-06-20 18:53:01.51 使用FTP方式 下载 \20191113012811\9256xdat.exe 至 D:\weihu\McafeeUpdate\history\2019-06-20\ 
2019-06-20 18:53:58.68 FTP方式下载 \20191113012811\9256xdat.exe 完成 
2019-06-20 18:53:58.70 本次更新文件总量为：441M 
2019-06-20 18:53:58.70 进入更新文件校验流程,当前工作目录: D:\weihu\McafeeUpdate\history\2019-06-20 
2019-06-20 18:53:01.51 开始对 D:\weihu\McafeeUpdate\history\2019-06-20\9241xdat.exe 进行文件哈希值校验。 
2019-06-20 18:53:01.51 文件 9241xdat.exe 的HASH值:782d39bac87adc5238fbd6e3a2624df67c58c258 
2019-06-20 18:53:58.70 文件名:9241xdat.exe Hash: 782d39bac87adc5238fbd6e3a2624df67c58c258 Size: 114158088 
2019-06-20 18:53:01.51  更新文件 9241xdat.exe 完整。 
2019-06-20 18:53:01.51 开始对 D:\weihu\McafeeUpdate\history\2019-06-20\9246xdat.exe 进行文件哈希值校验。 
2019-06-20 18:53:01.51 文件 9246xdat.exe 的HASH值:33c8e95aa436f82b753657c6a741fb56872e1044 
2019-06-20 18:53:58.70 文件名:9246xdat.exe Hash: 33c8e95aa436f82b753657c6a741fb56872e1044 Size: 115549152 
2019-06-20 18:53:01.51  更新文件 9246xdat.exe 完整。 
2019-06-20 18:53:01.51 开始对 D:\weihu\McafeeUpdate\history\2019-06-20\9248xdat.exe 进行文件哈希值校验。 
2019-06-20 18:53:01.51 文件 9248xdat.exe 的HASH值:5e25512583ede2e293340d8bfba3f40f97d85ab5 
2019-06-20 18:53:58.70 文件名:9248xdat.exe Hash: 5e25512583ede2e293340d8bfba3f40f97d85ab5 Size: 116280216 
2019-06-20 18:53:01.51  更新文件 9248xdat.exe 完整。 
2019-06-20 18:53:01.51 开始对 D:\weihu\McafeeUpdate\history\2019-06-20\9256xdat.exe 进行文件哈希值校验。 
2019-06-20 18:53:01.51 文件 9256xdat.exe 的HASH值:55df11afbdb24d89159cf231f181bd1de165e695 
2019-06-20 18:53:58.70 文件名:9256xdat.exe Hash: 55df11afbdb24d89159cf231f181bd1de165e695 Size: 116551832 
2019-06-20 18:53:01.51  更新文件 9256xdat.exe 完整。 
2019-06-20 18:53:01.51 更新文件校验完毕，准备进行安装更新 
2019-06-20 18:54:00.60 进入更新文件安装流程,当前工作目录: D:\weihu\McafeeUpdate\history\2019-06-20 
2019-06-20 18:54:00.62 进入更新包安装流程。 
2019-06-20 18:54:37.26 正在从 Stub 文件 D:\weihu\McafeeUpdate\history\2019-06-20\9241xdat.exe 中解压缩 ZIP 文件。 
2019-06-20 18:54:37.26 正在执行自我验证... 
2019-06-20 18:54:37.26 正在从 ZIP 文件中检索文件 NAISCRIP.NSC。 
2019-06-20 18:54:37.26 正在加载和解析脚本文件: C:\Users\Carlos\AppData\Local\Temp\21DB\NAISCRIP.NSC 
2019-06-20 18:54:37.26 正在从 ZIP 文件中检索文件 Globals.nsg。 
2019-06-20 18:54:37.26 正在加载和解析全局文件: Globals.nsg 
2019-06-20 18:54:37.26 正在搜索已安装的所有防病毒产品。 
2019-06-20 18:54:37.26 正在删除...C:\Users\Carlos\AppData\Local\Temp\NAIE819.tmp 
2019-06-20 18:54:37.26 正在删除...C:\Users\Carlos\AppData\Local\Temp\21DB 
2019-06-20 18:54:37.26 更新进程失败。 
2019-06-20 18:54:37.26  病毒库更新:9241xdat.exe 失败，当前计算机未找到符合条件的Mcafee产品。 
2019-06-20 18:54:37.27 进入更新包安装流程。 
2019-06-20 18:54:44.99 正在从 Stub 文件 D:\weihu\McafeeUpdate\history\2019-06-20\9246xdat.exe 中解压缩 ZIP 文件。 
2019-06-20 18:54:44.99 正在执行自我验证... 
2019-06-20 18:54:44.99 正在从 ZIP 文件中检索文件 NAISCRIP.NSC。 
2019-06-20 18:54:44.99 正在加载和解析脚本文件: C:\Users\Carlos\AppData\Local\Temp\21F5\NAISCRIP.NSC 
2019-06-20 18:54:44.99 正在从 ZIP 文件中检索文件 Globals.nsg。 
2019-06-20 18:54:44.99 正在加载和解析全局文件: Globals.nsg 
2019-06-20 18:54:44.99 正在搜索已安装的所有防病毒产品。 
2019-06-20 18:54:44.99 正在删除...C:\Users\Carlos\AppData\Local\Temp\NAIA08.tmp 
2019-06-20 18:54:44.99 正在删除...C:\Users\Carlos\AppData\Local\Temp\21F5 
2019-06-20 18:54:44.99 更新进程失败。 
2019-06-20 18:54:44.99  病毒库更新:9246xdat.exe 失败，当前计算机未找到符合条件的Mcafee产品。 
2019-06-20 18:54:45.00 进入更新包安装流程。 
2019-06-20 18:54:50.25 正在从 Stub 文件 D:\weihu\McafeeUpdate\history\2019-06-20\9248xdat.exe 中解压缩 ZIP 文件。 
2019-06-20 18:54:50.25 正在执行自我验证... 
2019-06-20 18:54:50.25 正在从 ZIP 文件中检索文件 NAISCRIP.NSC。 
2019-06-20 18:54:50.25 正在加载和解析脚本文件: C:\Users\Carlos\AppData\Local\Temp\2208\NAISCRIP.NSC 
2019-06-20 18:54:50.25 正在从 ZIP 文件中检索文件 Globals.nsg。 
2019-06-20 18:54:50.25 正在加载和解析全局文件: Globals.nsg 
2019-06-20 18:54:50.25 正在搜索已安装的所有防病毒产品。 
2019-06-20 18:54:50.25 正在删除...C:\Users\Carlos\AppData\Local\Temp\NAI1E9A.tmp 
2019-06-20 18:54:50.25 正在删除...C:\Users\Carlos\AppData\Local\Temp\2208 
2019-06-20 18:54:50.25 更新进程失败。 
2019-06-20 18:54:50.25  病毒库更新:9248xdat.exe 失败，当前计算机未找到符合条件的Mcafee产品。 
2019-06-20 18:54:50.26 进入更新包安装流程。 
2019-06-20 18:55:00.38 正在从 Stub 文件 D:\weihu\McafeeUpdate\history\2019-06-20\9256xdat.exe 中解压缩 ZIP 文件。 
2019-06-20 18:55:00.38 正在执行自我验证... 
2019-06-20 18:55:00.38 正在从 ZIP 文件中检索文件 NAISCRIP.NSC。 
2019-06-20 18:55:00.38 正在加载和解析脚本文件: C:\Users\Carlos\AppData\Local\Temp\2229\NAISCRIP.NSC 
2019-06-20 18:55:00.38 正在从 ZIP 文件中检索文件 Globals.nsg。 
2019-06-20 18:55:00.38 正在加载和解析全局文件: Globals.nsg 
2019-06-20 18:55:00.38 正在搜索已安装的所有防病毒产品。 
2019-06-20 18:55:00.38 正在删除...C:\Users\Carlos\AppData\Local\Temp\NAI4617.tmp 
2019-06-20 18:55:00.38 正在删除...C:\Users\Carlos\AppData\Local\Temp\2229 
2019-06-20 18:55:00.38 更新进程失败。 
2019-06-20 18:55:00.39  病毒库更新:9256xdat.exe 失败，当前计算机未找到符合条件的Mcafee产品。 
2019-06-20 18:55:00.39 所有更新文件安装已完成 
2019-06-20 18:55:00.39 准备上传操作日志。 
2019-06-20 18:53:01.51 使用FTP方式 上传 D:\weihu\McafeeUpdate\bin\..\tmp\192.168.5.189-Fail.log 至 2019-06-20 
2019-06-20 18:55:00.63 FTP方式上传 D:\weihu\McafeeUpdate\bin\..\tmp\192.168.5.189-Fail.log 完成 
2019-06-20 20:59:11.15 开始进行系统安全更新流程 
2019-06-20 20:59:11.15 WINXP-52POJIE-2 默认IP值为 169.254.254.254 
2019-06-20 20:59:11.17 WINXP-52POJIE-2 默认错峰时间为 9 
2019-06-20 20:59:11.17 载入 [common] 参数 
2019-06-20 20:59:11.17 载入 Protocol 参数 
2019-06-20 20:59:11.17 载入 FailureRetry 参数 
2019-06-20 20:59:11.17 载入 SourceList 参数 
2019-06-20 20:59:11.17 载入 MultiUpdate 参数 
2019-06-20 20:59:11.17 载入 LogReport 参数 
2019-06-20 20:59:11.17 载入 CheckDigitalSignature 参数 
2019-06-20 20:59:11.17 载入 HistoryUpdate 参数 
2019-06-20 20:59:11.17 载入 Deadline 参数 
2019-06-20 20:59:11.17 载入 NicOrder 参数 
2019-06-20 20:59:11.17 载入 [tfp] 参数 
2019-06-20 20:59:11.17 载入 Address 参数 
2019-06-20 20:59:11.17 载入 FTPUsername 参数 
2019-06-20 20:59:11.17 载入 FTPPassword 参数 
2019-06-20 20:59:11.15 使用FTP方式 下载 update.list 至 C:\weihu\McafeeUpdate\tmp\ 
2019-06-20 21:01:37.62 FTP方式下载 update.list 失败,可能网络链接存在问题，请联系开发者进行处理 
2019-06-20 21:01:37.62 准备上传操作日志。 
