2019-06-15 16:30:37.82 使用FTP方式 下载 update.list 至 D:\weihu\McafeeUpdate\tmp\
----FTP传输日志开始---- 
连接到 192.168.3.117。
220 Microsoft FTP Service
200 OPTS UTF8 command successful - UTF8 encoding now ON.
user Mcafee 9rI7431@
331 Password required for Mcafee.
230 User logged in.
bin
200 Type set to I.
get update.list
200 PORT command successful.
125 Data connection already open; Transfer starting.
226 Transfer complete.
ftp: 收到 324 字节，用时 0.04秒 7.20千字节/秒。
bye
221 Goodbye.
----FTP传输日志结束---- 
2019-06-15 16:30:38.64 FTP方式下载 update.list 完成 
2019-06-15 16:30:37.82 开始进行文件哈希值校验流程。 
2019-06-15 16:30:37.82 文件 D:\weihu\McafeeUpdate\history\2019-06-15\update.list 的HASH值为:f8e84b811064f8e767990c6931b81f2be39ec5f0 
2019-06-15 16:30:37.82 开始进行文件哈希值校验流程。 
2019-06-15 16:30:37.82 文件 D:\weihu\McafeeUpdate\tmp\last.update 的HASH值为:44f3959b2bb6152c60d258e2160f3023d9ddd3fd 
2019-06-15 16:30:38.99 本机错峰时间: 253 秒 
2019-06-15 16:30:39.00 本次更新:\20191113012811\9241xdat.exe 错峰等待时间 253 秒 
2019-06-15 16:30:39.00 更新更新:\20191113012811\9241xdat.exe 错峰等待完成,准备执行下载流程 
2019-06-15 16:30:37.82 使用FTP方式 下载 \20191113012811\9241xdat.exe 至 D:\weihu\McafeeUpdate\history\2019-06-15\
----FTP传输日志开始---- 
连接到 192.168.3.117。
220 Microsoft FTP Service
200 OPTS UTF8 command successful - UTF8 encoding now ON.
user Mcafee 9rI7431@
331 Password required for Mcafee.
230 User logged in.
bin
200 Type set to I.
get \20191113012811\9241xdat.exe
200 PORT command successful.
125 Data connection already open; Transfer starting.
226 Transfer complete.
ftp: 收到 114158088 字节，用时 10.40秒 10982.02千字节/秒。
bye
221 Goodbye.
----FTP传输日志结束---- 
2019-06-15 16:30:49.66 FTP方式下载 \20191113012811\9241xdat.exe 完成 
2019-06-15 16:30:39.00 更新：\20191113012811\9241xdat.exe 下载完成。 
2019-06-15 16:30:39.00 本次更新:\20191113012811\9246xdat.exe 错峰等待时间 253 秒 
2019-06-15 16:30:39.00 更新更新:\20191113012811\9246xdat.exe 错峰等待完成,准备执行下载流程 
2019-06-15 16:30:37.82 使用FTP方式 下载 \20191113012811\9246xdat.exe 至 D:\weihu\McafeeUpdate\history\2019-06-15\
----FTP传输日志开始---- 
连接到 192.168.3.117。
220 Microsoft FTP Service
200 OPTS UTF8 command successful - UTF8 encoding now ON.
user Mcafee 9rI7431@
331 Password required for Mcafee.
230 User logged in.
bin
200 Type set to I.
get \20191113012811\9246xdat.exe
200 PORT command successful.
125 Data connection already open; Transfer starting.
226 Transfer complete.
ftp: 收到 115549152 字节，用时 10.24秒 11287.40千字节/秒。
bye
221 Goodbye.
----FTP传输日志结束---- 
2019-06-15 16:31:00.16 FTP方式下载 \20191113012811\9246xdat.exe 完成 
2019-06-15 16:30:39.00 更新：\20191113012811\9246xdat.exe 下载完成。 
2019-06-15 16:30:39.00 本次更新:\20191113012811\9248xdat.exe 错峰等待时间 253 秒 
2019-06-15 16:30:39.00 更新更新:\20191113012811\9248xdat.exe 错峰等待完成,准备执行下载流程 
2019-06-15 16:30:37.82 使用FTP方式 下载 \20191113012811\9248xdat.exe 至 D:\weihu\McafeeUpdate\history\2019-06-15\
----FTP传输日志开始---- 
连接到 192.168.3.117。
220 Microsoft FTP Service
200 OPTS UTF8 command successful - UTF8 encoding now ON.
user Mcafee 9rI7431@
331 Password required for Mcafee.
230 User logged in.
bin
200 Type set to I.
get \20191113012811\9248xdat.exe
200 PORT command successful.
125 Data connection already open; Transfer starting.
226 Transfer complete.
ftp: 收到 116280216 字节，用时 10.60秒 10967.76千字节/秒。
bye
221 Goodbye.
----FTP传输日志结束---- 
2019-06-15 16:31:11.02 FTP方式下载 \20191113012811\9248xdat.exe 完成 
2019-06-15 16:30:39.00 更新：\20191113012811\9248xdat.exe 下载完成。 
2019-06-15 16:30:39.00 本次更新:\20191113012811\9256xdat.exe 错峰等待时间 253 秒 
2019-06-15 16:30:39.00 更新更新:\20191113012811\9256xdat.exe 错峰等待完成,准备执行下载流程 
2019-06-15 16:30:37.82 使用FTP方式 下载 \20191113012811\9256xdat.exe 至 D:\weihu\McafeeUpdate\history\2019-06-15\
----FTP传输日志开始---- 
连接到 192.168.3.117。
220 Microsoft FTP Service
200 OPTS UTF8 command successful - UTF8 encoding now ON.
user Mcafee 9rI7431@
331 Password required for Mcafee.
230 User logged in.
bin
200 Type set to I.
get \20191113012811\9256xdat.exe
200 PORT command successful.
125 Data connection already open; Transfer starting.
226 Transfer complete.
ftp: 收到 116551832 字节，用时 10.06秒 11585.67千字节/秒。
bye
221 Goodbye.
----FTP传输日志结束---- 
2019-06-15 16:31:21.34 FTP方式下载 \20191113012811\9256xdat.exe 完成 
2019-06-15 16:30:39.00 更新：\20191113012811\9256xdat.exe 下载完成。 
2019-06-15 16:31:21.35 本次更新文件总量为：111M 
2019-06-15 16:31:21.36  更新失败，等待网络恢复后再次更新。 
2019-06-15 16:31:21.37 更新文件安装已完成 
2019-06-15 16:30:37.82 本次更新操作已完成。 
2019-06-15 16:38:08.36 使用FTP方式 下载 update.list 至 D:\weihu\McafeeUpdate\tmp\
----FTP传输日志开始---- 
连接到 192.168.3.117。
220 Microsoft FTP Service
200 OPTS UTF8 command successful - UTF8 encoding now ON.
user Mcafee 9rI7431@
331 Password required for Mcafee.
230 User logged in.
bin
200 Type set to I.
get update.list
200 PORT command successful.
125 Data connection already open; Transfer starting.
226 Transfer complete.
ftp: 收到 324 字节，用时 0.04秒 7.71千字节/秒。
bye
221 Goodbye.
----FTP传输日志结束---- 
2019-06-15 16:38:09.09 FTP方式下载 update.list 完成 
2019-06-15 16:38:08.36 开始进行文件哈希值校验流程。 
2019-06-15 16:38:08.36 文件 D:\weihu\McafeeUpdate\history\2019-06-15\update.list 的HASH值为:f8e84b811064f8e767990c6931b81f2be39ec5f0 
2019-06-15 16:38:08.36 开始进行文件哈希值校验流程。 
2019-06-15 16:38:08.36 文件 D:\weihu\McafeeUpdate\tmp\last.update 的HASH值为:44f3959b2bb6152c60d258e2160f3023d9ddd3fd 
2019-06-15 16:38:09.43 本机错峰时间: 253 秒 
2019-06-15 16:38:09.43 本次更新:\20191113012811\9241xdat.exe 错峰等待时间 253 秒 
2019-06-15 16:38:09.43 更新更新:\20191113012811\9241xdat.exe 错峰等待完成,准备执行下载流程 
2019-06-15 16:38:08.36 使用FTP方式 下载 \20191113012811\9241xdat.exe 至 D:\weihu\McafeeUpdate\history\2019-06-15\
----FTP传输日志开始---- 
连接到 192.168.3.117。
220 Microsoft FTP Service
200 OPTS UTF8 command successful - UTF8 encoding now ON.
user Mcafee 9rI7431@
331 Password required for Mcafee.
230 User logged in.
bin
200 Type set to I.
get \20191113012811\9241xdat.exe
200 PORT command successful.
125 Data connection already open; Transfer starting.
226 Transfer complete.
ftp: 收到 114158088 字节，用时 9.85秒 11592.01千字节/秒。
bye
221 Goodbye.
----FTP传输日志结束---- 
2019-06-15 16:38:19.51 FTP方式下载 \20191113012811\9241xdat.exe 完成 
2019-06-15 16:38:09.43 更新：\20191113012811\9241xdat.exe 下载完成。 
2019-06-15 16:38:09.43 本次更新:\20191113012811\9246xdat.exe 错峰等待时间 253 秒 
2019-06-15 16:38:09.43 更新更新:\20191113012811\9246xdat.exe 错峰等待完成,准备执行下载流程 
2019-06-15 16:38:08.36 使用FTP方式 下载 \20191113012811\9246xdat.exe 至 D:\weihu\McafeeUpdate\history\2019-06-15\
----FTP传输日志开始---- 
连接到 192.168.3.117。
220 Microsoft FTP Service
200 OPTS UTF8 command successful - UTF8 encoding now ON.
user Mcafee 9rI7431@
331 Password required for Mcafee.
230 User logged in.
bin
200 Type set to I.
get \20191113012811\9246xdat.exe
200 PORT command successful.
125 Data connection already open; Transfer starting.
226 Transfer complete.
ftp: 收到 115549152 字节，用时 9.97秒 11590.85千字节/秒。
bye
221 Goodbye.
----FTP传输日志结束---- 
2019-06-15 16:38:29.72 FTP方式下载 \20191113012811\9246xdat.exe 完成 
2019-06-15 16:38:09.43 更新：\20191113012811\9246xdat.exe 下载完成。 
2019-06-15 16:38:09.43 本次更新:\20191113012811\9248xdat.exe 错峰等待时间 253 秒 
2019-06-15 16:38:09.43 更新更新:\20191113012811\9248xdat.exe 错峰等待完成,准备执行下载流程 
2019-06-15 16:38:08.36 使用FTP方式 下载 \20191113012811\9248xdat.exe 至 D:\weihu\McafeeUpdate\history\2019-06-15\
----FTP传输日志开始---- 
连接到 192.168.3.117。
220 Microsoft FTP Service
200 OPTS UTF8 command successful - UTF8 encoding now ON.
user Mcafee 9rI7431@
331 Password required for Mcafee.
230 User logged in.
bin
200 Type set to I.
get \20191113012811\9248xdat.exe
200 PORT command successful.
125 Data connection already open; Transfer starting.
226 Transfer complete.
ftp: 收到 116280216 字节，用时 10.03秒 11592.09千字节/秒。
bye
221 Goodbye.
----FTP传输日志结束---- 
2019-06-15 16:38:40.00 FTP方式下载 \20191113012811\9248xdat.exe 完成 
2019-06-15 16:38:09.43 更新：\20191113012811\9248xdat.exe 下载完成。 
2019-06-15 16:38:09.43 本次更新:\20191113012811\9256xdat.exe 错峰等待时间 253 秒 
2019-06-15 16:38:09.43 更新更新:\20191113012811\9256xdat.exe 错峰等待完成,准备执行下载流程 
2019-06-15 16:38:08.36 使用FTP方式 下载 \20191113012811\9256xdat.exe 至 D:\weihu\McafeeUpdate\history\2019-06-15\
----FTP传输日志开始---- 
连接到 192.168.3.117。
220 Microsoft FTP Service
200 OPTS UTF8 command successful - UTF8 encoding now ON.
user Mcafee 9rI7431@
331 Password required for Mcafee.
230 User logged in.
bin
200 Type set to I.
get \20191113012811\9256xdat.exe
200 PORT command successful.
125 Data connection already open; Transfer starting.
226 Transfer complete.
ftp: 收到 116551832 字节，用时 10.05秒 11592.58千字节/秒。
bye
221 Goodbye.
----FTP传输日志结束---- 
2019-06-15 16:38:50.32 FTP方式下载 \20191113012811\9256xdat.exe 完成 
2019-06-15 16:38:09.43 更新：\20191113012811\9256xdat.exe 下载完成。 
2019-06-15 16:38:50.33 本次更新文件总量为：441M 
2019-06-15 16:38:50.35  更新失败，等待网络恢复后再次更新。 
2019-06-15 16:38:50.35 更新文件安装已完成 
2019-06-15 16:38:08.36 本次更新操作已完成。 
2019-06-15 17:06:36.87 使用FTP方式 下载 update.list 至 D:\weihu\McafeeUpdate\tmp\
----FTP传输日志开始---- 
连接到 192.168.3.117。
220 Microsoft FTP Service
200 OPTS UTF8 command successful - UTF8 encoding now ON.
user Mcafee 9rI7431@
331 Password required for Mcafee.
230 User logged in.
bin
200 Type set to I.
get update.list
200 PORT command successful.
125 Data connection already open; Transfer starting.
226 Transfer complete.
ftp: 收到 324 字节，用时 0.04秒 8.10千字节/秒。
bye
221 Goodbye.
----FTP传输日志结束---- 
2019-06-15 17:06:37.63 FTP方式下载 update.list 完成 
2019-06-15 17:06:36.87 开始进行文件哈希值校验流程。 
2019-06-15 17:06:36.87 文件 D:\weihu\McafeeUpdate\history\2019-06-15\update.list 的HASH值为:f8e84b811064f8e767990c6931b81f2be39ec5f0 
2019-06-15 17:06:36.87 开始进行文件哈希值校验流程。 
2019-06-15 17:06:36.87 文件 D:\weihu\McafeeUpdate\tmp\last.update 的HASH值为:44f3959b2bb6152c60d258e2160f3023d9ddd3fd 
2019-06-15 17:06:37.96 本机错峰时间: 253 秒 
2019-06-15 17:06:37.96 本次更新:\20191113012811\9241xdat.exe 错峰等待时间 253 秒 
2019-06-15 17:06:37.96 更新更新:\20191113012811\9241xdat.exe 错峰等待完成,准备执行下载流程 
2019-06-15 17:06:36.87 使用FTP方式 下载 \20191113012811\9241xdat.exe 至 D:\weihu\McafeeUpdate\history\2019-06-15\
----FTP传输日志开始---- 
连接到 192.168.3.117。
220 Microsoft FTP Service
200 OPTS UTF8 command successful - UTF8 encoding now ON.
user Mcafee 9rI7431@
331 Password required for Mcafee.
230 User logged in.
bin
200 Type set to I.
get \20191113012811\9241xdat.exe
200 PORT command successful.
125 Data connection already open; Transfer starting.
226 Transfer complete.
ftp: 收到 114158088 字节，用时 9.85秒 11589.65千字节/秒。
bye
221 Goodbye.
----FTP传输日志结束---- 
2019-06-15 17:06:48.07 FTP方式下载 \20191113012811\9241xdat.exe 完成 
2019-06-15 17:06:37.96 更新：\20191113012811\9241xdat.exe 下载完成。 
2019-06-15 17:06:37.96 本次更新:\20191113012811\9246xdat.exe 错峰等待时间 253 秒 
2019-06-15 17:06:37.96 更新更新:\20191113012811\9246xdat.exe 错峰等待完成,准备执行下载流程 
2019-06-15 17:06:36.87 使用FTP方式 下载 \20191113012811\9246xdat.exe 至 D:\weihu\McafeeUpdate\history\2019-06-15\
----FTP传输日志开始---- 
连接到 192.168.3.117。
220 Microsoft FTP Service
200 OPTS UTF8 command successful - UTF8 encoding now ON.
user Mcafee 9rI7431@
331 Password required for Mcafee.
230 User logged in.
bin
200 Type set to I.
get \20191113012811\9246xdat.exe
200 PORT command successful.
125 Data connection already open; Transfer starting.
226 Transfer complete.
ftp: 收到 115549152 字节，用时 10.02秒 11537.61千字节/秒。
bye
221 Goodbye.
----FTP传输日志结束---- 
2019-06-15 17:06:58.34 FTP方式下载 \20191113012811\9246xdat.exe 完成 
2019-06-15 17:06:37.96 更新：\20191113012811\9246xdat.exe 下载完成。 
2019-06-15 17:06:37.96 本次更新:\20191113012811\9248xdat.exe 错峰等待时间 253 秒 
2019-06-15 17:06:37.96 更新更新:\20191113012811\9248xdat.exe 错峰等待完成,准备执行下载流程 
2019-06-15 17:06:36.87 使用FTP方式 下载 \20191113012811\9248xdat.exe 至 D:\weihu\McafeeUpdate\history\2019-06-15\
----FTP传输日志开始---- 
连接到 192.168.3.117。
220 Microsoft FTP Service
200 OPTS UTF8 command successful - UTF8 encoding now ON.
user Mcafee 9rI7431@
331 Password required for Mcafee.
230 User logged in.
bin
200 Type set to I.
get \20191113012811\9248xdat.exe
200 PORT command successful.
125 Data connection already open; Transfer starting.
226 Transfer complete.
ftp: 收到 116280216 字节，用时 10.04秒 11585.16千字节/秒。
bye
221 Goodbye.
----FTP传输日志结束---- 
2019-06-15 17:08:49.83 FTP方式下载 \20191113012811\9248xdat.exe 完成 
2019-06-15 17:06:37.96 更新：\20191113012811\9248xdat.exe 下载完成。 
2019-06-15 17:06:37.96 本次更新:\20191113012811\9256xdat.exe 错峰等待时间 253 秒 
2019-06-15 17:06:37.96 更新更新:\20191113012811\9256xdat.exe 错峰等待完成,准备执行下载流程 
2019-06-15 17:06:36.87 使用FTP方式 下载 \20191113012811\9256xdat.exe 至 D:\weihu\McafeeUpdate\history\2019-06-15\
----FTP传输日志开始---- 
连接到 192.168.3.117。
220 Microsoft FTP Service
200 OPTS UTF8 command successful - UTF8 encoding now ON.
user Mcafee 9rI7431@
331 Password required for Mcafee.
230 User logged in.
bin
200 Type set to I.
get \20191113012811\9256xdat.exe
200 PORT command successful.
125 Data connection already open; Transfer starting.
226 Transfer complete.
ftp: 收到 116551832 字节，用时 10.10秒 11538.64千字节/秒。
bye
221 Goodbye.
----FTP传输日志结束---- 
2019-06-15 17:09:00.19 FTP方式下载 \20191113012811\9256xdat.exe 完成 
2019-06-15 17:06:37.96 更新：\20191113012811\9256xdat.exe 下载完成。 
2019-06-15 17:09:00.20 本次更新文件总量为：441M 
2019-06-15 17:09:00.22 更新文件安装已完成 
2019-06-15 17:06:36.87 本次更新操作已完成。 
