2019-05-05 23:37:18.33 本机错峰时间 1550 秒 
2019-05-05 23:37:18.42 本机错峰时间 1550 秒 
2019-05-05 23:41:07.57 本机错峰时间 75 秒 
2019-05-05 23:41:07.65 本机错峰时间 75 秒 
2019-05-05 23:43:07.71 本机错峰时间: 1550 秒 
2019-05-05 23:43:07.78 本机错峰时间: 1550 秒 
2019-05-05 23:44:19.06 本机错峰时间: 1550 秒 
2019-05-05 23:44:19.13 本机错峰时间: 1550 秒 
2019-05-05 23:44:20.45 本机错峰时间: 1550 秒 
2019-05-05 23:44:20.52 本机错峰时间: 1550 秒 
2019-05-05 23:44:21.42 本机错峰时间: 1550 秒 
2019-05-05 23:44:21.49 本机错峰时间: 1550 秒 
2019-05-05 23:44:22.23 本机错峰时间: 1550 秒 
2019-05-05 23:44:22.32 本机错峰时间: 1550 秒 
2019-05-05 23:44:22.86 本机错峰时间: 1550 秒 
2019-05-05 23:44:22.93 本机错峰时间: 1550 秒 
2019-05-05 23:44:23.32 本机错峰时间: 1550 秒 
2019-05-05 23:44:23.39 本机错峰时间: 1550 秒 
2019-05-05 23:44:23.80 本机错峰时间: 1550 秒 
2019-05-05 23:44:23.87 本机错峰时间: 1550 秒 
2019-05-05 23:44:26.86 本机错峰时间: 1550 秒 
2019-05-05 23:44:26.93 本机错峰时间: 1550 秒 
2019-05-05 23:44:27.76 本机错峰时间: 1550 秒 
2019-05-05 23:44:27.83 本机错峰时间: 1550 秒 
2019-05-05 23:44:28.68 本机错峰时间: 1550 秒 
2019-05-05 23:44:28.75 本机错峰时间: 1550 秒 
2019-05-05 23:44:29.55 本机错峰时间: 1550 秒 
2019-05-05 23:44:29.64 本机错峰时间: 1550 秒 
2019-05-05 23:44:52.91 本机错峰时间: 1550 秒 
2019-05-05 23:44:52.99 本机错峰时间: 1550 秒 
2019-05-05 23:58:22.41 本机错峰时间: 1550 秒 
2019-05-05 23:58:22.48 本机错峰时间: 1550 秒 
预备执行 D:\weihu\McafeeUpdate\bin\Bitsadmin.bat 当前工作目录 D:\weihu\McafeeUpdate\  
2019-05-05 23:58:22.48 本机错峰等待时间 1550 秒 
2019-05-05 23:58:22.48 错峰等待完成,准备执行下载流程 
2019-05-06  0:01:00.36 当前下载方式：Bitsadmin 
2019-05-06  0:01:00.36 预备使用Bitsadmin下载 http://down5.huorong.cn/sysdiag-full-4.0.87.11.exe 
2019-05-06  0:01:00.36 下载命令：bitsadmin /transfer McafeeUpdate http://down5.huorong.cn/sysdiag-full-4.0.87.11.exe D:\weihu\McafeeUpdate\virusUpdate 

BITSADMIN version 3.0
BITS administration utility.
(C) Copyright Microsoft Corp.

Transfer canceled.
2019-05-06  0:01:02.63 Bitsadmin下载http://down5.huorong.cn/sysdiag-full-4.0.87.11.exe完成 
2019-05-05 23:58:22.48 执行下载流程完成 
2019-05-05 23:58:22.48 现有文件size:0 上一次更新文件size:0  
2019-05-05 23:58:22.48 使用下载更新文件长度：0 
2019-05-05 23:58:22.48  下载文件不符合更新要求，更换下一种方式下载 
预备执行 D:\weihu\McafeeUpdate\bin\Certutil.bat 当前工作目录 D:\weihu\McafeeUpdate\  
2019-05-05 23:58:22.48 本机错峰等待时间 1550 秒 
2019-05-05 23:58:22.48 错峰等待完成,准备执行下载流程 
2019-05-06  0:01:02.87 当前下载方式：Certutil 
2019-05-06  0:01:02.87 Certutil 下载 http://down5.huorong.cn/sysdiag-full-4.0.87.11.exe 
2019-05-06  0:01:02.87 下载命令: certutil -urlcache -split -f http://down5.huorong.cn/sysdiag-full-4.0.87.11.exe D:\weihu\McafeeUpdate\virusUpdate 
2019-05-06  0:01:08.28 Certutil 下载 完成 
2019-05-05 23:58:22.48 执行下载流程完成 
2019-05-05 23:58:22.48 现有文件size:0 上一次更新文件size:0  
2019-05-05 23:58:22.48 使用下载更新文件长度：0 
2019-05-05 23:58:22.48  下载文件不符合更新要求，更换下一种方式下载 
预备执行 D:\weihu\McafeeUpdate\bin\FTP.bat 当前工作目录 D:\weihu\McafeeUpdate\  
2019-05-05 23:58:22.48 本机错峰等待时间 1550 秒 
2019-05-05 23:58:22.48 错峰等待完成,准备执行下载流程 
