2019-06-16 15:59:10.33 使用FTP方式 下载 update.list 至 D:\weihu\McafeeUpdate\tmp\
----FTP传输日志开始---- 
连接到 192.168.3.117。
220 Microsoft FTP Service
200 OPTS UTF8 command successful - UTF8 encoding now ON.
user Mcafee 9rI7431@
331 Password required for Mcafee.
230 User logged in.
bin
200 Type set to I.
get update.list
200 PORT command successful.
125 Data connection already open; Transfer starting.
226 Transfer complete.
ftp: 收到 324 字节，用时 0.04秒 7.53千字节/秒。
bye
221 Goodbye.
----FTP传输日志结束---- 
2019-06-16 15:59:11.23 FTP方式下载 update.list 完成 
2019-06-16 15:59:10.33 开始进行文件哈希值校验流程。 
2019-06-16 15:59:10.33 文件 D:\weihu\McafeeUpdate\history\2019-06-16\update.list 的HASH值为:f8e84b811064f8e767990c6931b81f2be39ec5f0 
2019-06-16 15:59:10.33 开始进行文件哈希值校验流程。 
2019-06-16 15:59:10.33 文件 D:\weihu\McafeeUpdate\tmp\last.update 的HASH值为:44f3959b2bb6152c60d258e2160f3023d9ddd3fd 
2019-06-16 15:59:11.69 本机错峰时间: 253 秒 
2019-06-16 15:59:11.70 本次更新:\20191113012811\9241xdat.exe 错峰等待时间 253 秒 
2019-06-16 15:59:11.70 更新更新:\20191113012811\9241xdat.exe 错峰等待完成,准备执行下载流程 
2019-06-16 15:59:10.33 使用FTP方式 下载 \20191113012811\9241xdat.exe 至 D:\weihu\McafeeUpdate\history\2019-06-16\
----FTP传输日志开始---- 
连接到 192.168.3.117。
220 Microsoft FTP Service
200 OPTS UTF8 command successful - UTF8 encoding now ON.
user Mcafee 9rI7431@
331 Password required for Mcafee.
230 User logged in.
bin
200 Type set to I.
get \20191113012811\9241xdat.exe
200 PORT command successful.
125 Data connection already open; Transfer starting.
226 Transfer complete.
ftp: 收到 114158088 字节，用时 9.86秒 11583.77千字节/秒。
bye
221 Goodbye.
----FTP传输日志结束---- 
2019-06-16 15:59:22.06 FTP方式下载 \20191113012811\9241xdat.exe 完成 
2019-06-16 15:59:11.70 更新：\20191113012811\9241xdat.exe 下载完成。 
2019-06-16 15:59:11.70 本次更新:\20191113012811\9246xdat.exe 错峰等待时间 253 秒 
2019-06-16 15:59:11.70 更新更新:\20191113012811\9246xdat.exe 错峰等待完成,准备执行下载流程 
2019-06-16 15:59:10.33 使用FTP方式 下载 \20191113012811\9246xdat.exe 至 D:\weihu\McafeeUpdate\history\2019-06-16\
----FTP传输日志开始---- 
连接到 192.168.3.117。
220 Microsoft FTP Service
200 OPTS UTF8 command successful - UTF8 encoding now ON.
user Mcafee 9rI7431@
331 Password required for Mcafee.
230 User logged in.
bin
200 Type set to I.
get \20191113012811\9246xdat.exe
200 PORT command successful.
125 Data connection already open; Transfer starting.
226 Transfer complete.
ftp: 收到 115549152 字节，用时 10.09秒 11455.25千字节/秒。
bye
221 Goodbye.
----FTP传输日志结束---- 
2019-06-16 15:59:32.65 FTP方式下载 \20191113012811\9246xdat.exe 完成 
2019-06-16 15:59:11.70 更新：\20191113012811\9246xdat.exe 下载完成。 
2019-06-16 15:59:11.70 本次更新:\20191113012811\9248xdat.exe 错峰等待时间 253 秒 
2019-06-16 15:59:11.70 更新更新:\20191113012811\9248xdat.exe 错峰等待完成,准备执行下载流程 
2019-06-16 15:59:10.33 使用FTP方式 下载 \20191113012811\9248xdat.exe 至 D:\weihu\McafeeUpdate\history\2019-06-16\
----FTP传输日志开始---- 
连接到 192.168.3.117。
220 Microsoft FTP Service
200 OPTS UTF8 command successful - UTF8 encoding now ON.
user Mcafee 9rI7431@
331 Password required for Mcafee.
230 User logged in.
bin
200 Type set to I.
get \20191113012811\9248xdat.exe
200 PORT command successful.
125 Data connection already open; Transfer starting.
226 Transfer complete.
ftp: 收到 116280216 字节，用时 10.18秒 11419.05千字节/秒。
bye
221 Goodbye.
----FTP传输日志结束---- 
2019-06-16 15:59:43.33 FTP方式下载 \20191113012811\9248xdat.exe 完成 
2019-06-16 15:59:11.70 更新：\20191113012811\9248xdat.exe 下载完成。 
2019-06-16 15:59:11.70 本次更新:\20191113012811\9256xdat.exe 错峰等待时间 253 秒 
2019-06-16 15:59:11.70 更新更新:\20191113012811\9256xdat.exe 错峰等待完成,准备执行下载流程 
2019-06-16 15:59:10.33 使用FTP方式 下载 \20191113012811\9256xdat.exe 至 D:\weihu\McafeeUpdate\history\2019-06-16\
----FTP传输日志开始---- 
连接到 192.168.3.117。
220 Microsoft FTP Service
200 OPTS UTF8 command successful - UTF8 encoding now ON.
user Mcafee 9rI7431@
331 Password required for Mcafee.
230 User logged in.
bin
200 Type set to I.
get \20191113012811\9256xdat.exe
200 PORT command successful.
125 Data connection already open; Transfer starting.
226 Transfer complete.
ftp: 收到 116551832 字节，用时 10.15秒 11480.68千字节/秒。
bye
221 Goodbye.
----FTP传输日志结束---- 
2019-06-16 15:59:54.00 FTP方式下载 \20191113012811\9256xdat.exe 完成 
2019-06-16 15:59:11.70 更新：\20191113012811\9256xdat.exe 下载完成。 
2019-06-16 15:59:11.70 本次更新文件总量为：441M 
2019-06-16 16:00:47.76 使用FTP方式 下载 update.list 至 D:\weihu\McafeeUpdate\tmp\
----FTP传输日志开始---- 
连接到 192.168.3.117。
220 Microsoft FTP Service
200 OPTS UTF8 command successful - UTF8 encoding now ON.
user Mcafee 9rI7431@
331 Password required for Mcafee.
230 User logged in.
bin
200 Type set to I.
get update.list
200 PORT command successful.
125 Data connection already open; Transfer starting.
226 Transfer complete.
ftp: 收到 324 字节，用时 0.04秒 7.90千字节/秒。
bye
221 Goodbye.
----FTP传输日志结束---- 
2019-06-16 16:00:48.47 FTP方式下载 update.list 完成 
2019-06-16 16:00:47.76 开始进行文件哈希值校验流程。 
2019-06-16 16:00:47.76 文件 D:\weihu\McafeeUpdate\history\2019-06-16\update.list 的HASH值为:f8e84b811064f8e767990c6931b81f2be39ec5f0 
2019-06-16 16:00:47.76 开始进行文件哈希值校验流程。 
2019-06-16 16:00:47.76 文件 D:\weihu\McafeeUpdate\tmp\last.update 的HASH值为:44f3959b2bb6152c60d258e2160f3023d9ddd3fd 
2019-06-16 16:00:48.79 本机错峰时间: 253 秒 
2019-06-16 16:00:48.79 本次更新:\20191113012811\9241xdat.exe 错峰等待时间 253 秒 
2019-06-16 16:00:48.79 更新更新:\20191113012811\9241xdat.exe 错峰等待完成,准备执行下载流程 
2019-06-16 16:00:47.76 使用FTP方式 下载 \20191113012811\9241xdat.exe 至 D:\weihu\McafeeUpdate\history\2019-06-16\
----FTP传输日志开始---- 
连接到 192.168.3.117。
220 Microsoft FTP Service
200 OPTS UTF8 command successful - UTF8 encoding now ON.
user Mcafee 9rI7431@
331 Password required for Mcafee.
230 User logged in.
bin
200 Type set to I.
get \20191113012811\9241xdat.exe
200 PORT command successful.
125 Data connection already open; Transfer starting.
226 Transfer complete.
ftp: 收到 114158088 字节，用时 9.85秒 11584.95千字节/秒。
bye
221 Goodbye.
----FTP传输日志结束---- 
2019-06-16 16:00:58.91 FTP方式下载 \20191113012811\9241xdat.exe 完成 
2019-06-16 16:00:48.79 更新：\20191113012811\9241xdat.exe 下载完成。 
2019-06-16 16:00:48.79 本次更新:\20191113012811\9246xdat.exe 错峰等待时间 253 秒 
2019-06-16 16:00:48.79 更新更新:\20191113012811\9246xdat.exe 错峰等待完成,准备执行下载流程 
2019-06-16 16:00:47.76 使用FTP方式 下载 \20191113012811\9246xdat.exe 至 D:\weihu\McafeeUpdate\history\2019-06-16\
----FTP传输日志开始---- 
连接到 192.168.3.117。
220 Microsoft FTP Service
200 OPTS UTF8 command successful - UTF8 encoding now ON.
user Mcafee 9rI7431@
331 Password required for Mcafee.
230 User logged in.
bin
200 Type set to I.
get \20191113012811\9246xdat.exe
200 PORT command successful.
125 Data connection already open; Transfer starting.
226 Transfer complete.
ftp: 收到 115549152 字节，用时 9.99秒 11568.80千字节/秒。
bye
221 Goodbye.
----FTP传输日志结束---- 
2019-06-16 16:01:09.15 FTP方式下载 \20191113012811\9246xdat.exe 完成 
2019-06-16 16:00:48.79 更新：\20191113012811\9246xdat.exe 下载完成。 
2019-06-16 16:00:48.79 本次更新:\20191113012811\9248xdat.exe 错峰等待时间 253 秒 
2019-06-16 16:00:48.79 更新更新:\20191113012811\9248xdat.exe 错峰等待完成,准备执行下载流程 
2019-06-16 16:00:47.76 使用FTP方式 下载 \20191113012811\9248xdat.exe 至 D:\weihu\McafeeUpdate\history\2019-06-16\
----FTP传输日志开始---- 
连接到 192.168.3.117。
220 Microsoft FTP Service
200 OPTS UTF8 command successful - UTF8 encoding now ON.
user Mcafee 9rI7431@
331 Password required for Mcafee.
230 User logged in.
bin
200 Type set to I.
get \20191113012811\9248xdat.exe
200 PORT command successful.
125 Data connection already open; Transfer starting.
226 Transfer complete.
ftp: 收到 116280216 字节，用时 10.03秒 11593.24千字节/秒。
bye
221 Goodbye.
----FTP传输日志结束---- 
2019-06-16 16:01:19.44 FTP方式下载 \20191113012811\9248xdat.exe 完成 
2019-06-16 16:00:48.79 更新：\20191113012811\9248xdat.exe 下载完成。 
2019-06-16 16:00:48.79 本次更新:\20191113012811\9256xdat.exe 错峰等待时间 253 秒 
2019-06-16 16:00:48.79 更新更新:\20191113012811\9256xdat.exe 错峰等待完成,准备执行下载流程 
2019-06-16 16:00:47.76 使用FTP方式 下载 \20191113012811\9256xdat.exe 至 D:\weihu\McafeeUpdate\history\2019-06-16\
----FTP传输日志开始---- 
连接到 192.168.3.117。
220 Microsoft FTP Service
200 OPTS UTF8 command successful - UTF8 encoding now ON.
user Mcafee 9rI7431@
331 Password required for Mcafee.
230 User logged in.
bin
200 Type set to I.
get \20191113012811\9256xdat.exe
200 PORT command successful.
125 Data connection already open; Transfer starting.
226 Transfer complete.
ftp: 收到 116551832 字节，用时 10.05秒 11592.58千字节/秒。
bye
221 Goodbye.
----FTP传输日志结束---- 
2019-06-16 16:01:29.73 FTP方式下载 \20191113012811\9256xdat.exe 完成 
2019-06-16 16:00:48.79 更新：\20191113012811\9256xdat.exe 下载完成。 
2019-06-16 16:00:48.79 本次更新文件总量为：0M 
2019-06-16 16:01:29.78 更新文件安装已完成 
2019-06-16 16:00:47.76 本次更新操作已完成。 
2019-06-16 16:10:32.38 使用FTP方式 下载 update.list 至 D:\weihu\McafeeUpdate\tmp\
----FTP传输日志开始---- 
连接到 192.168.3.117。
220 Microsoft FTP Service
200 OPTS UTF8 command successful - UTF8 encoding now ON.
user Mcafee 9rI7431@
331 Password required for Mcafee.
230 User logged in.
bin
200 Type set to I.
get update.list
200 PORT command successful.
125 Data connection already open; Transfer starting.
226 Transfer complete.
ftp: 收到 324 字节，用时 0.04秒 7.53千字节/秒。
bye
221 Goodbye.
----FTP传输日志结束---- 
2019-06-16 16:10:33.05 FTP方式下载 update.list 完成 
2019-06-16 16:10:32.38 开始进行文件哈希值校验流程。 
2019-06-16 16:10:32.38 文件 D:\weihu\McafeeUpdate\history\2019-06-16\update.list 的HASH值为:f8e84b811064f8e767990c6931b81f2be39ec5f0 
2019-06-16 16:10:32.38 开始进行文件哈希值校验流程。 
2019-06-16 16:10:32.38 文件 D:\weihu\McafeeUpdate\tmp\last.update 的HASH值为:44f3959b2bb6152c60d258e2160f3023d9ddd3fd 
2019-06-16 16:10:33.38 本机错峰时间: 253 秒 
2019-06-16 16:10:54.08 使用FTP方式 下载 update.list 至 D:\weihu\McafeeUpdate\tmp\
----FTP传输日志开始---- 
连接到 192.168.3.117。
220 Microsoft FTP Service
200 OPTS UTF8 command successful - UTF8 encoding now ON.
user Mcafee 9rI7431@
331 Password required for Mcafee.
230 User logged in.
bin
200 Type set to I.
get update.list
200 PORT command successful.
125 Data connection already open; Transfer starting.
226 Transfer complete.
ftp: 收到 324 字节，用时 0.04秒 7.71千字节/秒。
bye
221 Goodbye.
----FTP传输日志结束---- 
2019-06-16 16:10:54.68 FTP方式下载 update.list 完成 
2019-06-16 16:10:54.08 开始进行文件哈希值校验流程。 
2019-06-16 16:10:54.08 文件 D:\weihu\McafeeUpdate\history\2019-06-16\update.list 的HASH值为:f8e84b811064f8e767990c6931b81f2be39ec5f0 
2019-06-16 16:10:54.08 开始进行文件哈希值校验流程。 
2019-06-16 16:10:54.08 文件 D:\weihu\McafeeUpdate\tmp\last.update 的HASH值为:44f3959b2bb6152c60d258e2160f3023d9ddd3fd 
2019-06-16 16:10:54.99 本机错峰时间: 253 秒 
2019-06-16 16:11:08.75 使用FTP方式 下载 update.list 至 D:\weihu\McafeeUpdate\tmp\
----FTP传输日志开始---- 
连接到 192.168.3.117。
220 Microsoft FTP Service
200 OPTS UTF8 command successful - UTF8 encoding now ON.
user Mcafee 9rI7431@
331 Password required for Mcafee.
230 User logged in.
bin
200 Type set to I.
get update.list
200 PORT command successful.
125 Data connection already open; Transfer starting.
226 Transfer complete.
ftp: 收到 324 字节，用时 0.04秒 7.90千字节/秒。
bye
221 Goodbye.
----FTP传输日志结束---- 
2019-06-16 16:11:09.35 FTP方式下载 update.list 完成 
2019-06-16 16:11:08.75 开始进行文件哈希值校验流程。 
2019-06-16 16:11:08.75 文件 D:\weihu\McafeeUpdate\history\2019-06-16\update.list 的HASH值为:f8e84b811064f8e767990c6931b81f2be39ec5f0 
2019-06-16 16:11:08.75 开始进行文件哈希值校验流程。 
2019-06-16 16:11:08.75 文件 D:\weihu\McafeeUpdate\tmp\last.update 的HASH值为:44f3959b2bb6152c60d258e2160f3023d9ddd3fd 
2019-06-16 16:11:09.66 本机错峰时间: 253 秒 
2019-06-16 16:11:09.66 本次更新:\20191113012811\9241xdat.exe 错峰等待时间 253 秒 
2019-06-16 16:11:09.66 更新更新:\20191113012811\9241xdat.exe 错峰等待完成,准备执行下载流程 
2019-06-16 16:11:08.75 使用FTP方式 下载 \20191113012811\9241xdat.exe 至 D:\weihu\McafeeUpdate\history\2019-06-16\
2019-06-16 16:11:29.25 使用FTP方式 下载 update.list 至 D:\weihu\McafeeUpdate\tmp\
----FTP传输日志开始---- 
连接到 192.168.3.117。
220 Microsoft FTP Service
200 OPTS UTF8 command successful - UTF8 encoding now ON.
user Mcafee 9rI7431@
331 Password required for Mcafee.
230 User logged in.
bin
200 Type set to I.
get update.list
200 PORT command successful.
125 Data connection already open; Transfer starting.
226 Transfer complete.
ftp: 收到 324 字节，用时 0.04秒 7.71千字节/秒。
bye
221 Goodbye.
----FTP传输日志结束---- 
2019-06-16 16:11:29.84 FTP方式下载 update.list 完成 
2019-06-16 16:11:29.25 开始进行文件哈希值校验流程。 
2019-06-16 16:11:29.25 文件 D:\weihu\McafeeUpdate\history\2019-06-16\update.list 的HASH值为:f8e84b811064f8e767990c6931b81f2be39ec5f0 
2019-06-16 16:11:29.25 开始进行文件哈希值校验流程。 
2019-06-16 16:11:29.25 文件 D:\weihu\McafeeUpdate\tmp\last.update 的HASH值为:44f3959b2bb6152c60d258e2160f3023d9ddd3fd 
2019-06-16 16:11:30.16 本机错峰时间: 253 秒 
2019-06-16 16:11:30.16 本次更新:\20191113012811\9241xdat.exe 错峰等待时间 253 秒 
2019-06-16 16:11:30.16 更新更新:\20191113012811\9241xdat.exe 错峰等待完成,准备执行下载流程 
2019-06-16 16:11:29.25 使用FTP方式 下载 \20191113012811\9241xdat.exe 至 D:\weihu\McafeeUpdate\history\2019-06-16\
2019-06-16 16:12:33.36 使用FTP方式 下载 update.list 至 D:\weihu\McafeeUpdate\tmp\
----FTP传输日志开始---- 
连接到 192.168.3.117。
220 Microsoft FTP Service
200 OPTS UTF8 command successful - UTF8 encoding now ON.
user Mcafee 9rI7431@
331 Password required for Mcafee.
230 User logged in.
bin
200 Type set to I.
get update.list
200 PORT command successful.
125 Data connection already open; Transfer starting.
226 Transfer complete.
ftp: 收到 324 字节，用时 0.04秒 7.71千字节/秒。
bye
221 Goodbye.
----FTP传输日志结束---- 
2019-06-16 16:12:34.01 FTP方式下载 update.list 完成 
2019-06-16 16:12:33.36 开始进行文件哈希值校验流程。 
2019-06-16 16:12:33.36 文件 D:\weihu\McafeeUpdate\history\2019-06-16\update.list 的HASH值为:f8e84b811064f8e767990c6931b81f2be39ec5f0 
2019-06-16 16:12:33.36 开始进行文件哈希值校验流程。 
2019-06-16 16:12:33.36 文件 D:\weihu\McafeeUpdate\tmp\last.update 的HASH值为:44f3959b2bb6152c60d258e2160f3023d9ddd3fd 
2019-06-16 16:12:34.33 本机错峰时间: 253 秒 
2019-06-16 16:12:34.34 本次更新:\20191113012811\9241xdat.exe 错峰等待时间 253 秒 
2019-06-16 16:12:34.34 更新更新:\20191113012811\9241xdat.exe 错峰等待完成,准备执行下载流程 
2019-06-16 16:12:33.36 使用FTP方式 下载 \20191113012811\9241xdat.exe 至 D:\weihu\McafeeUpdate\history\2019-06-16\
2019-06-16 17:31:37.60 使用FTP方式 下载 update.list 至 D:\weihu\McafeeUpdate\tmp\
----FTP传输日志开始---- 
连接到 192.168.3.117。
220 Microsoft FTP Service
200 OPTS UTF8 command successful - UTF8 encoding now ON.
user Mcafee 9rI7431@
331 Password required for Mcafee.
230 User logged in.
bin
200 Type set to I.
get update.list
200 PORT command successful.
125 Data connection already open; Transfer starting.
226 Transfer complete.
ftp: 收到 324 字节，用时 0.04秒 7.90千字节/秒。
bye
221 Goodbye.
----FTP传输日志结束---- 
2019-06-16 17:31:38.37 FTP方式下载 update.list 完成 
2019-06-16 17:31:37.60 开始进行文件哈希值校验流程。 
2019-06-16 17:31:37.60 文件 D:\weihu\McafeeUpdate\history\2019-06-16\update.list 的HASH值为:f8e84b811064f8e767990c6931b81f2be39ec5f0 
2019-06-16 17:31:37.60 开始进行文件哈希值校验流程。 
2019-06-16 17:31:37.60 文件 D:\weihu\McafeeUpdate\tmp\last.update 的HASH值为:44f3959b2bb6152c60d258e2160f3023d9ddd3fd 
2019-06-16 17:31:38.71 本机错峰时间: 253 秒 
2019-06-16 17:31:38.71 本次更新:\20191113012811\9241xdat.exe 错峰等待时间 253 秒 
2019-06-16 17:31:38.71 更新更新:\20191113012811\9241xdat.exe 错峰等待完成,准备执行下载流程 
2019-06-16 17:31:37.60 使用FTP方式 下载 \20191113012811\9241xdat.exe 至 D:\weihu\McafeeUpdate\history\2019-06-16\
----FTP传输日志开始---- 
连接到 192.168.3.117。
220 Microsoft FTP Service
200 OPTS UTF8 command successful - UTF8 encoding now ON.
user Mcafee 9rI7431@
331 Password required for Mcafee.
230 User logged in.
bin
200 Type set to I.
get \20191113012811\9241xdat.exe
200 PORT command successful.
125 Data connection already open; Transfer starting.
226 Transfer complete.
ftp: 收到 114158088 字节，用时 9.85秒 11592.01千字节/秒。
bye
221 Goodbye.
----FTP传输日志结束---- 
2019-06-16 17:31:48.78 FTP方式下载 \20191113012811\9241xdat.exe 完成 
2019-06-16 17:31:38.71 更新：\20191113012811\9241xdat.exe 下载完成。 
2019-06-16 17:31:38.71 本次更新:\20191113012811\9246xdat.exe 错峰等待时间 253 秒 
2019-06-16 17:31:38.71 更新更新:\20191113012811\9246xdat.exe 错峰等待完成,准备执行下载流程 
2019-06-16 17:31:37.60 使用FTP方式 下载 \20191113012811\9246xdat.exe 至 D:\weihu\McafeeUpdate\history\2019-06-16\
----FTP传输日志开始---- 
连接到 192.168.3.117。
220 Microsoft FTP Service
200 OPTS UTF8 command successful - UTF8 encoding now ON.
user Mcafee 9rI7431@
331 Password required for Mcafee.
230 User logged in.
bin
200 Type set to I.
get \20191113012811\9246xdat.exe
200 PORT command successful.
125 Data connection already open; Transfer starting.
226 Transfer complete.
ftp: 收到 115549152 字节，用时 9.96秒 11595.50千字节/秒。
bye
221 Goodbye.
----FTP传输日志结束---- 
2019-06-16 17:31:58.98 FTP方式下载 \20191113012811\9246xdat.exe 完成 
2019-06-16 17:31:38.71 更新：\20191113012811\9246xdat.exe 下载完成。 
2019-06-16 17:31:38.71 本次更新:\20191113012811\9248xdat.exe 错峰等待时间 253 秒 
2019-06-16 17:31:38.71 更新更新:\20191113012811\9248xdat.exe 错峰等待完成,准备执行下载流程 
2019-06-16 17:31:37.60 使用FTP方式 下载 \20191113012811\9248xdat.exe 至 D:\weihu\McafeeUpdate\history\2019-06-16\
----FTP传输日志开始---- 
连接到 192.168.3.117。
220 Microsoft FTP Service
200 OPTS UTF8 command successful - UTF8 encoding now ON.
user Mcafee 9rI7431@
331 Password required for Mcafee.
230 User logged in.
bin
200 Type set to I.
get \20191113012811\9248xdat.exe
200 PORT command successful.
125 Data connection already open; Transfer starting.
226 Transfer complete.
ftp: 收到 116280216 字节，用时 10.07秒 11544.90千字节/秒。
bye
221 Goodbye.
----FTP传输日志结束---- 
2019-06-16 17:32:09.28 FTP方式下载 \20191113012811\9248xdat.exe 完成 
2019-06-16 17:31:38.71 更新：\20191113012811\9248xdat.exe 下载完成。 
2019-06-16 17:31:38.71 本次更新:\20191113012811\9256xdat.exe 错峰等待时间 253 秒 
2019-06-16 17:31:38.71 更新更新:\20191113012811\9256xdat.exe 错峰等待完成,准备执行下载流程 
2019-06-16 17:31:37.60 使用FTP方式 下载 \20191113012811\9256xdat.exe 至 D:\weihu\McafeeUpdate\history\2019-06-16\
----FTP传输日志开始---- 
连接到 192.168.3.117。
220 Microsoft FTP Service
200 OPTS UTF8 command successful - UTF8 encoding now ON.
user Mcafee 9rI7431@
331 Password required for Mcafee.
230 User logged in.
bin
200 Type set to I.
get \20191113012811\9256xdat.exe
200 PORT command successful.
125 Data connection already open; Transfer starting.
226 Transfer complete.
ftp: 收到 116551832 字节，用时 10.05秒 11594.89千字节/秒。
bye
221 Goodbye.
----FTP传输日志结束---- 
2019-06-16 17:32:19.57 FTP方式下载 \20191113012811\9256xdat.exe 完成 
2019-06-16 17:31:38.71 更新：\20191113012811\9256xdat.exe 下载完成。 
2019-06-16 17:31:38.71 本次更新文件总量为：0M 
2019-06-16 17:35:00.91 使用FTP方式 下载 update.list 至 D:\weihu\McafeeUpdate\tmp\
----FTP传输日志开始---- 
连接到 192.168.3.117。
220 Microsoft FTP Service
200 OPTS UTF8 command successful - UTF8 encoding now ON.
user Mcafee 9rI7431@
331 Password required for Mcafee.
230 User logged in.
bin
200 Type set to I.
get update.list
200 PORT command successful.
125 Data connection already open; Transfer starting.
226 Transfer complete.
ftp: 收到 324 字节，用时 0.04秒 7.90千字节/秒。
bye
221 Goodbye.
----FTP传输日志结束---- 
2019-06-16 17:35:01.61 FTP方式下载 update.list 完成 
2019-06-16 17:35:00.91 输入参数:D:\weihu\McafeeUpdate\bin\..\history\2019-06-16\update.list 不合法 
2019-06-16 17:35:00.91 输入参数:D:\weihu\McafeeUpdate\bin\..\tmp\last.update 不合法 
当前更新源 Hash： !currentUpdateHash! 上一次更新源 Hash:  !lastUpdateHash! 
2019-06-16 17:35:01.63 本机错峰时间: 253 秒 
本次更新与上次更新一致，不予更新。 
2019-06-16 17:35:23.52 使用FTP方式 下载 update.list 至 D:\weihu\McafeeUpdate\tmp\
----FTP传输日志开始---- 
连接到 192.168.3.117。
220 Microsoft FTP Service
200 OPTS UTF8 command successful - UTF8 encoding now ON.
user Mcafee 9rI7431@
331 Password required for Mcafee.
230 User logged in.
bin
200 Type set to I.
get update.list
200 PORT command successful.
125 Data connection already open; Transfer starting.
226 Transfer complete.
ftp: 收到 324 字节，用时 0.04秒 7.90千字节/秒。
bye
221 Goodbye.
----FTP传输日志结束---- 
2019-06-16 17:35:24.15 FTP方式下载 update.list 完成 
2019-06-16 17:35:23.52 输入参数:D:\weihu\McafeeUpdate\bin\..\history\2019-06-16\update.list 不合法 
2019-06-16 17:35:23.52 输入参数:D:\weihu\McafeeUpdate\bin\..\tmp\last.update 不合法 
当前更新源 Hash： !currentUpdateHash! 上一次更新源 Hash:  !lastUpdateHash! 
2019-06-16 17:35:24.17 本机错峰时间: 253 秒 
本次更新与上次更新一致，不予更新。 
2019-06-16 17:35:58.95 使用FTP方式 下载 update.list 至 D:\weihu\McafeeUpdate\tmp\
----FTP传输日志开始---- 
连接到 192.168.3.117。
220 Microsoft FTP Service
200 OPTS UTF8 command successful - UTF8 encoding now ON.
user Mcafee 9rI7431@
331 Password required for Mcafee.
230 User logged in.
bin
200 Type set to I.
get update.list
200 PORT command successful.
125 Data connection already open; Transfer starting.
226 Transfer complete.
ftp: 收到 324 字节，用时 0.04秒 7.90千字节/秒。
bye
221 Goodbye.
----FTP传输日志结束---- 
2019-06-16 17:35:59.58 FTP方式下载 update.list 完成 
2019-06-16 17:35:58.95 输入参数:D:\weihu\McafeeUpdate\bin\..\history\2019-06-16\update.list 不合法 
2019-06-16 17:35:58.95 输入参数:D:\weihu\McafeeUpdate\bin\..\tmp\last.update 不合法 
当前更新源 Hash： !currentUpdateHash! 上一次更新源 Hash:  !lastUpdateHash! 
2019-06-16 17:35:59.59 本机错峰时间: 253 秒 
本次更新与上次更新一致，不予更新。 
2019-06-16 17:36:23.29 使用FTP方式 下载 update.list 至 D:\weihu\McafeeUpdate\tmp\
----FTP传输日志开始---- 
连接到 192.168.3.117。
220 Microsoft FTP Service
200 OPTS UTF8 command successful - UTF8 encoding now ON.
user Mcafee 9rI7431@
331 Password required for Mcafee.
230 User logged in.
bin
200 Type set to I.
get update.list
200 PORT command successful.
125 Data connection already open; Transfer starting.
226 Transfer complete.
ftp: 收到 324 字节，用时 0.04秒 7.90千字节/秒。
bye
221 Goodbye.
----FTP传输日志结束---- 
2019-06-16 17:36:23.97 FTP方式下载 update.list 完成 
2019-06-16 17:36:23.29 开始进行文件哈希值校验流程。 
2019-06-16 17:36:23.29 文件 D:\weihu\McafeeUpdate\history\2019-06-16\update.list 的HASH值为:f8e84b811064f8e767990c6931b81f2be39ec5f0 
2019-06-16 17:36:23.29 开始进行文件哈希值校验流程。 
2019-06-16 17:36:23.29 文件 D:\weihu\McafeeUpdate\tmp\last.update 的HASH值为:44f3959b2bb6152c60d258e2160f3023d9ddd3fd 
当前更新源 Hash： !currentUpdateHash! 上一次更新源 Hash:  !lastUpdateHash! 
2019-06-16 17:36:24.34 本机错峰时间: 253 秒 
2019-06-16 17:36:24.34 本次更新:\20191113012811\9241xdat.exe 错峰等待时间 253 秒 
2019-06-16 17:36:24.34 更新更新:\20191113012811\9241xdat.exe 错峰等待完成,准备执行下载流程 
2019-06-16 17:36:23.29 使用FTP方式 下载 \20191113012811\9241xdat.exe 至 D:\weihu\McafeeUpdate\history\2019-06-16\
----FTP传输日志开始---- 
连接到 192.168.3.117。
220 Microsoft FTP Service
200 OPTS UTF8 command successful - UTF8 encoding now ON.
user Mcafee 9rI7431@
331 Password required for Mcafee.
230 User logged in.
bin
200 Type set to I.
get \20191113012811\9241xdat.exe
200 PORT command successful.
125 Data connection already open; Transfer starting.
226 Transfer complete.
ftp: 收到 114158088 字节，用时 9.85秒 11595.54千字节/秒。
bye
221 Goodbye.
----FTP传输日志结束---- 
2019-06-16 17:36:34.45 FTP方式下载 \20191113012811\9241xdat.exe 完成 
2019-06-16 17:36:24.34 更新：\20191113012811\9241xdat.exe 下载完成。 
2019-06-16 17:36:24.34 本次更新:\20191113012811\9246xdat.exe 错峰等待时间 253 秒 
2019-06-16 17:36:24.34 更新更新:\20191113012811\9246xdat.exe 错峰等待完成,准备执行下载流程 
2019-06-16 17:36:23.29 使用FTP方式 下载 \20191113012811\9246xdat.exe 至 D:\weihu\McafeeUpdate\history\2019-06-16\
----FTP传输日志开始---- 
连接到 192.168.3.117。
220 Microsoft FTP Service
200 OPTS UTF8 command successful - UTF8 encoding now ON.
user Mcafee 9rI7431@
331 Password required for Mcafee.
230 User logged in.
bin
200 Type set to I.
get \20191113012811\9246xdat.exe
200 PORT command successful.
125 Data connection already open; Transfer starting.
226 Transfer complete.
ftp: 收到 115549152 字节，用时 9.96秒 11595.50千字节/秒。
bye
221 Goodbye.
----FTP传输日志结束---- 
2019-06-16 17:36:44.69 FTP方式下载 \20191113012811\9246xdat.exe 完成 
2019-06-16 17:36:24.34 更新：\20191113012811\9246xdat.exe 下载完成。 
2019-06-16 17:36:24.34 本次更新:\20191113012811\9248xdat.exe 错峰等待时间 253 秒 
2019-06-16 17:36:24.34 更新更新:\20191113012811\9248xdat.exe 错峰等待完成,准备执行下载流程 
2019-06-16 17:36:23.29 使用FTP方式 下载 \20191113012811\9248xdat.exe 至 D:\weihu\McafeeUpdate\history\2019-06-16\
----FTP传输日志开始---- 
连接到 192.168.3.117。
220 Microsoft FTP Service
200 OPTS UTF8 command successful - UTF8 encoding now ON.
user Mcafee 9rI7431@
331 Password required for Mcafee.
230 User logged in.
bin
200 Type set to I.
get \20191113012811\9248xdat.exe
200 PORT command successful.
125 Data connection already open; Transfer starting.
226 Transfer complete.
ftp: 收到 116280216 字节，用时 10.03秒 11596.71千字节/秒。
bye
221 Goodbye.
----FTP传输日志结束---- 
2019-06-16 17:36:54.99 FTP方式下载 \20191113012811\9248xdat.exe 完成 
2019-06-16 17:36:24.34 更新：\20191113012811\9248xdat.exe 下载完成。 
2019-06-16 17:36:24.34 本次更新:\20191113012811\9256xdat.exe 错峰等待时间 253 秒 
2019-06-16 17:36:24.34 更新更新:\20191113012811\9256xdat.exe 错峰等待完成,准备执行下载流程 
2019-06-16 17:36:23.29 使用FTP方式 下载 \20191113012811\9256xdat.exe 至 D:\weihu\McafeeUpdate\history\2019-06-16\
----FTP传输日志开始---- 
连接到 192.168.3.117。
220 Microsoft FTP Service
200 OPTS UTF8 command successful - UTF8 encoding now ON.
user Mcafee 9rI7431@
331 Password required for Mcafee.
230 User logged in.
bin
200 Type set to I.
get \20191113012811\9256xdat.exe
200 PORT command successful.
125 Data connection already open; Transfer starting.
226 Transfer complete.
ftp: 收到 116551832 字节，用时 10.32秒 11297.07千字节/秒。
bye
221 Goodbye.
----FTP传输日志结束---- 
2019-06-16 17:37:05.63 FTP方式下载 \20191113012811\9256xdat.exe 完成 
2019-06-16 17:36:24.34 更新：\20191113012811\9256xdat.exe 下载完成。 
2019-06-16 17:37:05.64 本次更新文件总量为：441M 
2019-06-16 17:37:05.65 进入更新文件校验流程 
2019-06-16 17:39:31.89 使用FTP方式 下载 update.list 至 D:\weihu\McafeeUpdate\tmp\
----FTP传输日志开始---- 
连接到 192.168.3.117。
220 Microsoft FTP Service
200 OPTS UTF8 command successful - UTF8 encoding now ON.
user Mcafee 9rI7431@
331 Password required for Mcafee.
230 User logged in.
bin
200 Type set to I.
get update.list
200 PORT command successful.
125 Data connection already open; Transfer starting.
226 Transfer complete.
ftp: 收到 324 字节，用时 0.04秒 7.71千字节/秒。
bye
221 Goodbye.
----FTP传输日志结束---- 
2019-06-16 17:39:32.66 FTP方式下载 update.list 完成 
2019-06-16 17:39:31.89 开始进行文件哈希值校验流程。 
2019-06-16 17:39:31.89 文件 D:\weihu\McafeeUpdate\history\2019-06-16\update.list 的HASH值为:f8e84b811064f8e767990c6931b81f2be39ec5f0 
2019-06-16 17:39:31.89 开始进行文件哈希值校验流程。 
2019-06-16 17:39:31.89 文件 D:\weihu\McafeeUpdate\tmp\last.update 的HASH值为:44f3959b2bb6152c60d258e2160f3023d9ddd3fd 
当前更新源 Hash： !currentUpdateHash! 上一次更新源 Hash:  !lastUpdateHash! 
2019-06-16 17:39:33.01 本机错峰时间: 253 秒 
2019-06-16 17:39:33.01 本次更新:\20191113012811\9241xdat.exe 错峰等待时间 253 秒 
2019-06-16 17:39:33.01 更新更新:\20191113012811\9241xdat.exe 错峰等待完成,准备执行下载流程 
2019-06-16 17:39:31.89 使用FTP方式 下载 \20191113012811\9241xdat.exe 至 D:\weihu\McafeeUpdate\history\2019-06-16\
----FTP传输日志开始---- 
连接到 192.168.3.117。
220 Microsoft FTP Service
200 OPTS UTF8 command successful - UTF8 encoding now ON.
user Mcafee 9rI7431@
331 Password required for Mcafee.
230 User logged in.
bin
200 Type set to I.
get \20191113012811\9241xdat.exe
200 PORT command successful.
125 Data connection already open; Transfer starting.
226 Transfer complete.
ftp: 收到 114158088 字节，用时 9.84秒 11601.43千字节/秒。
bye
221 Goodbye.
----FTP传输日志结束---- 
2019-06-16 17:39:43.14 FTP方式下载 \20191113012811\9241xdat.exe 完成 
2019-06-16 17:39:33.01 更新：\20191113012811\9241xdat.exe 下载完成。 
2019-06-16 17:39:33.01 本次更新:\20191113012811\9246xdat.exe 错峰等待时间 253 秒 
2019-06-16 17:39:33.01 更新更新:\20191113012811\9246xdat.exe 错峰等待完成,准备执行下载流程 
2019-06-16 17:39:31.89 使用FTP方式 下载 \20191113012811\9246xdat.exe 至 D:\weihu\McafeeUpdate\history\2019-06-16\
----FTP传输日志开始---- 
连接到 192.168.3.117。
220 Microsoft FTP Service
200 OPTS UTF8 command successful - UTF8 encoding now ON.
user Mcafee 9rI7431@
331 Password required for Mcafee.
230 User logged in.
bin
200 Type set to I.
get \20191113012811\9246xdat.exe
200 PORT command successful.
125 Data connection already open; Transfer starting.
226 Transfer complete.
ftp: 收到 115549152 字节，用时 9.96秒 11600.16千字节/秒。
bye
221 Goodbye.
----FTP传输日志结束---- 
2019-06-16 17:39:53.39 FTP方式下载 \20191113012811\9246xdat.exe 完成 
2019-06-16 17:39:33.01 更新：\20191113012811\9246xdat.exe 下载完成。 
2019-06-16 17:39:33.01 本次更新:\20191113012811\9248xdat.exe 错峰等待时间 253 秒 
2019-06-16 17:39:33.01 更新更新:\20191113012811\9248xdat.exe 错峰等待完成,准备执行下载流程 
2019-06-16 17:39:31.89 使用FTP方式 下载 \20191113012811\9248xdat.exe 至 D:\weihu\McafeeUpdate\history\2019-06-16\
----FTP传输日志开始---- 
连接到 192.168.3.117。
220 Microsoft FTP Service
200 OPTS UTF8 command successful - UTF8 encoding now ON.
user Mcafee 9rI7431@
331 Password required for Mcafee.
230 User logged in.
bin
200 Type set to I.
get \20191113012811\9248xdat.exe
200 PORT command successful.
125 Data connection already open; Transfer starting.
226 Transfer complete.
ftp: 收到 116280216 字节，用时 10.03秒 11596.71千字节/秒。
bye
221 Goodbye.
----FTP传输日志结束---- 
2019-06-16 17:40:03.70 FTP方式下载 \20191113012811\9248xdat.exe 完成 
2019-06-16 17:39:33.01 更新：\20191113012811\9248xdat.exe 下载完成。 
2019-06-16 17:39:33.01 本次更新:\20191113012811\9256xdat.exe 错峰等待时间 253 秒 
2019-06-16 17:39:33.01 更新更新:\20191113012811\9256xdat.exe 错峰等待完成,准备执行下载流程 
2019-06-16 17:39:31.89 使用FTP方式 下载 \20191113012811\9256xdat.exe 至 D:\weihu\McafeeUpdate\history\2019-06-16\
----FTP传输日志开始---- 
连接到 192.168.3.117。
220 Microsoft FTP Service
200 OPTS UTF8 command successful - UTF8 encoding now ON.
user Mcafee 9rI7431@
331 Password required for Mcafee.
230 User logged in.
bin
200 Type set to I.
get \20191113012811\9256xdat.exe
200 PORT command successful.
125 Data connection already open; Transfer starting.
226 Transfer complete.
ftp: 收到 116551832 字节，用时 10.40秒 11202.60千字节/秒。
bye
221 Goodbye.
----FTP传输日志结束---- 
2019-06-16 17:40:14.37 FTP方式下载 \20191113012811\9256xdat.exe 完成 
2019-06-16 17:39:33.01 更新：\20191113012811\9256xdat.exe 下载完成。 
2019-06-16 17:40:14.38 本次更新文件总量为：441M 
2019-06-16 17:40:14.38 进入更新文件校验流程,当前工作目录: D:\weihu\McafeeUpdate\bin 
2019-06-16 17:39:31.89 更新文件校验完毕，准备进行安装更新 
2019-06-16 17:40:14.42 更新文件安装已完成 
2019-06-16 17:39:31.89 本次更新操作已完成。 
2019-06-16 17:46:49.78 使用FTP方式 下载 update.list 至 D:\weihu\McafeeUpdate\tmp\
----FTP传输日志开始---- 
连接到 192.168.3.117。
220 Microsoft FTP Service
200 OPTS UTF8 command successful - UTF8 encoding now ON.
user Mcafee 9rI7431@
331 Password required for Mcafee.
230 User logged in.
bin
200 Type set to I.
get update.list
200 PORT command successful.
125 Data connection already open; Transfer starting.
226 Transfer complete.
ftp: 收到 324 字节，用时 0.04秒 7.53千字节/秒。
bye
221 Goodbye.
----FTP传输日志结束---- 
2019-06-16 17:46:50.52 FTP方式下载 update.list 完成 
2019-06-16 17:46:49.78 开始进行文件哈希值校验流程。 
2019-06-16 17:46:49.78 文件 D:\weihu\McafeeUpdate\history\2019-06-16\update.list 的HASH值为:f8e84b811064f8e767990c6931b81f2be39ec5f0 
2019-06-16 17:46:49.78 开始进行文件哈希值校验流程。 
2019-06-16 17:46:49.78 文件 D:\weihu\McafeeUpdate\tmp\last.update 的HASH值为:f8e84b811064f8e767990c6931b81f2be39ec5f0 
当前更新源 Hash： !currentUpdateHash! 上一次更新源 Hash:  !lastUpdateHash! 
2019-06-16 17:46:50.87 本机错峰时间: 253 秒 
本次更新与上次更新一致，不予更新。 
2019-06-16 17:53:44.25 使用FTP方式 下载 update.list 至 D:\weihu\McafeeUpdate\tmp\
----FTP传输日志开始---- 
连接到 192.168.3.117。
220 Microsoft FTP Service
200 OPTS UTF8 command successful - UTF8 encoding now ON.
user Mcafee 9rI7431@
331 Password required for Mcafee.
230 User logged in.
bin
200 Type set to I.
get update.list
200 PORT command successful.
125 Data connection already open; Transfer starting.
226 Transfer complete.
ftp: 收到 324 字节，用时 0.04秒 7.90千字节/秒。
bye
221 Goodbye.
----FTP传输日志结束---- 
2019-06-16 17:53:45.00 FTP方式下载 update.list 完成 
2019-06-16 17:53:44.25 开始进行文件哈希值校验流程。 
2019-06-16 17:53:44.25 文件 D:\weihu\McafeeUpdate\history\2019-06-16\update.list 的HASH值为:f8e84b811064f8e767990c6931b81f2be39ec5f0 
2019-06-16 17:53:44.25 开始进行文件哈希值校验流程。 
2019-06-16 17:53:44.25 文件 D:\weihu\McafeeUpdate\tmp\last.update 的HASH值为:f8e84b811064f8e767990c6931b81f2be39ec5f0 
当前更新源 Hash： !currentUpdateHash! 上一次更新源 Hash:  !lastUpdateHash! 
2019-06-16 17:53:45.37 本机错峰时间: 253 秒 
本次更新与上次更新一致，不予更新。 
