2019-06-27  1:00:01.66 开始进行系统安全更新流程 
2019-06-27  1:00:01.66 DESKTOP-FFTFPUP 默认IP值为 169.254.254.254 
2019-06-27  1:00:01.66 DESKTOP-FFTFPUP 默认错峰时间为 69 
2019-06-27  1:00:01.66 载入 [common] 参数 
2019-06-27  1:00:01.66 载入 Protocol 参数 
2019-06-27  1:00:01.66 载入 FailureRetry 参数 
2019-06-27  1:00:01.66 载入 SourceList 参数 
2019-06-27  1:00:01.66 载入 MultiUpdate 参数 
2019-06-27  1:00:01.66 载入 LogReport 参数 
2019-06-27  1:00:01.66 载入 CheckDigitalSignature 参数 
2019-06-27  1:00:01.66 载入 HistoryUpdate 参数 
2019-06-27  1:00:01.66 载入 Deadline 参数 
2019-06-27  1:00:01.66 载入 NicOrder 参数 
2019-06-27  1:00:01.66 载入 [tfp] 参数 
2019-06-27  1:00:01.66 载入 Address 参数 
2019-06-27  1:00:01.66 载入 FTPUsername 参数 
2019-06-27  1:00:01.66 载入 FTPPassword 参数 
2019-06-27  1:00:02.00 DESKTOP-FFTFPUP IP值更新为: 169.254.53.47 
2019-06-27  1:00:02.00 DESKTOP-FFTFPUP 错峰时间更新为 658 
2019-06-27  1:00:01.66 使用FTP方式下载update.list至 D:\weihu\McafeeUpdate\tmp\ 
2019-06-27  1:00:01.66 get update.list   
2019-06-27  1:00:01.66 未连接。   
2019-06-27  1:00:23.16 FTP方式下载 update.list 失败,原因：连接FTP服务器失败  
2019-06-27  1:00:23.16 更新源下载失败，请检查环境后重试！ 
2019-06-27  1:00:23.16 准备上传操作日志。 
2019-06-27  1:00:01.66 使用FTP方式上传 D:\weihu\McafeeUpdate\log\2019-06-27.log 至 Log\2019-06-27\169.254.53.47.log
2019-06-27  1:00:01.66 mkdir Log\2019-06-27    
2019-06-27  1:00:01.66 未连接。   
2019-06-27  1:00:01.66 put D:\weihu\McafeeUpdate\log\2019-06-27.log Log\2019-06-27\169.254.53.47.log   
2019-06-27  1:00:01.66 未连接。   
2019-06-27  1:00:44.30 FTP方式上传 D:\weihu\McafeeUpdate\bin\..\log\2019-06-27.log 失败,原因：连接FTP服务器失败  
