2019-06-14 15:41:22.33 使用FTP方式 下载 update.list 至 D:\weihu\McafeeUpdate\bin\..\tmp\
----FTP传输日志开始---- 
连接到 192.168.3.117。
220 Microsoft FTP Service
200 OPTS UTF8 command successful - UTF8 encoding now ON.
user Mcafee 9rI7431@
331 Password required for Mcafee.
230 User logged in.
bin
200 Type set to I.
get update.list
200 PORT command successful.
125 Data connection already open; Transfer starting.
226 Transfer complete.
ftp: 收到 324 字节，用时 0.04秒 7.71千字节/秒。
bye
221 Goodbye.
----FTP传输日志结束---- 
2019-06-14 15:41:23.23 FTP方式下载 update.list 完成 
2019-06-14 15:41:22.33 开始进行文件哈希值校验流程。 
2019-06-14 15:41:22.33 文件 D:\weihu\McafeeUpdate\history\2019-06-14\update.list 的HASH值为:f8e84b811064f8e767990c6931b81f2be39ec5f0 
2019-06-14 15:41:22.33 开始进行文件哈希值校验流程。 
2019-06-14 15:41:22.33 文件 D:\weihu\McafeeUpdate\tmp\last.update 的HASH值为:44f3959b2bb6152c60d258e2160f3023d9ddd3fd 
2019-06-14 15:41:23.67 本机错峰时间: 253 秒 
2019-06-14 15:41:23.68 本次更新:\20191113012811\9241xdat.exe 错峰等待时间 253 秒 
2019-06-14 15:41:23.68 更新更新:\20191113012811\9241xdat.exe 错峰等待完成,准备执行下载流程 
2019-06-14 15:41:22.33 使用FTP方式 下载 \20191113012811\9241xdat.exe 至 /
----FTP传输日志开始---- 
连接到 192.168.3.117。
220 Microsoft FTP Service
200 OPTS UTF8 command successful - UTF8 encoding now ON.
user Mcafee 9rI7431@
331 Password required for Mcafee.
230 User logged in.
bin
200 Type set to I.
get \20191113012811\9241xdat.exe
200 PORT command successful.
125 Data connection already open; Transfer starting.
226 Transfer complete.
ftp: 收到 114158088 字节，用时 9.97秒 11446.71千字节/秒。
bye
221 Goodbye.
----FTP传输日志结束---- 
2019-06-14 15:41:34.16 FTP方式下载 \20191113012811\9241xdat.exe 完成 
2019-06-14 15:41:23.68 更新：\20191113012811\9241xdat.exe 下载完成。 
2019-06-14 15:41:23.68 本次更新:\20191113012811\9246xdat.exe 错峰等待时间 253 秒 
2019-06-14 15:41:23.68 更新更新:\20191113012811\9246xdat.exe 错峰等待完成,准备执行下载流程 
2019-06-14 15:41:22.33 使用FTP方式 下载 \20191113012811\9246xdat.exe 至 /
----FTP传输日志开始---- 
连接到 192.168.3.117。
220 Microsoft FTP Service
200 OPTS UTF8 command successful - UTF8 encoding now ON.
user Mcafee 9rI7431@
331 Password required for Mcafee.
230 User logged in.
bin
200 Type set to I.
get \20191113012811\9246xdat.exe
200 PORT command successful.
125 Data connection already open; Transfer starting.
226 Transfer complete.
ftp: 收到 115549152 字节，用时 10.10秒 11445.04千字节/秒。
bye
221 Goodbye.
----FTP传输日志结束---- 
2019-06-14 15:41:44.73 FTP方式下载 \20191113012811\9246xdat.exe 完成 
2019-06-14 15:41:23.68 更新：\20191113012811\9246xdat.exe 下载完成。 
2019-06-14 15:41:23.68 本次更新:\20191113012811\9248xdat.exe 错峰等待时间 253 秒 
2019-06-14 15:41:23.68 更新更新:\20191113012811\9248xdat.exe 错峰等待完成,准备执行下载流程 
2019-06-14 15:41:22.33 使用FTP方式 下载 \20191113012811\9248xdat.exe 至 /
----FTP传输日志开始---- 
连接到 192.168.3.117。
220 Microsoft FTP Service
200 OPTS UTF8 command successful - UTF8 encoding now ON.
user Mcafee 9rI7431@
331 Password required for Mcafee.
230 User logged in.
bin
200 Type set to I.
get \20191113012811\9248xdat.exe
200 PORT command successful.
125 Data connection already open; Transfer starting.
226 Transfer complete.
ftp: 收到 116280216 字节，用时 10.25秒 11339.99千字节/秒。
bye
221 Goodbye.
----FTP传输日志结束---- 
2019-06-14 15:41:55.49 FTP方式下载 \20191113012811\9248xdat.exe 完成 
2019-06-14 15:41:23.68 更新：\20191113012811\9248xdat.exe 下载完成。 
2019-06-14 15:41:23.68 本次更新:\20191113012811\9256xdat.exe 错峰等待时间 253 秒 
2019-06-14 15:41:23.68 更新更新:\20191113012811\9256xdat.exe 错峰等待完成,准备执行下载流程 
2019-06-14 15:41:22.33 使用FTP方式 下载 \20191113012811\9256xdat.exe 至 /
----FTP传输日志开始---- 
连接到 192.168.3.117。
220 Microsoft FTP Service
200 OPTS UTF8 command successful - UTF8 encoding now ON.
user Mcafee 9rI7431@
331 Password required for Mcafee.
230 User logged in.
bin
200 Type set to I.
get \20191113012811\9256xdat.exe
200 PORT command successful.
125 Data connection already open; Transfer starting.
226 Transfer complete.
ftp: 收到 116551832 字节，用时 10.33秒 11286.13千字节/秒。
bye
221 Goodbye.
----FTP传输日志结束---- 
2019-06-14 15:42:06.34 FTP方式下载 \20191113012811\9256xdat.exe 完成 
2019-06-14 15:41:23.68 更新：\20191113012811\9256xdat.exe 下载完成。 
2019-06-14 15:42:06.35 本次更新文件总量为：0M 
2019-06-14 15:42:06.36  更新失败，等待网络恢复后再次更新。 
2019-06-14 15:42:06.37 更新文件安装已完成 
2019-06-14 15:41:22.33 本次更新操作已完成。 
2019-06-14 17:22:40.65 使用FTP方式 下载 update.list 至 D:\weihu\McafeeUpdate\bin\..\tmp\
----FTP传输日志开始---- 
连接到 192.168.3.117。
220 Microsoft FTP Service
200 OPTS UTF8 command successful - UTF8 encoding now ON.
user Mcafee 9rI7431@
331 Password required for Mcafee.
230 User logged in.
bin
200 Type set to I.
get update.list
200 PORT command successful.
125 Data connection already open; Transfer starting.
226 Transfer complete.
ftp: 收到 324 字节，用时 0.04秒 7.90千字节/秒。
bye
221 Goodbye.
----FTP传输日志结束---- 
2019-06-14 17:22:41.36 FTP方式下载 update.list 完成 
2019-06-14 17:22:40.65 开始进行文件哈希值校验流程。 
2019-06-14 17:22:40.65 文件 D:\weihu\McafeeUpdate\history\2019-06-14\update.list 的HASH值为:f8e84b811064f8e767990c6931b81f2be39ec5f0 
2019-06-14 17:22:40.65 开始进行文件哈希值校验流程。 
2019-06-14 17:22:40.65 文件 D:\weihu\McafeeUpdate\tmp\last.update 的HASH值为:44f3959b2bb6152c60d258e2160f3023d9ddd3fd 
2019-06-14 17:22:41.69 本机错峰时间: 253 秒 
2019-06-14 17:22:41.69 本次更新:\20191113012811\9241xdat.exe 错峰等待时间 253 秒 
2019-06-14 17:22:41.69 更新更新:\20191113012811\9241xdat.exe 错峰等待完成,准备执行下载流程 
2019-06-14 17:22:40.65 使用FTP方式 下载 \20191113012811\9241xdat.exe 至 /
----FTP传输日志开始---- 
连接到 192.168.3.117。
220 Microsoft FTP Service
200 OPTS UTF8 command successful - UTF8 encoding now ON.
user Mcafee 9rI7431@
331 Password required for Mcafee.
230 User logged in.
bin
200 Type set to I.
get \20191113012811\9241xdat.exe
200 PORT command successful.
125 Data connection already open; Transfer starting.
226 Transfer complete.
ftp: 收到 114158088 字节，用时 9.89秒 11541.61千字节/秒。
bye
221 Goodbye.
----FTP传输日志结束---- 
2019-06-14 17:22:51.83 FTP方式下载 \20191113012811\9241xdat.exe 完成 
2019-06-14 17:22:41.69 更新：\20191113012811\9241xdat.exe 下载完成。 
2019-06-14 17:22:41.69 本次更新:\20191113012811\9246xdat.exe 错峰等待时间 253 秒 
2019-06-14 17:22:41.69 更新更新:\20191113012811\9246xdat.exe 错峰等待完成,准备执行下载流程 
2019-06-14 17:22:40.65 使用FTP方式 下载 \20191113012811\9246xdat.exe 至 /
----FTP传输日志开始---- 
连接到 192.168.3.117。
220 Microsoft FTP Service
200 OPTS UTF8 command successful - UTF8 encoding now ON.
user Mcafee 9rI7431@
331 Password required for Mcafee.
230 User logged in.
bin
200 Type set to I.
get \20191113012811\9246xdat.exe
200 PORT command successful.
125 Data connection already open; Transfer starting.
226 Transfer complete.
ftp: 收到 115549152 字节，用时 10.01秒 11544.53千字节/秒。
bye
221 Goodbye.
----FTP传输日志结束---- 
2019-06-14 17:23:02.09 FTP方式下载 \20191113012811\9246xdat.exe 完成 
2019-06-14 17:22:41.69 更新：\20191113012811\9246xdat.exe 下载完成。 
2019-06-14 17:22:41.69 本次更新:\20191113012811\9248xdat.exe 错峰等待时间 253 秒 
2019-06-14 17:22:41.69 更新更新:\20191113012811\9248xdat.exe 错峰等待完成,准备执行下载流程 
2019-06-14 17:22:40.65 使用FTP方式 下载 \20191113012811\9248xdat.exe 至 /
----FTP传输日志开始---- 
连接到 192.168.3.117。
220 Microsoft FTP Service
200 OPTS UTF8 command successful - UTF8 encoding now ON.
user Mcafee 9rI7431@
331 Password required for Mcafee.
230 User logged in.
bin
200 Type set to I.
get \20191113012811\9248xdat.exe
200 PORT command successful.
125 Data connection already open; Transfer starting.
226 Transfer complete.
ftp: 收到 116280216 字节，用时 10.03秒 11592.09千字节/秒。
bye
221 Goodbye.
----FTP传输日志结束---- 
2019-06-14 17:23:12.38 FTP方式下载 \20191113012811\9248xdat.exe 完成 
2019-06-14 17:22:41.69 更新：\20191113012811\9248xdat.exe 下载完成。 
2019-06-14 17:22:41.69 本次更新:\20191113012811\9256xdat.exe 错峰等待时间 253 秒 
2019-06-14 17:22:41.69 更新更新:\20191113012811\9256xdat.exe 错峰等待完成,准备执行下载流程 
2019-06-14 17:22:40.65 使用FTP方式 下载 \20191113012811\9256xdat.exe 至 /
----FTP传输日志开始---- 
连接到 192.168.3.117。
220 Microsoft FTP Service
200 OPTS UTF8 command successful - UTF8 encoding now ON.
user Mcafee 9rI7431@
331 Password required for Mcafee.
230 User logged in.
bin
200 Type set to I.
get \20191113012811\9256xdat.exe
200 PORT command successful.
125 Data connection already open; Transfer starting.
226 Transfer complete.
ftp: 收到 116551832 字节，用时 10.06秒 11589.13千字节/秒。
bye
221 Goodbye.
----FTP传输日志结束---- 
2019-06-14 17:23:22.68 FTP方式下载 \20191113012811\9256xdat.exe 完成 
2019-06-14 17:22:41.69 更新：\20191113012811\9256xdat.exe 下载完成。 
2019-06-14 17:23:22.69 本次更新文件总量为：0M 
2019-06-14 17:23:22.71  更新失败，等待网络恢复后再次更新。 
2019-06-14 17:23:22.72 更新文件安装已完成 
2019-06-14 17:22:40.65 本次更新操作已完成。 
2019-06-14 17:25:03.10 使用FTP方式 下载 update.list 至 D:\weihu\McafeeUpdate\bin\..\tmp\
----FTP传输日志开始---- 
连接到 192.168.3.117。
220 Microsoft FTP Service
200 OPTS UTF8 command successful - UTF8 encoding now ON.
user Mcafee 9rI7431@
331 Password required for Mcafee.
230 User logged in.
bin
200 Type set to I.
get update.list
200 PORT command successful.
125 Data connection already open; Transfer starting.
226 Transfer complete.
ftp: 收到 324 字节，用时 0.04秒 7.90千字节/秒。
bye
221 Goodbye.
----FTP传输日志结束---- 
2019-06-14 17:25:03.81 FTP方式下载 update.list 完成 
2019-06-14 17:25:03.10 开始进行文件哈希值校验流程。 
2019-06-14 17:25:03.10 文件 D:\weihu\McafeeUpdate\history\2019-06-14\update.list 的HASH值为:f8e84b811064f8e767990c6931b81f2be39ec5f0 
2019-06-14 17:25:03.10 开始进行文件哈希值校验流程。 
2019-06-14 17:25:03.10 文件 D:\weihu\McafeeUpdate\tmp\last.update 的HASH值为:44f3959b2bb6152c60d258e2160f3023d9ddd3fd 
2019-06-14 17:25:04.14 本机错峰时间: 253 秒 
2019-06-14 17:25:04.15 本次更新:\20191113012811\9241xdat.exe 错峰等待时间 253 秒 
2019-06-14 17:25:04.15 更新更新:\20191113012811\9241xdat.exe 错峰等待完成,准备执行下载流程 
2019-06-14 17:25:03.10 使用FTP方式 下载 \20191113012811\9241xdat.exe 至 /
----FTP传输日志开始---- 
连接到 192.168.3.117。
220 Microsoft FTP Service
200 OPTS UTF8 command successful - UTF8 encoding now ON.
user Mcafee 9rI7431@
331 Password required for Mcafee.
230 User logged in.
bin
200 Type set to I.
get \20191113012811\9241xdat.exe
200 PORT command successful.
125 Data connection already open; Transfer starting.
226 Transfer complete.
ftp: 收到 114158088 字节，用时 9.85秒 11590.83千字节/秒。
bye
221 Goodbye.
----FTP传输日志结束---- 
2019-06-14 17:25:14.23 FTP方式下载 \20191113012811\9241xdat.exe 完成 
2019-06-14 17:25:04.15 更新：\20191113012811\9241xdat.exe 下载完成。 
2019-06-14 17:25:04.15 本次更新:\20191113012811\9246xdat.exe 错峰等待时间 253 秒 
2019-06-14 17:25:04.15 更新更新:\20191113012811\9246xdat.exe 错峰等待完成,准备执行下载流程 
2019-06-14 17:25:03.10 使用FTP方式 下载 \20191113012811\9246xdat.exe 至 /
----FTP传输日志开始---- 
连接到 192.168.3.117。
220 Microsoft FTP Service
200 OPTS UTF8 command successful - UTF8 encoding now ON.
user Mcafee 9rI7431@
331 Password required for Mcafee.
230 User logged in.
bin
200 Type set to I.
get \20191113012811\9246xdat.exe
200 PORT command successful.
125 Data connection already open; Transfer starting.
226 Transfer complete.
ftp: 收到 115549152 字节，用时 9.97秒 11592.01千字节/秒。
bye
221 Goodbye.
----FTP传输日志结束---- 
2019-06-14 17:25:24.46 FTP方式下载 \20191113012811\9246xdat.exe 完成 
2019-06-14 17:25:04.15 更新：\20191113012811\9246xdat.exe 下载完成。 
2019-06-14 17:25:04.15 本次更新:\20191113012811\9248xdat.exe 错峰等待时间 253 秒 
2019-06-14 17:25:04.15 更新更新:\20191113012811\9248xdat.exe 错峰等待完成,准备执行下载流程 
2019-06-14 17:25:03.10 使用FTP方式 下载 \20191113012811\9248xdat.exe 至 /
----FTP传输日志开始---- 
连接到 192.168.3.117。
220 Microsoft FTP Service
200 OPTS UTF8 command successful - UTF8 encoding now ON.
user Mcafee 9rI7431@
331 Password required for Mcafee.
230 User logged in.
bin
200 Type set to I.
get \20191113012811\9248xdat.exe
200 PORT command successful.
125 Data connection already open; Transfer starting.
226 Transfer complete.
ftp: 收到 116280216 字节，用时 10.03秒 11592.09千字节/秒。
bye
221 Goodbye.
----FTP传输日志结束---- 
2019-06-14 17:25:34.75 FTP方式下载 \20191113012811\9248xdat.exe 完成 
2019-06-14 17:25:04.15 更新：\20191113012811\9248xdat.exe 下载完成。 
2019-06-14 17:25:04.15 本次更新:\20191113012811\9256xdat.exe 错峰等待时间 253 秒 
2019-06-14 17:25:04.15 更新更新:\20191113012811\9256xdat.exe 错峰等待完成,准备执行下载流程 
2019-06-14 17:25:03.10 使用FTP方式 下载 \20191113012811\9256xdat.exe 至 /
----FTP传输日志开始---- 
连接到 192.168.3.117。
220 Microsoft FTP Service
200 OPTS UTF8 command successful - UTF8 encoding now ON.
user Mcafee 9rI7431@
331 Password required for Mcafee.
230 User logged in.
bin
200 Type set to I.
get \20191113012811\9256xdat.exe
200 PORT command successful.
125 Data connection already open; Transfer starting.
终止所有活动的数据连接...
550 Data channel was closed by ABOR command from client.
226 ABOR command successful.
ftp: 收到 70454980 字节，用时 6.09秒 11572.76千字节/秒。
bye
221 Goodbye.
----FTP传输日志结束---- 
2019-06-14 17:25:41.86 FTP方式下载 \20191113012811\9256xdat.exe 失败,可能网络链接存在问题，请联系开发者进行处理 
2019-06-14 17:25:04.15 更新：\20191113012811\9256xdat.exe 下载完成。 
2019-06-14 17:25:41.88 本次更新文件总量为：0M 
2019-06-14 17:25:41.89  更新失败，等待网络恢复后再次更新。 
2019-06-14 17:25:41.89 更新文件安装已完成 
2019-06-14 17:25:03.10 本次更新操作已完成。 
2019-06-14 17:25:43.64 使用FTP方式 下载 update.list 至 D:\weihu\McafeeUpdate\bin\..\tmp\
----FTP传输日志开始---- 
连接到 192.168.3.117。
220 Microsoft FTP Service
200 OPTS UTF8 command successful - UTF8 encoding now ON.
user Mcafee 9rI7431@
331 Password required for Mcafee.
230 User logged in.
bin
200 Type set to I.
get update.list
200 PORT command successful.
125 Data connection already open; Transfer starting.
226 Transfer complete.
ftp: 收到 324 字节，用时 0.04秒 7.71千字节/秒。
bye
221 Goodbye.
----FTP传输日志结束---- 
2019-06-14 17:25:44.29 FTP方式下载 update.list 完成 
2019-06-14 17:25:43.64 开始进行文件哈希值校验流程。 
2019-06-14 17:25:43.64 文件 D:\weihu\McafeeUpdate\history\2019-06-14\update.list 的HASH值为:f8e84b811064f8e767990c6931b81f2be39ec5f0 
2019-06-14 17:25:43.64 开始进行文件哈希值校验流程。 
2019-06-14 17:25:43.64 文件 D:\weihu\McafeeUpdate\tmp\last.update 的HASH值为:44f3959b2bb6152c60d258e2160f3023d9ddd3fd 
2019-06-14 17:25:44.62 本机错峰时间: 253 秒 
2019-06-14 17:25:44.63 本次更新:\20191113012811\9241xdat.exe 错峰等待时间 253 秒 
2019-06-14 17:25:44.63 更新更新:\20191113012811\9241xdat.exe 错峰等待完成,准备执行下载流程 
2019-06-14 17:25:43.64 使用FTP方式 下载 \20191113012811\9241xdat.exe 至 /
----FTP传输日志开始---- 
连接到 192.168.3.117。
220 Microsoft FTP Service
200 OPTS UTF8 command successful - UTF8 encoding now ON.
user Mcafee 9rI7431@
331 Password required for Mcafee.
230 User logged in.
bin
200 Type set to I.
get \20191113012811\9241xdat.exe
200 PORT command successful.
125 Data connection already open; Transfer starting.
226 Transfer complete.
ftp: 收到 114158088 字节，用时 9.85秒 11590.83千字节/秒。
bye
221 Goodbye.
----FTP传输日志结束---- 
2019-06-14 17:25:54.72 FTP方式下载 \20191113012811\9241xdat.exe 完成 
2019-06-14 17:25:44.63 更新：\20191113012811\9241xdat.exe 下载完成。 
2019-06-14 17:25:44.63 本次更新:\20191113012811\9246xdat.exe 错峰等待时间 253 秒 
2019-06-14 17:25:44.63 更新更新:\20191113012811\9246xdat.exe 错峰等待完成,准备执行下载流程 
2019-06-14 17:25:43.64 使用FTP方式 下载 \20191113012811\9246xdat.exe 至 /
----FTP传输日志开始---- 
连接到 192.168.3.117。
220 Microsoft FTP Service
200 OPTS UTF8 command successful - UTF8 encoding now ON.
user Mcafee 9rI7431@
331 Password required for Mcafee.
230 User logged in.
bin
200 Type set to I.
get \20191113012811\9246xdat.exe
200 PORT command successful.
125 Data connection already open; Transfer starting.
226 Transfer complete.
ftp: 收到 115549152 字节，用时 10.01秒 11544.53千字节/秒。
bye
221 Goodbye.
----FTP传输日志结束---- 
2019-06-14 17:26:04.98 FTP方式下载 \20191113012811\9246xdat.exe 完成 
2019-06-14 17:25:44.63 更新：\20191113012811\9246xdat.exe 下载完成。 
2019-06-14 17:25:44.63 本次更新:\20191113012811\9248xdat.exe 错峰等待时间 253 秒 
2019-06-14 17:25:44.63 更新更新:\20191113012811\9248xdat.exe 错峰等待完成,准备执行下载流程 
2019-06-14 17:25:43.64 使用FTP方式 下载 \20191113012811\9248xdat.exe 至 /
----FTP传输日志开始---- 
连接到 192.168.3.117。
220 Microsoft FTP Service
200 OPTS UTF8 command successful - UTF8 encoding now ON.
user Mcafee 9rI7431@
331 Password required for Mcafee.
230 User logged in.
bin
200 Type set to I.
get \20191113012811\9248xdat.exe
200 PORT command successful.
125 Data connection already open; Transfer starting.
226 Transfer complete.
ftp: 收到 116280216 字节，用时 10.07秒 11543.75千字节/秒。
bye
221 Goodbye.
----FTP传输日志结束---- 
2019-06-14 17:26:15.31 FTP方式下载 \20191113012811\9248xdat.exe 完成 
2019-06-14 17:25:44.63 更新：\20191113012811\9248xdat.exe 下载完成。 
2019-06-14 17:25:44.63 本次更新:\20191113012811\9256xdat.exe 错峰等待时间 253 秒 
2019-06-14 17:25:44.63 更新更新:\20191113012811\9256xdat.exe 错峰等待完成,准备执行下载流程 
2019-06-14 17:25:43.64 使用FTP方式 下载 \20191113012811\9256xdat.exe 至 /
----FTP传输日志开始---- 
连接到 192.168.3.117。
220 Microsoft FTP Service
200 OPTS UTF8 command successful - UTF8 encoding now ON.
user Mcafee 9rI7431@
331 Password required for Mcafee.
230 User logged in.
bin
200 Type set to I.
get \20191113012811\9256xdat.exe
200 PORT command successful.
125 Data connection already open; Transfer starting.
226 Transfer complete.
ftp: 收到 116551832 字节，用时 10.06秒 11591.43千字节/秒。
bye
221 Goodbye.
----FTP传输日志结束---- 
2019-06-14 17:26:25.62 FTP方式下载 \20191113012811\9256xdat.exe 完成 
2019-06-14 17:25:44.63 更新：\20191113012811\9256xdat.exe 下载完成。 
2019-06-14 17:26:25.63 本次更新文件总量为：111M 
2019-06-14 17:26:25.64  更新失败，等待网络恢复后再次更新。 
2019-06-14 17:26:25.65 更新文件安装已完成 
2019-06-14 17:25:43.64 本次更新操作已完成。 
2019-06-14 17:27:01.56 使用FTP方式 下载 update.list 至 D:\weihu\McafeeUpdate\bin\..\tmp\
----FTP传输日志开始---- 
连接到 192.168.3.117。
220 Microsoft FTP Service
200 OPTS UTF8 command successful - UTF8 encoding now ON.
user Mcafee 9rI7431@
331 Password required for Mcafee.
230 User logged in.
bin
200 Type set to I.
get update.list
200 PORT command successful.
125 Data connection already open; Transfer starting.
226 Transfer complete.
ftp: 收到 324 字节，用时 0.04秒 7.90千字节/秒。
bye
221 Goodbye.
----FTP传输日志结束---- 
2019-06-14 17:27:02.23 FTP方式下载 update.list 完成 
2019-06-14 17:27:01.56 开始进行文件哈希值校验流程。 
2019-06-14 17:27:01.56 文件 D:\weihu\McafeeUpdate\history\2019-06-14\update.list 的HASH值为:f8e84b811064f8e767990c6931b81f2be39ec5f0 
2019-06-14 17:27:01.56 开始进行文件哈希值校验流程。 
2019-06-14 17:27:01.56 文件 D:\weihu\McafeeUpdate\tmp\last.update 的HASH值为:44f3959b2bb6152c60d258e2160f3023d9ddd3fd 
2019-06-14 17:27:02.57 本机错峰时间: 253 秒 
2019-06-14 17:27:02.57 本次更新:\20191113012811\9241xdat.exe 错峰等待时间 253 秒 
2019-06-14 17:27:02.57 更新更新:\20191113012811\9241xdat.exe 错峰等待完成,准备执行下载流程 
2019-06-14 17:27:01.56 使用FTP方式 下载 \20191113012811\9241xdat.exe 至 /
----FTP传输日志开始---- 
连接到 192.168.3.117。
220 Microsoft FTP Service
200 OPTS UTF8 command successful - UTF8 encoding now ON.
user Mcafee 9rI7431@
331 Password required for Mcafee.
230 User logged in.
bin
200 Type set to I.
get \20191113012811\9241xdat.exe
200 PORT command successful.
125 Data connection already open; Transfer starting.
226 Transfer complete.
ftp: 收到 114158088 字节，用时 9.85秒 11590.83千字节/秒。
bye
221 Goodbye.
----FTP传输日志结束---- 
2019-06-14 17:27:12.68 FTP方式下载 \20191113012811\9241xdat.exe 完成 
2019-06-14 17:27:02.57 更新：\20191113012811\9241xdat.exe 下载完成。 
2019-06-14 17:27:02.57 本次更新:\20191113012811\9246xdat.exe 错峰等待时间 253 秒 
2019-06-14 17:27:02.57 更新更新:\20191113012811\9246xdat.exe 错峰等待完成,准备执行下载流程 
2019-06-14 17:27:01.56 使用FTP方式 下载 \20191113012811\9246xdat.exe 至 /
----FTP传输日志开始---- 
连接到 192.168.3.117。
220 Microsoft FTP Service
200 OPTS UTF8 command successful - UTF8 encoding now ON.
user Mcafee 9rI7431@
331 Password required for Mcafee.
230 User logged in.
bin
200 Type set to I.
get \20191113012811\9246xdat.exe
200 PORT command successful.
125 Data connection already open; Transfer starting.
226 Transfer complete.
ftp: 收到 115549152 字节，用时 9.97秒 11590.85千字节/秒。
bye
221 Goodbye.
----FTP传输日志结束---- 
2019-06-14 17:30:03.75 FTP方式下载 \20191113012811\9246xdat.exe 完成 
2019-06-14 17:27:02.57 更新：\20191113012811\9246xdat.exe 下载完成。 
2019-06-14 17:27:02.57 本次更新:\20191113012811\9248xdat.exe 错峰等待时间 253 秒 
2019-06-14 17:27:02.57 更新更新:\20191113012811\9248xdat.exe 错峰等待完成,准备执行下载流程 
2019-06-14 17:27:01.56 使用FTP方式 下载 \20191113012811\9248xdat.exe 至 /
----FTP传输日志开始---- 
连接到 192.168.3.117。
220 Microsoft FTP Service
200 OPTS UTF8 command successful - UTF8 encoding now ON.
user Mcafee 9rI7431@
331 Password required for Mcafee.
230 User logged in.
bin
200 Type set to I.
get \20191113012811\9248xdat.exe
200 PORT command successful.
125 Data connection already open; Transfer starting.
终止所有活动的数据连接...
550 Data channel was closed by ABOR command from client.
226 ABOR command successful.
ftp: 收到 2920 字节，用时 0.01秒 486.67千字节/秒。
bye
221 Goodbye.
----FTP传输日志结束---- 
2019-06-14 17:30:04.22 FTP方式下载 \20191113012811\9248xdat.exe 失败,可能网络链接存在问题，请联系开发者进行处理 
2019-06-14 17:27:02.57 更新：\20191113012811\9248xdat.exe 下载完成。 
2019-06-14 17:27:02.57 本次更新:\20191113012811\9256xdat.exe 错峰等待时间 253 秒 
2019-06-14 17:27:02.57 更新更新:\20191113012811\9256xdat.exe 错峰等待完成,准备执行下载流程 
2019-06-14 17:27:01.56 使用FTP方式 下载 \20191113012811\9256xdat.exe 至 /
----FTP传输日志开始---- 
连接到 192.168.3.117。
220 Microsoft FTP Service
200 OPTS UTF8 command successful - UTF8 encoding now ON.
user Mcafee 9rI7431@
331 Password required for Mcafee.
230 User logged in.
bin
200 Type set to I.
get \20191113012811\9256xdat.exe
200 PORT command successful.
125 Data connection already open; Transfer starting.
终止所有活动的数据连接...
550 Data channel was closed by ABOR command from client.
226 ABOR command successful.
ftp: 收到 2293752 字节，用时 0.21秒 11027.65千字节/秒。
bye
221 Goodbye.
----FTP传输日志结束---- 
2019-06-14 17:30:05.03 FTP方式下载 \20191113012811\9256xdat.exe 失败,可能网络链接存在问题，请联系开发者进行处理 
2019-06-14 17:27:02.57 更新：\20191113012811\9256xdat.exe 下载完成。 
2019-06-14 17:30:07.88 使用FTP方式 下载 update.list 至 D:\weihu\McafeeUpdate\tmp\
----FTP传输日志开始---- 
连接到 192.168.3.117。
220 Microsoft FTP Service
200 OPTS UTF8 command successful - UTF8 encoding now ON.
user Mcafee 9rI7431@
331 Password required for Mcafee.
230 User logged in.
bin
200 Type set to I.
get update.list
200 PORT command successful.
125 Data connection already open; Transfer starting.
226 Transfer complete.
ftp: 收到 324 字节，用时 0.04秒 8.10千字节/秒。
bye
221 Goodbye.
----FTP传输日志结束---- 
2019-06-14 17:30:08.58 FTP方式下载 update.list 完成 
2019-06-14 17:30:07.88 开始进行文件哈希值校验流程。 
2019-06-14 17:30:07.88 文件 D:\weihu\McafeeUpdate\history\2019-06-14\update.list 的HASH值为:f8e84b811064f8e767990c6931b81f2be39ec5f0 
2019-06-14 17:30:07.88 开始进行文件哈希值校验流程。 
2019-06-14 17:30:07.88 文件 D:\weihu\McafeeUpdate\tmp\last.update 的HASH值为:44f3959b2bb6152c60d258e2160f3023d9ddd3fd 
2019-06-14 17:30:08.90 本机错峰时间: 253 秒 
2019-06-14 17:30:08.90 本次更新:\20191113012811\9241xdat.exe 错峰等待时间 253 秒 
2019-06-14 17:30:08.90 更新更新:\20191113012811\9241xdat.exe 错峰等待完成,准备执行下载流程 
2019-06-14 17:30:07.88 使用FTP方式 下载 \20191113012811\9241xdat.exe 至 D:\weihu\McafeeUpdate\history\2019-06-14\
----FTP传输日志开始---- 
连接到 192.168.3.117。
220 Microsoft FTP Service
200 OPTS UTF8 command successful - UTF8 encoding now ON.
user Mcafee 9rI7431@
331 Password required for Mcafee.
230 User logged in.
bin
200 Type set to I.
get \20191113012811\9241xdat.exe
200 PORT command successful.
125 Data connection already open; Transfer starting.
226 Transfer complete.
ftp: 收到 114158088 字节，用时 9.85秒 11590.83千字节/秒。
bye
221 Goodbye.
----FTP传输日志结束---- 
2019-06-14 17:30:18.98 FTP方式下载 \20191113012811\9241xdat.exe 完成 
2019-06-14 17:30:08.90 更新：\20191113012811\9241xdat.exe 下载完成。 
2019-06-14 17:30:08.90 本次更新:\20191113012811\9246xdat.exe 错峰等待时间 253 秒 
2019-06-14 17:30:08.90 更新更新:\20191113012811\9246xdat.exe 错峰等待完成,准备执行下载流程 
2019-06-14 17:30:07.88 使用FTP方式 下载 \20191113012811\9246xdat.exe 至 D:\weihu\McafeeUpdate\history\2019-06-14\
----FTP传输日志开始---- 
连接到 192.168.3.117。
220 Microsoft FTP Service
200 OPTS UTF8 command successful - UTF8 encoding now ON.
user Mcafee 9rI7431@
331 Password required for Mcafee.
230 User logged in.
bin
200 Type set to I.
get \20191113012811\9246xdat.exe
200 PORT command successful.
125 Data connection already open; Transfer starting.
226 Transfer complete.
ftp: 收到 115549152 字节，用时 9.97秒 11592.01千字节/秒。
bye
221 Goodbye.
----FTP传输日志结束---- 
2019-06-14 17:30:29.21 FTP方式下载 \20191113012811\9246xdat.exe 完成 
2019-06-14 17:30:08.90 更新：\20191113012811\9246xdat.exe 下载完成。 
2019-06-14 17:30:08.90 本次更新:\20191113012811\9248xdat.exe 错峰等待时间 253 秒 
2019-06-14 17:30:08.90 更新更新:\20191113012811\9248xdat.exe 错峰等待完成,准备执行下载流程 
2019-06-14 17:30:07.88 使用FTP方式 下载 \20191113012811\9248xdat.exe 至 D:\weihu\McafeeUpdate\history\2019-06-14\
----FTP传输日志开始---- 
连接到 192.168.3.117。
220 Microsoft FTP Service
200 OPTS UTF8 command successful - UTF8 encoding now ON.
user Mcafee 9rI7431@
331 Password required for Mcafee.
230 User logged in.
bin
200 Type set to I.
get \20191113012811\9248xdat.exe
200 PORT command successful.
125 Data connection already open; Transfer starting.
226 Transfer complete.
ftp: 收到 116280216 字节，用时 10.03秒 11592.09千字节/秒。
bye
221 Goodbye.
----FTP传输日志结束---- 
2019-06-14 17:30:39.53 FTP方式下载 \20191113012811\9248xdat.exe 完成 
2019-06-14 17:30:08.90 更新：\20191113012811\9248xdat.exe 下载完成。 
2019-06-14 17:30:08.90 本次更新:\20191113012811\9256xdat.exe 错峰等待时间 253 秒 
2019-06-14 17:30:08.90 更新更新:\20191113012811\9256xdat.exe 错峰等待完成,准备执行下载流程 
2019-06-14 17:30:07.88 使用FTP方式 下载 \20191113012811\9256xdat.exe 至 D:\weihu\McafeeUpdate\history\2019-06-14\
----FTP传输日志开始---- 
连接到 192.168.3.117。
220 Microsoft FTP Service
200 OPTS UTF8 command successful - UTF8 encoding now ON.
user Mcafee 9rI7431@
331 Password required for Mcafee.
230 User logged in.
bin
200 Type set to I.
get \20191113012811\9256xdat.exe
200 PORT command successful.
125 Data connection already open; Transfer starting.
226 Transfer complete.
ftp: 收到 116551832 字节，用时 10.05秒 11592.58千字节/秒。
bye
221 Goodbye.
----FTP传输日志结束---- 
2019-06-14 17:30:49.85 FTP方式下载 \20191113012811\9256xdat.exe 完成 
2019-06-14 17:30:08.90 更新：\20191113012811\9256xdat.exe 下载完成。 
2019-06-14 17:30:49.86 本次更新文件总量为：111M 
2019-06-14 17:30:49.87  更新失败，等待网络恢复后再次更新。 
2019-06-14 17:30:49.88 更新文件安装已完成 
2019-06-14 17:30:07.88 本次更新操作已完成。 
