2019-06-23 21:53:00.01 开始进行系统安全更新流程 
2019-06-23 21:53:00.01 WINXP-TESTSERVE 默认IP值为 169.254.254.254 
2019-06-23 21:53:00.01 WINXP-TESTSERVE 默认错峰时间为 220 
2019-06-23 21:53:00.01 载入 [common] 参数 
2019-06-23 21:53:00.01 载入 Protocol 参数 
2019-06-23 21:53:00.01 载入 FailureRetry 参数 
2019-06-23 21:53:00.01 载入 SourceList 参数 
2019-06-23 21:53:00.01 载入 MultiUpdate 参数 
2019-06-23 21:53:00.01 载入 LogReport 参数 
2019-06-23 21:53:00.01 载入 CheckDigitalSignature 参数 
2019-06-23 21:53:00.01 载入 HistoryUpdate 参数 
2019-06-23 21:53:00.01 载入 Deadline 参数 
2019-06-23 21:53:00.01 载入 NicOrder 参数 
2019-06-23 21:53:00.01 载入 [tfp] 参数 
2019-06-23 21:53:00.01 载入 Address 参数 
2019-06-23 21:53:00.01 载入 FTPUsername 参数 
2019-06-23 21:53:00.01 载入 FTPPassword 参数 
2019-06-23 21:53:01.62 WINXP-TESTSERVE IP值更新为: 192.168.5.169 
2019-06-23 21:53:01.62 WINXP-TESTSERVE 错峰时间更新为 192.168.5.169
 
2019-06-23 21:53:00.01 使用FTP方式 下载 update.list 至 C:\weihu\McafeeUpdate\tmp\ 
Connected to 192.168.3.117.

220 Microsoft FTP Service
user Mcafee WU4m5DryqQ4re8
331 Password required for Mcafee.
230 User logged in.
bin
200 Type set to I.
get update.list
200 PORT command successful.
125 Data connection already open; Transfer starting.
226 Transfer complete.
ftp: 收到 245 字节，用时 0.19Seconds 1.30Kbytes/sec.

bye
221 Goodbye.
2019-06-23 21:53:00.01 230 User logged in.  
2019-06-23 21:53:00.01 200 Type set to I.  
2019-06-23 21:53:00.01 get update.list  
2019-06-23 21:53:00.01 200 PORT command successful.  
2019-06-23 21:53:00.01 125 Data connection already open; Transfer starting.  
2019-06-23 21:53:00.01 226 Transfer complete.  
2019-06-23 21:53:00.01 ftp: 收到 245 字节，用时 0.19Seconds 1.30Kbytes/sec.
  
2019-06-23 21:53:00.01 221 Goodbye.  
2019-06-23 21:53:02.31 FTP方式下载 update.list 完成 
2019-06-23 21:53:00.01 开始对 C:\weihu\McafeeUpdate\history\2019-06-23\update.list 进行文件哈希值校验。 
2019-06-23 21:53:00.01 文件 update.list 的HASH值:b517480280e663f1b3cbd6b75042b55ab7787693 
2019-06-23 21:53:00.01 开始对 C:\weihu\McafeeUpdate\tmp\last.update 进行文件哈希值校验。 
2019-06-23 21:53:00.01 文件 last.update 的HASH值:f8e84b811064f8e767990c6931b81f2be39ec5f0 
2019-06-23 21:53:02.73 当前源 Hash： b517480280e663f1b3cbd6b75042b55ab7787693 上次源 Hash:  f8e84b811064f8e767990c6931b81f2be39ec5f0 
2019-06-23 21:53:02.75 本机错峰下载等待时间: 2366 秒 
2019-06-23 21:53:02.75 本机错峰下载等待完成，进行更新下载 
2019-06-23 21:53:00.01 使用FTP方式 下载 \20190621095301\9241xdat.exe 至 C:\weihu\McafeeUpdate\history\2019-06-23\ 
Connected to 192.168.3.117.

220 Microsoft FTP Service
user Mcafee WU4m5DryqQ4re8
331 Password required for Mcafee.
230 User logged in.
bin
200 Type set to I.
get \20190621095301\9241xdat.exe
200 PORT command successful.
125 Data connection already open; Transfer starting.
226 Transfer complete.
ftp: 收到 114158088 字节，用时 12.67Seconds 9008.69Kbytes/sec.

bye
221 Goodbye.
2019-06-23 21:53:00.01 230 User logged in.  
2019-06-23 21:53:00.01 200 Type set to I.  
2019-06-23 21:53:00.01 get \20190621095301\9241xdat.exe  
2019-06-23 21:53:00.01 200 PORT command successful.  
2019-06-23 21:53:00.01 125 Data connection already open; Transfer starting.  
2019-06-23 21:53:00.01 226 Transfer complete.  
2019-06-23 21:53:00.01 ftp: 收到 114158088 字节，用时 12.67Seconds 9008.69Kbytes/sec.
  
2019-06-23 21:53:00.01 221 Goodbye.  
2019-06-23 21:53:30.68 FTP方式下载 \20190621095301\9241xdat.exe 完成 
2019-06-23 21:53:00.01 使用FTP方式 下载 \20190621095301\9246xdat.exe 至 C:\weihu\McafeeUpdate\history\2019-06-23\ 
Connected to 192.168.3.117.

220 Microsoft FTP Service
user Mcafee WU4m5DryqQ4re8
331 Password required for Mcafee.
230 User logged in.
bin
200 Type set to I.
get \20190621095301\9246xdat.exe
200 PORT command successful.
125 Data connection already open; Transfer starting.
226 Transfer complete.
ftp: 收到 115549152 字节，用时 11.52Seconds 10033.79Kbytes/sec.

bye
221 Goodbye.
2019-06-23 21:53:00.01 230 User logged in.  
2019-06-23 21:53:00.01 200 Type set to I.  
2019-06-23 21:53:00.01 get \20190621095301\9246xdat.exe  
2019-06-23 21:53:00.01 200 PORT command successful.  
2019-06-23 21:53:00.01 125 Data connection already open; Transfer starting.  
2019-06-23 21:53:00.01 226 Transfer complete.  
2019-06-23 21:53:00.01 ftp: 收到 115549152 字节，用时 11.52Seconds 10033.79Kbytes/sec.
  
2019-06-23 21:53:00.01 221 Goodbye.  
2019-06-23 21:53:42.76 FTP方式下载 \20190621095301\9246xdat.exe 完成 
2019-06-23 21:53:00.01 使用FTP方式 下载 \20190621095301\office2003.exe 至 C:\weihu\McafeeUpdate\history\2019-06-23\ 
Connected to 192.168.3.117.

220 Microsoft FTP Service
user Mcafee WU4m5DryqQ4re8
331 Password required for Mcafee.
230 User logged in.
bin
200 Type set to I.
get \20190621095301\office2003.exe
200 PORT command successful.
125 Data connection already open; Transfer starting.
226 Transfer complete.
ftp: 收到 161203141 字节，用时 16.02Seconds 10065.76Kbytes/sec.

bye
221 Goodbye.
2019-06-23 21:53:00.01 230 User logged in.  
2019-06-23 21:53:00.01 200 Type set to I.  
2019-06-23 21:53:00.01 get \20190621095301\office2003.exe  
2019-06-23 21:53:00.01 200 PORT command successful.  
2019-06-23 21:53:00.01 125 Data connection already open; Transfer starting.  
2019-06-23 21:53:00.01 226 Transfer complete.  
2019-06-23 21:53:00.01 ftp: 收到 161203141 字节，用时 16.02Seconds 10065.76Kbytes/sec.
  
2019-06-23 21:53:00.01 221 Goodbye.  
2019-06-23 21:53:59.40 FTP方式下载 \20190621095301\office2003.exe 完成 
2019-06-23 21:53:59.42 本次更新文件总量为：372M 
2019-06-23 21:53:59.65 进入更新文件校验流程,当前工作目录: C:\weihu\McafeeUpdate\history\2019-06-23 
2019-06-23 21:53:00.01 开始对 C:\weihu\McafeeUpdate\history\2019-06-23\9241xdat.exe 进行文件哈希值校验。 
2019-06-23 21:53:00.01 文件 9241xdat.exe 的HASH值:782d39bac87adc5238fbd6e3a2624df67c58c258 
2019-06-23 21:53:59.67 文件名:9241xdat.exe Hash: 782d39bac87adc5238fbd6e3a2624df67c58c258 Size: 114158088 
2019-06-23 21:53:59.67 更新文件 9241xdat.exe 与服务器文件一致。 
2019-06-23 21:53:00.01 开始对 C:\weihu\McafeeUpdate\history\2019-06-23\9246xdat.exe 进行文件哈希值校验。 
2019-06-23 21:53:00.01 文件 9246xdat.exe 的HASH值:33c8e95aa436f82b753657c6a741fb56872e1044 
2019-06-23 21:53:59.67 文件名:9246xdat.exe Hash: 33c8e95aa436f82b753657c6a741fb56872e1044 Size: 115549152 
2019-06-23 21:53:59.67 更新文件 9246xdat.exe 与服务器文件一致。 
2019-06-23 21:53:00.01 开始对 C:\weihu\McafeeUpdate\history\2019-06-23\office2003.exe 进行文件哈希值校验。 
2019-06-23 21:53:00.01 文件 office2003.exe 的HASH值:b2bd2ebdf6246bc09e9960f6113e1dbdade7de59 
2019-06-23 21:53:59.67 文件名:office2003.exe Hash: b2bd2ebdf6246bc09e9960f6113e1dbdade7de59 Size: 161203141 
2019-06-23 21:53:59.67 更新文件 office2003.exe 与服务器文件一致。 
2019-06-23 21:54:04.70 更新文件校验完毕，准备进行安装更新 
2019-06-23 21:54:04.70 进入更新文件安装流程,当前工作目录: C:\weihu\McafeeUpdate\history\2019-06-23 
2019-06-23 21:54:04.70 开始进行文件签名校验流程。 
2019-06-23 21:54:11.43 文件签名校验结果: 
2019-06-23 21:54:11.43 Verified:Signed 
2019-06-23 21:54:11.43 Signing date:15:282019-4-28 
2019-06-23 21:54:11.43 Publisher:McAfee,Inc. 
2019-06-23 21:54:11.43 Description:SuperDATStub 
2019-06-23 21:54:11.43 Product:McAfeeCoreComponents 
2019-06-23 21:54:11.43 Version:2.5 
2019-06-23 21:54:11.43 MD5:44aa46c9d0b5402d144b0b9953b2b1bf 
2019-06-23 21:54:11.43 SHA1:782d39bac87adc5238fbd6e3a2624df67c58c258 
2019-06-23 21:54:11.43 SHA256:be2c0c965ec198f25a65823f66f75219298c6d3df2c8e7a294a0b271ffa74396 
2019-06-23 21:54:11.43 文件:9241xdat.exe 签名正常。 
2019-06-23 21:54:11.48 进入更新包安装流程。 
2019-06-23 21:54:15.35 正在从 Stub 文件 C:\weihu\McafeeUpdate\history\2019-06-23\9241xdat.exe 中解压缩 ZIP 文件。 
2019-06-23 21:54:15.35 正在执行自我验证... 
2019-06-23 21:54:15.35 正在从 ZIP 文件中检索文件 NAISCRIP.NSC。 
2019-06-23 21:54:15.35 正在加载和解析脚本文件: C:\DOCUME~1\ADMINI~1\LOCALS~1\Temp\15C0\NAISCRIP.NSC 
2019-06-23 21:54:15.35 正在从 ZIP 文件中检索文件 Globals.nsg。 
2019-06-23 21:54:15.35 正在加载和解析全局文件: Globals.nsg 
2019-06-23 21:54:15.35 正在搜索已安装的所有防病毒产品。 
2019-06-23 21:54:15.35 正在删除...C:\DOCUME~1\ADMINI~1\LOCALS~1\Temp\NAI3E.tmp 
2019-06-23 21:54:15.35 正在删除...C:\DOCUME~1\ADMINI~1\LOCALS~1\Temp\15C0 
2019-06-23 21:54:15.35 更新进程失败。 
2019-06-23 21:54:15.37 病毒库更新:9241xdat.exe 安装失败，当前计算机未找到符合条件的Mcafee产品。 
2019-06-23 21:54:15.37 开始进行文件签名校验流程。 
2019-06-23 21:54:19.06 文件签名校验结果: 
2019-06-23 21:54:19.06 Verified:Signed 
2019-06-23 21:54:19.06 Signing date:23:552019-5-3 
2019-06-23 21:54:19.06 Publisher:McAfee,Inc. 
2019-06-23 21:54:19.06 Description:SuperDATStub 
2019-06-23 21:54:19.06 Product:McAfeeCoreComponents 
2019-06-23 21:54:19.06 Version:2.5 
2019-06-23 21:54:19.06 MD5:85ccf474abf4af2662da0e054116eae9 
2019-06-23 21:54:19.06 SHA1:33c8e95aa436f82b753657c6a741fb56872e1044 
2019-06-23 21:54:19.06 SHA256:07d90a4dfd376856cb00a37218702ef57a1b7b39a8b34a6e64bc508efc529ab0 
2019-06-23 21:54:19.06 文件:9246xdat.exe 签名正常。 
2019-06-23 21:54:19.09 进入更新包安装流程。 
2019-06-23 21:54:22.26 正在从 Stub 文件 C:\weihu\McafeeUpdate\history\2019-06-23\9246xdat.exe 中解压缩 ZIP 文件。 
2019-06-23 21:54:22.26 正在执行自我验证... 
2019-06-23 21:54:22.26 正在从 ZIP 文件中检索文件 NAISCRIP.NSC。 
2019-06-23 21:54:22.26 正在加载和解析脚本文件: C:\DOCUME~1\ADMINI~1\LOCALS~1\Temp\15D7\NAISCRIP.NSC 
2019-06-23 21:54:22.26 正在从 ZIP 文件中检索文件 Globals.nsg。 
2019-06-23 21:54:22.26 正在加载和解析全局文件: Globals.nsg 
2019-06-23 21:54:22.26 正在搜索已安装的所有防病毒产品。 
2019-06-23 21:54:22.26 正在删除...C:\DOCUME~1\ADMINI~1\LOCALS~1\Temp\NAI40.tmp 
2019-06-23 21:54:22.26 正在删除...C:\DOCUME~1\ADMINI~1\LOCALS~1\Temp\15D7 
2019-06-23 21:54:22.26 更新进程失败。 
2019-06-23 21:54:22.28 病毒库更新:9246xdat.exe 安装失败，当前计算机未找到符合条件的Mcafee产品。 
2019-06-23 21:54:22.28 开始进行文件签名校验流程。 
2019-06-23 21:54:26.62 文件签名校验结果: 
2019-06-23 21:54:26.62 Verified:Unsigned 
2019-06-23 21:54:26.62 Publisher:???? 
2019-06-23 21:54:26.62 Description:Office2003????? 
2019-06-23 21:54:26.62 Product:MicrosoftOffice2003???? 
2019-06-23 21:54:26.62 Version:2.0 
2019-06-23 21:54:26.62 MD5:eb93f95b31c76c3eb7ddb94ed54702a9 
2019-06-23 21:54:26.62 SHA1:b2bd2ebdf6246bc09e9960f6113e1dbdade7de59 
2019-06-23 21:54:26.62 SHA256:829f49c53407c95ce10a6a68bf04c6a282f58ac084a5861ec3437114e6e7cf88 
2019-06-23 21:54:26.62 数字签名损坏或未签名。 
2019-06-23 21:54:26.64 所有更新文件安装流程已完成 
2019-06-23 21:54:26.64 准备上传操作日志。 
2019-06-23 21:53:00.01 使用FTP方式 上传 C:\weihu\McafeeUpdate\bin\..\tmp\192.168.5.169-Fail.log 至 Log\2019-06-23\192.168.5.169-Fail.log
Connected to 192.168.3.117.

220 Microsoft FTP Service
user Mcafee WU4m5DryqQ4re8
331 Password required for Mcafee.
230 User logged in.
bin
200 Type set to I.
mkdir Log\2019-06-2
257 "Log\2019-06-2" directory created.
put C:\weihu\McafeeUpdate\bin\..\tmp\192.168.5.169-Fail.log Log\2019-06-23\192.168.5.169-Fail.log
200 PORT command successful.
550 The system cannot find the path specified. 

bye
221 Goodbye.
2019-06-23 21:53:00.01 230 User logged in.  
2019-06-23 21:53:00.01 200 Type set to I.  
2019-06-23 21:53:00.01 mkdir Log\2019-06-2  
2019-06-23 21:53:00.01 257 "Log\2019-06-2" directory created.  
2019-06-23 21:53:00.01 put C:\weihu\McafeeUpdate\bin\..\tmp\192.168.5.169-Fail.log Log\2019-06-23\192.168.5.169-Fail.log  
2019-06-23 21:53:00.01 200 PORT command successful.  
2019-06-23 21:53:00.01 550 The system cannot find the path specified. 
  
2019-06-23 21:53:00.01 221 Goodbye.  
2019-06-23 21:54:27.25 FTP方式上传 C:\weihu\McafeeUpdate\bin\..\tmp\192.168.5.169-Fail.log 失败,可能网络链接存在问题，请联系开发者进行处理 
2019-06-23 21:59:05.85 开始进行系统安全更新流程 
2019-06-23 21:59:05.85 WINXP-TESTSERVE 默认IP值为 169.254.254.254 
2019-06-23 21:59:05.85 WINXP-TESTSERVE 默认错峰时间为 215 
2019-06-23 21:59:05.85 载入 [common] 参数 
2019-06-23 21:59:05.85 载入 Protocol 参数 
2019-06-23 21:59:05.85 载入 FailureRetry 参数 
2019-06-23 21:59:05.85 载入 SourceList 参数 
2019-06-23 21:59:05.85 载入 MultiUpdate 参数 
2019-06-23 21:59:05.85 载入 LogReport 参数 
2019-06-23 21:59:05.85 载入 CheckDigitalSignature 参数 
2019-06-23 21:59:05.85 载入 HistoryUpdate 参数 
2019-06-23 21:59:05.85 载入 Deadline 参数 
2019-06-23 21:59:05.85 载入 NicOrder 参数 
2019-06-23 21:59:05.85 载入 [tfp] 参数 
2019-06-23 21:59:05.85 载入 Address 参数 
2019-06-23 21:59:05.85 载入 FTPUsername 参数 
2019-06-23 21:59:05.85 载入 FTPPassword 参数 
2019-06-23 21:59:07.54 WINXP-TESTSERVE IP值更新为: 192.168.5.169 
2019-06-23 21:59:07.54 WINXP-TESTSERVE 错峰时间更新为 192.168.5.169
 
2019-06-23 21:59:05.85 使用FTP方式 下载 update.list 至 C:\weihu\McafeeUpdate\tmp\ 
Connected to 192.168.3.117.

220 Microsoft FTP Service
user Mcafee WU4m5DryqQ4re8
331 Password required for Mcafee.
230 User logged in.
bin
200 Type set to I.
get update.list
200 PORT command successful.
125 Data connection already open; Transfer starting.
226 Transfer complete.
ftp: 收到 245 字节，用时 0.13Seconds 1.96Kbytes/sec.

bye
221 Goodbye.
2019-06-23 21:59:05.85 230 User logged in.  
2019-06-23 21:59:05.85 200 Type set to I.  
2019-06-23 21:59:05.85 get update.list  
2019-06-23 21:59:05.85 200 PORT command successful.  
2019-06-23 21:59:05.85 125 Data connection already open; Transfer starting.  
2019-06-23 21:59:05.85 226 Transfer complete.  
2019-06-23 21:59:05.85 ftp: 收到 245 字节，用时 0.13Seconds 1.96Kbytes/sec.
  
2019-06-23 21:59:05.85 221 Goodbye.  
2019-06-23 21:59:08.18 FTP方式下载 update.list 完成 
2019-06-23 21:59:05.85 开始对 C:\weihu\McafeeUpdate\history\2019-06-23\update.list 进行文件哈希值校验。 
2019-06-23 21:59:05.85 文件 update.list 的HASH值:b517480280e663f1b3cbd6b75042b55ab7787693 
2019-06-23 21:59:05.85 开始对 C:\weihu\McafeeUpdate\tmp\last.update 进行文件哈希值校验。 
2019-06-23 21:59:05.85 文件 last.update 的HASH值:f8e84b811064f8e767990c6931b81f2be39ec5f0 
2019-06-23 21:59:08.54 当前源 Hash： b517480280e663f1b3cbd6b75042b55ab7787693 上次源 Hash:  f8e84b811064f8e767990c6931b81f2be39ec5f0 
2019-06-23 21:59:08.54 本机错峰下载等待时间: 2366 秒 
2019-06-23 21:59:08.54 本机错峰下载等待完成，进行更新下载 
2019-06-23 21:59:05.85 使用FTP方式 下载 \20190621095301\9241xdat.exe 至 C:\weihu\McafeeUpdate\history\2019-06-23\ 
Connected to 192.168.3.117.

220 Microsoft FTP Service
user Mcafee WU4m5DryqQ4re8
331 Password required for Mcafee.
230 User logged in.
bin
200 Type set to I.
get \20190621095301\9241xdat.exe
200 PORT command successful.
125 Data connection already open; Transfer starting.
226 Transfer complete.
ftp: 收到 114158088 字节，用时 11.25Seconds 10147.39Kbytes/sec.

bye
221 Goodbye.
2019-06-23 21:59:05.85 230 User logged in.  
2019-06-23 21:59:05.85 200 Type set to I.  
2019-06-23 21:59:05.85 get \20190621095301\9241xdat.exe  
2019-06-23 21:59:05.85 200 PORT command successful.  
2019-06-23 21:59:05.85 125 Data connection already open; Transfer starting.  
2019-06-23 21:59:05.85 226 Transfer complete.  
2019-06-23 21:59:05.85 ftp: 收到 114158088 字节，用时 11.25Seconds 10147.39Kbytes/sec.
  
2019-06-23 21:59:05.85 221 Goodbye.  
2019-06-23 21:59:34.37 FTP方式下载 \20190621095301\9241xdat.exe 完成 
2019-06-23 21:59:05.85 使用FTP方式 下载 \20190621095301\9246xdat.exe 至 C:\weihu\McafeeUpdate\history\2019-06-23\ 
Connected to 192.168.3.117.

220 Microsoft FTP Service
user Mcafee WU4m5DryqQ4re8
331 Password required for Mcafee.
230 User logged in.
bin
200 Type set to I.
get \20190621095301\9246xdat.exe
200 PORT command successful.
125 Data connection already open; Transfer starting.
226 Transfer complete.
ftp: 收到 115549152 字节，用时 11.44Seconds 10102.22Kbytes/sec.

bye
221 Goodbye.
2019-06-23 21:59:05.85 230 User logged in.  
2019-06-23 21:59:05.85 200 Type set to I.  
2019-06-23 21:59:05.85 get \20190621095301\9246xdat.exe  
2019-06-23 21:59:05.85 200 PORT command successful.  
2019-06-23 21:59:05.85 125 Data connection already open; Transfer starting.  
2019-06-23 21:59:05.85 226 Transfer complete.  
2019-06-23 21:59:05.85 ftp: 收到 115549152 字节，用时 11.44Seconds 10102.22Kbytes/sec.
  
2019-06-23 21:59:05.85 221 Goodbye.  
2019-06-23 21:59:46.32 FTP方式下载 \20190621095301\9246xdat.exe 完成 
2019-06-23 21:59:05.85 使用FTP方式 下载 \20190621095301\office2003.exe 至 C:\weihu\McafeeUpdate\history\2019-06-23\ 
Connected to 192.168.3.117.

220 Microsoft FTP Service
user Mcafee WU4m5DryqQ4re8
331 Password required for Mcafee.
230 User logged in.
bin
200 Type set to I.
get \20190621095301\office2003.exe
200 PORT command successful.
150 Opening BINARY mode data connection.
226 Transfer complete.
ftp: 收到 161203141 字节，用时 16.11Seconds 10007.02Kbytes/sec.

bye
221 Goodbye.
2019-06-23 21:59:05.85 230 User logged in.  
2019-06-23 21:59:05.85 200 Type set to I.  
2019-06-23 21:59:05.85 get \20190621095301\office2003.exe  
2019-06-23 21:59:05.85 200 PORT command successful.  
2019-06-23 21:59:05.85 150 Opening BINARY mode data connection.  
2019-06-23 21:59:05.85 226 Transfer complete.  
2019-06-23 21:59:05.85 ftp: 收到 161203141 字节，用时 16.11Seconds 10007.02Kbytes/sec.
  
2019-06-23 21:59:05.85 221 Goodbye.  
2019-06-23 22:00:03.00 FTP方式下载 \20190621095301\office2003.exe 完成 
2019-06-23 22:00:03.01 本次更新文件总量为：372M 
2019-06-23 22:00:03.01 进入更新文件校验流程,当前工作目录: C:\weihu\McafeeUpdate\history\2019-06-23 
2019-06-23 21:59:05.85 开始对 C:\weihu\McafeeUpdate\history\2019-06-23\9241xdat.exe 进行文件哈希值校验。 
2019-06-23 21:59:05.85 文件 9241xdat.exe 的HASH值:782d39bac87adc5238fbd6e3a2624df67c58c258 
2019-06-23 22:00:03.03 文件名:9241xdat.exe Hash: 782d39bac87adc5238fbd6e3a2624df67c58c258 Size: 114158088 
2019-06-23 22:00:03.03 更新文件 9241xdat.exe 与服务器文件一致。 
2019-06-23 21:59:05.85 开始对 C:\weihu\McafeeUpdate\history\2019-06-23\9246xdat.exe 进行文件哈希值校验。 
2019-06-23 21:59:05.85 文件 9246xdat.exe 的HASH值:33c8e95aa436f82b753657c6a741fb56872e1044 
2019-06-23 22:00:03.03 文件名:9246xdat.exe Hash: 33c8e95aa436f82b753657c6a741fb56872e1044 Size: 115549152 
2019-06-23 22:00:03.03 更新文件 9246xdat.exe 与服务器文件一致。 
2019-06-23 21:59:05.85 开始对 C:\weihu\McafeeUpdate\history\2019-06-23\office2003.exe 进行文件哈希值校验。 
2019-06-23 21:59:05.85 文件 office2003.exe 的HASH值:b2bd2ebdf6246bc09e9960f6113e1dbdade7de59 
2019-06-23 22:00:03.03 文件名:office2003.exe Hash: b2bd2ebdf6246bc09e9960f6113e1dbdade7de59 Size: 161203141 
2019-06-23 22:00:03.03 更新文件 office2003.exe 与服务器文件一致。 
2019-06-23 22:00:07.37 更新文件校验完毕，准备进行安装更新 
2019-06-23 22:00:07.37 进入更新文件安装流程,当前工作目录: C:\weihu\McafeeUpdate\history\2019-06-23 
2019-06-23 22:00:07.39 开始进行文件签名校验流程。 
2019-06-23 22:00:10.98 文件签名校验结果: 
2019-06-23 22:00:10.98 Verified:Signed 
2019-06-23 22:00:10.98 Signing date:15:282019-4-28 
2019-06-23 22:00:10.98 Publisher:McAfee,Inc. 
2019-06-23 22:00:10.98 Description:SuperDATStub 
2019-06-23 22:00:10.98 Product:McAfeeCoreComponents 
2019-06-23 22:00:10.98 Version:2.5 
2019-06-23 22:00:10.98 MD5:44aa46c9d0b5402d144b0b9953b2b1bf 
2019-06-23 22:00:10.98 SHA1:782d39bac87adc5238fbd6e3a2624df67c58c258 
2019-06-23 22:00:10.98 SHA256:be2c0c965ec198f25a65823f66f75219298c6d3df2c8e7a294a0b271ffa74396 
2019-06-23 22:00:10.98 文件:9241xdat.exe 签名正常。 
2019-06-23 22:00:11.00 进入更新包安装流程。 
2019-06-23 22:00:13.57 正在从 Stub 文件 C:\weihu\McafeeUpdate\history\2019-06-23\9241xdat.exe 中解压缩 ZIP 文件。 
2019-06-23 22:00:13.57 正在执行自我验证... 
2019-06-23 22:00:13.57 正在从 ZIP 文件中检索文件 NAISCRIP.NSC。 
2019-06-23 22:00:13.57 正在加载和解析脚本文件: C:\DOCUME~1\ADMINI~1\LOCALS~1\Temp\1A52\NAISCRIP.NSC 
2019-06-23 22:00:13.57 正在从 ZIP 文件中检索文件 Globals.nsg。 
2019-06-23 22:00:13.57 正在加载和解析全局文件: Globals.nsg 
2019-06-23 22:00:13.57 正在搜索已安装的所有防病毒产品。 
2019-06-23 22:00:13.57 正在删除...C:\DOCUME~1\ADMINI~1\LOCALS~1\Temp\NAI42.tmp 
2019-06-23 22:00:13.57 正在删除...C:\DOCUME~1\ADMINI~1\LOCALS~1\Temp\1A52 
2019-06-23 22:00:13.57 更新进程失败。 
2019-06-23 22:00:13.57 病毒库更新:9241xdat.exe 安装失败，当前计算机未找到符合条件的Mcafee产品。 
2019-06-23 22:00:13.59 开始进行文件签名校验流程。 
2019-06-23 22:00:17.10 文件签名校验结果: 
2019-06-23 22:00:17.10 Verified:Signed 
2019-06-23 22:00:17.10 Signing date:23:552019-5-3 
2019-06-23 22:00:17.10 Publisher:McAfee,Inc. 
2019-06-23 22:00:17.10 Description:SuperDATStub 
2019-06-23 22:00:17.10 Product:McAfeeCoreComponents 
2019-06-23 22:00:17.10 Version:2.5 
2019-06-23 22:00:17.10 MD5:85ccf474abf4af2662da0e054116eae9 
2019-06-23 22:00:17.10 SHA1:33c8e95aa436f82b753657c6a741fb56872e1044 
2019-06-23 22:00:17.10 SHA256:07d90a4dfd376856cb00a37218702ef57a1b7b39a8b34a6e64bc508efc529ab0 
2019-06-23 22:00:17.10 文件:9246xdat.exe 签名正常。 
2019-06-23 22:00:17.14 进入更新包安装流程。 
2019-06-23 22:00:19.70 正在从 Stub 文件 C:\weihu\McafeeUpdate\history\2019-06-23\9246xdat.exe 中解压缩 ZIP 文件。 
2019-06-23 22:00:19.70 正在执行自我验证... 
2019-06-23 22:00:19.70 正在从 ZIP 文件中检索文件 NAISCRIP.NSC。 
2019-06-23 22:00:19.70 正在加载和解析脚本文件: C:\DOCUME~1\ADMINI~1\LOCALS~1\Temp\1A65\NAISCRIP.NSC 
2019-06-23 22:00:19.70 正在从 ZIP 文件中检索文件 Globals.nsg。 
2019-06-23 22:00:19.70 正在加载和解析全局文件: Globals.nsg 
2019-06-23 22:00:19.70 正在搜索已安装的所有防病毒产品。 
2019-06-23 22:00:19.70 正在删除...C:\DOCUME~1\ADMINI~1\LOCALS~1\Temp\NAI44.tmp 
2019-06-23 22:00:19.70 正在删除...C:\DOCUME~1\ADMINI~1\LOCALS~1\Temp\1A65 
2019-06-23 22:00:19.70 更新进程失败。 
2019-06-23 22:00:19.70 病毒库更新:9246xdat.exe 安装失败，当前计算机未找到符合条件的Mcafee产品。 
2019-06-23 22:00:19.71 开始进行文件签名校验流程。 
2019-06-23 22:00:23.78 文件签名校验结果: 
2019-06-23 22:00:23.78 Verified:Unsigned 
2019-06-23 22:00:23.78 Publisher:???? 
2019-06-23 22:00:23.78 Description:Office2003????? 
2019-06-23 22:00:23.78 Product:MicrosoftOffice2003???? 
2019-06-23 22:00:23.78 Version:2.0 
2019-06-23 22:00:23.78 MD5:eb93f95b31c76c3eb7ddb94ed54702a9 
2019-06-23 22:00:23.78 SHA1:b2bd2ebdf6246bc09e9960f6113e1dbdade7de59 
2019-06-23 22:00:23.78 SHA256:829f49c53407c95ce10a6a68bf04c6a282f58ac084a5861ec3437114e6e7cf88 
2019-06-23 22:00:23.79 数字签名损坏或未签名。 
2019-06-23 22:00:23.79 所有更新文件安装流程已完成 
2019-06-23 22:00:23.79 准备上传操作日志。 
2019-06-23 21:59:05.85 使用FTP方式 上传 C:\weihu\McafeeUpdate\bin\..\tmp\192.168.5.169-Fail.log 至 Log\2019-06-23\192.168.5.169-Fail.log
Connected to 192.168.3.117.

220 Microsoft FTP Service
user Mcafee WU4m5DryqQ4re8
331 Password required for Mcafee.
230 User logged in.
bin
200 Type set to I.
mkdir Log\2019-06-23
257 "Log\2019-06-23" directory created.
put C:\weihu\McafeeUpdate\bin\..\tmp\192.168.5.169-Fail.log Log\2019-06-23\192.168.5.169-Fail.log
200 PORT command successful.
125 Data connection already open; Transfer starting.
226 Transfer complete.
ftp: 发送 22849 字节，用时 0.00Seconds 22849000.00Kbytes/sec.

bye
221 Goodbye.
2019-06-23 21:59:05.85 230 User logged in.  
2019-06-23 21:59:05.85 200 Type set to I.  
2019-06-23 21:59:05.85 mkdir Log\2019-06-23  
2019-06-23 21:59:05.85 257 "Log\2019-06-23" directory created.  
2019-06-23 21:59:05.85 put C:\weihu\McafeeUpdate\bin\..\tmp\192.168.5.169-Fail.log Log\2019-06-23\192.168.5.169-Fail.log  
2019-06-23 21:59:05.85 200 PORT command successful.  
2019-06-23 21:59:05.85 125 Data connection already open; Transfer starting.  
2019-06-23 21:59:05.85 226 Transfer complete.  
2019-06-23 21:59:05.85 ftp: 发送 22849 字节，用时 0.00Seconds 22849000.00Kbytes/sec.
  
2019-06-23 21:59:05.85 221 Goodbye.  
2019-06-23 22:00:24.37 FTP方式上传 C:\weihu\McafeeUpdate\bin\..\tmp\192.168.5.169-Fail.log 完成 
2019-06-23 22:11:28.51 开始进行系统安全更新流程 
2019-06-23 22:11:28.51 WINXP-TESTSERVE 默认IP值为 169.254.254.254 
2019-06-23 22:11:28.53 WINXP-TESTSERVE 默认错峰时间为 242 
2019-06-23 22:11:28.53 载入 [common] 参数 
2019-06-23 22:11:28.53 载入 Protocol 参数 
2019-06-23 22:11:28.53 载入 FailureRetry 参数 
2019-06-23 22:11:28.53 载入 SourceList 参数 
2019-06-23 22:11:28.53 载入 MultiUpdate 参数 
2019-06-23 22:11:28.53 载入 LogReport 参数 
2019-06-23 22:11:28.53 载入 CheckDigitalSignature 参数 
2019-06-23 22:11:28.53 载入 HistoryUpdate 参数 
2019-06-23 22:11:28.53 载入 Deadline 参数 
2019-06-23 22:11:28.53 载入 NicOrder 参数 
2019-06-23 22:11:28.53 载入 [tfp] 参数 
2019-06-23 22:11:28.53 载入 Address 参数 
2019-06-23 22:11:28.53 载入 FTPUsername 参数 
2019-06-23 22:11:28.53 载入 FTPPassword 参数 
2019-06-23 22:11:30.20 WINXP-TESTSERVE IP值更新为: 192.168.5.169 
2019-06-23 22:11:30.20 WINXP-TESTSERVE 错峰时间更新为 192.168.5.169
 
2019-06-23 22:11:28.51 使用FTP方式 下载 update.list 至 C:\weihu\McafeeUpdate\tmp\ 
2019-06-23 22:11:28.51 230 User logged in.  
2019-06-23 22:11:28.51 200 Type set to I.  
2019-06-23 22:11:28.51 get update.list  
2019-06-23 22:11:28.51 200 PORT command successful.  
2019-06-23 22:11:28.51 125 Data connection already open; Transfer starting.  
2019-06-23 22:11:28.51 226 Transfer complete.  
2019-06-23 22:11:28.51 ftp: 收到 245 字节，用时 0.20Seconds 1.21Kbytes/sec.
  
2019-06-23 22:11:28.51 221 Goodbye.  
2019-06-23 22:11:30.95 FTP方式下载 update.list 完成 
2019-06-23 22:11:28.51 开始对 C:\weihu\McafeeUpdate\history\2019-06-23\update.list 进行文件哈希值校验。 
2019-06-23 22:11:28.51 文件 update.list 的HASH值:b517480280e663f1b3cbd6b75042b55ab7787693 
2019-06-23 22:11:28.51 开始对 C:\weihu\McafeeUpdate\tmp\last.update 进行文件哈希值校验。 
2019-06-23 22:11:28.51 文件 last.update 的HASH值:f8e84b811064f8e767990c6931b81f2be39ec5f0 
2019-06-23 22:11:31.32 当前源 Hash： b517480280e663f1b3cbd6b75042b55ab7787693 上次源 Hash:  f8e84b811064f8e767990c6931b81f2be39ec5f0 
2019-06-23 22:11:31.32 本机错峰下载等待时间: 2366 秒 
2019-06-23 22:11:31.32 本机错峰下载等待完成，进行更新下载 
2019-06-23 22:11:28.51 使用FTP方式 下载 \20190621095301\9241xdat.exe 至 C:\weihu\McafeeUpdate\history\2019-06-23\ 
2019-06-23 22:11:28.51 230 User logged in.  
2019-06-23 22:11:28.51 200 Type set to I.  
2019-06-23 22:11:28.51 get \20190621095301\9241xdat.exe  
2019-06-23 22:11:28.51 200 PORT command successful.  
2019-06-23 22:11:28.51 125 Data connection already open; Transfer starting.  
2019-06-23 22:11:28.51 226 Transfer complete.  
2019-06-23 22:11:28.51 ftp: 收到 114158088 字节，用时 11.45Seconds 9967.53Kbytes/sec.
  
2019-06-23 22:11:28.51 221 Goodbye.  
2019-06-23 22:11:57.42 FTP方式下载 \20190621095301\9241xdat.exe 完成 
2019-06-23 22:11:28.51 使用FTP方式 下载 \20190621095301\9246xdat.exe 至 C:\weihu\McafeeUpdate\history\2019-06-23\ 
2019-06-23 22:11:28.51 230 User logged in.  
2019-06-23 22:11:28.51 200 Type set to I.  
2019-06-23 22:11:28.51 get \20190621095301\9246xdat.exe  
2019-06-23 22:11:28.51 200 PORT command successful.  
2019-06-23 22:11:28.51 125 Data connection already open; Transfer starting.  
2019-06-23 22:11:28.51 226 Transfer complete.  
2019-06-23 22:11:28.51 ftp: 收到 115549152 字节，用时 11.41Seconds 10129.67Kbytes/sec.
  
2019-06-23 22:11:28.51 221 Goodbye.  
2019-06-23 22:12:09.40 FTP方式下载 \20190621095301\9246xdat.exe 完成 
2019-06-23 22:11:28.51 使用FTP方式 下载 \20190621095301\office2003.exe 至 C:\weihu\McafeeUpdate\history\2019-06-23\ 
2019-06-23 22:11:28.51 230 User logged in.  
2019-06-23 22:11:28.51 200 Type set to I.  
2019-06-23 22:11:28.51 get \20190621095301\office2003.exe  
2019-06-23 22:11:28.51 200 PORT command successful.  
2019-06-23 22:11:28.51 125 Data connection already open; Transfer starting.  
2019-06-23 22:11:28.51 226 Transfer complete.  
2019-06-23 22:11:28.51 ftp: 收到 161203141 字节，用时 16.16Seconds 9977.29Kbytes/sec.
  
2019-06-23 22:11:28.51 221 Goodbye.  
2019-06-23 22:12:26.07 FTP方式下载 \20190621095301\office2003.exe 完成 
2019-06-23 22:12:26.09 本次更新文件总量为：372M 
2019-06-23 22:12:26.10 进入更新文件校验流程,当前工作目录: C:\weihu\McafeeUpdate\history\2019-06-23 
2019-06-23 22:11:28.51 开始对 C:\weihu\McafeeUpdate\history\2019-06-23\9241xdat.exe 进行文件哈希值校验。 
2019-06-23 22:11:28.51 文件 9241xdat.exe 的HASH值:782d39bac87adc5238fbd6e3a2624df67c58c258 
2019-06-23 22:12:26.10 文件名:9241xdat.exe Hash: 782d39bac87adc5238fbd6e3a2624df67c58c258 Size: 114158088 
2019-06-23 22:12:26.10 更新文件 9241xdat.exe 与服务器文件一致。 
2019-06-23 22:11:28.51 开始对 C:\weihu\McafeeUpdate\history\2019-06-23\9246xdat.exe 进行文件哈希值校验。 
2019-06-23 22:11:28.51 文件 9246xdat.exe 的HASH值:33c8e95aa436f82b753657c6a741fb56872e1044 
2019-06-23 22:12:26.10 文件名:9246xdat.exe Hash: 33c8e95aa436f82b753657c6a741fb56872e1044 Size: 115549152 
2019-06-23 22:12:26.10 更新文件 9246xdat.exe 与服务器文件一致。 
2019-06-23 22:11:28.51 开始对 C:\weihu\McafeeUpdate\history\2019-06-23\office2003.exe 进行文件哈希值校验。 
2019-06-23 22:11:28.51 文件 office2003.exe 的HASH值:b2bd2ebdf6246bc09e9960f6113e1dbdade7de59 
2019-06-23 22:12:26.10 文件名:office2003.exe Hash: b2bd2ebdf6246bc09e9960f6113e1dbdade7de59 Size: 161203141 
2019-06-23 22:12:26.10 更新文件 office2003.exe 与服务器文件一致。 
2019-06-23 22:12:30.26 更新文件校验完毕，准备进行安装更新 
2019-06-23 22:12:30.26 进入更新文件安装流程,当前工作目录: C:\weihu\McafeeUpdate\history\2019-06-23 
2019-06-23 22:12:30.29 进入更新包安装流程。 
2019-06-23 22:12:34.14 正在从 Stub 文件 C:\weihu\McafeeUpdate\history\2019-06-23\9241xdat.exe 中解压缩 ZIP 文件。 
2019-06-23 22:12:34.14 正在执行自我验证... 
2019-06-23 22:12:34.14 正在从 ZIP 文件中检索文件 NAISCRIP.NSC。 
2019-06-23 22:12:34.14 正在加载和解析脚本文件: C:\DOCUME~1\ADMINI~1\LOCALS~1\Temp\23C5\NAISCRIP.NSC 
2019-06-23 22:12:34.14 正在从 ZIP 文件中检索文件 Globals.nsg。 
2019-06-23 22:12:34.14 正在加载和解析全局文件: Globals.nsg 
2019-06-23 22:12:34.14 正在搜索已安装的所有防病毒产品。 
2019-06-23 22:12:34.14 正在删除...C:\DOCUME~1\ADMINI~1\LOCALS~1\Temp\NAI46.tmp 
2019-06-23 22:12:34.14 正在删除...C:\DOCUME~1\ADMINI~1\LOCALS~1\Temp\23C5 
2019-06-23 22:12:34.14 更新进程失败。 
2019-06-23 22:12:34.15 病毒库更新:9241xdat.exe 安装失败，当前计算机未找到符合条件的Mcafee产品。 
2019-06-23 22:12:34.17 进入更新包安装流程。 
2019-06-23 22:12:37.90 正在从 Stub 文件 C:\weihu\McafeeUpdate\history\2019-06-23\9246xdat.exe 中解压缩 ZIP 文件。 
2019-06-23 22:12:37.90 正在执行自我验证... 
2019-06-23 22:12:37.90 正在从 ZIP 文件中检索文件 NAISCRIP.NSC。 
2019-06-23 22:12:37.90 正在加载和解析脚本文件: C:\DOCUME~1\ADMINI~1\LOCALS~1\Temp\23CF\NAISCRIP.NSC 
2019-06-23 22:12:37.90 正在从 ZIP 文件中检索文件 Globals.nsg。 
2019-06-23 22:12:37.90 正在加载和解析全局文件: Globals.nsg 
2019-06-23 22:12:37.90 正在搜索已安装的所有防病毒产品。 
2019-06-23 22:12:37.90 正在删除...C:\DOCUME~1\ADMINI~1\LOCALS~1\Temp\NAI48.tmp 
2019-06-23 22:12:37.90 正在删除...C:\DOCUME~1\ADMINI~1\LOCALS~1\Temp\23CF 
2019-06-23 22:12:37.90 更新进程失败。 
2019-06-23 22:12:37.92 病毒库更新:9246xdat.exe 安装失败，当前计算机未找到符合条件的Mcafee产品。 
2019-06-23 22:12:37.93 进入更新包安装流程。 
2019-06-23 22:13:13.76 病毒库更新:office2003.exe 计算机未能成功安装当前更新。 
2019-06-23 22:13:13.76 所有更新文件安装流程已完成 
2019-06-23 22:13:13.76 准备上传操作日志。 
2019-06-23 22:11:28.51 使用FTP方式 上传 C:\weihu\McafeeUpdate\bin\..\tmp\192.168.5.169-Fail.log 至 Log\2019-06-23\192.168.5.169-Fail.log
2019-06-23 22:11:28.51 230 User logged in.  
2019-06-23 22:11:28.51 200 Type set to I.  
2019-06-23 22:11:28.51 mkdir Log\2019-06-23  
2019-06-23 22:11:28.51 550 Cannot create a file when that file already exists. 
  
2019-06-23 22:11:28.51 put C:\weihu\McafeeUpdate\bin\..\tmp\192.168.5.169-Fail.log Log\2019-06-23\192.168.5.169-Fail.log  
2019-06-23 22:11:28.51 200 PORT command successful.  
2019-06-23 22:11:28.51 550 Access is denied. 
  
2019-06-23 22:11:28.51 221 Goodbye.  
2019-06-23 22:13:14.35 FTP方式上传 C:\weihu\McafeeUpdate\bin\..\tmp\192.168.5.169-Fail.log 失败,原因：无权限完成请求的操作  
2019-06-23 23:04:49.39 开始进行系统安全更新流程 
2019-06-23 23:04:49.39 WINXP-TESTSERVE 默认IP值为 169.254.254.254 
2019-06-23 23:04:49.39 WINXP-TESTSERVE 默认错峰时间为 195 
2019-06-23 23:04:49.39 载入 [common] 参数 
2019-06-23 23:04:49.39 载入 Protocol 参数 
2019-06-23 23:04:49.39 载入 FailureRetry 参数 
2019-06-23 23:04:49.39 载入 SourceList 参数 
2019-06-23 23:04:49.39 载入 MultiUpdate 参数 
2019-06-23 23:04:49.39 载入 LogReport 参数 
2019-06-23 23:04:49.39 载入 CheckDigitalSignature 参数 
2019-06-23 23:04:49.39 载入 HistoryUpdate 参数 
2019-06-23 23:04:49.39 载入 Deadline 参数 
2019-06-23 23:04:49.39 载入 NicOrder 参数 
2019-06-23 23:04:49.39 载入 [tfp] 参数 
2019-06-23 23:04:49.39 载入 Address 参数 
2019-06-23 23:04:49.39 载入 FTPUsername 参数 
2019-06-23 23:04:49.39 载入 FTPPassword 参数 
2019-06-23 23:04:50.84 WINXP-TESTSERVE IP值更新为: 192.168.5.169 
2019-06-23 23:04:50.84 WINXP-TESTSERVE 错峰时间更新为 192.168.5.169
 
2019-06-23 23:04:49.39 使用FTP方式 下载 C:\weihu\McafeeUpdate\bin\update.list 至 C:\weihu\McafeeUpdate\tmp\ 
2019-06-23 23:04:49.39 230 User logged in.   
2019-06-23 23:04:49.39 200 Type set to I.   
2019-06-23 23:04:49.39 get C:\weihu\McafeeUpdate\bin\update.list   
2019-06-23 23:04:49.39 200 PORT command successful.   
2019-06-23 23:04:49.39 550 The parameter is incorrect. 
   
2019-06-23 23:04:49.39 221 Goodbye.   
2019-06-23 23:04:51.40 FTP方式下载 C:\weihu\McafeeUpdate\bin\update.list 失败,可能网络链接存在问题，请联系开发者进行处理 
更新源下载失败，请检查环境后重试！ 
2019-06-23 23:04:51.43 准备上传操作日志。 
2019-06-23 23:04:49.39 使用FTP方式 上传 C:\weihu\McafeeUpdate\tmp\192.168.5.169.log 至 Log\2019-06-23\192.168.5.169.log
2019-06-23 23:04:49.39 230 User logged in.   
2019-06-23 23:04:49.39 200 Type set to I.   
2019-06-23 23:04:49.39 mkdir Log\2019-06-23   
2019-06-23 23:04:49.39 550 Cannot create a file when that file already exists. 
   
2019-06-23 23:04:49.39 put C:\weihu\McafeeUpdate\tmp\192.168.5.169.log Log\2019-06-23\192.168.5.169.log   
2019-06-23 23:04:49.39 200 PORT command successful.   
2019-06-23 23:04:49.39 125 Data connection already open; Transfer starting.   
2019-06-23 23:04:49.39 226 Transfer complete.   
2019-06-23 23:04:49.39 ftp: 发送 34084 字节，用时 0.00Seconds 34084000.00Kbytes/sec.
   
2019-06-23 23:04:49.39 221 Goodbye.   
2019-06-23 23:04:52.12 FTP方式上传 C:\weihu\McafeeUpdate\tmp\192.168.5.169.log 完成 
2019-06-23 23:10:18.82 开始进行系统安全更新流程 
2019-06-23 23:10:18.82 WINXP-TESTSERVE 默认IP值为 169.254.254.254 
2019-06-23 23:10:18.82 WINXP-TESTSERVE 默认错峰时间为 69 
2019-06-23 23:10:18.84 载入 [common] 参数 
2019-06-23 23:10:18.84 载入 Protocol 参数 
2019-06-23 23:10:18.84 载入 FailureRetry 参数 
2019-06-23 23:10:18.84 载入 SourceList 参数 
2019-06-23 23:10:18.84 载入 MultiUpdate 参数 
2019-06-23 23:10:18.84 载入 LogReport 参数 
2019-06-23 23:10:18.84 载入 CheckDigitalSignature 参数 
2019-06-23 23:10:18.84 载入 HistoryUpdate 参数 
2019-06-23 23:10:18.84 载入 Deadline 参数 
2019-06-23 23:10:18.84 载入 NicOrder 参数 
2019-06-23 23:10:18.84 载入 [tfp] 参数 
2019-06-23 23:10:18.84 载入 Address 参数 
2019-06-23 23:10:18.84 载入 FTPUsername 参数 
2019-06-23 23:10:18.84 载入 FTPPassword 参数 
2019-06-23 23:10:20.46 WINXP-TESTSERVE IP值更新为: 192.168.5.169 
2019-06-23 23:10:20.46 WINXP-TESTSERVE 错峰时间更新为 192.168.5.169 
2019-06-23 23:10:18.82 使用FTP方式 下载 update.list 至 C:\weihu\McafeeUpdate\tmp\ 
2019-06-23 23:10:18.82 230 User logged in.   
2019-06-23 23:10:18.82 200 Type set to I.   
2019-06-23 23:10:18.82 get C:\weihu\McafeeUpdate\bin\update.list   
2019-06-23 23:10:18.82 200 PORT command successful.   
2019-06-23 23:10:18.82 550 The parameter is incorrect.    
2019-06-23 23:10:18.82 221 Goodbye.   
2019-06-23 23:10:21.17 FTP方式 C:\weihu\McafeeUpdate\bin\update.list 失败,可能网络链接存在问题，请联系开发者进行处理 
更新源下载失败，请检查环境后重试！ 
2019-06-23 23:10:21.20 准备上传操作日志。 
2019-06-23 23:10:18.82 使用FTP方式上传 C:\weihu\McafeeUpdate\tmp\192.168.5.169.log 至 Log\2019-06-23\192.168.5.169.log
2019-06-23 23:10:18.82 230 User logged in.   
2019-06-23 23:10:18.82 200 Type set to I.   
2019-06-23 23:10:18.82 mkdir Log\2019-06-23   
2019-06-23 23:10:18.82 550 Cannot create a file when that file already exists.    
2019-06-23 23:10:18.82 put C:\weihu\McafeeUpdate\tmp\192.168.5.169.log Log\2019-06-23\192.168.5.169.log   
2019-06-23 23:10:18.82 200 PORT command successful.   
2019-06-23 23:10:18.82 550 Access is denied.    
2019-06-23 23:10:18.82 221 Goodbye.   
2019-06-23 23:10:21.84 FTP方式 C:\weihu\McafeeUpdate\tmp\192.168.5.169.log 失败,原因：因服务端设置,无权限完成请求的操作  
2019-06-23 23:10:30.31 开始进行系统安全更新流程 
2019-06-23 23:10:30.32 WINXP-TESTSERVE 默认IP值为 169.254.254.254 
2019-06-23 23:10:30.34 WINXP-TESTSERVE 默认错峰时间为 108 
2019-06-23 23:10:30.34 载入 [common] 参数 
2019-06-23 23:10:30.34 载入 Protocol 参数 
2019-06-23 23:10:30.34 载入 FailureRetry 参数 
2019-06-23 23:10:30.34 载入 SourceList 参数 
2019-06-23 23:10:30.34 载入 MultiUpdate 参数 
2019-06-23 23:10:30.34 载入 LogReport 参数 
2019-06-23 23:10:30.34 载入 CheckDigitalSignature 参数 
2019-06-23 23:10:30.34 载入 HistoryUpdate 参数 
2019-06-23 23:10:30.34 载入 Deadline 参数 
2019-06-23 23:10:30.34 载入 NicOrder 参数 
2019-06-23 23:10:30.34 载入 [tfp] 参数 
2019-06-23 23:10:30.34 载入 Address 参数 
2019-06-23 23:10:30.34 载入 FTPUsername 参数 
2019-06-23 23:10:30.34 载入 FTPPassword 参数 
2019-06-23 23:10:31.98 WINXP-TESTSERVE IP值更新为: 192.168.5.169 
2019-06-23 23:10:31.98 WINXP-TESTSERVE 错峰时间更新为 192.168.5.169 
2019-06-23 23:10:30.31 使用FTP方式 下载 update.list 至 C:\weihu\McafeeUpdate\tmp\ 
2019-06-23 23:10:30.31 230 User logged in.   
2019-06-23 23:10:30.31 200 Type set to I.   
2019-06-23 23:10:30.31 get C:\weihu\McafeeUpdate\bin\update.list   
2019-06-23 23:10:30.31 200 PORT command successful.   
2019-06-23 23:10:30.31 550 The parameter is incorrect.    
2019-06-23 23:10:30.31 221 Goodbye.   
2019-06-23 23:10:32.48 FTP方式 C:\weihu\McafeeUpdate\bin\update.list 失败,可能网络链接存在问题，请联系开发者进行处理 
更新源下载失败，请检查环境后重试！ 
2019-06-23 23:10:32.51 准备上传操作日志。 
2019-06-23 23:10:30.31 使用FTP方式上传 C:\weihu\McafeeUpdate\tmp\192.168.5.169.log 至 Log\2019-06-23\192.168.5.169.log
2019-06-23 23:10:30.31 230 User logged in.   
2019-06-23 23:10:30.31 200 Type set to I.   
2019-06-23 23:10:30.31 mkdir Log\2019-06-23   
2019-06-23 23:10:30.31 550 Cannot create a file when that file already exists.    
2019-06-23 23:10:30.31 put C:\weihu\McafeeUpdate\tmp\192.168.5.169.log Log\2019-06-23\192.168.5.169.log   
2019-06-23 23:10:30.31 200 PORT command successful.   
2019-06-23 23:10:30.31 550 Access is denied.    
2019-06-23 23:10:30.31 221 Goodbye.   
2019-06-23 23:10:33.04 FTP方式 C:\weihu\McafeeUpdate\tmp\192.168.5.169.log 失败,原因：因服务端设置,无权限完成请求的操作  
2019-06-23 23:12:56.73 开始进行系统安全更新流程 
2019-06-23 23:12:56.73 WINXP-TESTSERVE 默认IP值为 169.254.254.254 
2019-06-23 23:12:56.73 WINXP-TESTSERVE 默认错峰时间为 285 
2019-06-23 23:12:56.73 载入 [common] 参数 
2019-06-23 23:12:56.73 载入 Protocol 参数 
2019-06-23 23:12:56.73 载入 FailureRetry 参数 
2019-06-23 23:12:56.73 载入 SourceList 参数 
2019-06-23 23:12:56.73 载入 MultiUpdate 参数 
2019-06-23 23:12:56.73 载入 LogReport 参数 
2019-06-23 23:12:56.73 载入 CheckDigitalSignature 参数 
2019-06-23 23:12:56.73 载入 HistoryUpdate 参数 
2019-06-23 23:12:56.73 载入 Deadline 参数 
2019-06-23 23:12:56.73 载入 NicOrder 参数 
2019-06-23 23:12:56.73 载入 [tfp] 参数 
2019-06-23 23:12:56.73 载入 Address 参数 
2019-06-23 23:12:56.73 载入 FTPUsername 参数 
2019-06-23 23:12:56.73 载入 FTPPassword 参数 
2019-06-23 23:12:58.26 WINXP-TESTSERVE IP值更新为: 192.168.5.169 
2019-06-23 23:12:58.26 WINXP-TESTSERVE 错峰时间更新为 192.168.5.169 
2019-06-23 23:12:56.73 使用FTP方式 下载 update.list 至 C:\weihu\McafeeUpdate\tmp\ 
2019-06-23 23:12:56.73 230 User logged in.   
2019-06-23 23:12:56.73 200 Type set to I.   
2019-06-23 23:12:56.73 get C:\weihu\McafeeUpdate\bin\update.list   
2019-06-23 23:12:56.73 200 PORT command successful.   
2019-06-23 23:12:56.73 550 The parameter is incorrect.    
2019-06-23 23:12:56.73 221 Goodbye.   
2019-06-23 23:12:58.81 FTP方式下载 C:\weihu\McafeeUpdate\bin\update.list 失败,可能网络链接存在问题，请联系开发者进行处理 
更新源下载失败，请检查环境后重试！ 
2019-06-23 23:12:58.84 准备上传操作日志。 
2019-06-23 23:12:56.73 使用FTP方式上传 C:\weihu\McafeeUpdate\tmp\192.168.5.169.log 至 Log\2019-06-23\192.168.5.169.log
2019-06-23 23:12:56.73 230 User logged in.   
2019-06-23 23:12:56.73 200 Type set to I.   
2019-06-23 23:12:56.73 mkdir Log\2019-06-23   
2019-06-23 23:12:56.73 550 Cannot create a file when that file already exists.    
2019-06-23 23:12:56.73 put C:\weihu\McafeeUpdate\tmp\192.168.5.169.log Log\2019-06-23\192.168.5.169.log   
2019-06-23 23:12:56.73 200 PORT command successful.   
2019-06-23 23:12:56.73 550 Access is denied.    
2019-06-23 23:12:56.73 221 Goodbye.   
2019-06-23 23:12:59.37 FTP方式上传 C:\weihu\McafeeUpdate\tmp\192.168.5.169.log 失败,原因：因服务端设置,无权限完成请求的操作  
2019-06-23 23:16:16.54 开始进行系统安全更新流程 
2019-06-23 23:16:16.54 WINXP-TESTSERVE 默认IP值为 169.254.254.254 
2019-06-23 23:16:16.54 WINXP-TESTSERVE 默认错峰时间为 38 
2019-06-23 23:16:16.54 载入 [common] 参数 
2019-06-23 23:16:16.54 载入 Protocol 参数 
2019-06-23 23:16:16.54 载入 FailureRetry 参数 
2019-06-23 23:16:16.54 载入 SourceList 参数 
2019-06-23 23:16:16.54 载入 MultiUpdate 参数 
2019-06-23 23:16:16.54 载入 LogReport 参数 
2019-06-23 23:16:16.54 载入 CheckDigitalSignature 参数 
2019-06-23 23:16:16.54 载入 HistoryUpdate 参数 
2019-06-23 23:16:16.54 载入 Deadline 参数 
2019-06-23 23:16:16.54 载入 NicOrder 参数 
2019-06-23 23:16:16.54 载入 [tfp] 参数 
2019-06-23 23:16:16.54 载入 Address 参数 
2019-06-23 23:16:16.54 载入 FTPUsername 参数 
2019-06-23 23:16:16.54 载入 FTPPassword 参数 
2019-06-23 23:16:18.14 WINXP-TESTSERVE IP值更新为: 192.168.5.169 
2019-06-23 23:16:18.14 WINXP-TESTSERVE 错峰时间更新为 192.168.5.169 
2019-06-23 23:16:16.54 使用FTP方式下载update.list至 C:\weihu\McafeeUpdate\tmp\ 
2019-06-23 23:16:16.54 230 User logged in.   
2019-06-23 23:16:16.54 200 Type set to I.   
2019-06-23 23:16:16.54 get update.list   
2019-06-23 23:16:16.54 200 PORT command successful.   
2019-06-23 23:16:16.54 125 Data connection already open; Transfer starting.   
2019-06-23 23:16:16.54 226 Transfer complete.   
2019-06-23 23:16:16.54 ftp: 收到 245 字节，用时 0.13Seconds 1.96Kbytes/sec.   
2019-06-23 23:16:16.54 221 Goodbye.   
2019-06-23 23:16:18.85 FTP方式下载 C:\weihu\McafeeUpdate\bin\update.list 完成 
2019-06-23 23:16:16.54 开始对 C:\weihu\McafeeUpdate\history\2019-06-23\update.list 进行文件哈希值校验。 
2019-06-23 23:16:16.54 文件 update.list 的HASH值:b517480280e663f1b3cbd6b75042b55ab7787693 
2019-06-23 23:16:16.54 开始对 C:\weihu\McafeeUpdate\tmp\last.update 进行文件哈希值校验。 
2019-06-23 23:16:16.54 文件 last.update 的HASH值:f8e84b811064f8e767990c6931b81f2be39ec5f0 
2019-06-23 23:16:19.26 当前源 Hash： b517480280e663f1b3cbd6b75042b55ab7787693 上次源 Hash:  f8e84b811064f8e767990c6931b81f2be39ec5f0 
2019-06-23 23:16:19.26 本机错峰下载等待时间: 2366 秒 
2019-06-23 23:16:19.26 本机错峰下载等待完成，进行更新下载 
2019-06-23 23:16:16.54 使用FTP方式下载9241xdat.exe至 C:\weihu\McafeeUpdate\history\2019-06-23\ 
2019-06-23 23:16:16.54 230 User logged in.   
2019-06-23 23:16:16.54 200 Type set to I.   
2019-06-23 23:16:16.54 get 9241xdat.exe   
2019-06-23 23:16:16.54 200 PORT command successful.   
2019-06-23 23:16:16.54 550 The system cannot find the file specified.    
2019-06-23 23:16:16.54 221 Goodbye.   
2019-06-23 23:16:33.84 FTP方式下载 C:\20190621095301\9241xdat.exe 失败,可能网络链接存在问题，请联系开发者进行处理 
2019-06-23 23:16:16.54 使用FTP方式下载9246xdat.exe至 C:\weihu\McafeeUpdate\history\2019-06-23\ 
2019-06-23 23:16:16.54 230 User logged in.   
2019-06-23 23:16:16.54 200 Type set to I.   
2019-06-23 23:16:16.54 get 9246xdat.exe   
2019-06-23 23:16:16.54 200 PORT command successful.   
2019-06-23 23:16:16.54 550 The system cannot find the file specified.    
2019-06-23 23:16:16.54 221 Goodbye.   
2019-06-23 23:16:34.39 FTP方式下载 C:\20190621095301\9246xdat.exe 失败,可能网络链接存在问题，请联系开发者进行处理 
2019-06-23 23:16:16.54 使用FTP方式下载office2003.exe至 C:\weihu\McafeeUpdate\history\2019-06-23\ 
2019-06-23 23:16:16.54 230 User logged in.   
2019-06-23 23:16:16.54 200 Type set to I.   
2019-06-23 23:16:16.54 get office2003.exe   
2019-06-23 23:16:16.54 200 PORT command successful.   
2019-06-23 23:16:16.54 550 The system cannot find the file specified.    
2019-06-23 23:16:16.54 221 Goodbye.   
2019-06-23 23:16:34.96 FTP方式下载 C:\20190621095301\office2003.exe 失败,可能网络链接存在问题，请联系开发者进行处理 
2019-06-23 23:16:34.98 本次更新文件总量为：372M 
2019-06-23 23:16:35.00 进入更新文件校验流程,当前工作目录: C:\weihu\McafeeUpdate\history\2019-06-23 
2019-06-23 23:16:16.54 开始对 C:\weihu\McafeeUpdate\history\2019-06-23\9241xdat.exe 进行文件哈希值校验。 
2019-06-23 23:16:16.54 文件 9241xdat.exe 的HASH值:CertUtil:文件所在的卷已被外部改变，因此打开的文件不再有效。 
2019-06-23 23:16:35.00 文件名:9241xdat.exe Hash: CertUtil:文件所在的卷已被外部改变，因此打开的文件不再有效。 Size: 0 
2019-06-23 23:16:35.00 网络传输出错致 9241xdat.exe Hash校验未通过。 
2019-06-23 23:16:16.54 开始对 C:\weihu\McafeeUpdate\history\2019-06-23\9246xdat.exe 进行文件哈希值校验。 
2019-06-23 23:16:16.54 文件 9246xdat.exe 的HASH值:CertUtil:文件所在的卷已被外部改变，因此打开的文件不再有效。 
2019-06-23 23:16:35.00 文件名:9246xdat.exe Hash: CertUtil:文件所在的卷已被外部改变，因此打开的文件不再有效。 Size: 0 
2019-06-23 23:16:35.00 网络传输出错致 9246xdat.exe Hash校验未通过。 
2019-06-23 23:16:16.54 开始对 C:\weihu\McafeeUpdate\history\2019-06-23\office2003.exe 进行文件哈希值校验。 
2019-06-23 23:16:16.54 文件 office2003.exe 的HASH值:CertUtil:文件所在的卷已被外部改变，因此打开的文件不再有效。 
2019-06-23 23:16:35.00 文件名:office2003.exe Hash: CertUtil:文件所在的卷已被外部改变，因此打开的文件不再有效。 Size: 0 
2019-06-23 23:16:35.00 网络传输出错致 office2003.exe Hash校验未通过。 
2019-06-23 23:16:35.67 更新文件校验完毕，准备进行安装更新 
2019-06-23 23:16:35.67 进入更新文件安装流程,当前工作目录: C:\weihu\McafeeUpdate\history\2019-06-23 
2019-06-23 23:16:35.68 开始进行文件签名校验流程。 
2019-06-23 23:16:35.76 文件签名校验结果: 
2019-06-23 23:16:35.76 Verified:Unsigned 
2019-06-23 23:16:35.76 Publisher:n/a 
2019-06-23 23:16:35.76 Description:n/a 
2019-06-23 23:16:35.76 Product:n/a 
2019-06-23 23:16:35.76 Version:n/a 
2019-06-23 23:16:35.76 数字签名损坏或未签名。 
2019-06-23 23:16:35.78 开始进行文件签名校验流程。 
2019-06-23 23:16:35.84 文件签名校验结果: 
2019-06-23 23:16:35.84 Verified:Unsigned 
2019-06-23 23:16:35.84 Publisher:n/a 
2019-06-23 23:16:35.84 Description:n/a 
2019-06-23 23:16:35.84 Product:n/a 
2019-06-23 23:16:35.84 Version:n/a 
2019-06-23 23:16:35.84 数字签名损坏或未签名。 
2019-06-23 23:16:35.85 开始进行文件签名校验流程。 
2019-06-23 23:16:35.92 文件签名校验结果: 
2019-06-23 23:16:35.92 Verified:Unsigned 
2019-06-23 23:16:35.92 Publisher:n/a 
2019-06-23 23:16:35.92 Description:n/a 
2019-06-23 23:16:35.92 Product:n/a 
2019-06-23 23:16:35.92 Version:n/a 
2019-06-23 23:16:35.93 数字签名损坏或未签名。 
2019-06-23 23:16:35.93 所有更新文件安装流程已完成 
2019-06-23 23:16:35.93 准备上传操作日志。 
2019-06-23 23:16:16.54 使用FTP方式上传 C:\weihu\McafeeUpdate\tmp\192.168.5.169-Fail.log 至 Log\2019-06-23\192.168.5.169-Fail.log
2019-06-23 23:16:16.54 230 User logged in.   
2019-06-23 23:16:16.54 200 Type set to I.   
2019-06-23 23:16:16.54 mkdir Log\2019-06-23   
2019-06-23 23:16:16.54 550 Cannot create a file when that file already exists.    
2019-06-23 23:16:16.54 put C:\weihu\McafeeUpdate\tmp\192.168.5.169-Fail.log Log\2019-06-23\192.168.5.169-Fail.log   
2019-06-23 23:16:16.54 200 PORT command successful.   
2019-06-23 23:16:16.54 550 Access is denied.    
2019-06-23 23:16:16.54 221 Goodbye.   
2019-06-23 23:16:36.54 FTP方式上传 C:\weihu\McafeeUpdate\tmp\192.168.5.169-Fail.log 失败,原因：因服务端设置,无权限完成请求的操作  
2019-06-23 23:21:15.15 开始进行系统安全更新流程 
2019-06-23 23:21:15.17 WINXP-TESTSERVE 默认IP值为 169.254.254.254 
2019-06-23 23:21:15.17 WINXP-TESTSERVE 默认错峰时间为 115 
2019-06-23 23:21:15.17 载入 [common] 参数 
2019-06-23 23:21:15.17 载入 Protocol 参数 
2019-06-23 23:21:15.17 载入 FailureRetry 参数 
2019-06-23 23:21:15.17 载入 SourceList 参数 
2019-06-23 23:21:15.17 载入 MultiUpdate 参数 
2019-06-23 23:21:15.17 载入 LogReport 参数 
2019-06-23 23:21:15.17 载入 CheckDigitalSignature 参数 
2019-06-23 23:21:15.17 载入 HistoryUpdate 参数 
2019-06-23 23:21:15.17 载入 Deadline 参数 
2019-06-23 23:21:15.17 载入 NicOrder 参数 
2019-06-23 23:21:15.17 载入 [tfp] 参数 
2019-06-23 23:21:15.17 载入 Address 参数 
2019-06-23 23:21:15.17 载入 FTPUsername 参数 
2019-06-23 23:21:15.17 载入 FTPPassword 参数 
2019-06-23 23:21:16.81 WINXP-TESTSERVE IP值更新为: 192.168.5.169 
2019-06-23 23:21:16.81 WINXP-TESTSERVE 错峰时间更新为 192.168.5.169 
2019-06-23 23:21:15.15 使用FTP方式下载update.list至 C:\weihu\McafeeUpdate\tmp\ 
2019-06-23 23:21:15.15 230 User logged in.   
2019-06-23 23:21:15.15 200 Type set to I.   
2019-06-23 23:21:15.15 get update.list   
2019-06-23 23:21:15.15 200 PORT command successful.   
2019-06-23 23:21:15.15 125 Data connection already open; Transfer starting.   
2019-06-23 23:21:15.15 226 Transfer complete.   
2019-06-23 23:21:15.15 ftp: 收到 245 字节，用时 0.14Seconds 1.74Kbytes/sec.   
2019-06-23 23:21:15.15 221 Goodbye.   
2019-06-23 23:21:17.50 FTP方式下载 update.list 完成 
2019-06-23 23:21:15.15 开始对 C:\weihu\McafeeUpdate\history\2019-06-23\update.list 进行文件哈希值校验。 
2019-06-23 23:21:15.15 文件 update.list 的HASH值:b517480280e663f1b3cbd6b75042b55ab7787693 
2019-06-23 23:21:15.15 开始对 C:\weihu\McafeeUpdate\tmp\last.update 进行文件哈希值校验。 
2019-06-23 23:21:15.15 文件 last.update 的HASH值:f8e84b811064f8e767990c6931b81f2be39ec5f0 
2019-06-23 23:21:17.85 当前源 Hash： b517480280e663f1b3cbd6b75042b55ab7787693 上次源 Hash:  f8e84b811064f8e767990c6931b81f2be39ec5f0 
2019-06-23 23:21:17.85 本机错峰下载等待时间: 2366 秒 
2019-06-23 23:21:17.85 本机错峰下载等待完成，进行更新下载 
2019-06-23 23:21:15.15 使用FTP方式下载9241xdat.exe至 C:\weihu\McafeeUpdate\history\2019-06-23\ 
2019-06-23 23:21:15.15 230 User logged in.   
2019-06-23 23:21:15.15 200 Type set to I.   
2019-06-23 23:21:15.15 get \20190621095301\9241xdat.exe   
2019-06-23 23:21:15.15 200 PORT command successful.   
2019-06-23 23:21:15.15 125 Data connection already open; Transfer starting.   
2019-06-23 23:21:15.15 226 Transfer complete.   
2019-06-23 23:21:15.15 ftp: 收到 114158088 字节，用时 11.36Seconds 10050.01Kbytes/sec.   
2019-06-23 23:21:15.15 221 Goodbye.   
2019-06-23 23:21:43.81 FTP方式下载 \20190621095301\9241xdat.exe 完成 
2019-06-23 23:21:15.15 使用FTP方式下载9246xdat.exe至 C:\weihu\McafeeUpdate\history\2019-06-23\ 
2019-06-23 23:21:15.15 230 User logged in.   
2019-06-23 23:21:15.15 200 Type set to I.   
2019-06-23 23:21:15.15 get \20190621095301\9246xdat.exe   
2019-06-23 23:21:15.15 200 PORT command successful.   
2019-06-23 23:21:15.15 125 Data connection already open; Transfer starting.   
2019-06-23 23:21:15.15 226 Transfer complete.   
2019-06-23 23:21:15.15 ftp: 收到 115549152 字节，用时 11.66Seconds 9912.43Kbytes/sec.   
2019-06-23 23:21:15.15 221 Goodbye.   
2019-06-23 23:21:56.07 FTP方式下载 \20190621095301\9246xdat.exe 完成 
2019-06-23 23:21:15.15 使用FTP方式下载office2003.exe至 C:\weihu\McafeeUpdate\history\2019-06-23\ 
2019-06-23 23:21:15.15 230 User logged in.   
2019-06-23 23:21:15.15 200 Type set to I.   
2019-06-23 23:21:15.15 get \20190621095301\office2003.exe   
2019-06-23 23:21:15.15 200 PORT command successful.   
2019-06-23 23:21:15.15 125 Data connection already open; Transfer starting.   
2019-06-23 23:21:15.15 226 Transfer complete.   
2019-06-23 23:21:15.15 ftp: 收到 161203141 字节，用时 16.11Seconds 10006.40Kbytes/sec.   
2019-06-23 23:21:15.15 221 Goodbye.   
2019-06-23 23:22:12.79 FTP方式下载 \20190621095301\office2003.exe 完成 
2019-06-23 23:22:12.81 本次更新文件总量为：372M 
2019-06-23 23:22:12.82 进入更新文件校验流程,当前工作目录: C:\weihu\McafeeUpdate\history\2019-06-23 
2019-06-23 23:21:15.15 开始对 C:\weihu\McafeeUpdate\history\2019-06-23\9241xdat.exe 进行文件哈希值校验。 
2019-06-23 23:21:15.15 文件 9241xdat.exe 的HASH值:782d39bac87adc5238fbd6e3a2624df67c58c258 
2019-06-23 23:22:12.84 文件名:9241xdat.exe Hash: 782d39bac87adc5238fbd6e3a2624df67c58c258 Size: 114158088 
2019-06-23 23:22:12.84 更新文件 9241xdat.exe 与服务器文件一致。 
2019-06-23 23:21:15.15 开始对 C:\weihu\McafeeUpdate\history\2019-06-23\9246xdat.exe 进行文件哈希值校验。 
2019-06-23 23:21:15.15 文件 9246xdat.exe 的HASH值:33c8e95aa436f82b753657c6a741fb56872e1044 
2019-06-23 23:22:12.84 文件名:9246xdat.exe Hash: 33c8e95aa436f82b753657c6a741fb56872e1044 Size: 115549152 
2019-06-23 23:22:12.84 更新文件 9246xdat.exe 与服务器文件一致。 
2019-06-23 23:21:15.15 开始对 C:\weihu\McafeeUpdate\history\2019-06-23\office2003.exe 进行文件哈希值校验。 
2019-06-23 23:21:15.15 文件 office2003.exe 的HASH值:b2bd2ebdf6246bc09e9960f6113e1dbdade7de59 
2019-06-23 23:22:12.84 文件名:office2003.exe Hash: b2bd2ebdf6246bc09e9960f6113e1dbdade7de59 Size: 161203141 
2019-06-23 23:22:12.84 更新文件 office2003.exe 与服务器文件一致。 
2019-06-23 23:22:16.87 更新文件校验完毕，准备进行安装更新 
2019-06-23 23:22:16.87 进入更新文件安装流程,当前工作目录: C:\weihu\McafeeUpdate\history\2019-06-23 
2019-06-23 23:22:16.89 开始进行文件签名校验流程。 
2019-06-23 23:22:20.53 文件签名校验结果: 
2019-06-23 23:22:20.53 Verified:Signed 
2019-06-23 23:22:20.53 Signing date:15:282019-4-28 
2019-06-23 23:22:20.53 Publisher:McAfee,Inc. 
2019-06-23 23:22:20.53 Description:SuperDATStub 
2019-06-23 23:22:20.53 Product:McAfeeCoreComponents 
2019-06-23 23:22:20.53 Version:2.5 
2019-06-23 23:22:20.53 MD5:44aa46c9d0b5402d144b0b9953b2b1bf 
2019-06-23 23:22:20.53 SHA1:782d39bac87adc5238fbd6e3a2624df67c58c258 
2019-06-23 23:22:20.53 SHA256:be2c0c965ec198f25a65823f66f75219298c6d3df2c8e7a294a0b271ffa74396 
2019-06-23 23:22:20.53 文件:9241xdat.exe 签名正常。 
2019-06-23 23:22:20.56 进入更新包安装流程。 
2019-06-23 23:22:23.14 正在从 Stub 文件 C:\weihu\McafeeUpdate\history\2019-06-23\9241xdat.exe 中解压缩 ZIP 文件。 
2019-06-23 23:22:23.14 正在执行自我验证... 
2019-06-23 23:22:23.14 正在从 ZIP 文件中检索文件 NAISCRIP.NSC。 
2019-06-23 23:22:23.14 正在加载和解析脚本文件: C:\DOCUME~1\ADMINI~1\LOCALS~1\Temp\5935\NAISCRIP.NSC 
2019-06-23 23:22:23.14 正在从 ZIP 文件中检索文件 Globals.nsg。 
2019-06-23 23:22:23.14 正在加载和解析全局文件: Globals.nsg 
2019-06-23 23:22:23.14 正在搜索已安装的所有防病毒产品。 
2019-06-23 23:22:23.14 正在删除...C:\DOCUME~1\ADMINI~1\LOCALS~1\Temp\NAI2.tmp 
2019-06-23 23:22:23.14 正在删除...C:\DOCUME~1\ADMINI~1\LOCALS~1\Temp\5935 
2019-06-23 23:22:23.14 更新进程失败。 
2019-06-23 23:22:23.14 病毒库更新:9241xdat.exe 安装失败，当前计算机未找到符合条件的Mcafee产品。 
2019-06-23 23:22:23.15 开始进行文件签名校验流程。 
2019-06-23 23:22:26.67 文件签名校验结果: 
2019-06-23 23:22:26.67 Verified:Signed 
2019-06-23 23:22:26.67 Signing date:23:552019-5-3 
2019-06-23 23:22:26.67 Publisher:McAfee,Inc. 
2019-06-23 23:22:26.67 Description:SuperDATStub 
2019-06-23 23:22:26.67 Product:McAfeeCoreComponents 
2019-06-23 23:22:26.67 Version:2.5 
2019-06-23 23:22:26.67 MD5:85ccf474abf4af2662da0e054116eae9 
2019-06-23 23:22:26.67 SHA1:33c8e95aa436f82b753657c6a741fb56872e1044 
2019-06-23 23:22:26.67 SHA256:07d90a4dfd376856cb00a37218702ef57a1b7b39a8b34a6e64bc508efc529ab0 
2019-06-23 23:22:26.67 文件:9246xdat.exe 签名正常。 
2019-06-23 23:22:26.70 进入更新包安装流程。 
2019-06-23 23:22:29.17 正在从 Stub 文件 C:\weihu\McafeeUpdate\history\2019-06-23\9246xdat.exe 中解压缩 ZIP 文件。 
2019-06-23 23:22:29.17 正在执行自我验证... 
2019-06-23 23:22:29.17 正在从 ZIP 文件中检索文件 NAISCRIP.NSC。 
2019-06-23 23:22:29.17 正在加载和解析脚本文件: C:\DOCUME~1\ADMINI~1\LOCALS~1\Temp\5948\NAISCRIP.NSC 
2019-06-23 23:22:29.17 正在从 ZIP 文件中检索文件 Globals.nsg。 
2019-06-23 23:22:29.17 正在加载和解析全局文件: Globals.nsg 
2019-06-23 23:22:29.17 正在搜索已安装的所有防病毒产品。 
2019-06-23 23:22:29.17 正在删除...C:\DOCUME~1\ADMINI~1\LOCALS~1\Temp\NAI4.tmp 
2019-06-23 23:22:29.17 正在删除...C:\DOCUME~1\ADMINI~1\LOCALS~1\Temp\5948 
2019-06-23 23:22:29.17 更新进程失败。 
2019-06-23 23:22:29.17 病毒库更新:9246xdat.exe 安装失败，当前计算机未找到符合条件的Mcafee产品。 
2019-06-23 23:22:29.18 开始进行文件签名校验流程。 
2019-06-23 23:22:33.26 文件签名校验结果: 
2019-06-23 23:22:33.26 Verified:Unsigned 
2019-06-23 23:22:33.26 Publisher:???? 
2019-06-23 23:22:33.26 Description:Office2003????? 
2019-06-23 23:22:33.26 Product:MicrosoftOffice2003???? 
2019-06-23 23:22:33.26 Version:2.0 
2019-06-23 23:22:33.26 MD5:eb93f95b31c76c3eb7ddb94ed54702a9 
2019-06-23 23:22:33.26 SHA1:b2bd2ebdf6246bc09e9960f6113e1dbdade7de59 
2019-06-23 23:22:33.26 SHA256:829f49c53407c95ce10a6a68bf04c6a282f58ac084a5861ec3437114e6e7cf88 
2019-06-23 23:22:33.28 数字签名损坏或未签名。 
2019-06-23 23:22:33.28 所有更新文件安装流程已完成 
2019-06-23 23:22:33.28 准备上传操作日志。 
2019-06-23 23:21:15.15 使用FTP方式上传 C:\weihu\McafeeUpdate\tmp\192.168.5.169-Fail.log 至 Log\2019-06-23\192.168.5.169-Fail.log
2019-06-23 23:21:15.15 230 User logged in.   
2019-06-23 23:21:15.15 200 Type set to I.   
2019-06-23 23:21:15.15 mkdir Log\2019-06-23   
2019-06-23 23:21:15.15 550 Cannot create a file when that file already exists.    
2019-06-23 23:21:15.15 put C:\weihu\McafeeUpdate\tmp\192.168.5.169-Fail.log Log\2019-06-23\192.168.5.169-Fail.log   
2019-06-23 23:21:15.15 200 PORT command successful.   
2019-06-23 23:21:15.15 550 Access is denied.    
2019-06-23 23:21:15.15 221 Goodbye.   
2019-06-23 23:22:33.92 FTP方式上传 C:\weihu\McafeeUpdate\bin\..\tmp\192.168.5.169-Fail.log 失败,原因：因服务端设置,无权限完成请求的操作  
2019-06-23 23:25:58.43 开始进行系统安全更新流程 
2019-06-23 23:25:58.43 DESKTOP-FFTFPUP 默认IP值为 169.254.254.254 
2019-06-23 23:25:58.44 DESKTOP-FFTFPUP 默认错峰时间为 139 
2019-06-23 23:25:58.44 载入 [common] 参数 
2019-06-23 23:25:58.44 载入 Protocol 参数 
2019-06-23 23:25:58.44 载入 FailureRetry 参数 
2019-06-23 23:25:58.44 载入 SourceList 参数 
2019-06-23 23:25:58.44 载入 MultiUpdate 参数 
2019-06-23 23:25:58.44 载入 LogReport 参数 
2019-06-23 23:25:58.44 载入 CheckDigitalSignature 参数 
2019-06-23 23:25:58.44 载入 HistoryUpdate 参数 
2019-06-23 23:25:58.44 载入 Deadline 参数 
2019-06-23 23:25:58.44 载入 NicOrder 参数 
2019-06-23 23:25:58.44 载入 [tfp] 参数 
2019-06-23 23:25:58.44 载入 Address 参数 
2019-06-23 23:25:58.44 载入 FTPUsername 参数 
2019-06-23 23:25:58.44 载入 FTPPassword 参数 
2019-06-23 23:25:59.00 DESKTOP-FFTFPUP IP值更新为: 169.254.53.47 
2019-06-23 23:25:59.00 DESKTOP-FFTFPUP 错峰时间更新为 169.254.53.47 
2019-06-23 23:25:58.43 使用FTP方式下载update.list至 D:\weihu\McafeeUpdate\tmp\ 
2019-06-23 23:25:58.43 331 Password required for Mcafee.   
2019-06-23 23:25:58.43 230 User logged in.   
2019-06-23 23:25:58.43 200 Type set to I.   
2019-06-23 23:25:58.43 get update.list   
2019-06-23 23:25:58.43 200 PORT command successful.   
2019-06-23 23:25:58.43 125 Data connection already open; Transfer starting.   
2019-06-23 23:25:58.43 226 Transfer complete.   
2019-06-23 23:25:58.43 ftp: 收到 245 字节，用时 0.04秒 5.83千字节/秒。   
2019-06-23 23:25:58.43 221 Goodbye.   
2019-06-23 23:25:59.34 FTP方式下载 update.list 完成 
2019-06-23 23:25:58.43 开始对 D:\weihu\McafeeUpdate\history\2019-06-23\update.list 进行文件哈希值校验。 
2019-06-23 23:25:58.43 文件 update.list 的HASH值:b517480280e663f1b3cbd6b75042b55ab7787693 
2019-06-23 23:25:58.43 开始对 D:\weihu\McafeeUpdate\tmp\last.update 进行文件哈希值校验。 
2019-06-23 23:25:58.43 文件 last.update 的HASH值:f8e84b811064f8e767990c6931b81f2be39ec5f0 
2019-06-23 23:25:59.68 当前源 Hash： b517480280e663f1b3cbd6b75042b55ab7787693 上次源 Hash:  f8e84b811064f8e767990c6931b81f2be39ec5f0 
2019-06-23 23:25:59.68 本机错峰下载等待时间: 658 秒 
2019-06-23 23:25:59.68 本机错峰下载等待完成，进行更新下载 
2019-06-23 23:25:58.43 使用FTP方式下载9241xdat.exe至 D:\weihu\McafeeUpdate\history\2019-06-23\ 
2019-06-23 23:25:58.43 331 Password required for Mcafee.   
2019-06-23 23:25:58.43 230 User logged in.   
2019-06-23 23:25:58.43 200 Type set to I.   
2019-06-23 23:25:58.43 get \20190621095301\9241xdat.exe   
2019-06-23 23:25:58.43 200 PORT command successful.   
2019-06-23 23:25:58.43 125 Data connection already open; Transfer starting.   
2019-06-23 23:25:58.43 226 Transfer complete.   
2019-06-23 23:25:58.43 ftp: 收到 114158088 字节，用时 9.85秒 11590.83千字节/秒。   
2019-06-23 23:25:58.43 221 Goodbye.   
2019-06-23 23:26:24.20 FTP方式下载 \20190621095301\9241xdat.exe 完成 
2019-06-23 23:25:58.43 使用FTP方式下载9246xdat.exe至 D:\weihu\McafeeUpdate\history\2019-06-23\ 
2019-06-23 23:25:58.43 331 Password required for Mcafee.   
2019-06-23 23:25:58.43 230 User logged in.   
2019-06-23 23:25:58.43 200 Type set to I.   
2019-06-23 23:25:58.43 get \20190621095301\9246xdat.exe   
2019-06-23 23:25:58.43 200 PORT command successful.   
2019-06-23 23:25:58.43 125 Data connection already open; Transfer starting.   
2019-06-23 23:25:58.43 226 Transfer complete.   
2019-06-23 23:25:58.43 ftp: 收到 115549152 字节，用时 9.97秒 11592.01千字节/秒。   
2019-06-23 23:25:58.43 221 Goodbye.   
2019-06-23 23:26:34.72 FTP方式下载 \20190621095301\9246xdat.exe 完成 
2019-06-23 23:25:58.43 使用FTP方式下载office2003.exe至 D:\weihu\McafeeUpdate\history\2019-06-23\ 
2019-06-23 23:25:58.43 331 Password required for Mcafee.   
2019-06-23 23:25:58.43 230 User logged in.   
2019-06-23 23:25:58.43 200 Type set to I.   
2019-06-23 23:25:58.43 get \20190621095301\office2003.exe   
2019-06-23 23:25:58.43 200 PORT command successful.   
2019-06-23 23:25:58.43 125 Data connection already open; Transfer starting.   
2019-06-23 23:25:58.43 226 Transfer complete.   
2019-06-23 23:25:58.43 ftp: 收到 161203141 字节，用时 13.90秒 11593.18千字节/秒。   
2019-06-23 23:25:58.43 221 Goodbye.   
2019-06-23 23:26:49.05 FTP方式下载 \20190621095301\office2003.exe 完成 
2019-06-23 23:26:49.05 本次更新文件总量为：372M 
2019-06-23 23:26:49.06 进入更新文件校验流程,当前工作目录: D:\weihu\McafeeUpdate\history\2019-06-23 
2019-06-23 23:25:58.43 开始对 D:\weihu\McafeeUpdate\history\2019-06-23\9241xdat.exe 进行文件哈希值校验。 
2019-06-23 23:25:58.43 文件 9241xdat.exe 的HASH值:782d39bac87adc5238fbd6e3a2624df67c58c258 
2019-06-23 23:26:49.06 文件名:9241xdat.exe Hash: 782d39bac87adc5238fbd6e3a2624df67c58c258 Size: 114158088 
2019-06-23 23:26:49.07 更新文件 9241xdat.exe 与服务器文件一致。 
2019-06-23 23:25:58.43 开始对 D:\weihu\McafeeUpdate\history\2019-06-23\9246xdat.exe 进行文件哈希值校验。 
2019-06-23 23:25:58.43 文件 9246xdat.exe 的HASH值:33c8e95aa436f82b753657c6a741fb56872e1044 
2019-06-23 23:26:49.06 文件名:9246xdat.exe Hash: 33c8e95aa436f82b753657c6a741fb56872e1044 Size: 115549152 
2019-06-23 23:26:49.07 更新文件 9246xdat.exe 与服务器文件一致。 
2019-06-23 23:25:58.43 开始对 D:\weihu\McafeeUpdate\history\2019-06-23\office2003.exe 进行文件哈希值校验。 
2019-06-23 23:25:58.43 文件 office2003.exe 的HASH值:b2bd2ebdf6246bc09e9960f6113e1dbdade7de59 
2019-06-23 23:26:49.06 文件名:office2003.exe Hash: b2bd2ebdf6246bc09e9960f6113e1dbdade7de59 Size: 161203141 
2019-06-23 23:26:49.07 更新文件 office2003.exe 与服务器文件一致。 
2019-06-23 23:26:50.35 更新文件校验完毕，准备进行安装更新 
2019-06-23 23:26:50.35 进入更新文件安装流程,当前工作目录: D:\weihu\McafeeUpdate\history\2019-06-23 
2019-06-23 23:26:50.36 开始进行文件签名校验流程。 
2019-06-23 23:26:53.36 文件签名校验结果: 
2019-06-23 23:26:53.36 Verified:Signed 
2019-06-23 23:26:53.36 Signing date:15:282019/4/28 
2019-06-23 23:26:53.36 Publisher:McAfee,Inc. 
2019-06-23 23:26:53.36 Description:SuperDATStub 
2019-06-23 23:26:53.36 Product:McAfeeCoreComponents 
2019-06-23 23:26:53.36 Version:2.5 
2019-06-23 23:26:53.36 MD5:44aa46c9d0b5402d144b0b9953b2b1bf 
2019-06-23 23:26:53.36 SHA1:782d39bac87adc5238fbd6e3a2624df67c58c258 
2019-06-23 23:26:53.36 SHA256:be2c0c965ec198f25a65823f66f75219298c6d3df2c8e7a294a0b271ffa74396 
2019-06-23 23:26:53.37 文件:9241xdat.exe 签名正常。 
2019-06-23 23:26:53.39 进入更新包安装流程。 
2019-06-23 23:27:02.81 正在从 Stub 文件 D:\weihu\McafeeUpdate\history\2019-06-23\9241xdat.exe 中解压缩 ZIP 文件。 
2019-06-23 23:27:02.81 正在执行自我验证... 
2019-06-23 23:27:02.81 正在从 ZIP 文件中检索文件 NAISCRIP.NSC。 
2019-06-23 23:27:02.81 正在加载和解析脚本文件: C:\Users\Carlos\AppData\Local\Temp\5CC1\NAISCRIP.NSC 
2019-06-23 23:27:02.81 正在从 ZIP 文件中检索文件 Globals.nsg。 
2019-06-23 23:27:02.81 正在加载和解析全局文件: Globals.nsg 
2019-06-23 23:27:02.81 正在搜索已安装的所有防病毒产品。 
2019-06-23 23:27:02.81 正在删除...C:\Users\Carlos\AppData\Local\Temp\NAI4CBE.tmp 
2019-06-23 23:27:02.81 正在删除...C:\Users\Carlos\AppData\Local\Temp\5CC1 
2019-06-23 23:27:02.81 更新进程失败。 
2019-06-23 23:27:02.82 病毒库更新:9241xdat.exe 安装失败，当前计算机未找到符合条件的Mcafee产品。 
2019-06-23 23:27:02.82 开始进行文件签名校验流程。 
2019-06-23 23:27:05.85 文件签名校验结果: 
2019-06-23 23:27:05.85 Verified:Signed 
2019-06-23 23:27:05.85 Signing date:23:552019/5/3 
2019-06-23 23:27:05.85 Publisher:McAfee,Inc. 
2019-06-23 23:27:05.85 Description:SuperDATStub 
2019-06-23 23:27:05.85 Product:McAfeeCoreComponents 
2019-06-23 23:27:05.85 Version:2.5 
2019-06-23 23:27:05.85 MD5:85ccf474abf4af2662da0e054116eae9 
2019-06-23 23:27:05.85 SHA1:33c8e95aa436f82b753657c6a741fb56872e1044 
2019-06-23 23:27:05.85 SHA256:07d90a4dfd376856cb00a37218702ef57a1b7b39a8b34a6e64bc508efc529ab0 
2019-06-23 23:27:05.86 文件:9246xdat.exe 签名正常。 
2019-06-23 23:27:05.87 进入更新包安装流程。 
2019-06-23 23:27:09.47 正在从 Stub 文件 D:\weihu\McafeeUpdate\history\2019-06-23\9246xdat.exe 中解压缩 ZIP 文件。 
2019-06-23 23:27:09.47 正在执行自我验证... 
2019-06-23 23:27:09.47 正在从 ZIP 文件中检索文件 NAISCRIP.NSC。 
2019-06-23 23:27:09.47 正在加载和解析脚本文件: C:\Users\Carlos\AppData\Local\Temp\5CDB\NAISCRIP.NSC 
2019-06-23 23:27:09.47 正在从 ZIP 文件中检索文件 Globals.nsg。 
2019-06-23 23:27:09.47 正在加载和解析全局文件: Globals.nsg 
2019-06-23 23:27:09.47 正在搜索已安装的所有防病毒产品。 
2019-06-23 23:27:09.47 正在删除...C:\Users\Carlos\AppData\Local\Temp\NAI6A58.tmp 
2019-06-23 23:27:09.47 正在删除...C:\Users\Carlos\AppData\Local\Temp\5CDB 
2019-06-23 23:27:09.47 更新进程失败。 
2019-06-23 23:27:09.48 病毒库更新:9246xdat.exe 安装失败，当前计算机未找到符合条件的Mcafee产品。 
2019-06-23 23:27:09.49 开始进行文件签名校验流程。 
2019-06-23 23:27:13.04 文件签名校验结果: 
2019-06-23 23:27:13.04 Verified:Unsigned 
2019-06-23 23:27:13.04 Publisher:???? 
2019-06-23 23:27:13.04 Description:Office2003????? 
2019-06-23 23:27:13.04 Product:MicrosoftOffice2003???? 
2019-06-23 23:27:13.04 Version:2.0 
2019-06-23 23:27:13.04 MD5:eb93f95b31c76c3eb7ddb94ed54702a9 
2019-06-23 23:27:13.04 SHA1:b2bd2ebdf6246bc09e9960f6113e1dbdade7de59 
2019-06-23 23:27:13.04 SHA256:829f49c53407c95ce10a6a68bf04c6a282f58ac084a5861ec3437114e6e7cf88 
2019-06-23 23:27:13.05 数字签名损坏或未签名。 
2019-06-23 23:27:13.05 所有更新文件安装流程已完成 
2019-06-23 23:27:13.06 准备上传操作日志。 
2019-06-23 23:25:58.43 使用FTP方式上传 D:\weihu\McafeeUpdate\tmp\169.254.53.47-Fail.log 至 Log\2019-06-23\169.254.53.47-Fail.log
2019-06-23 23:25:58.43 331 Password required for Mcafee.   
2019-06-23 23:25:58.43 230 User logged in.   
2019-06-23 23:25:58.43 200 Type set to I.   
2019-06-23 23:25:58.43 mkdir Log\2019-06-23   
2019-06-23 23:25:58.43 550 Cannot create a file when that file already exists.    
2019-06-23 23:25:58.43 put D:\weihu\McafeeUpdate\tmp\169.254.53.47-Fail.log Log\2019-06-23\169.254.53.47-Fail.log   
2019-06-23 23:25:58.43 200 PORT command successful.   
2019-06-23 23:25:58.43 125 Data connection already open; Transfer starting.   
2019-06-23 23:25:58.43 226 Transfer complete.   
2019-06-23 23:25:58.43 ftp: 发送 68544 字节，用时 0.22秒 312.99千字节/秒。   
2019-06-23 23:25:58.43 221 Goodbye.   
2019-06-23 23:27:13.58 FTP方式上传 D:\weihu\McafeeUpdate\bin\..\tmp\169.254.53.47-Fail.log 完成 
2019-06-23 23:36:57.26 开始进行系统安全更新流程 
2019-06-23 23:36:57.26 DESKTOP-FFTFPUP 默认IP值为 169.254.254.254 
2019-06-23 23:36:57.26 DESKTOP-FFTFPUP 默认错峰时间为 191 
2019-06-23 23:36:57.26 载入 [common] 参数 
2019-06-23 23:36:57.26 载入 Protocol 参数 
2019-06-23 23:36:57.26 载入 FailureRetry 参数 
2019-06-23 23:36:57.26 载入 SourceList 参数 
2019-06-23 23:36:57.26 载入 MultiUpdate 参数 
2019-06-23 23:36:57.26 载入 LogReport 参数 
2019-06-23 23:36:57.26 载入 CheckDigitalSignature 参数 
2019-06-23 23:36:57.26 载入 HistoryUpdate 参数 
2019-06-23 23:36:57.26 载入 Deadline 参数 
2019-06-23 23:36:57.26 载入 NicOrder 参数 
2019-06-23 23:36:57.26 载入 [tfp] 参数 
2019-06-23 23:36:57.26 载入 Address 参数 
2019-06-23 23:36:57.26 载入 FTPUsername 参数 
2019-06-23 23:36:57.26 载入 FTPPassword 参数 
2019-06-23 23:36:57.78 DESKTOP-FFTFPUP IP值更新为: 169.254.53.47 
2019-06-23 23:36:57.79 DESKTOP-FFTFPUP 错峰时间更新为 169.254.53.47 
2019-06-23 23:36:57.26 使用FTP方式下载update.list至 D:\weihu\McafeeUpdate\tmp\ 
2019-06-23 23:36:57.26 331 Password required for Mcafee.   
2019-06-23 23:36:57.26 230 User logged in.   
2019-06-23 23:36:57.26 200 Type set to I.   
2019-06-23 23:36:57.26 get update.list   
2019-06-23 23:36:57.26 200 PORT command successful.   
2019-06-23 23:36:57.26 125 Data connection already open; Transfer starting.   
2019-06-23 23:36:57.26 226 Transfer complete.   
2019-06-23 23:36:57.26 ftp: 收到 245 字节，用时 0.04秒 5.83千字节/秒。   
2019-06-23 23:36:57.26 221 Goodbye.   
2019-06-23 23:36:58.10 FTP方式下载 update.list 完成 
2019-06-23 23:36:57.26 开始对 D:\weihu\McafeeUpdate\history\2019-06-23\update.list 进行文件哈希值校验。 
2019-06-23 23:36:57.26 文件 update.list 的HASH值:b517480280e663f1b3cbd6b75042b55ab7787693 
2019-06-23 23:36:57.26 开始对 D:\weihu\McafeeUpdate\tmp\last.update 进行文件哈希值校验。 
2019-06-23 23:36:57.26 文件 last.update 的HASH值:f8e84b811064f8e767990c6931b81f2be39ec5f0 
2019-06-23 23:36:58.31 当前源 Hash： b517480280e663f1b3cbd6b75042b55ab7787693 上次源 Hash:  f8e84b811064f8e767990c6931b81f2be39ec5f0 
2019-06-23 23:36:58.31 本机错峰下载等待时间: 658 秒 
2019-06-23 23:36:58.31 本机错峰下载等待完成，进行更新下载 
2019-06-23 23:36:57.26 使用FTP方式下载9241xdat.exe至 D:\weihu\McafeeUpdate\history\2019-06-23\ 
2019-06-23 23:36:57.26 331 Password required for Mcafee.   
2019-06-23 23:36:57.26 230 User logged in.   
2019-06-23 23:36:57.26 200 Type set to I.   
2019-06-23 23:36:57.26 get \20190621095301\9241xdat.exe   
2019-06-23 23:36:57.26 200 PORT command successful.   
2019-06-23 23:36:57.26 125 Data connection already open; Transfer starting.   
2019-06-23 23:36:57.26 226 Transfer complete.   
2019-06-23 23:36:57.26 ftp: 收到 114158088 字节，用时 9.85秒 11592.01千字节/秒。   
2019-06-23 23:36:57.26 221 Goodbye.   
2019-06-23 23:38:51.73 FTP方式下载 \20190621095301\9241xdat.exe 完成 
2019-06-23 23:36:57.26 使用FTP方式下载9246xdat.exe至 D:\weihu\McafeeUpdate\history\2019-06-23\ 
2019-06-23 23:36:57.26 331 Password required for Mcafee.   
2019-06-23 23:36:57.26 230 User logged in.   
2019-06-23 23:36:57.26 200 Type set to I.   
2019-06-23 23:36:57.26 get \20190621095301\9246xdat.exe   
2019-06-23 23:36:57.26 200 PORT command successful.   
2019-06-23 23:36:57.26 125 Data connection already open; Transfer starting.   
2019-06-23 23:36:57.26 226 Transfer complete.   
2019-06-23 23:36:57.26 ftp: 收到 115549152 字节，用时 9.97秒 11592.01千字节/秒。   
2019-06-23 23:36:57.26 221 Goodbye.   
2019-06-23 23:39:02.03 FTP方式下载 \20190621095301\9246xdat.exe 完成 
2019-06-23 23:36:57.26 使用FTP方式下载office2003.exe至 D:\weihu\McafeeUpdate\history\2019-06-23\ 
2019-06-23 23:36:57.26 331 Password required for Mcafee.   
2019-06-23 23:36:57.26 230 User logged in.   
2019-06-23 23:36:57.26 200 Type set to I.   
2019-06-23 23:36:57.26 get \20190621095301\office2003.exe   
2019-06-23 23:36:57.26 200 PORT command successful.   
2019-06-23 23:36:57.26 125 Data connection already open; Transfer starting.   
2019-06-23 23:36:57.26 226 Transfer complete.   
2019-06-23 23:36:57.26 ftp: 收到 161203141 字节，用时 13.90秒 11594.01千字节/秒。   
2019-06-23 23:36:57.26 221 Goodbye.   
2019-06-23 23:39:16.26 FTP方式下载 \20190621095301\office2003.exe 完成 
2019-06-23 23:39:16.27 本次更新文件总量为：372M 
2019-06-23 23:39:16.27 进入更新文件校验流程,当前工作目录: D:\weihu\McafeeUpdate\history\2019-06-23 
2019-06-23 23:36:57.26 开始对 D:\weihu\McafeeUpdate\history\2019-06-23\9241xdat.exe 进行文件哈希值校验。 
2019-06-23 23:36:57.26 文件 9241xdat.exe 的HASH值:782d39bac87adc5238fbd6e3a2624df67c58c258 
2019-06-23 23:39:16.28 文件名:9241xdat.exe Hash: 782d39bac87adc5238fbd6e3a2624df67c58c258 Size: 114158088 
2019-06-23 23:39:16.28 更新文件 9241xdat.exe 与服务器文件一致。 
2019-06-23 23:36:57.26 开始对 D:\weihu\McafeeUpdate\history\2019-06-23\9246xdat.exe 进行文件哈希值校验。 
2019-06-23 23:36:57.26 文件 9246xdat.exe 的HASH值:33c8e95aa436f82b753657c6a741fb56872e1044 
2019-06-23 23:39:16.28 文件名:9246xdat.exe Hash: 33c8e95aa436f82b753657c6a741fb56872e1044 Size: 115549152 
2019-06-23 23:39:16.28 更新文件 9246xdat.exe 与服务器文件一致。 
2019-06-23 23:36:57.26 开始对 D:\weihu\McafeeUpdate\history\2019-06-23\office2003.exe 进行文件哈希值校验。 
2019-06-23 23:36:57.26 文件 office2003.exe 的HASH值:b2bd2ebdf6246bc09e9960f6113e1dbdade7de59 
2019-06-23 23:39:16.28 文件名:office2003.exe Hash: b2bd2ebdf6246bc09e9960f6113e1dbdade7de59 Size: 161203141 
2019-06-23 23:39:16.28 更新文件 office2003.exe 与服务器文件一致。 
2019-06-23 23:39:17.52 更新文件校验完毕，准备进行安装更新 
2019-06-23 23:39:17.52 进入更新文件安装流程,当前工作目录: D:\weihu\McafeeUpdate\history\2019-06-23 
2019-06-23 23:39:17.53 开始对文件 9241xdat.exe 进行签名校验流程。 
2019-06-23 23:39:20.37 9241xdat.exe签名校验结果: 
2019-06-23 23:39:20.37 Verified:Signed 
2019-06-23 23:39:20.37 Signing date:15:282019/4/28 
2019-06-23 23:39:20.37 Publisher:McAfee,Inc. 
2019-06-23 23:39:20.37 Description:SuperDATStub 
2019-06-23 23:39:20.37 Product:McAfeeCoreComponents 
2019-06-23 23:39:20.37 Version:2.5 
2019-06-23 23:39:20.37 MD5:44aa46c9d0b5402d144b0b9953b2b1bf 
2019-06-23 23:39:20.37 SHA1:782d39bac87adc5238fbd6e3a2624df67c58c258 
2019-06-23 23:39:20.37 SHA256:be2c0c965ec198f25a65823f66f75219298c6d3df2c8e7a294a0b271ffa74396 
2019-06-23 23:39:20.38 文件:9241xdat.exe 签名正常。 
2019-06-23 23:39:20.39 进入更新包安装流程。 
2019-06-23 23:39:26.34 正在从 Stub 文件 D:\weihu\McafeeUpdate\history\2019-06-23\9241xdat.exe 中解压缩 ZIP 文件。 
2019-06-23 23:39:26.34 正在执行自我验证... 
2019-06-23 23:39:26.34 正在从 ZIP 文件中检索文件 NAISCRIP.NSC。 
2019-06-23 23:39:26.34 正在加载和解析脚本文件: C:\Users\Carlos\AppData\Local\Temp\6641\NAISCRIP.NSC 
2019-06-23 23:39:26.34 正在从 ZIP 文件中检索文件 Globals.nsg。 
2019-06-23 23:39:26.34 正在加载和解析全局文件: Globals.nsg 
2019-06-23 23:39:26.34 正在搜索已安装的所有防病毒产品。 
2019-06-23 23:39:26.34 正在删除...C:\Users\Carlos\AppData\Local\Temp\NAIA8F2.tmp 
2019-06-23 23:39:26.34 正在删除...C:\Users\Carlos\AppData\Local\Temp\6641 
2019-06-23 23:39:26.34 更新进程失败。 
2019-06-23 23:39:26.35 病毒库更新:9241xdat.exe 安装失败，当前计算机未找到符合条件的Mcafee产品。 
2019-06-23 23:39:26.36 开始对文件 9246xdat.exe 进行签名校验流程。 
2019-06-23 23:39:29.35 9246xdat.exe签名校验结果: 
2019-06-23 23:39:29.35 Verified:Signed 
2019-06-23 23:39:29.35 Signing date:23:552019/5/3 
2019-06-23 23:39:29.35 Publisher:McAfee,Inc. 
2019-06-23 23:39:29.35 Description:SuperDATStub 
2019-06-23 23:39:29.35 Product:McAfeeCoreComponents 
2019-06-23 23:39:29.35 Version:2.5 
2019-06-23 23:39:29.35 MD5:85ccf474abf4af2662da0e054116eae9 
2019-06-23 23:39:29.35 SHA1:33c8e95aa436f82b753657c6a741fb56872e1044 
2019-06-23 23:39:29.35 SHA256:07d90a4dfd376856cb00a37218702ef57a1b7b39a8b34a6e64bc508efc529ab0 
2019-06-23 23:39:29.36 文件:9246xdat.exe 签名正常。 
2019-06-23 23:39:29.37 进入更新包安装流程。 
2019-06-23 23:39:33.94 正在从 Stub 文件 D:\weihu\McafeeUpdate\history\2019-06-23\9246xdat.exe 中解压缩 ZIP 文件。 
2019-06-23 23:39:33.94 正在执行自我验证... 
2019-06-23 23:39:33.94 正在从 ZIP 文件中检索文件 NAISCRIP.NSC。 
2019-06-23 23:39:33.94 正在加载和解析脚本文件: C:\Users\Carlos\AppData\Local\Temp\6658\NAISCRIP.NSC 
2019-06-23 23:39:33.94 正在从 ZIP 文件中检索文件 Globals.nsg。 
2019-06-23 23:39:33.94 正在加载和解析全局文件: Globals.nsg 
2019-06-23 23:39:33.94 正在搜索已安装的所有防病毒产品。 
2019-06-23 23:39:33.94 正在删除...C:\Users\Carlos\AppData\Local\Temp\NAIC61F.tmp 
2019-06-23 23:39:33.94 正在删除...C:\Users\Carlos\AppData\Local\Temp\6658 
2019-06-23 23:39:33.94 更新进程失败。 
2019-06-23 23:39:33.94 病毒库更新:9246xdat.exe 安装失败，当前计算机未找到符合条件的Mcafee产品。 
2019-06-23 23:39:33.95 开始对文件 office2003.exe 进行签名校验流程。 
2019-06-23 23:39:37.48 office2003.exe签名校验结果: 
2019-06-23 23:39:37.48 Verified:Unsigned 
2019-06-23 23:39:37.48 Publisher:???? 
2019-06-23 23:39:37.48 Description:Office2003????? 
2019-06-23 23:39:37.48 Product:MicrosoftOffice2003???? 
2019-06-23 23:39:37.48 Version:2.0 
2019-06-23 23:39:37.48 MD5:eb93f95b31c76c3eb7ddb94ed54702a9 
2019-06-23 23:39:37.48 SHA1:b2bd2ebdf6246bc09e9960f6113e1dbdade7de59 
2019-06-23 23:39:37.48 SHA256:829f49c53407c95ce10a6a68bf04c6a282f58ac084a5861ec3437114e6e7cf88 
2019-06-23 23:39:37.49 文件：office2003.exe 数字签名损坏或未签名。 
2019-06-23 23:39:37.49 所有更新文件安装流程已完成 
2019-06-23 23:39:37.49 准备上传操作日志。 
2019-06-23 23:36:57.26 使用FTP方式上传 D:\weihu\McafeeUpdate\log\2019-06-23.log 至 Log\2019-06-23\169.254.53.47-Fail.log
2019-06-23 23:36:57.26 331 Password required for Mcafee.   
2019-06-23 23:36:57.26 230 User logged in.   
2019-06-23 23:36:57.26 200 Type set to I.   
2019-06-23 23:36:57.26 mkdir Log\2019-06-23    
2019-06-23 23:36:57.26 550 Cannot create a file when that file already exists.    
2019-06-23 23:36:57.26 put D:\weihu\McafeeUpdate\log\2019-06-23.log Log\2019-06-23\169.254.53.47-Fail.log   
2019-06-23 23:36:57.26 200 PORT command successful.   
2019-06-23 23:36:57.26 550 Access is denied.    
2019-06-23 23:36:57.26 221 Goodbye.   
2019-06-23 23:39:37.78 FTP方式上传 D:\weihu\McafeeUpdate\bin\..\log\2019-06-23.log 失败,原因：因服务端设置,无权限完成请求的操作  
