2019-06-21  0:02:57.90 开始进行系统安全更新流程 
2019-06-21  0:02:57.90 WINXP-TESTSERVE 默认IP值为 169.254.254.254 
2019-06-21  0:02:57.90 WINXP-TESTSERVE 默认错峰时间为 247 
2019-06-21  0:02:57.92 载入 [common] 参数 
2019-06-21  0:02:57.92 载入 Protocol 参数 
2019-06-21  0:02:57.92 载入 FailureRetry 参数 
2019-06-21  0:02:57.92 载入 SourceList 参数 
2019-06-21  0:02:57.92 载入 MultiUpdate 参数 
2019-06-21  0:02:57.92 载入 LogReport 参数 
2019-06-21  0:02:57.92 载入 CheckDigitalSignature 参数 
2019-06-21  0:02:57.92 载入 HistoryUpdate 参数 
2019-06-21  0:02:57.92 载入 Deadline 参数 
2019-06-21  0:02:57.92 载入 NicOrder 参数 
2019-06-21  0:02:57.92 载入 [tfp] 参数 
2019-06-21  0:02:57.92 载入 Address 参数 
2019-06-21  0:02:57.92 载入 FTPUsername 参数 
2019-06-21  0:02:57.92 载入 FTPPassword 参数 
2019-06-21  0:02:59.48 WINXP-TESTSERVE IP值更新为: 192.168.111.129 
2019-06-21  0:02:59.48 WINXP-TESTSERVE 错峰时间更新为 192.168.111.129 
2019-06-21  0:02:57.90 使用FTP方式 下载 update.list 至 C:\weihu\McafeeUpdate\tmp\ 
2019-06-21  0:03:00.10 FTP方式下载 update.list 完成 
2019-06-21  0:02:57.90 开始对 C:\weihu\McafeeUpdate\history\2019-06-21\update.list 进行文件哈希值校验。 
2019-06-21  0:02:57.90 文件 update.list 的HASH值:f8e84b811064f8e767990c6931b81f2be39ec5f0 
2019-06-21  0:02:57.90 开始对 C:\weihu\McafeeUpdate\tmp\last.update 进行文件哈希值校验。 
2019-06-21  0:02:57.90 文件 last.update 的HASH值:6f185b395ad7acdeccca86f005782a7ebcb9d86b 
2019-06-21  0:03:00.56 当前源 Hash： f8e84b811064f8e767990c6931b81f2be39ec5f0 上次源 Hash:  6f185b395ad7acdeccca86f005782a7ebcb9d86b 
2019-06-21  0:03:00.56 本机错峰下载等待时间: 1806 秒 
2019-06-21  0:03:00.56 本机错峰下载等待完成，进行更新下载 
2019-06-21  0:02:57.90 使用FTP方式 下载 \20191113012811\9241xdat.exe 至 C:\weihu\McafeeUpdate\history\2019-06-21\ 
2019-06-21  0:03:26.21 FTP方式下载 \20191113012811\9241xdat.exe 完成 
2019-06-21  0:02:57.90 使用FTP方式 下载 \20191113012811\9246xdat.exe 至 C:\weihu\McafeeUpdate\history\2019-06-21\ 
2019-06-21  0:03:38.96 FTP方式下载 \20191113012811\9246xdat.exe 完成 
2019-06-21  0:02:57.90 使用FTP方式 下载 \20191113012811\9248xdat.exe 至 C:\weihu\McafeeUpdate\history\2019-06-21\ 
2019-06-21  0:03:50.95 FTP方式下载 \20191113012811\9248xdat.exe 完成 
2019-06-21  0:02:57.90 使用FTP方式 下载 \20191113012811\9256xdat.exe 至 C:\weihu\McafeeUpdate\history\2019-06-21\ 
2019-06-21  0:04:02.93 FTP方式下载 \20191113012811\9256xdat.exe 完成 
2019-06-21  0:04:02.95 本次更新文件总量为：441M 
2019-06-21  0:04:02.96 进入更新文件校验流程,当前工作目录: C:\weihu\McafeeUpdate\history\2019-06-21 
2019-06-21  0:02:57.90 开始对 C:\weihu\McafeeUpdate\history\2019-06-21\9241xdat.exe 进行文件哈希值校验。 
2019-06-21  0:02:57.90 文件 9241xdat.exe 的HASH值:782d39bac87adc5238fbd6e3a2624df67c58c258 
2019-06-21  0:04:02.96 文件名:9241xdat.exe Hash: 782d39bac87adc5238fbd6e3a2624df67c58c258 Size: 114158088 
2019-06-21  0:04:02.96 更新文件 9241xdat.exe 完整。 
2019-06-21  0:02:57.90 开始对 C:\weihu\McafeeUpdate\history\2019-06-21\9246xdat.exe 进行文件哈希值校验。 
2019-06-21  0:02:57.90 文件 9246xdat.exe 的HASH值:33c8e95aa436f82b753657c6a741fb56872e1044 
2019-06-21  0:04:02.96 文件名:9246xdat.exe Hash: 33c8e95aa436f82b753657c6a741fb56872e1044 Size: 115549152 
2019-06-21  0:04:02.96 更新文件 9246xdat.exe 完整。 
2019-06-21  0:02:57.90 开始对 C:\weihu\McafeeUpdate\history\2019-06-21\9248xdat.exe 进行文件哈希值校验。 
2019-06-21  0:02:57.90 文件 9248xdat.exe 的HASH值:5e25512583ede2e293340d8bfba3f40f97d85ab5 
2019-06-21  0:04:02.96 文件名:9248xdat.exe Hash: 5e25512583ede2e293340d8bfba3f40f97d85ab5 Size: 116280216 
2019-06-21  0:04:02.96 更新文件 9248xdat.exe 完整。 
2019-06-21  0:02:57.90 开始对 C:\weihu\McafeeUpdate\history\2019-06-21\9256xdat.exe 进行文件哈希值校验。 
2019-06-21  0:02:57.90 文件 9256xdat.exe 的HASH值:55df11afbdb24d89159cf231f181bd1de165e695 
2019-06-21  0:04:02.96 文件名:9256xdat.exe Hash: 55df11afbdb24d89159cf231f181bd1de165e695 Size: 116551832 
2019-06-21  0:04:02.96 更新文件 9256xdat.exe 完整。 
2019-06-21  0:04:07.75 更新文件校验完毕，准备进行安装更新 
2019-06-21  0:04:07.75 进入更新文件安装流程,当前工作目录: C:\weihu\McafeeUpdate\history\2019-06-21 
2019-06-21  0:04:07.76 开始进行文件签名校验流程。 
2019-06-21  0:04:11.20 文件签名校验结果: 
2019-06-21  0:04:11.20 Verified:Signed 
2019-06-21  0:04:11.20 Signing date:15:282019-4-28 
2019-06-21  0:04:11.20 Publisher:McAfee,Inc. 
2019-06-21  0:04:11.20 Description:SuperDATStub 
2019-06-21  0:04:11.20 Product:McAfeeCoreComponents 
2019-06-21  0:04:11.20 Version:2.5 
2019-06-21  0:04:11.20 MD5:44aa46c9d0b5402d144b0b9953b2b1bf 
2019-06-21  0:04:11.20 SHA1:782d39bac87adc5238fbd6e3a2624df67c58c258 
2019-06-21  0:04:11.20 SHA256:be2c0c965ec198f25a65823f66f75219298c6d3df2c8e7a294a0b271ffa74396 
2019-06-21  0:04:11.20 文件:9241xdat.exe 签名正常。 
2019-06-21  0:04:11.23 进入更新包安装流程。 
2019-06-21  0:04:14.07 正在从 Stub 文件 C:\weihu\McafeeUpdate\history\2019-06-21\9241xdat.exe 中解压缩 ZIP 文件。 
2019-06-21  0:04:14.07 正在执行自我验证... 
2019-06-21  0:04:14.07 正在从 ZIP 文件中检索文件 NAISCRIP.NSC。 
2019-06-21  0:04:14.07 正在加载和解析脚本文件: C:\DOCUME~1\ADMINI~1\LOCALS~1\Temp\ED7\NAISCRIP.NSC 
2019-06-21  0:04:14.07 正在从 ZIP 文件中检索文件 Globals.nsg。 
2019-06-21  0:04:14.07 正在加载和解析全局文件: Globals.nsg 
2019-06-21  0:04:14.07 正在搜索已安装的所有防病毒产品。 
2019-06-21  0:04:14.07 正在删除...C:\DOCUME~1\ADMINI~1\LOCALS~1\Temp\NAIA.tmp 
2019-06-21  0:04:14.07 正在删除...C:\DOCUME~1\ADMINI~1\LOCALS~1\Temp\ED7 
2019-06-21  0:04:14.07 更新进程失败。 
2019-06-21  0:04:14.09 病毒库更新:9241xdat.exe 安装失败，当前计算机未找到符合条件的Mcafee产品。 
2019-06-21  0:04:14.10 开始进行文件签名校验流程。 
2019-06-21  0:04:17.53 文件签名校验结果: 
2019-06-21  0:04:17.53 Verified:Signed 
2019-06-21  0:04:17.53 Signing date:23:552019-5-3 
2019-06-21  0:04:17.53 Publisher:McAfee,Inc. 
2019-06-21  0:04:17.53 Description:SuperDATStub 
2019-06-21  0:04:17.53 Product:McAfeeCoreComponents 
2019-06-21  0:04:17.53 Version:2.5 
2019-06-21  0:04:17.53 MD5:85ccf474abf4af2662da0e054116eae9 
2019-06-21  0:04:17.53 SHA1:33c8e95aa436f82b753657c6a741fb56872e1044 
2019-06-21  0:04:17.53 SHA256:07d90a4dfd376856cb00a37218702ef57a1b7b39a8b34a6e64bc508efc529ab0 
2019-06-21  0:04:17.53 文件:9246xdat.exe 签名正常。 
2019-06-21  0:04:17.54 进入更新包安装流程。 
2019-06-21  0:04:20.06 正在从 Stub 文件 C:\weihu\McafeeUpdate\history\2019-06-21\9246xdat.exe 中解压缩 ZIP 文件。 
2019-06-21  0:04:20.06 正在执行自我验证... 
2019-06-21  0:04:20.06 正在从 ZIP 文件中检索文件 NAISCRIP.NSC。 
2019-06-21  0:04:20.06 正在加载和解析脚本文件: C:\DOCUME~1\ADMINI~1\LOCALS~1\Temp\EEA\NAISCRIP.NSC 
2019-06-21  0:04:20.06 正在从 ZIP 文件中检索文件 Globals.nsg。 
2019-06-21  0:04:20.06 正在加载和解析全局文件: Globals.nsg 
2019-06-21  0:04:20.06 正在搜索已安装的所有防病毒产品。 
2019-06-21  0:04:20.06 正在删除...C:\DOCUME~1\ADMINI~1\LOCALS~1\Temp\NAIC.tmp 
2019-06-21  0:04:20.06 正在删除...C:\DOCUME~1\ADMINI~1\LOCALS~1\Temp\EEA 
2019-06-21  0:04:20.06 更新进程失败。 
2019-06-21  0:04:20.07 病毒库更新:9246xdat.exe 安装失败，当前计算机未找到符合条件的Mcafee产品。 
2019-06-21  0:04:20.09 开始进行文件签名校验流程。 
2019-06-21  0:04:23.70 文件签名校验结果: 
2019-06-21  0:04:23.70 Verified:Signed 
2019-06-21  0:04:23.70 Signing date:16:222019-5-5 
2019-06-21  0:04:23.70 Publisher:McAfee,Inc. 
2019-06-21  0:04:23.70 Description:SuperDATStub 
2019-06-21  0:04:23.70 Product:McAfeeCoreComponents 
2019-06-21  0:04:23.70 Version:2.5 
2019-06-21  0:04:23.70 MD5:675d29acbf7df7b7fcd8ee3a0ec92f72 
2019-06-21  0:04:23.70 SHA1:5e25512583ede2e293340d8bfba3f40f97d85ab5 
2019-06-21  0:04:23.70 SHA256:37a5bd4c07e468e7c4ea565d2e09414960d9a05347cb7ec7e487605780b09a94 
2019-06-21  0:04:23.70 文件:9248xdat.exe 签名正常。 
2019-06-21  0:04:23.71 进入更新包安装流程。 
2019-06-21  0:04:26.81 正在从 Stub 文件 C:\weihu\McafeeUpdate\history\2019-06-21\9248xdat.exe 中解压缩 ZIP 文件。 
2019-06-21  0:04:26.81 正在执行自我验证... 
2019-06-21  0:04:26.81 正在从 ZIP 文件中检索文件 NAISCRIP.NSC。 
2019-06-21  0:04:26.81 正在加载和解析脚本文件: C:\DOCUME~1\ADMINI~1\LOCALS~1\Temp\EFE\NAISCRIP.NSC 
2019-06-21  0:04:26.81 正在从 ZIP 文件中检索文件 Globals.nsg。 
2019-06-21  0:04:26.81 正在加载和解析全局文件: Globals.nsg 
2019-06-21  0:04:26.81 正在搜索已安装的所有防病毒产品。 
2019-06-21  0:04:26.81 正在删除...C:\DOCUME~1\ADMINI~1\LOCALS~1\Temp\NAIE.tmp 
2019-06-21  0:04:26.81 正在删除...C:\DOCUME~1\ADMINI~1\LOCALS~1\Temp\EFE 
2019-06-21  0:04:26.81 更新进程失败。 
2019-06-21  0:04:26.82 病毒库更新:9248xdat.exe 安装失败，当前计算机未找到符合条件的Mcafee产品。 
2019-06-21  0:04:26.82 开始进行文件签名校验流程。 
2019-06-21  0:04:30.56 文件签名校验结果: 
2019-06-21  0:04:30.56 Verified:Signed 
2019-06-21  0:04:30.56 Signing date:15:262019-5-13 
2019-06-21  0:04:30.56 Publisher:McAfee,Inc. 
2019-06-21  0:04:30.56 Description:SuperDATStub 
2019-06-21  0:04:30.56 Product:McAfeeCoreComponents 
2019-06-21  0:04:30.56 Version:2.5 
2019-06-21  0:04:30.56 MD5:60f01872cd6be0d8c9ca5f48766d3626 
2019-06-21  0:04:30.56 SHA1:55df11afbdb24d89159cf231f181bd1de165e695 
2019-06-21  0:04:30.56 SHA256:f78eb76fbf6afaa46ff46ac6f93bbd13105d138e0758e2ff87494ba19e663f0a 
2019-06-21  0:04:30.56 文件:9256xdat.exe 签名正常。 
2019-06-21  0:04:30.59 进入更新包安装流程。 
2019-06-21  0:04:33.50 正在从 Stub 文件 C:\weihu\McafeeUpdate\history\2019-06-21\9256xdat.exe 中解压缩 ZIP 文件。 
2019-06-21  0:04:33.50 正在执行自我验证... 
2019-06-21  0:04:33.50 正在从 ZIP 文件中检索文件 NAISCRIP.NSC。 
2019-06-21  0:04:33.50 正在加载和解析脚本文件: C:\DOCUME~1\ADMINI~1\LOCALS~1\Temp\F15\NAISCRIP.NSC 
2019-06-21  0:04:33.50 正在从 ZIP 文件中检索文件 Globals.nsg。 
2019-06-21  0:04:33.50 正在加载和解析全局文件: Globals.nsg 
2019-06-21  0:04:33.50 正在搜索已安装的所有防病毒产品。 
2019-06-21  0:04:33.50 正在删除...C:\DOCUME~1\ADMINI~1\LOCALS~1\Temp\NAI10.tmp 
2019-06-21  0:04:33.50 正在删除...C:\DOCUME~1\ADMINI~1\LOCALS~1\Temp\F15 
2019-06-21  0:04:33.50 更新进程失败。 
2019-06-21  0:04:33.51 病毒库更新:9256xdat.exe 安装失败，当前计算机未找到符合条件的Mcafee产品。 
2019-06-21  0:04:33.51 所有更新文件安装已完成 
2019-06-21  0:04:33.51 准备上传操作日志。 
2019-06-21  0:02:57.90 使用FTP方式 上传 C:\weihu\McafeeUpdate\bin\..\tmp\192.168.111.129-Fail.log 至 Log\2019-06-21 
2019-06-21  0:04:34.01 FTP方式上传 C:\weihu\McafeeUpdate\bin\..\tmp\192.168.111.129-Fail.log 完成 
2019-06-21  0:16:11.14 开始进行系统安全更新流程 
2019-06-21  0:16:11.14 WINXP-TESTSERVE 默认IP值为 169.254.254.254 
2019-06-21  0:16:11.14 WINXP-TESTSERVE 默认错峰时间为 140 
2019-06-21  0:16:11.14 载入 [common] 参数 
2019-06-21  0:16:11.14 载入 Protocol 参数 
2019-06-21  0:16:11.14 载入 FailureRetry 参数 
2019-06-21  0:16:11.14 载入 SourceList 参数 
2019-06-21  0:16:11.14 载入 MultiUpdate 参数 
2019-06-21  0:16:11.14 载入 LogReport 参数 
2019-06-21  0:16:11.14 载入 CheckDigitalSignature 参数 
2019-06-21  0:16:11.14 载入 HistoryUpdate 参数 
2019-06-21  0:16:11.14 载入 Deadline 参数 
2019-06-21  0:16:11.14 载入 NicOrder 参数 
2019-06-21  0:16:11.14 载入 [tfp] 参数 
2019-06-21  0:16:11.14 载入 Address 参数 
2019-06-21  0:16:11.14 载入 FTPUsername 参数 
2019-06-21  0:16:11.14 载入 FTPPassword 参数 
外层  192.168.111.129 
内层  192.168.111.129 
外层  192.168.5.169 
2019-06-21  0:16:12.78 WINXP-TESTSERVE IP值更新为: 192.168.111.129 
2019-06-21  0:16:12.78 WINXP-TESTSERVE 错峰时间更新为 192.168.111.129 
2019-06-21  0:16:11.14 使用FTP方式 下载 update.list 至 C:\weihu\McafeeUpdate\tmp\ 
2019-06-21  0:16:13.35 FTP方式下载 update.list 完成 
2019-06-21  0:16:11.14 开始对 C:\weihu\McafeeUpdate\history\2019-06-21\update.list 进行文件哈希值校验。 
2019-06-21  0:16:46.20 开始进行系统安全更新流程 
2019-06-21  0:16:46.20 WINXP-TESTSERVE 默认IP值为 169.254.254.254 
2019-06-21  0:16:46.20 WINXP-TESTSERVE 默认错峰时间为 254 
2019-06-21  0:16:46.20 载入 [common] 参数 
2019-06-21  0:16:46.20 载入 Protocol 参数 
2019-06-21  0:16:46.20 载入 FailureRetry 参数 
2019-06-21  0:16:46.20 载入 SourceList 参数 
2019-06-21  0:16:46.20 载入 MultiUpdate 参数 
2019-06-21  0:16:46.20 载入 LogReport 参数 
2019-06-21  0:16:46.20 载入 CheckDigitalSignature 参数 
2019-06-21  0:16:46.20 载入 HistoryUpdate 参数 
2019-06-21  0:16:46.20 载入 Deadline 参数 
2019-06-21  0:16:46.20 载入 NicOrder 参数 
2019-06-21  0:16:46.20 载入 [tfp] 参数 
2019-06-21  0:16:46.20 载入 Address 参数 
2019-06-21  0:16:46.20 载入 FTPUsername 参数 
2019-06-21  0:16:46.20 载入 FTPPassword 参数 
外层  192.168.111.129 
外层  192.168.5.169 
内层  192.168.5.169 
2019-06-21  0:16:47.85 WINXP-TESTSERVE IP值更新为: 192.168.5.169 
2019-06-21  0:16:47.85 WINXP-TESTSERVE 错峰时间更新为 192.168.5.169 
2019-06-21  0:16:46.20 使用FTP方式 下载 update.list 至 C:\weihu\McafeeUpdate\tmp\ 
2019-06-21  0:16:48.48 FTP方式下载 update.list 完成 
2019-06-21  0:16:46.20 开始对 C:\weihu\McafeeUpdate\history\2019-06-21\update.list 进行文件哈希值校验。 
2019-06-21  0:16:46.20 文件 update.list 的HASH值:f8e84b811064f8e767990c6931b81f2be39ec5f0 
2019-06-21  0:16:46.20 开始对 C:\weihu\McafeeUpdate\tmp\last.update 进行文件哈希值校验。 
2019-06-21  0:16:46.20 文件 last.update 的HASH值:f8e84b811064f8e767990c6931b81f2be39ec5f0 
2019-06-21  0:16:48.84 当前源 Hash： f8e84b811064f8e767990c6931b81f2be39ec5f0 上次源 Hash:  f8e84b811064f8e767990c6931b81f2be39ec5f0 
2019-06-21  0:16:48.84 本次更新与上次更新一致，不予更新。 
2019-06-21  0:17:21.78 开始进行系统安全更新流程 
2019-06-21  0:17:21.78 WINXP-TESTSERVE 默认IP值为 169.254.254.254 
2019-06-21  0:17:21.78 WINXP-TESTSERVE 默认错峰时间为 69 
2019-06-21  0:17:21.78 载入 [common] 参数 
2019-06-21  0:17:21.78 载入 Protocol 参数 
2019-06-21  0:17:21.78 载入 FailureRetry 参数 
2019-06-21  0:17:21.78 载入 SourceList 参数 
2019-06-21  0:17:21.78 载入 MultiUpdate 参数 
2019-06-21  0:17:21.78 载入 LogReport 参数 
2019-06-21  0:17:21.78 载入 CheckDigitalSignature 参数 
2019-06-21  0:17:21.78 载入 HistoryUpdate 参数 
2019-06-21  0:17:21.78 载入 Deadline 参数 
2019-06-21  0:17:21.78 载入 NicOrder 参数 
2019-06-21  0:17:21.78 载入 [tfp] 参数 
2019-06-21  0:17:21.78 载入 Address 参数 
2019-06-21  0:17:21.78 载入 FTPUsername 参数 
2019-06-21  0:17:21.78 载入 FTPPassword 参数 
外层  192.168.111.129 
外层  192.168.5.169 
内层  192.168.5.169 
2019-06-21  0:17:23.43 WINXP-TESTSERVE IP值更新为: 192.168.5.169 
2019-06-21  0:17:23.43 WINXP-TESTSERVE 错峰时间更新为 192.168.5.169 
2019-06-21  0:17:21.78 使用FTP方式 下载 update.list 至 C:\weihu\McafeeUpdate\tmp\ 
2019-06-21  0:17:24.12 FTP方式下载 update.list 完成 
2019-06-21  0:17:21.78 开始对 C:\weihu\McafeeUpdate\history\2019-06-21\update.list 进行文件哈希值校验。 
2019-06-21  0:17:21.78 文件 update.list 的HASH值:f8e84b811064f8e767990c6931b81f2be39ec5f0 
2019-06-21  0:17:21.78 开始对 C:\weihu\McafeeUpdate\tmp\last.update 进行文件哈希值校验。 
2019-06-21  0:17:21.78 文件 last.update 的HASH值:f8e84b811064f8e767990c6931b81f2be39ec5f0 
2019-06-21  0:17:24.48 当前源 Hash： f8e84b811064f8e767990c6931b81f2be39ec5f0 上次源 Hash:  f8e84b811064f8e767990c6931b81f2be39ec5f0 
2019-06-21  0:17:24.48 本次更新与上次更新一致，不予更新。 
2019-06-21  0:17:30.46 开始进行系统安全更新流程 
2019-06-21  0:17:30.48 WINXP-TESTSERVE 默认IP值为 169.254.254.254 
2019-06-21  0:17:30.48 WINXP-TESTSERVE 默认错峰时间为 98 
2019-06-21  0:17:30.48 载入 [common] 参数 
2019-06-21  0:17:30.48 载入 Protocol 参数 
2019-06-21  0:17:30.48 载入 FailureRetry 参数 
2019-06-21  0:17:30.48 载入 SourceList 参数 
2019-06-21  0:17:30.48 载入 MultiUpdate 参数 
2019-06-21  0:17:30.48 载入 LogReport 参数 
2019-06-21  0:17:30.48 载入 CheckDigitalSignature 参数 
2019-06-21  0:17:30.48 载入 HistoryUpdate 参数 
2019-06-21  0:17:30.48 载入 Deadline 参数 
2019-06-21  0:17:30.48 载入 NicOrder 参数 
2019-06-21  0:17:30.48 载入 [tfp] 参数 
2019-06-21  0:17:30.48 载入 Address 参数 
2019-06-21  0:17:30.48 载入 FTPUsername 参数 
2019-06-21  0:17:30.48 载入 FTPPassword 参数 
外层  192.168.111.129 
外层  192.168.5.169 
内层  192.168.5.169 
2019-06-21  0:17:32.14 WINXP-TESTSERVE IP值更新为: 192.168.5.169 
2019-06-21  0:17:32.14 WINXP-TESTSERVE 错峰时间更新为 192.168.5.169 
2019-06-21  0:17:30.46 使用FTP方式 下载 update.list 至 C:\weihu\McafeeUpdate\tmp\ 
2019-06-21  0:17:32.76 FTP方式下载 update.list 完成 
2019-06-21  0:17:30.46 开始对 C:\weihu\McafeeUpdate\history\2019-06-21\update.list 进行文件哈希值校验。 
2019-06-21  0:17:30.46 文件 update.list 的HASH值:f8e84b811064f8e767990c6931b81f2be39ec5f0 
2019-06-21  0:17:30.46 开始对 C:\weihu\McafeeUpdate\tmp\last.update 进行文件哈希值校验。 
2019-06-21  0:17:30.46 文件 last.update 的HASH值:f8e84b811064f8e767990c6931b81f2be39ec5f0 
2019-06-21  0:17:33.12 当前源 Hash： f8e84b811064f8e767990c6931b81f2be39ec5f0 上次源 Hash:  f8e84b811064f8e767990c6931b81f2be39ec5f0 
2019-06-21  0:17:33.12 本次更新与上次更新一致，不予更新。 
