2019-05-06  0:01:11.57 本机错峰时间: 1550 秒 
2019-05-06  0:01:11.64 本机错峰时间: 1550 秒 
预备执行 D:\weihu\McafeeUpdate\bin\Bitsadmin.bat 当前工作目录 D:\weihu\McafeeUpdate\  
2019-05-06  0:01:11.64 本机错峰等待时间 1550 秒 
2019-05-06  0:02:44.41 本机错峰时间: 1550 秒 
2019-05-06  0:02:44.47 本机错峰时间: 1550 秒 
预备执行 D:\weihu\McafeeUpdate\bin\Bitsadmin.bat 当前工作目录 D:\weihu\McafeeUpdate\  
2019-05-06  0:02:44.48 本机错峰等待时间 1550 秒 
2019-05-06  0:04:50.81 本机错峰时间: 1550 秒 
2019-05-06  0:04:50.87 本机错峰时间: 1550 秒 
预备执行 D:\weihu\McafeeUpdate\bin\Bitsadmin.bat 当前工作目录 D:\weihu\McafeeUpdate\  
2019-05-06  0:04:50.87 本机错峰等待时间 1550 秒 
2019-05-06  0:04:50.87 错峰等待完成,准备执行下载流程 
2019-05-06  0:04:51.90 当前下载方式：Bitsadmin 
2019-05-06  0:04:51.90 预备使用Bitsadmin下载 http://down5.huorong.cn/sysdiag-full-4.0.87.11.exe 
2019-05-06  0:04:51.90 下载命令：bitsadmin /transfer McafeeUpdate http://down5.huorong.cn/sysdiag-full-4.0.87.11.exe D:\weihu\McafeeUpdate\virusUpdate 

BITSADMIN version 3.0
BITS administration utility.
(C) Copyright Microsoft Corp.

Transfer complete.
2019-05-06  0:05:52.69 Bitsadmin下载http://down5.huorong.cn/sysdiag-full-4.0.87.11.exe完成 
2019-05-06  0:04:50.87 执行下载流程完成 
2019-05-06  0:04:50.87 现有文件size:0 上一次更新文件size:0  
2019-05-06  0:04:50.87 使用下载更新文件长度：0 
2019-05-06  0:04:50.87  下载文件不符合更新要求，更换下一种方式下载 
预备执行 D:\weihu\McafeeUpdate\bin\Certutil.bat 当前工作目录 D:\weihu\McafeeUpdate\  
2019-05-06  0:04:50.87 本机错峰等待时间 1550 秒 
2019-05-06  0:04:50.87 错峰等待完成,准备执行下载流程 
2019-05-06  0:05:53.72 当前下载方式：Certutil 
2019-05-06  0:05:53.72 Certutil 下载 http://down5.huorong.cn/sysdiag-full-4.0.87.11.exe 
2019-05-06  0:05:53.72 下载命令: certutil -urlcache -split -f http://down5.huorong.cn/sysdiag-full-4.0.87.11.exe D:\weihu\McafeeUpdate\virusUpdate 
****  联机  ****
  000000  ...
  b66080
CertUtil: -URLCache 命令成功完成。
2019-05-06  0:06:05.99 Certutil 下载 完成 
2019-05-06  0:04:50.87 执行下载流程完成 
2019-05-06  0:04:50.87 现有文件size:0 上一次更新文件size:0  
2019-05-06  0:04:50.87 使用下载更新文件长度：0 
2019-05-06  0:04:50.87  下载文件不符合更新要求，更换下一种方式下载 
预备执行 D:\weihu\McafeeUpdate\bin\FTP.bat 当前工作目录 D:\weihu\McafeeUpdate\  
2019-05-06  0:04:50.87 本机错峰等待时间 1550 秒 
2019-05-06  0:04:50.87 错峰等待完成,准备执行下载流程 
2019-05-06  0:08:14.40 本机错峰时间: 1550 秒 
2019-05-06  0:08:14.47 本机错峰时间: 1550 秒 
预备执行 D:\weihu\McafeeUpdate\bin\Bitsadmin.bat 当前工作目录 D:\weihu\McafeeUpdate\  
2019-05-06  0:08:14.47 本机错峰等待时间 1550 秒 
2019-05-06  0:08:14.47 错峰等待完成,准备执行下载流程 
2019-05-06  0:08:15.48 当前下载方式：Bitsadmin 
2019-05-06  0:08:15.49 预备使用Bitsadmin下载 http://down5.huorong.cn/sysdiag-full-4.0.87.11.exe 
2019-05-06  0:08:15.49 下载命令：bitsadmin /transfer McafeeUpdate http://down5.huorong.cn/sysdiag-full-4.0.87.11.exe D:\weihu\McafeeUpdate\virusUpdate 

BITSADMIN version 3.0
BITS administration utility.
(C) Copyright Microsoft Corp.

Transfer canceled.
2019-05-06  0:09:19.50 本机错峰时间: 1550 秒 
2019-05-06  0:09:19.56 本机错峰时间: 1550 秒 
预备执行 D:\weihu\McafeeUpdate\bin\Bitsadmin.bat 当前工作目录 D:\weihu\McafeeUpdate\  
2019-05-06  0:09:19.56 本机错峰等待时间 1550 秒 
2019-05-06  0:09:19.56 错峰等待完成,准备执行下载流程 
2019-05-06  0:09:20.59 当前下载方式：Bitsadmin 
2019-05-06  0:09:20.59 预备使用Bitsadmin下载 http://down5.huorong.cn/sysdiag-full-4.0.87.11.exe 
2019-05-06  0:09:20.60 下载命令：bitsadmin /transfer McafeeUpdate http://down5.huorong.cn/sysdiag-full-4.0.87.11.exe D:\weihu\McafeeUpdate\virusUpdate 

BITSADMIN version 3.0
BITS administration utility.
(C) Copyright Microsoft Corp.

Transfer canceled.
2019-05-06  0:10:21.84 本机错峰时间: 1550 秒 
2019-05-06  0:10:21.90 本机错峰时间: 1550 秒 
预备执行 D:\weihu\McafeeUpdate\bin\Bitsadmin.bat 当前工作目录 D:\weihu\McafeeUpdate\  
2019-05-06  0:10:21.90 本机错峰等待时间 1550 秒 
2019-05-06  0:10:21.90 错峰等待完成,准备执行下载流程 
2019-05-06  0:10:22.92 当前下载方式：Bitsadmin 
2019-05-06  0:10:22.92 预备使用Bitsadmin下载 http://down5.huorong.cn/sysdiag-full-4.0.87.11.exe 
2019-05-06  0:10:22.92 下载命令：bitsadmin /transfer McafeeUpdate http://down5.huorong.cn/sysdiag-full-4.0.87.11.exe D:\weihu\McafeeUpdate\virusUpdate 

BITSADMIN version 3.0
BITS administration utility.
(C) Copyright Microsoft Corp.

Transfer complete.
2019-05-06  0:10:37.84 Bitsadmin下载http://down5.huorong.cn/sysdiag-full-4.0.87.11.exe完成 
2019-05-06  0:10:21.90 执行下载流程完成 
2019-05-06  0:10:21.90 现有文件size:0 上一次更新文件size:0  
2019-05-06  0:10:21.90 使用下载更新文件长度：0 
2019-05-06  0:10:21.90  下载文件不符合更新要求，更换下一种方式下载 
预备执行 D:\weihu\McafeeUpdate\bin\Certutil.bat 当前工作目录 D:\weihu\McafeeUpdate\  
2019-05-06  0:10:21.90 本机错峰等待时间 1550 秒 
2019-05-06  0:10:21.90 错峰等待完成,准备执行下载流程 
2019-05-06  0:10:38.86 当前下载方式：Certutil 
2019-05-06  0:10:38.86 Certutil 下载 http://down5.huorong.cn/sysdiag-full-4.0.87.11.exe 
2019-05-06  0:10:38.86 下载命令: certutil -urlcache -split -f http://down5.huorong.cn/sysdiag-full-4.0.87.11.exe D:\weihu\McafeeUpdate\virusUpdate 
****  联机  ****
  000000  ...
  b66080
CertUtil: -URLCache 命令成功完成。
2019-05-06  0:10:48.85 Certutil 下载 完成 
2019-05-06  0:10:21.90 执行下载流程完成 
2019-05-06  0:10:21.90 现有文件size:0 上一次更新文件size:0  
2019-05-06  0:10:21.90 使用下载更新文件长度：0 
2019-05-06  0:10:21.90  下载文件不符合更新要求，更换下一种方式下载 
预备执行 D:\weihu\McafeeUpdate\bin\FTP.bat 当前工作目录 D:\weihu\McafeeUpdate\  
2019-05-06  0:10:21.90 本机错峰等待时间 1550 秒 
2019-05-06  0:10:21.90 错峰等待完成,准备执行下载流程 
2019-05-06  0:11:24.94 本机错峰时间: 1550 秒 
2019-05-06  0:11:25.00 本机错峰时间: 1550 秒 
预备执行 D:\weihu\McafeeUpdate\bin\Bitsadmin.bat 当前工作目录 D:\weihu\McafeeUpdate\  
2019-05-06  0:11:25.00 本机错峰等待时间 1550 秒 
2019-05-06  0:11:25.00 错峰等待完成,准备执行下载流程 
2019-05-06  0:11:26.03 当前下载方式：Bitsadmin 
2019-05-06  0:11:26.03 预备使用Bitsadmin下载 http://down5.huorong.cn/sysdiag-full-4.0.87.11.exe 
2019-05-06  0:11:26.03 下载命令：bitsadmin /transfer McafeeUpdate http://down5.huorong.cn/sysdiag-full-4.0.87.11.exe D:\weihu\McafeeUpdate\virusUpdate 

BITSADMIN version 3.0
BITS administration utility.
(C) Copyright Microsoft Corp.

Transfer complete.
2019-05-06  0:11:38.46 Bitsadmin下载http://down5.huorong.cn/sysdiag-full-4.0.87.11.exe完成 
2019-05-06  0:11:25.00 执行下载流程完成 
2019-05-06  0:11:25.00 现有文件size:0 上一次更新文件size:0  
2019-05-06  0:11:25.00 使用下载更新文件长度：0 
2019-05-06  0:11:25.00  下载文件不符合更新要求，更换下一种方式下载 
预备执行 D:\weihu\McafeeUpdate\bin\Certutil.bat 当前工作目录 D:\weihu\McafeeUpdate\  
2019-05-06  0:11:25.00 本机错峰等待时间 1550 秒 
2019-05-06  0:11:25.00 错峰等待完成,准备执行下载流程 
2019-05-06  0:11:39.48 当前下载方式：Certutil 
2019-05-06  0:11:39.48 Certutil 下载 http://down5.huorong.cn/sysdiag-full-4.0.87.11.exe 
2019-05-06  0:11:39.48 下载命令: certutil -urlcache -split -f http://down5.huorong.cn/sysdiag-full-4.0.87.11.exe D:\weihu\McafeeUpdate\virusUpdate 
****  联机  ****
  000000  ...
  b66080
CertUtil: -URLCache 命令成功完成。
2019-05-06  0:11:47.67 Certutil 下载 完成 
2019-05-06  0:11:25.00 执行下载流程完成 
2019-05-06  0:11:25.00 现有文件size:0 上一次更新文件size:0  
2019-05-06  0:11:25.00 使用下载更新文件长度：0 
2019-05-06  0:11:25.00  下载文件不符合更新要求，更换下一种方式下载 
预备执行 D:\weihu\McafeeUpdate\bin\FTP.bat 当前工作目录 D:\weihu\McafeeUpdate\  
2019-05-06  0:11:25.00 本机错峰等待时间 1550 秒 
2019-05-06  0:11:25.00 错峰等待完成,准备执行下载流程 
2019-05-06  0:21:34.17 本机错峰时间: 1550 秒 
2019-05-06  0:21:34.23 本机错峰时间: 1550 秒 
预备执行 D:\weihu\McafeeUpdate\bin\Bitsadmin.bat 当前工作目录 D:\weihu\McafeeUpdate\  
2019-05-06  0:21:34.23 本机错峰等待时间 1550 秒 
2019-05-06  0:21:34.23 错峰等待完成,准备执行下载流程 
2019-05-06  0:21:34.23 执行下载流程完成 
2019-05-06  0:21:34.23 现有文件size:0 上一次更新文件size:0  
2019-05-06  0:21:34.23 使用下载更新文件长度：0 
2019-05-06  0:21:34.23  下载文件不符合更新要求，更换下一种方式下载 
预备执行 D:\weihu\McafeeUpdate\bin\Certutil.bat 当前工作目录 D:\weihu\McafeeUpdate\  
2019-05-06  0:21:34.23 本机错峰等待时间 1550 秒 
2019-05-06  0:21:35.36 当前下载方式：Bitsadmin 
2019-05-06  0:21:35.36 预备使用Bitsadmin下载 http://down5.huorong.cn/sysdiag-full-4.0.87.11.exe 
2019-05-06  0:21:35.36 下载命令：bitsadmin /transfer McafeeUpdate http://down5.huorong.cn/sysdiag-full-4.0.87.11.exe D:\weihu\McafeeUpdate\virusUpdate 

BITSADMIN version 3.0
BITS administration utility.
(C) Copyright Microsoft Corp.

Transfer complete.
2019-05-06  0:21:42.27 Bitsadmin下载http://down5.huorong.cn/sysdiag-full-4.0.87.11.exe完成 
2019-05-06  0:22:22.45 本机错峰时间: 1550 秒 
2019-05-06  0:22:22.52 本机错峰时间: 1550 秒 
预备执行 D:\weihu\McafeeUpdate\bin\Bitsadmin.bat 当前工作目录 D:\weihu\McafeeUpdate\  
2019-05-06  0:22:22.52 本机错峰等待时间 1550 秒 
2019-05-06  0:22:22.52 错峰等待完成,准备执行下载流程 
2019-05-06  0:22:22.52 执行下载流程完成 
2019-05-06  0:22:22.52 现有文件size:0 上一次更新文件size:0  
2019-05-06  0:22:22.52 使用下载更新文件长度：0 
2019-05-06  0:22:22.52  下载文件不符合更新要求，更换下一种方式下载 
预备执行 D:\weihu\McafeeUpdate\bin\Certutil.bat 当前工作目录 D:\weihu\McafeeUpdate\  
2019-05-06  0:22:22.52 本机错峰等待时间 1550 秒 
2019-05-06  0:22:23.64 当前下载方式：Bitsadmin 
2019-05-06  0:22:23.64 预备使用Bitsadmin下载 http://down5.huorong.cn/sysdiag-full-4.0.87.11.exe 
2019-05-06  0:22:23.64 下载命令：bitsadmin /transfer McafeeUpdate http://down5.huorong.cn/sysdiag-full-4.0.87.11.exe D:\weihu\McafeeUpdate\virusUpdate 

BITSADMIN version 3.0
BITS administration utility.
(C) Copyright Microsoft Corp.

Transfer complete.
2019-05-06  0:22:32.44 Bitsadmin下载http://down5.huorong.cn/sysdiag-full-4.0.87.11.exe完成 
2019-05-06  0:25:12.37 更新文件安装已完成 
 本次更新操作已完成。 
2019-05-06  0:25:17.53 本机错峰时间: 1550 秒 
2019-05-06  0:25:17.60 本机错峰时间: 1550 秒 
预备执行 D:\weihu\McafeeUpdate\bin\Bitsadmin.bat 当前工作目录 D:\weihu\McafeeUpdate\  
2019-05-06  0:25:17.60 本机错峰等待时间 1550 秒 
2019-05-06  0:25:17.60 错峰等待完成,准备执行下载流程 
2019-05-06  0:25:17.60 执行下载流程完成 
2019-05-06  0:25:17.60 现有文件size:0 上一次更新文件size:0  
2019-05-06  0:25:17.60 使用下载更新文件长度：0 
2019-05-06  0:25:17.60  下载文件不符合更新要求，更换下一种方式下载 
预备执行 D:\weihu\McafeeUpdate\bin\Certutil.bat 当前工作目录 D:\weihu\McafeeUpdate\  
2019-05-06  0:25:17.60 本机错峰等待时间 1550 秒 
2019-05-06  0:25:18.71 当前下载方式：Bitsadmin 
2019-05-06  0:25:18.72 预备使用Bitsadmin下载 http://down5.huorong.cn/sysdiag-full-4.0.87.11.exe 
2019-05-06  0:25:18.72 下载命令：bitsadmin /transfer McafeeUpdate http://down5.huorong.cn/sysdiag-full-4.0.87.11.exe D:\weihu\McafeeUpdate\tmp\virusdatabase 

BITSADMIN version 3.0
BITS administration utility.
(C) Copyright Microsoft Corp.

Transfer canceled.
2019-05-06  0:25:50.70 本机错峰时间: 1550 秒 
2019-05-06  0:25:50.77 本机错峰时间: 1550 秒 
预备执行 D:\weihu\McafeeUpdate\bin\Bitsadmin.bat 当前工作目录 D:\weihu\McafeeUpdate\  
2019-05-06  0:25:50.77 本机错峰等待时间 1550 秒 
2019-05-06  0:25:50.77 错峰等待完成,准备执行下载流程 
2019-05-06  0:25:50.77 执行下载流程完成 
2019-05-06  0:25:50.77 现有文件size:0 上一次更新文件size:0  
2019-05-06  0:25:50.77 使用下载更新文件长度：0 
2019-05-06  0:25:50.77  下载文件不符合更新要求，更换下一种方式下载 
预备执行 D:\weihu\McafeeUpdate\bin\Certutil.bat 当前工作目录 D:\weihu\McafeeUpdate\  
2019-05-06  0:25:50.77 本机错峰等待时间 1550 秒 
2019-05-06  0:25:51.88 当前下载方式：Bitsadmin 
2019-05-06  0:25:51.88 预备使用Bitsadmin下载 http://down5.huorong.cn/sysdiag-full-4.0.87.11.exe 
2019-05-06  0:25:51.88 下载命令：bitsadmin /transfer McafeeUpdate http://down5.huorong.cn/sysdiag-full-4.0.87.11.exe D:\weihu\McafeeUpdate\tmp\virusdatabase 

BITSADMIN version 3.0
BITS administration utility.
(C) Copyright Microsoft Corp.

Transfer canceled.
2019-05-06  0:26:20.36 本机错峰时间: 1550 秒 
2019-05-06  0:26:20.44 本机错峰时间: 1550 秒 
预备执行 D:\weihu\McafeeUpdate\bin\Bitsadmin.bat 当前工作目录 D:\weihu\McafeeUpdate\  
2019-05-06  0:26:20.44 本机错峰等待时间 1550 秒 
2019-05-06  0:26:20.44 错峰等待完成,准备执行下载流程 
2019-05-06  0:26:20.44 执行下载流程完成 
2019-05-06  0:26:20.44 现有文件size:0 上一次更新文件size:0  
2019-05-06  0:26:20.44 使用下载更新文件长度：0 
2019-05-06  0:26:20.44  下载文件不符合更新要求，更换下一种方式下载 
预备执行 D:\weihu\McafeeUpdate\bin\Certutil.bat 当前工作目录 D:\weihu\McafeeUpdate\  
2019-05-06  0:26:20.44 本机错峰等待时间 1550 秒 
2019-05-06  0:26:21.65 当前下载方式：Bitsadmin 
2019-05-06  0:26:21.65 预备使用Bitsadmin下载 http://down5.huorong.cn/sysdiag-full-4.0.87.11.exe 
2019-05-06  0:26:21.66 下载命令：bitsadmin /transfer McafeeUpdate http://down5.huorong.cn/sysdiag-full-4.0.87.11.exe D:\weihu\McafeeUpdate\tmp\virusdatabase 

BITSADMIN version 3.0
BITS administration utility.
(C) Copyright Microsoft Corp.

Transfer canceled.
2019-05-06  0:28:51.48 本机错峰时间: 1550 秒 
2019-05-06  0:28:51.55 本机错峰时间: 1550 秒 
预备执行 D:\weihu\McafeeUpdate\bin\Bitsadmin.bat 当前工作目录 D:\weihu\McafeeUpdate\  
2019-05-06  0:28:51.56 本机错峰等待时间 1550 秒 
2019-05-06  0:28:51.56 错峰等待完成,准备执行下载流程 
2019-05-06  0:28:52.71 当前下载方式：Bitsadmin 
2019-05-06  0:28:52.71 预备使用Bitsadmin下载 http://down5.huorong.cn/sysdiag-full-4.0.87.11.exe 
2019-05-06  0:28:52.72 下载命令：bitsadmin /transfer McafeeUpdate http://down5.huorong.cn/sysdiag-full-4.0.87.11.exe?ip D:\weihu\McafeeUpdate\tmp\virusdatabase 

BITSADMIN version 3.0
BITS administration utility.
(C) Copyright Microsoft Corp.

Transfer canceled.
2019-05-06  0:29:07.54 本机错峰时间: 1550 秒 
2019-05-06  0:29:07.62 本机错峰时间: 1550 秒 
预备执行 D:\weihu\McafeeUpdate\bin\Bitsadmin.bat 当前工作目录 D:\weihu\McafeeUpdate\  
2019-05-06  0:29:07.62 本机错峰等待时间 1550 秒 
2019-05-06  0:29:07.62 错峰等待完成,准备执行下载流程 
2019-05-06  0:29:08.68 当前下载方式：Bitsadmin 
2019-05-06  0:29:08.68 预备使用Bitsadmin下载 http://down5.huorong.cn/sysdiag-full-4.0.87.11.exe 
2019-05-06  0:29:08.68 下载命令：bitsadmin /transfer McafeeUpdate http://down5.huorong.cn/sysdiag-full-4.0.87.11.exe?ip D:\weihu\McafeeUpdate\tmp\virusdatabase 

BITSADMIN version 3.0
BITS administration utility.
(C) Copyright Microsoft Corp.

Transfer complete.
2019-05-06  0:29:45.23 Bitsadmin下载http://down5.huorong.cn/sysdiag-full-4.0.87.11.exe完成 
2019-05-06  0:29:07.62 执行下载流程完成 
2019-05-06  0:29:07.62 现有文件size:0 上一次更新文件size:0  
2019-05-06  0:29:07.62 使用下载更新文件长度：0 
2019-05-06  0:29:07.62  下载文件不符合更新要求，更换下一种方式下载 
预备执行 D:\weihu\McafeeUpdate\bin\Certutil.bat 当前工作目录 D:\weihu\McafeeUpdate\  
2019-05-06  0:29:07.62 本机错峰等待时间 1550 秒 
2019-05-06  0:29:07.62 错峰等待完成,准备执行下载流程 
2019-05-06  0:30:45.31 当前下载方式：Certutil 
2019-05-06  0:30:45.31 Certutil 下载 http://down5.huorong.cn/sysdiag-full-4.0.87.11.exe 
2019-05-06  0:30:45.31 下载命令: certutil -urlcache -split -f http://down5.huorong.cn/sysdiag-full-4.0.87.11.exe D:\weihu\McafeeUpdate\tmp\virusdatabase 
****  联机  ****
  000000  ...
  b66080
CertUtil: -URLCache 命令成功完成。
2019-05-06  0:30:49.40 Certutil 下载 完成 
2019-05-06  0:29:07.62 执行下载流程完成 
2019-05-06  0:29:07.62 现有文件size:0 上一次更新文件size:0  
2019-05-06  0:29:07.62 使用下载更新文件长度：0 
2019-05-06  0:29:07.62  下载文件不符合更新要求，更换下一种方式下载 
预备执行 D:\weihu\McafeeUpdate\bin\FTP.bat 当前工作目录 D:\weihu\McafeeUpdate\  
2019-05-06  0:29:07.62 本机错峰等待时间 1550 秒 
2019-05-06  0:29:07.62 错峰等待完成,准备执行下载流程 
2019-05-06  0:33:07.73 本机错峰时间: 1550 秒 
2019-05-06  0:33:07.80 本机错峰时间: 1550 秒 
预备执行 D:\weihu\McafeeUpdate\bin\Bitsadmin.bat 当前工作目录 D:\weihu\McafeeUpdate\  
2019-05-06  0:33:07.81 本机错峰等待时间 1550 秒 
2019-05-06  0:33:07.81 错峰等待完成,准备执行下载流程 
2019-05-06  0:33:08.86 当前下载方式：Bitsadmin 
2019-05-06  0:33:08.86 预备使用Bitsadmin下载 http://down5.huorong.cn/sysdiag-full-4.0.87.11.exe 
2019-05-06  0:33:08.86 下载命令：bitsadmin /transfer McafeeUpdate http://down5.huorong.cn/sysdiag-full-4.0.87.11.exe?ip D:\weihu\McafeeUpdate\tmp\virusdatabase 

BITSADMIN version 3.0
BITS administration utility.
(C) Copyright Microsoft Corp.

Transfer complete.
2019-05-06  0:33:56.31 Bitsadmin下载http://down5.huorong.cn/sysdiag-full-4.0.87.11.exe完成 
2019-05-06  0:33:07.81 执行下载流程完成 
2019-05-06  0:33:07.81 现有文件size:0 上一次更新文件size:0  
2019-05-06  0:33:07.81 使用下载更新文件长度：0 
2019-05-06  0:33:07.81  下载文件不符合更新要求，更换下一种方式下载 
预备执行 D:\weihu\McafeeUpdate\bin\Certutil.bat 当前工作目录 D:\weihu\McafeeUpdate\  
2019-05-06  0:33:07.81 本机错峰等待时间 1550 秒 
2019-05-06  0:33:07.81 错峰等待完成,准备执行下载流程 
2019-05-06  0:34:26.36 当前下载方式：Certutil 
2019-05-06  0:34:26.36 Certutil 下载 http://down5.huorong.cn/sysdiag-full-4.0.87.11.exe 
2019-05-06  0:34:26.36 下载命令: certutil -urlcache -split -f http://down5.huorong.cn/sysdiag-full-4.0.87.11.exe D:\weihu\McafeeUpdate\tmp\virusdatabase 
****  联机  ****
  000000  ...
  b66080
CertUtil: -URLCache 命令成功完成。
2019-05-06  0:34:30.06 Certutil 下载 完成 
2019-05-06  0:33:07.81 执行下载流程完成 
2019-05-06  0:33:07.81 现有文件size:0 上一次更新文件size:0  
2019-05-06  0:33:07.81 使用下载更新文件长度：0 
2019-05-06  0:33:07.81  下载文件不符合更新要求，更换下一种方式下载 
预备执行 D:\weihu\McafeeUpdate\bin\FTP.bat 当前工作目录 D:\weihu\McafeeUpdate\  
2019-05-06  0:33:07.81 本机错峰等待时间 1550 秒 
2019-05-06  0:33:07.81 错峰等待完成,准备执行下载流程 
2019-05-06  0:42:04.52 本机错峰时间: 1550 秒 
2019-05-06  0:42:04.59 本机错峰时间: 1550 秒 
预备执行 D:\weihu\McafeeUpdate\bin\Bitsadmin.bat 当前工作目录 D:\weihu\McafeeUpdate\  
2019-05-06  0:42:04.60 本机错峰等待时间 1550 秒 
2019-05-06  0:42:04.60 错峰等待完成,准备执行下载流程 
2019-05-06  0:42:05.66 当前下载方式：Bitsadmin 
2019-05-06  0:42:05.66 预备使用Bitsadmin下载 http://down5.huorong.cn/sysdiag-full-4.0.87.11.exe 
2019-05-06  0:42:05.66 下载命令：bitsadmin /transfer McafeeUpdate http://down5.huorong.cn/sysdiag-full-4.0.87.11.exe?ip D:\weihu\McafeeUpdate\tmp\virusdatabase 

BITSADMIN version 3.0
BITS administration utility.
(C) Copyright Microsoft Corp.

Transfer complete.
2019-05-06  0:43:00.62 Bitsadmin下载http://down5.huorong.cn/sysdiag-full-4.0.87.11.exe完成 
2019-05-06  0:42:04.60 执行下载流程完成 
2019-05-06  0:42:04.60 现有文件size:0 上一次更新文件size:0  
2019-05-06  0:42:04.60 使用下载更新文件长度：0 
2019-05-06  0:42:04.60  下载文件不符合更新要求，更换下一种方式下载 
预备执行 D:\weihu\McafeeUpdate\bin\Certutil.bat 当前工作目录 D:\weihu\McafeeUpdate\  
2019-05-06  0:42:04.60 本机错峰等待时间 1550 秒 
2019-05-06  0:42:04.60 错峰等待完成,准备执行下载流程 
2019-05-06  0:43:30.69 当前下载方式：Certutil 
2019-05-06  0:43:30.69 Certutil 下载 http://down5.huorong.cn/sysdiag-full-4.0.87.11.exe 
2019-05-06  0:43:30.69 下载命令: certutil -urlcache -split -f http://down5.huorong.cn/sysdiag-full-4.0.87.11.exe D:\weihu\McafeeUpdate\tmp\virusdatabase 
****  联机  ****
  000000  ...
  b66080
CertUtil: -URLCache 命令成功完成。
2019-05-06  0:43:35.26 Certutil 下载 完成 
2019-05-06  0:42:04.60 执行下载流程完成 
2019-05-06  0:42:04.60 现有文件size:0 上一次更新文件size:0  
2019-05-06  0:42:04.60 使用下载更新文件长度：0 
2019-05-06  0:42:04.60  下载文件不符合更新要求，更换下一种方式下载 
预备执行 D:\weihu\McafeeUpdate\bin\FTP.bat 当前工作目录 D:\weihu\McafeeUpdate\  
2019-05-06  0:42:04.60 本机错峰等待时间 1550 秒 
2019-05-06  0:42:04.60 错峰等待完成,准备执行下载流程 
2019-05-06  1:20:26.84 本机错峰时间: 1550 秒 
2019-05-06  1:20:26.92 本机错峰时间: 1550 秒 
预备执行 D:\weihu\McafeeUpdate\bin\Bitsadmin.bat 当前工作目录 D:\weihu\McafeeUpdate\  
2019-05-06  1:20:26.92 本机错峰等待时间 1550 秒 
2019-05-06  1:20:26.92 错峰等待完成,准备执行下载流程 
2019-05-06  1:20:27.98 当前下载方式：Bitsadmin 
2019-05-06  1:20:27.98 预备使用Bitsadmin下载 http://down5.huorong.cn/sysdiag-full-4.0.87.11.exe 
2019-05-06  1:20:27.98 下载命令：bitsadmin /transfer McafeeUpdate http://down5.huorong.cn/sysdiag-full-4.0.87.11.exe?ip D:\weihu\McafeeUpdate\tmp\virusdatabase 

BITSADMIN version 3.0
BITS administration utility.
(C) Copyright Microsoft Corp.

Transfer complete.
2019-05-06  1:21:10.20 Bitsadmin下载http://down5.huorong.cn/sysdiag-full-4.0.87.11.exe完成 
2019-05-06  1:20:26.92 执行下载流程完成 
2019-05-06  1:20:26.92 现有文件size:11952256 上一次更新文件size:11952256  
2019-05-06  1:20:26.92 使用下载更新文件长度：0 
预备执行 D:\weihu\McafeeUpdate\bin\Certutil.bat 当前工作目录 D:\weihu\McafeeUpdate\  
2019-05-06  1:20:26.92 本机错峰等待时间 1550 秒 
2019-05-06  1:20:26.92 错峰等待完成,准备执行下载流程 
