2019-05-10 15:03:37.85 病毒库:M:\计算机安全\weihu\McafeeUpdate\bin\9248xdat.exe安装失败。 
2019-05-10 15:09:25.73 病毒库:M:\计算机安全\weihu\McafeeUpdate\bin\9248xdat.exe安装失败。 
2019-05-10 15:09:27.50 病毒库:M:\计算机安全\weihu\McafeeUpdate\bin\9248xdat.exe安装失败。 
2019-05-10 15:13:10.25 病毒库:M:\计算机安全\weihu\McafeeUpdate\bin\9248xdat.exe安装失败。 
2019-05-10 15:14:44.36 病毒库:M:\计算机安全\weihu\McafeeUpdate\bin\9248xdat.exe安装失败。 
2019-05-10 15:16:41.58 病毒库:M:\计算机安全\weihu\McafeeUpdate\bin\9248xdat.exe安装失败。 
2019/5/10	20:12		Carlos	DESKTOP-Q0NUSKD	正在从 Stub 文件 M:\计算机安全\weihu\McafeeUpdate\bin\9248xdat.exe 中解压缩 ZIP 文件。
2019/5/10	20:13		Carlos	DESKTOP-Q0NUSKD	正在执行自我验证...
2019/5/10	20:13		Carlos	DESKTOP-Q0NUSKD	正在从 ZIP 文件中检索文件 NAISCRIP.NSC。
2019/5/10	20:13		Carlos	DESKTOP-Q0NUSKD	正在加载和解析脚本文件: C:\Users\Carlos\AppData\Local\Temp\5A68\NAISCRIP.NSC
2019/5/10	20:13		Carlos	DESKTOP-Q0NUSKD	正在从 ZIP 文件中检索文件 Globals.nsg。
2019/5/10	20:13		Carlos	DESKTOP-Q0NUSKD	正在加载和解析全局文件: Globals.nsg
2019/5/10	20:13		Carlos	DESKTOP-Q0NUSKD	正在搜索已安装的所有防病毒产品。
2019/5/10	20:13		Carlos	DESKTOP-Q0NUSKD	正在删除...C:\Users\Carlos\AppData\Local\Temp\NAI3AEC.tmp
2019/5/10	20:13		Carlos	DESKTOP-Q0NUSKD	正在删除...C:\Users\Carlos\AppData\Local\Temp\5A68
2019/5/10	20:13		Carlos	DESKTOP-Q0NUSKD	
2019/5/10	20:13		Carlos	DESKTOP-Q0NUSKD	更新进程失败。
2019/5/10	20:13		Carlos	DESKTOP-Q0NUSKD	正在从 Stub 文件 M:\计算机安全\weihu\McafeeUpdate\bin\9248xdat.exe 中解压缩 ZIP 文件。
2019/5/10	20:13		Carlos	DESKTOP-Q0NUSKD	正在执行自我验证...
2019/5/10	20:13		Carlos	DESKTOP-Q0NUSKD	正在从 ZIP 文件中检索文件 NAISCRIP.NSC。
2019/5/10	20:13		Carlos	DESKTOP-Q0NUSKD	正在加载和解析脚本文件: C:\Users\Carlos\AppData\Local\Temp\5AD1\NAISCRIP.NSC
2019/5/10	20:13		Carlos	DESKTOP-Q0NUSKD	正在从 ZIP 文件中检索文件 Globals.nsg。
2019/5/10	20:13		Carlos	DESKTOP-Q0NUSKD	正在加载和解析全局文件: Globals.nsg
2019/5/10	20:13		Carlos	DESKTOP-Q0NUSKD	正在搜索已安装的所有防病毒产品。
2019/5/10	20:13		Carlos	DESKTOP-Q0NUSKD	正在删除...C:\Users\Carlos\AppData\Local\Temp\NAIB685.tmp
2019/5/10	20:13		Carlos	DESKTOP-Q0NUSKD	正在删除...C:\Users\Carlos\AppData\Local\Temp\5AD1
2019/5/10	20:13		Carlos	DESKTOP-Q0NUSKD	
2019/5/10	20:13		Carlos	DESKTOP-Q0NUSKD	更新进程失败。
111 
2019/5/10	20:15		Carlos	DESKTOP-Q0NUSKD	正在从 Stub 文件 M:\计算机安全\weihu\McafeeUpdate\bin\9248xdat.exe 中解压缩 ZIP 文件。
2019/5/10	20:15		Carlos	DESKTOP-Q0NUSKD	正在执行自我验证...
2019/5/10	20:15		Carlos	DESKTOP-Q0NUSKD	正在从 ZIP 文件中检索文件 NAISCRIP.NSC。
2019/5/10	20:15		Carlos	DESKTOP-Q0NUSKD	正在加载和解析脚本文件: C:\Users\Carlos\AppData\Local\Temp\5C89\NAISCRIP.NSC
2019/5/10	20:15		Carlos	DESKTOP-Q0NUSKD	正在从 ZIP 文件中检索文件 Globals.nsg。
2019/5/10	20:15		Carlos	DESKTOP-Q0NUSKD	正在加载和解析全局文件: Globals.nsg
2019/5/10	20:15		Carlos	DESKTOP-Q0NUSKD	正在搜索已安装的所有防病毒产品。
2019/5/10	20:15		Carlos	DESKTOP-Q0NUSKD	正在删除...C:\Users\Carlos\AppData\Local\Temp\NAIC764.tmp
2019/5/10	20:15		Carlos	DESKTOP-Q0NUSKD	正在删除...C:\Users\Carlos\AppData\Local\Temp\5C89
2019/5/10	20:15		Carlos	DESKTOP-Q0NUSKD	
2019/5/10	20:15		Carlos	DESKTOP-Q0NUSKD	更新进程失败。
2019-05-10 20:15:44.61 病毒库:M:\计算机安全\weihu\McafeeUpdate\bin\9248xdat.exe安装失败。 
2019-05-10 20:53:40.44 系统更新:D:\Desktop\NTLite_1.8.0.6790_x64_beta\Updates\10.0.1809.x64\windows10.0-kb4493478-x64_49b9141862e0fcbcf4a022deb0ecce73c811478c.msu安装失败。 
2019-05-10 20:56:35.82 系统更新:D:\Desktop\NTLite_1.8.0.6790_x64_beta\Updates\10.0.1809.x64\windows10.0-kb4493478-x64_49b9141862e0fcbcf4a022deb0ecce73c811478c.msu安装成功。 
2019-05-10 20:57:12.72 系统更新:D:\Desktop\NTLite_1.8.0.6790_x64_beta\Updates\10.0.1809.x64\windows10.0-kb4493478-x64_49b9141862e0fcbcf4a022deb0ecce73c811478c.msu安装成功。 
2019-05-10 20:59:45.03 系统更新:D:\Desktop\NTLite_1.8.0.6790_x64_beta\Updates\10.0.1809.x64\windows10.0-kb4493478-x64_49b9141862e0fcbcf4a022deb0ecce73c811478c.msu安装成功。 
2019-05-10 20:59:57.94 系统更新:D:\Desktop\NTLite_1.8.0.6790_x64_beta\Updates\10.0.1809.x64\windows10.0-kb4493478-x64_49b9141862e0fcbcf4a022deb0ecce73c811478c.msu安装成功。 
2019-05-10 21:01:32.82 系统更新:D:\Desktop\NTLite_1.8.0.6790_x64_beta\Updates\10.0.1809.x64\windows10.0-kb4493478-x64_49b9141862e0fcbcf4a022deb0ecce73c811478c.msu安装失败。 
2019-05-10 21:01:41.45 系统更新:D:\Desktop\NTLite_1.8.0.6790_x64_beta\Updates\10.0.1809.x64\windows10.0-kb4493478-x64_49b9141862e0fcbcf4a022deb0ecce73c811478c.msu安装失败。 
2019-05-10 21:02:11.41 系统更新:.\windows6.1-kb4012212-x64_2decefaa02e2058dcd965702509a992d8c4e92b3.msu安装失败。 
2019-05-10 21:06:31.10 系统更新:.\windows6.1-kb4012212-x64_2decefaa02e2058dcd965702509a992d8c4e92b3.msu无法安装至当前计算机。 
2019/5/10	21:07		Carlos	DESKTOP-Q0NUSKD	正在从 Stub 文件 M:\计算机安全\weihu\McafeeUpdate\bin\9248xdat.exe 中解压缩 ZIP 文件。
2019/5/10	21:07		Carlos	DESKTOP-Q0NUSKD	正在执行自我验证...
2019/5/10	21:07		Carlos	DESKTOP-Q0NUSKD	正在从 ZIP 文件中检索文件 NAISCRIP.NSC。
2019/5/10	21:07		Carlos	DESKTOP-Q0NUSKD	正在加载和解析脚本文件: C:\Users\Carlos\AppData\Local\Temp\428\NAISCRIP.NSC
2019/5/10	21:07		Carlos	DESKTOP-Q0NUSKD	正在从 ZIP 文件中检索文件 Globals.nsg。
2019/5/10	21:07		Carlos	DESKTOP-Q0NUSKD	正在加载和解析全局文件: Globals.nsg
2019/5/10	21:07		Carlos	DESKTOP-Q0NUSKD	正在搜索已安装的所有防病毒产品。
2019/5/10	21:07		Carlos	DESKTOP-Q0NUSKD	正在删除...C:\Users\Carlos\AppData\Local\Temp\NAI2A11.tmp
2019/5/10	21:07		Carlos	DESKTOP-Q0NUSKD	正在删除...C:\Users\Carlos\AppData\Local\Temp\428
2019/5/10	21:07		Carlos	DESKTOP-Q0NUSKD	
2019/5/10	21:07		Carlos	DESKTOP-Q0NUSKD	更新进程失败。
2019-05-10 21:07:29.63 当前病毒库:.\9248xdat.exe 无法安装至当前计算机。 
2019/5/10	21:10		Carlos	DESKTOP-Q0NUSKD	正在从 Stub 文件 M:\计算机安全\weihu\McafeeUpdate\bin\9248xdat.exe 中解压缩 ZIP 文件。
2019/5/10	21:10		Carlos	DESKTOP-Q0NUSKD	正在执行自我验证...
2019/5/10	21:10		Carlos	DESKTOP-Q0NUSKD	正在从 ZIP 文件中检索文件 NAISCRIP.NSC。
2019/5/10	21:10		Carlos	DESKTOP-Q0NUSKD	正在加载和解析脚本文件: C:\Users\Carlos\AppData\Local\Temp\69B\NAISCRIP.NSC
2019/5/10	21:10		Carlos	DESKTOP-Q0NUSKD	正在从 ZIP 文件中检索文件 Globals.nsg。
2019/5/10	21:10		Carlos	DESKTOP-Q0NUSKD	正在加载和解析全局文件: Globals.nsg
2019/5/10	21:10		Carlos	DESKTOP-Q0NUSKD	正在搜索已安装的所有防病毒产品。
2019/5/10	21:10		Carlos	DESKTOP-Q0NUSKD	正在删除...C:\Users\Carlos\AppData\Local\Temp\NAI1B7C.tmp
2019/5/10	21:10		Carlos	DESKTOP-Q0NUSKD	正在删除...C:\Users\Carlos\AppData\Local\Temp\69B
2019/5/10	21:10		Carlos	DESKTOP-Q0NUSKD	
2019/5/10	21:10		Carlos	DESKTOP-Q0NUSKD	更新进程失败。
2019-05-10 21:10:42.75 病毒库:.\9248xdat.exe 当前计算机未部署Mcafee产品。 
2019-05-10 21:50:56.68 进入更新包安装流程。 
2019/5/10	21:51		Carlos	DESKTOP-Q0NUSKD	正在从 Stub 文件 M:\计算机安全\weihu\McafeeUpdate\bin\9248xdat.exe 中解压缩 ZIP 文件。
2019/5/10	21:51		Carlos	DESKTOP-Q0NUSKD	正在执行自我验证...
2019/5/10	21:51		Carlos	DESKTOP-Q0NUSKD	正在从 ZIP 文件中检索文件 NAISCRIP.NSC。
2019/5/10	21:51		Carlos	DESKTOP-Q0NUSKD	正在加载和解析脚本文件: C:\Users\Carlos\AppData\Local\Temp\256D\NAISCRIP.NSC
2019/5/10	21:51		Carlos	DESKTOP-Q0NUSKD	正在从 ZIP 文件中检索文件 Globals.nsg。
2019/5/10	21:51		Carlos	DESKTOP-Q0NUSKD	正在加载和解析全局文件: Globals.nsg
2019/5/10	21:51		Carlos	DESKTOP-Q0NUSKD	正在搜索已安装的所有防病毒产品。
2019/5/10	21:51		Carlos	DESKTOP-Q0NUSKD	正在删除...C:\Users\Carlos\AppData\Local\Temp\NAIF497.tmp
2019/5/10	21:51		Carlos	DESKTOP-Q0NUSKD	正在删除...C:\Users\Carlos\AppData\Local\Temp\256D
2019/5/10	21:51		Carlos	DESKTOP-Q0NUSKD	
2019/5/10	21:51		Carlos	DESKTOP-Q0NUSKD	更新进程失败。
2019-05-10 21:50:56.68 病毒库更新:.\9248xdat.exe 当前计算机未找到符合条件的Mcafee产品。 
2019-05-10 21:53:35.18 进入更新包安装流程。 
2019/5/10	21:53		Carlos	DESKTOP-Q0NUSKD	正在从 Stub 文件 M:\计算机安全\weihu\McafeeUpdate\bin\9248xdat.exe 中解压缩 ZIP 文件。
2019/5/10	21:53		Carlos	DESKTOP-Q0NUSKD	正在执行自我验证...
2019/5/10	21:53		Carlos	DESKTOP-Q0NUSKD	正在从 ZIP 文件中检索文件 NAISCRIP.NSC。
2019/5/10	21:53		Carlos	DESKTOP-Q0NUSKD	正在加载和解析脚本文件: C:\Users\Carlos\AppData\Local\Temp\276E\NAISCRIP.NSC
2019/5/10	21:53		Carlos	DESKTOP-Q0NUSKD	正在从 ZIP 文件中检索文件 Globals.nsg。
2019/5/10	21:53		Carlos	DESKTOP-Q0NUSKD	正在加载和解析全局文件: Globals.nsg
2019/5/10	21:53		Carlos	DESKTOP-Q0NUSKD	正在搜索已安装的所有防病毒产品。
2019/5/10	21:53		Carlos	DESKTOP-Q0NUSKD	正在删除...C:\Users\Carlos\AppData\Local\Temp\NAI5CDC.tmp
2019/5/10	21:53		Carlos	DESKTOP-Q0NUSKD	正在删除...C:\Users\Carlos\AppData\Local\Temp\276E
2019/5/10	21:53		Carlos	DESKTOP-Q0NUSKD	
2019/5/10	21:53		Carlos	DESKTOP-Q0NUSKD	更新进程失败。
2019-05-10 21:53:35.18 病毒库更新:.\9248xdat.exe 当前计算机未找到符合条件的Mcafee产品。 
2019-05-10 21:53:56.37 进入更新包安装流程。 
2019/5/10	21:53		Carlos	DESKTOP-Q0NUSKD	正在从 Stub 文件 M:\计算机安全\weihu\McafeeUpdate\bin\9248xdat.exe 中解压缩 ZIP 文件。
2019/5/10	21:53		Carlos	DESKTOP-Q0NUSKD	正在执行自我验证...
2019/5/10	21:53		Carlos	DESKTOP-Q0NUSKD	正在从 ZIP 文件中检索文件 NAISCRIP.NSC。
2019/5/10	21:53		Carlos	DESKTOP-Q0NUSKD	正在加载和解析脚本文件: C:\Users\Carlos\AppData\Local\Temp\27B2\NAISCRIP.NSC
2019/5/10	21:53		Carlos	DESKTOP-Q0NUSKD	正在从 ZIP 文件中检索文件 Globals.nsg。
2019/5/10	21:53		Carlos	DESKTOP-Q0NUSKD	正在加载和解析全局文件: Globals.nsg
2019/5/10	21:53		Carlos	DESKTOP-Q0NUSKD	正在搜索已安装的所有防病毒产品。
2019/5/10	21:53		Carlos	DESKTOP-Q0NUSKD	正在删除...C:\Users\Carlos\AppData\Local\Temp\NAIACD1.tmp
2019/5/10	21:53		Carlos	DESKTOP-Q0NUSKD	正在删除...C:\Users\Carlos\AppData\Local\Temp\27B2
2019/5/10	21:53		Carlos	DESKTOP-Q0NUSKD	
2019/5/10	21:53		Carlos	DESKTOP-Q0NUSKD	更新进程失败。
2019-05-10 21:53:56.37 病毒库更新:.\9248xdat.exe 当前计算机未找到符合条件的Mcafee产品。 
2019-05-10 22:13:10.40  存:M:\计算机安全\weihu\McafeeUpdate\bin\sigcheck.exe 浠跺凡绛惧?
2019-05-10 22:21:59.15  更新:M:\计算机安全\weihu\McafeeUpdate\bin\sigcheck.exe 文件已签名。 
m:\?????\weihu\mcafeeupdate\bin\sigcheck.exe:
	Verified:	Signed
	Signing date:	8:41 2019/3/1
	Publisher:	Microsoft Corporation
	Company:	Sysinternals - www.sysinternals.com
	Description:	File version and signature viewer
	Product:	Sysinternals Sigcheck
	Prod version:	2.72
	File version:	2.72
	MachineType:	32-bit
2019-05-10 22:22:29.77  更新:M:\计算机安全\weihu\McafeeUpdate\bin\sigcheck.exe 文件已签名。 
2019-05-10 22:24:09.81  开始进行文件签名校验流程。 
m:\?????\weihu\mcafeeupdate\bin\sigcheck.exe:
	Verified:	Signed
	Signing date:	8:41 2019/3/1
	Publisher:	Microsoft Corporation
	Company:	Sysinternals - www.sysinternals.com
	Description:	File version and signature viewer
	Product:	Sysinternals Sigcheck
	Prod version:	2.72
	File version:	2.72
	MachineType:	32-bit
2019-05-10 22:24:09.81  更新:M:\计算机安全\weihu\McafeeUpdate\bin\sigcheck.exe 文件已签名。 
2019-05-10 22:58:01.70  开始进行文件签名校验流程。 
2019-05-10 22:58:01.70  文件签名校验结果: 
m:\?????\weihu\mcafeeupdate\bin\sigcheck.exe:
	Verified:	Signed
	Signing date:	8:41 2019/3/1
	Publisher:	Microsoft Corporation
	Company:	Sysinternals - www.sysinternals.com
	Description:	File version and signature viewer
	Product:	Sysinternals Sigcheck
	Prod version:	2.72
	File version:	2.72
	MachineType:	32-bit
2019-05-10 22:58:01.70  更新:M:\计算机安全\weihu\McafeeUpdate\bin\sigcheck.exe 文件已签名。 
